æ‰§è¡Œæ—¥æœŸï¼š2015-11-16-10ï¼?Mï¼?S
update twotree_order_info set pay_status=1,pay_money=211.78,pay_time=1447641862,out_trade_no='DG11161041561454', transaction_id='1000470544201511161623132830' where order_sn='DG11161041561454'¡¾Recieve NOtice¡¿:
<xml><appid><![CDATA[wx5c072e1680bf00a5]]></appid>
<bank_type><![CDATA[CCB_DEBIT]]></bank_type>
<cash_fee><![CDATA[21178]]></cash_fee>
<fee_type><![CDATA[CNY]]></fee_type>
<is_subscribe><![CDATA[Y]]></is_subscribe>
<mch_id><![CDATA[1286562501]]></mch_id>
<nonce_str><![CDATA[6376zmvdiq5c7rtc3y0f597vcwffvicg]]></nonce_str>
<openid><![CDATA[oDI0IuKlrjn5cM5sTDSvCEwQbttA]]></openid>
<out_trade_no><![CDATA[DG11161041561454]]></out_trade_no>
<result_code><![CDATA[SUCCESS]]></result_code>
<return_code><![CDATA[SUCCESS]]></return_code>
<sign><![CDATA[842BC12E12EAA1E5250FB6AACF9F4B82]]></sign>
<time_end><![CDATA[20151116104421]]></time_end>
<total_fee>21178</total_fee>
<trade_type><![CDATA[JSAPI]]></trade_type>
<transaction_id><![CDATA[1000470544201511161623132830]]></transaction_id>
</xml>


æ‰§è¡Œæ—¥æœŸï¼š2015-11-16-10ï¼?Mï¼?S
¡¾Pay Success¡¿:
<xml><appid><![CDATA[wx5c072e1680bf00a5]]></appid>
<bank_type><![CDATA[CCB_DEBIT]]></bank_type>
<cash_fee><![CDATA[21178]]></cash_fee>
<fee_type><![CDATA[CNY]]></fee_type>
<is_subscribe><![CDATA[Y]]></is_subscribe>
<mch_id><![CDATA[1286562501]]></mch_id>
<nonce_str><![CDATA[6376zmvdiq5c7rtc3y0f597vcwffvicg]]></nonce_str>
<openid><![CDATA[oDI0IuKlrjn5cM5sTDSvCEwQbttA]]></openid>
<out_trade_no><![CDATA[DG11161041561454]]></out_trade_no>
<result_code><![CDATA[SUCCESS]]></result_code>
<return_code><![CDATA[SUCCESS]]></return_code>
<sign><![CDATA[842BC12E12EAA1E5250FB6AACF9F4B82]]></sign>
<time_end><![CDATA[20151116104421]]></time_end>
<total_fee>21178</total_fee>
<trade_type><![CDATA[JSAPI]]></trade_type>
<transaction_id><![CDATA[1000470544201511161623132830]]></transaction_id>
</xml>
update twotree_order_info set pay_status=1,pay_money=211.78,pay_time=1447641862,out_trade_no='DG11161041561454', transaction_id='1000470544201511161623132830' where order_sn='DG11161041561454'

æ‰§è¡Œæ—¥æœŸï¼š2015-11-16-11ï¼?Mï¼?S
update twotree_order_info set pay_status=1,pay_money=222.18,pay_time=1447643932,out_trade_no='DG11161118336692', transaction_id='1007740544201511161623643799' where order_sn='DG11161118336692'¡¾Recieve NOtice¡¿:
<xml><appid><![CDATA[wx5c072e1680bf00a5]]></appid>
<bank_type><![CDATA[ABC_DEBIT]]></bank_type>
<cash_fee><![CDATA[22218]]></cash_fee>
<fee_type><![CDATA[CNY]]></fee_type>
<is_subscribe><![CDATA[Y]]></is_subscribe>
<mch_id><![CDATA[1286562501]]></mch_id>
<nonce_str><![CDATA[c75g118sv4sf0q7zdkyy7nm8mxznc8l8]]></nonce_str>
<openid><![CDATA[oDI0IuPKoAYXzUqXpDiuEYlkWYgQ]]></openid>
<out_trade_no><![CDATA[DG11161118336692]]></out_trade_no>
<result_code><![CDATA[SUCCESS]]></result_code>
<return_code><![CDATA[SUCCESS]]></return_code>
<sign><![CDATA[5DFE2C75AD8C566176E0C296D0B5103F]]></sign>
<time_end><![CDATA[20151116111850]]></time_end>
<total_fee>22218</total_fee>
<trade_type><![CDATA[JSAPI]]></trade_type>
<transaction_id><![CDATA[1007740544201511161623643799]]></transaction_id>
</xml>


æ‰§è¡Œæ—¥æœŸï¼š2015-11-16-11ï¼?Mï¼?S
¡¾Pay Success¡¿:
<xml><appid><![CDATA[wx5c072e1680bf00a5]]></appid>
<bank_type><![CDATA[ABC_DEBIT]]></bank_type>
<cash_fee><![CDATA[22218]]></cash_fee>
<fee_type><![CDATA[CNY]]></fee_type>
<is_subscribe><![CDATA[Y]]></is_subscribe>
<mch_id><![CDATA[1286562501]]></mch_id>
<nonce_str><![CDATA[c75g118sv4sf0q7zdkyy7nm8mxznc8l8]]></nonce_str>
<openid><![CDATA[oDI0IuPKoAYXzUqXpDiuEYlkWYgQ]]></openid>
<out_trade_no><![CDATA[DG11161118336692]]></out_trade_no>
<result_code><![CDATA[SUCCESS]]></result_code>
<return_code><![CDATA[SUCCESS]]></return_code>
<sign><![CDATA[5DFE2C75AD8C566176E0C296D0B5103F]]></sign>
<time_end><![CDATA[20151116111850]]></time_end>
<total_fee>22218</total_fee>
<trade_type><![CDATA[JSAPI]]></trade_type>
<transaction_id><![CDATA[1007740544201511161623643799]]></transaction_id>
</xml>
update twotree_order_info set pay_status=1,pay_money=222.18,pay_time=1447643932,out_trade_no='DG11161118336692', transaction_id='1007740544201511161623643799' where order_sn='DG11161118336692'

æ‰§è¡Œæ—¥æœŸï¼š2015-11-16-12ï¼?Mï¼?S
update twotree_order_info set pay_status=1,pay_money=363.95,pay_time=1447649061,out_trade_no='DG11161242478129', transaction_id='1008640544201511161625069323' where order_sn='DG11161242478129'¡¾Recieve NOtice¡¿:
<xml><appid><![CDATA[wx5c072e1680bf00a5]]></appid>
<bank_type><![CDATA[CCB_DEBIT]]></bank_type>
<cash_fee><![CDATA[36395]]></cash_fee>
<fee_type><![CDATA[CNY]]></fee_type>
<is_subscribe><![CDATA[Y]]></is_subscribe>
<mch_id><![CDATA[1286562501]]></mch_id>
<nonce_str><![CDATA[aoaubxu5wmgulalfnbglwaruloj5uis4]]></nonce_str>
<openid><![CDATA[oDI0IuFI3gvYuggj76fPP4is-e4U]]></openid>
<out_trade_no><![CDATA[DG11161242478129]]></out_trade_no>
<result_code><![CDATA[SUCCESS]]></result_code>
<return_code><![CDATA[SUCCESS]]></return_code>
<sign><![CDATA[41C7DA6E16A128668854DFBFFDC91032]]></sign>
<time_end><![CDATA[20151116124421]]></time_end>
<total_fee>36395</total_fee>
<trade_type><![CDATA[JSAPI]]></trade_type>
<transaction_id><![CDATA[1008640544201511161625069323]]></transaction_id>
</xml>


æ‰§è¡Œæ—¥æœŸï¼š2015-11-16-12ï¼?Mï¼?S
¡¾Pay Success¡¿:
<xml><appid><![CDATA[wx5c072e1680bf00a5]]></appid>
<bank_type><![CDATA[CCB_DEBIT]]></bank_type>
<cash_fee><![CDATA[36395]]></cash_fee>
<fee_type><![CDATA[CNY]]></fee_type>
<is_subscribe><![CDATA[Y]]></is_subscribe>
<mch_id><![CDATA[1286562501]]></mch_id>
<nonce_str><![CDATA[aoaubxu5wmgulalfnbglwaruloj5uis4]]></nonce_str>
<openid><![CDATA[oDI0IuFI3gvYuggj76fPP4is-e4U]]></openid>
<out_trade_no><![CDATA[DG11161242478129]]></out_trade_no>
<result_code><![CDATA[SUCCESS]]></result_code>
<return_code><![CDATA[SUCCESS]]></return_code>
<sign><![CDATA[41C7DA6E16A128668854DFBFFDC91032]]></sign>
<time_end><![CDATA[20151116124421]]></time_end>
<total_fee>36395</total_fee>
<trade_type><![CDATA[JSAPI]]></trade_type>
<transaction_id><![CDATA[1008640544201511161625069323]]></transaction_id>
</xml>
update twotree_order_info set pay_status=1,pay_money=363.95,pay_time=1447649061,out_trade_no='DG11161242478129', transaction_id='1008640544201511161625069323' where order_sn='DG11161242478129'

æ‰§è¡Œæ—¥æœŸï¼š2015-11-16-15ï¼?Mï¼?S
¡¾Recieve NOtice¡¿:



æ‰§è¡Œæ—¥æœŸï¼š2015-11-16-16ï¼?Mï¼?S
update twotree_order_info set pay_status=1,pay_money=305.86,pay_time=1447663367,out_trade_no='DG11161642318706', transaction_id='1009550544201511161628109983' where order_sn='DG11161642318706'¡¾Recieve NOtice¡¿:
<xml><appid><![CDATA[wx5c072e1680bf00a5]]></appid>
<bank_type><![CDATA[CFT]]></bank_type>
<cash_fee><![CDATA[30586]]></cash_fee>
<fee_type><![CDATA[CNY]]></fee_type>
<is_subscribe><![CDATA[Y]]></is_subscribe>
<mch_id><![CDATA[1286562501]]></mch_id>
<nonce_str><![CDATA[qy1iumflc2yrgivjcpis0zy7lk4aikh3]]></nonce_str>
<openid><![CDATA[oDI0IuOvkeflTR4TmSXjmvpwo4U4]]></openid>
<out_trade_no><![CDATA[DG11161642318706]]></out_trade_no>
<result_code><![CDATA[SUCCESS]]></result_code>
<return_code><![CDATA[SUCCESS]]></return_code>
<sign><![CDATA[14F3093BD52101D41BE956CEDC31ED6E]]></sign>
<time_end><![CDATA[20151116164246]]></time_end>
<total_fee>30586</total_fee>
<trade_type><![CDATA[JSAPI]]></trade_type>
<transaction_id><![CDATA[1009550544201511161628109983]]></transaction_id>
</xml>


æ‰§è¡Œæ—¥æœŸï¼š2015-11-16-16ï¼?Mï¼?S
¡¾Pay Success¡¿:
<xml><appid><![CDATA[wx5c072e1680bf00a5]]></appid>
<bank_type><![CDATA[CFT]]></bank_type>
<cash_fee><![CDATA[30586]]></cash_fee>
<fee_type><![CDATA[CNY]]></fee_type>
<is_subscribe><![CDATA[Y]]></is_subscribe>
<mch_id><![CDATA[1286562501]]></mch_id>
<nonce_str><![CDATA[qy1iumflc2yrgivjcpis0zy7lk4aikh3]]></nonce_str>
<openid><![CDATA[oDI0IuOvkeflTR4TmSXjmvpwo4U4]]></openid>
<out_trade_no><![CDATA[DG11161642318706]]></out_trade_no>
<result_code><![CDATA[SUCCESS]]></result_code>
<return_code><![CDATA[SUCCESS]]></return_code>
<sign><![CDATA[14F3093BD52101D41BE956CEDC31ED6E]]></sign>
<time_end><![CDATA[20151116164246]]></time_end>
<total_fee>30586</total_fee>
<trade_type><![CDATA[JSAPI]]></trade_type>
<transaction_id><![CDATA[1009550544201511161628109983]]></transaction_id>
</xml>
update twotree_order_info set pay_status=1,pay_money=305.86,pay_time=1447663367,out_trade_no='DG11161642318706', transaction_id='1009550544201511161628109983' where order_sn='DG11161642318706'

æ‰§è¡Œæ—¥æœŸï¼š2015-11-16-16ï¼?Mï¼?S
update twotree_order_info set pay_status=1,pay_money=305.86,pay_time=1447663559,out_trade_no='DG11161645304699', transaction_id='1009550544201511161628174803' where order_sn='DG11161645304699'¡¾Recieve NOtice¡¿:
<xml><appid><![CDATA[wx5c072e1680bf00a5]]></appid>
<bank_type><![CDATA[CFT]]></bank_type>
<cash_fee><![CDATA[30586]]></cash_fee>
<fee_type><![CDATA[CNY]]></fee_type>
<is_subscribe><![CDATA[Y]]></is_subscribe>
<mch_id><![CDATA[1286562501]]></mch_id>
<nonce_str><![CDATA[ooxn53sc8eh1znpceju15s3gw3dssmg9]]></nonce_str>
<openid><![CDATA[oDI0IuOvkeflTR4TmSXjmvpwo4U4]]></openid>
<out_trade_no><![CDATA[DG11161645304699]]></out_trade_no>
<result_code><![CDATA[SUCCESS]]></result_code>
<return_code><![CDATA[SUCCESS]]></return_code>
<sign><![CDATA[BFB830B52FE1BE4875290D7EBAE59716]]></sign>
<time_end><![CDATA[20151116164559]]></time_end>
<total_fee>30586</total_fee>
<trade_type><![CDATA[JSAPI]]></trade_type>
<transaction_id><![CDATA[1009550544201511161628174803]]></transaction_id>
</xml>


æ‰§è¡Œæ—¥æœŸï¼š2015-11-16-16ï¼?Mï¼?S
¡¾Pay Success¡¿:
<xml><appid><![CDATA[wx5c072e1680bf00a5]]></appid>
<bank_type><![CDATA[CFT]]></bank_type>
<cash_fee><![CDATA[30586]]></cash_fee>
<fee_type><![CDATA[CNY]]></fee_type>
<is_subscribe><![CDATA[Y]]></is_subscribe>
<mch_id><![CDATA[1286562501]]></mch_id>
<nonce_str><![CDATA[ooxn53sc8eh1znpceju15s3gw3dssmg9]]></nonce_str>
<openid><![CDATA[oDI0IuOvkeflTR4TmSXjmvpwo4U4]]></openid>
<out_trade_no><![CDATA[DG11161645304699]]></out_trade_no>
<result_code><![CDATA[SUCCESS]]></result_code>
<return_code><![CDATA[SUCCESS]]></return_code>
<sign><![CDATA[BFB830B52FE1BE4875290D7EBAE59716]]></sign>
<time_end><![CDATA[20151116164559]]></time_end>
<total_fee>30586</total_fee>
<trade_type><![CDATA[JSAPI]]></trade_type>
<transaction_id><![CDATA[1009550544201511161628174803]]></transaction_id>
</xml>
update twotree_order_info set pay_status=1,pay_money=305.86,pay_time=1447663559,out_trade_no='DG11161645304699', transaction_id='1009550544201511161628174803' where order_sn='DG11161645304699'

æ‰§è¡Œæ—¥æœŸï¼š2015-11-16-19ï¼?Mï¼?S
update twotree_shop_goods set store_num=store_num-5 where shop_id=45 and goods_id=2¡¾Recieve NOtice¡¿:
<xml><appid><![CDATA[wx5c072e1680bf00a5]]></appid>
<bank_type><![CDATA[CFT]]></bank_type>
<cash_fee><![CDATA[890]]></cash_fee>
<fee_type><![CDATA[CNY]]></fee_type>
<is_subscribe><![CDATA[Y]]></is_subscribe>
<mch_id><![CDATA[1286562501]]></mch_id>
<nonce_str><![CDATA[z1nv47iotbv3x63ct6f2xfxafg6hmkxa]]></nonce_str>
<openid><![CDATA[oDI0IuNQqH3uL3TY9P6gjvHmk5Os]]></openid>
<out_trade_no><![CDATA[DG11161927079023]]></out_trade_no>
<result_code><![CDATA[SUCCESS]]></result_code>
<return_code><![CDATA[SUCCESS]]></return_code>
<sign><![CDATA[15A9DA6D02958677D94765B272EB57CF]]></sign>
<time_end><![CDATA[20151116192714]]></time_end>
<total_fee>890</total_fee>
<trade_type><![CDATA[JSAPI]]></trade_type>
<transaction_id><![CDATA[1003560544201511161630678759]]></transaction_id>
</xml>


æ‰§è¡Œæ—¥æœŸï¼š2015-11-16-19ï¼?Mï¼?S
¡¾Pay Success¡¿:
<xml><appid><![CDATA[wx5c072e1680bf00a5]]></appid>
<bank_type><![CDATA[CFT]]></bank_type>
<cash_fee><![CDATA[890]]></cash_fee>
<fee_type><![CDATA[CNY]]></fee_type>
<is_subscribe><![CDATA[Y]]></is_subscribe>
<mch_id><![CDATA[1286562501]]></mch_id>
<nonce_str><![CDATA[z1nv47iotbv3x63ct6f2xfxafg6hmkxa]]></nonce_str>
<openid><![CDATA[oDI0IuNQqH3uL3TY9P6gjvHmk5Os]]></openid>
<out_trade_no><![CDATA[DG11161927079023]]></out_trade_no>
<result_code><![CDATA[SUCCESS]]></result_code>
<return_code><![CDATA[SUCCESS]]></return_code>
<sign><![CDATA[15A9DA6D02958677D94765B272EB57CF]]></sign>
<time_end><![CDATA[20151116192714]]></time_end>
<total_fee>890</total_fee>
<trade_type><![CDATA[JSAPI]]></trade_type>
<transaction_id><![CDATA[1003560544201511161630678759]]></transaction_id>
</xml>
update twotree_shop_goods set store_num=store_num-5 where shop_id=45 and goods_id=2

æ‰§è¡Œæ—¥æœŸï¼š2015-11-16-20ï¼?Mï¼?S
update twotree_shop_goods set store_num=store_num-2 where shop_id=34 and goods_id=2¡¾Recieve NOtice¡¿:
<xml><appid><![CDATA[wx5c072e1680bf00a5]]></appid>
<bank_type><![CDATA[ABC_DEBIT]]></bank_type>
<cash_fee><![CDATA[754]]></cash_fee>
<fee_type><![CDATA[CNY]]></fee_type>
<is_subscribe><![CDATA[Y]]></is_subscribe>
<mch_id><![CDATA[1286562501]]></mch_id>
<nonce_str><![CDATA[hkmwv68kehlw1ic7mjzfxkacnyve25la]]></nonce_str>
<openid><![CDATA[oDI0IuN4S9YELTnEl9FEqDs8dWjE]]></openid>
<out_trade_no><![CDATA[DG11162050557258]]></out_trade_no>
<result_code><![CDATA[SUCCESS]]></result_code>
<return_code><![CDATA[SUCCESS]]></return_code>
<sign><![CDATA[FEDE53388A0B1F0897BF073562120126]]></sign>
<time_end><![CDATA[20151116205106]]></time_end>
<total_fee>754</total_fee>
<trade_type><![CDATA[JSAPI]]></trade_type>
<transaction_id><![CDATA[1004260544201511161631928287]]></transaction_id>
</xml>


æ‰§è¡Œæ—¥æœŸï¼š2015-11-16-20ï¼?Mï¼?S
¡¾Pay Success¡¿:
<xml><appid><![CDATA[wx5c072e1680bf00a5]]></appid>
<bank_type><![CDATA[ABC_DEBIT]]></bank_type>
<cash_fee><![CDATA[754]]></cash_fee>
<fee_type><![CDATA[CNY]]></fee_type>
<is_subscribe><![CDATA[Y]]></is_subscribe>
<mch_id><![CDATA[1286562501]]></mch_id>
<nonce_str><![CDATA[hkmwv68kehlw1ic7mjzfxkacnyve25la]]></nonce_str>
<openid><![CDATA[oDI0IuN4S9YELTnEl9FEqDs8dWjE]]></openid>
<out_trade_no><![CDATA[DG11162050557258]]></out_trade_no>
<result_code><![CDATA[SUCCESS]]></result_code>
<return_code><![CDATA[SUCCESS]]></return_code>
<sign><![CDATA[FEDE53388A0B1F0897BF073562120126]]></sign>
<time_end><![CDATA[20151116205106]]></time_end>
<total_fee>754</total_fee>
<trade_type><![CDATA[JSAPI]]></trade_type>
<transaction_id><![CDATA[1004260544201511161631928287]]></transaction_id>
</xml>
update twotree_shop_goods set store_num=store_num-2 where shop_id=34 and goods_id=2

æ‰§è¡Œæ—¥æœŸï¼š2015-11-16-21ï¼?Mï¼?S
update twotree_shop_goods set store_num=store_num-1 where shop_id=34 and goods_id=21¡¾Recieve NOtice¡¿:
<xml><appid><![CDATA[wx5c072e1680bf00a5]]></appid>
<bank_type><![CDATA[CFT]]></bank_type>
<cash_fee><![CDATA[911]]></cash_fee>
<fee_type><![CDATA[CNY]]></fee_type>
<is_subscribe><![CDATA[Y]]></is_subscribe>
<mch_id><![CDATA[1286562501]]></mch_id>
<nonce_str><![CDATA[xpbezdo1ve2y4kqz699qkd6ul3sdvbie]]></nonce_str>
<openid><![CDATA[oDI0IuDR7-CaM-ZvNAvhUOmz5JGA]]></openid>
<out_trade_no><![CDATA[DG11162114005059]]></out_trade_no>
<result_code><![CDATA[SUCCESS]]></result_code>
<return_code><![CDATA[SUCCESS]]></return_code>
<sign><![CDATA[3F46A061D781F879F8C48C71AC3D85AA]]></sign>
<time_end><![CDATA[20151116211406]]></time_end>
<total_fee>911</total_fee>
<trade_type><![CDATA[JSAPI]]></trade_type>
<transaction_id><![CDATA[1001700544201511161632225524]]></transaction_id>
</xml>


æ‰§è¡Œæ—¥æœŸï¼š2015-11-16-21ï¼?Mï¼?S
¡¾Pay Success¡¿:
<xml><appid><![CDATA[wx5c072e1680bf00a5]]></appid>
<bank_type><![CDATA[CFT]]></bank_type>
<cash_fee><![CDATA[911]]></cash_fee>
<fee_type><![CDATA[CNY]]></fee_type>
<is_subscribe><![CDATA[Y]]></is_subscribe>
<mch_id><![CDATA[1286562501]]></mch_id>
<nonce_str><![CDATA[xpbezdo1ve2y4kqz699qkd6ul3sdvbie]]></nonce_str>
<openid><![CDATA[oDI0IuDR7-CaM-ZvNAvhUOmz5JGA]]></openid>
<out_trade_no><![CDATA[DG11162114005059]]></out_trade_no>
<result_code><![CDATA[SUCCESS]]></result_code>
<return_code><![CDATA[SUCCESS]]></return_code>
<sign><![CDATA[3F46A061D781F879F8C48C71AC3D85AA]]></sign>
<time_end><![CDATA[20151116211406]]></time_end>
<total_fee>911</total_fee>
<trade_type><![CDATA[JSAPI]]></trade_type>
<transaction_id><![CDATA[1001700544201511161632225524]]></transaction_id>
</xml>
update twotree_shop_goods set store_num=store_num-1 where shop_id=34 and goods_id=21

æ‰§è¡Œæ—¥æœŸï¼š2015-11-16-21ï¼?Mï¼?S
update twotree_shop_goods set store_num=store_num-1 where shop_id=45 and goods_id=43¡¾Recieve NOtice¡¿:
<xml><appid><![CDATA[wx5c072e1680bf00a5]]></appid>
<bank_type><![CDATA[ABC_DEBIT]]></bank_type>
<cash_fee><![CDATA[448]]></cash_fee>
<fee_type><![CDATA[CNY]]></fee_type>
<is_subscribe><![CDATA[Y]]></is_subscribe>
<mch_id><![CDATA[1286562501]]></mch_id>
<nonce_str><![CDATA[anoshdwtgvk4k44rnswvgvyfrxsryoqv]]></nonce_str>
<openid><![CDATA[oDI0IuAEP9Atmnvarnrd_eH-M3jE]]></openid>
<out_trade_no><![CDATA[DG11162115318583]]></out_trade_no>
<result_code><![CDATA[SUCCESS]]></result_code>
<return_code><![CDATA[SUCCESS]]></return_code>
<sign><![CDATA[FC5F8E5741B559CED4EAA1182CA37BBA]]></sign>
<time_end><![CDATA[20151116211541]]></time_end>
<total_fee>448</total_fee>
<trade_type><![CDATA[JSAPI]]></trade_type>
<transaction_id><![CDATA[1002660544201511161632250131]]></transaction_id>
</xml>


æ‰§è¡Œæ—¥æœŸï¼š2015-11-16-21ï¼?Mï¼?S
¡¾Pay Success¡¿:
<xml><appid><![CDATA[wx5c072e1680bf00a5]]></appid>
<bank_type><![CDATA[ABC_DEBIT]]></bank_type>
<cash_fee><![CDATA[448]]></cash_fee>
<fee_type><![CDATA[CNY]]></fee_type>
<is_subscribe><![CDATA[Y]]></is_subscribe>
<mch_id><![CDATA[1286562501]]></mch_id>
<nonce_str><![CDATA[anoshdwtgvk4k44rnswvgvyfrxsryoqv]]></nonce_str>
<openid><![CDATA[oDI0IuAEP9Atmnvarnrd_eH-M3jE]]></openid>
<out_trade_no><![CDATA[DG11162115318583]]></out_trade_no>
<result_code><![CDATA[SUCCESS]]></result_code>
<return_code><![CDATA[SUCCESS]]></return_code>
<sign><![CDATA[FC5F8E5741B559CED4EAA1182CA37BBA]]></sign>
<time_end><![CDATA[20151116211541]]></time_end>
<total_fee>448</total_fee>
<trade_type><![CDATA[JSAPI]]></trade_type>
<transaction_id><![CDATA[1002660544201511161632250131]]></transaction_id>
</xml>
update twotree_shop_goods set store_num=store_num-1 where shop_id=45 and goods_id=43

æ‰§è¡Œæ—¥æœŸï¼š2015-11-16-21ï¼?Mï¼?S
update twotree_shop_goods set store_num=store_num-2 where shop_id=35 and goods_id=12¡¾Recieve NOtice¡¿:
<xml><appid><![CDATA[wx5c072e1680bf00a5]]></appid>
<bank_type><![CDATA[CFT]]></bank_type>
<cash_fee><![CDATA[892]]></cash_fee>
<fee_type><![CDATA[CNY]]></fee_type>
<is_subscribe><![CDATA[Y]]></is_subscribe>
<mch_id><![CDATA[1286562501]]></mch_id>
<nonce_str><![CDATA[wdk1qefwt751vxog4dqyp82zximlsjmn]]></nonce_str>
<openid><![CDATA[oDI0IuKYQo9ZUd_fqj3OvXR0XXts]]></openid>
<out_trade_no><![CDATA[DG11162117127258]]></out_trade_no>
<result_code><![CDATA[SUCCESS]]></result_code>
<return_code><![CDATA[SUCCESS]]></return_code>
<sign><![CDATA[EC19F4FBE1761FF48F0BA5E7FE1D1360]]></sign>
<time_end><![CDATA[20151116211722]]></time_end>
<total_fee>892</total_fee>
<trade_type><![CDATA[JSAPI]]></trade_type>
<transaction_id><![CDATA[1001380544201511161632269289]]></transaction_id>
</xml>


æ‰§è¡Œæ—¥æœŸï¼š2015-11-16-21ï¼?Mï¼?S
¡¾Pay Success¡¿:
<xml><appid><![CDATA[wx5c072e1680bf00a5]]></appid>
<bank_type><![CDATA[CFT]]></bank_type>
<cash_fee><![CDATA[892]]></cash_fee>
<fee_type><![CDATA[CNY]]></fee_type>
<is_subscribe><![CDATA[Y]]></is_subscribe>
<mch_id><![CDATA[1286562501]]></mch_id>
<nonce_str><![CDATA[wdk1qefwt751vxog4dqyp82zximlsjmn]]></nonce_str>
<openid><![CDATA[oDI0IuKYQo9ZUd_fqj3OvXR0XXts]]></openid>
<out_trade_no><![CDATA[DG11162117127258]]></out_trade_no>
<result_code><![CDATA[SUCCESS]]></result_code>
<return_code><![CDATA[SUCCESS]]></return_code>
<sign><![CDATA[EC19F4FBE1761FF48F0BA5E7FE1D1360]]></sign>
<time_end><![CDATA[20151116211722]]></time_end>
<total_fee>892</total_fee>
<trade_type><![CDATA[JSAPI]]></trade_type>
<transaction_id><![CDATA[1001380544201511161632269289]]></transaction_id>
</xml>
update twotree_shop_goods set store_num=store_num-2 where shop_id=35 and goods_id=12

æ‰§è¡Œæ—¥æœŸï¼š2015-11-16-21ï¼?Mï¼?S
update twotree_shop_goods set store_num=store_num-1 where shop_id=45 and goods_id=2¡¾Recieve NOtice¡¿:
<xml><appid><![CDATA[wx5c072e1680bf00a5]]></appid>
<bank_type><![CDATA[ABC_DEBIT]]></bank_type>
<cash_fee><![CDATA[476]]></cash_fee>
<fee_type><![CDATA[CNY]]></fee_type>
<is_subscribe><![CDATA[Y]]></is_subscribe>
<mch_id><![CDATA[1286562501]]></mch_id>
<nonce_str><![CDATA[h2k8bdiy0imjs5obhegz64mlze7du157]]></nonce_str>
<openid><![CDATA[oDI0IuAEP9Atmnvarnrd_eH-M3jE]]></openid>
<out_trade_no><![CDATA[DG11162117171368]]></out_trade_no>
<result_code><![CDATA[SUCCESS]]></result_code>
<return_code><![CDATA[SUCCESS]]></return_code>
<sign><![CDATA[2E5BA889DB2649B2A49AF525F966E9AD]]></sign>
<time_end><![CDATA[20151116211727]]></time_end>
<total_fee>476</total_fee>
<trade_type><![CDATA[JSAPI]]></trade_type>
<transaction_id><![CDATA[1002660544201511161632268899]]></transaction_id>
</xml>


æ‰§è¡Œæ—¥æœŸï¼š2015-11-16-21ï¼?Mï¼?S
¡¾Pay Success¡¿:
<xml><appid><![CDATA[wx5c072e1680bf00a5]]></appid>
<bank_type><![CDATA[ABC_DEBIT]]></bank_type>
<cash_fee><![CDATA[476]]></cash_fee>
<fee_type><![CDATA[CNY]]></fee_type>
<is_subscribe><![CDATA[Y]]></is_subscribe>
<mch_id><![CDATA[1286562501]]></mch_id>
<nonce_str><![CDATA[h2k8bdiy0imjs5obhegz64mlze7du157]]></nonce_str>
<openid><![CDATA[oDI0IuAEP9Atmnvarnrd_eH-M3jE]]></openid>
<out_trade_no><![CDATA[DG11162117171368]]></out_trade_no>
<result_code><![CDATA[SUCCESS]]></result_code>
<return_code><![CDATA[SUCCESS]]></return_code>
<sign><![CDATA[2E5BA889DB2649B2A49AF525F966E9AD]]></sign>
<time_end><![CDATA[20151116211727]]></time_end>
<total_fee>476</total_fee>
<trade_type><![CDATA[JSAPI]]></trade_type>
<transaction_id><![CDATA[1002660544201511161632268899]]></transaction_id>
</xml>
update twotree_shop_goods set store_num=store_num-1 where shop_id=45 and goods_id=2

æ‰§è¡Œæ—¥æœŸï¼š2015-11-16-21ï¼?Mï¼?S
update twotree_shop_goods set store_num=store_num-1 where shop_id=45 and goods_id=22¡¾Recieve NOtice¡¿:
<xml><appid><![CDATA[wx5c072e1680bf00a5]]></appid>
<bank_type><![CDATA[ABC_DEBIT]]></bank_type>
<cash_fee><![CDATA[2949]]></cash_fee>
<fee_type><![CDATA[CNY]]></fee_type>
<is_subscribe><![CDATA[Y]]></is_subscribe>
<mch_id><![CDATA[1286562501]]></mch_id>
<nonce_str><![CDATA[l2k9n6fvl8qqlvs6vqbsebnc946x8zra]]></nonce_str>
<openid><![CDATA[oDI0IuNZH95Pffn9GCjKSY26ZG8A]]></openid>
<out_trade_no><![CDATA[DG11162129196869]]></out_trade_no>
<result_code><![CDATA[SUCCESS]]></result_code>
<return_code><![CDATA[SUCCESS]]></return_code>
<sign><![CDATA[9C92EC9075FACA76870D2F61479E5CE3]]></sign>
<time_end><![CDATA[20151116212938]]></time_end>
<total_fee>2949</total_fee>
<trade_type><![CDATA[JSAPI]]></trade_type>
<transaction_id><![CDATA[1002780544201511161632427123]]></transaction_id>
</xml>


æ‰§è¡Œæ—¥æœŸï¼š2015-11-16-21ï¼?Mï¼?S
¡¾Pay Success¡¿:
<xml><appid><![CDATA[wx5c072e1680bf00a5]]></appid>
<bank_type><![CDATA[ABC_DEBIT]]></bank_type>
<cash_fee><![CDATA[2949]]></cash_fee>
<fee_type><![CDATA[CNY]]></fee_type>
<is_subscribe><![CDATA[Y]]></is_subscribe>
<mch_id><![CDATA[1286562501]]></mch_id>
<nonce_str><![CDATA[l2k9n6fvl8qqlvs6vqbsebnc946x8zra]]></nonce_str>
<openid><![CDATA[oDI0IuNZH95Pffn9GCjKSY26ZG8A]]></openid>
<out_trade_no><![CDATA[DG11162129196869]]></out_trade_no>
<result_code><![CDATA[SUCCESS]]></result_code>
<return_code><![CDATA[SUCCESS]]></return_code>
<sign><![CDATA[9C92EC9075FACA76870D2F61479E5CE3]]></sign>
<time_end><![CDATA[20151116212938]]></time_end>
<total_fee>2949</total_fee>
<trade_type><![CDATA[JSAPI]]></trade_type>
<transaction_id><![CDATA[1002780544201511161632427123]]></transaction_id>
</xml>
update twotree_shop_goods set store_num=store_num-1 where shop_id=45 and goods_id=22

æ‰§è¡Œæ—¥æœŸï¼š2015-11-16-21ï¼?Mï¼?S
update twotree_shop_goods set store_num=store_num-1 where shop_id=38 and goods_id=5¡¾Recieve NOtice¡¿:
<xml><appid><![CDATA[wx5c072e1680bf00a5]]></appid>
<bank_type><![CDATA[CCB_DEBIT]]></bank_type>
<cash_fee><![CDATA[597]]></cash_fee>
<fee_type><![CDATA[CNY]]></fee_type>
<is_subscribe><![CDATA[Y]]></is_subscribe>
<mch_id><![CDATA[1286562501]]></mch_id>
<nonce_str><![CDATA[yagmb8wlbqxdj7a82p2i20ix5wmstr1y]]></nonce_str>
<openid><![CDATA[oDI0IuEqxjc1DqhwqAAm10A6I8QU]]></openid>
<out_trade_no><![CDATA[DG11162129328243]]></out_trade_no>
<result_code><![CDATA[SUCCESS]]></result_code>
<return_code><![CDATA[SUCCESS]]></return_code>
<sign><![CDATA[21F755B22511168E188A99E5F8E4E731]]></sign>
<time_end><![CDATA[20151116212944]]></time_end>
<total_fee>597</total_fee>
<trade_type><![CDATA[JSAPI]]></trade_type>
<transaction_id><![CDATA[1002930544201511161632439019]]></transaction_id>
</xml>


æ‰§è¡Œæ—¥æœŸï¼š2015-11-16-21ï¼?Mï¼?S
¡¾Pay Success¡¿:
<xml><appid><![CDATA[wx5c072e1680bf00a5]]></appid>
<bank_type><![CDATA[CCB_DEBIT]]></bank_type>
<cash_fee><![CDATA[597]]></cash_fee>
<fee_type><![CDATA[CNY]]></fee_type>
<is_subscribe><![CDATA[Y]]></is_subscribe>
<mch_id><![CDATA[1286562501]]></mch_id>
<nonce_str><![CDATA[yagmb8wlbqxdj7a82p2i20ix5wmstr1y]]></nonce_str>
<openid><![CDATA[oDI0IuEqxjc1DqhwqAAm10A6I8QU]]></openid>
<out_trade_no><![CDATA[DG11162129328243]]></out_trade_no>
<result_code><![CDATA[SUCCESS]]></result_code>
<return_code><![CDATA[SUCCESS]]></return_code>
<sign><![CDATA[21F755B22511168E188A99E5F8E4E731]]></sign>
<time_end><![CDATA[20151116212944]]></time_end>
<total_fee>597</total_fee>
<trade_type><![CDATA[JSAPI]]></trade_type>
<transaction_id><![CDATA[1002930544201511161632439019]]></transaction_id>
</xml>
update twotree_shop_goods set store_num=store_num-1 where shop_id=38 and goods_id=5

æ‰§è¡Œæ—¥æœŸï¼š2015-11-16-21ï¼?Mï¼?S
update twotree_shop_goods set store_num=store_num-2 where shop_id=45 and goods_id=2¡¾Recieve NOtice¡¿:
<xml><appid><![CDATA[wx5c072e1680bf00a5]]></appid>
<bank_type><![CDATA[CFT]]></bank_type>
<cash_fee><![CDATA[356]]></cash_fee>
<fee_type><![CDATA[CNY]]></fee_type>
<is_subscribe><![CDATA[Y]]></is_subscribe>
<mch_id><![CDATA[1286562501]]></mch_id>
<nonce_str><![CDATA[ilsdnl2fgv4rdfeo1ku4ab9xfubzxbjm]]></nonce_str>
<openid><![CDATA[oDI0IuPqmqCXiXUrB2bQybc02bIE]]></openid>
<out_trade_no><![CDATA[DG11162136473342]]></out_trade_no>
<result_code><![CDATA[SUCCESS]]></result_code>
<return_code><![CDATA[SUCCESS]]></return_code>
<sign><![CDATA[06A16E6500C68A8BE4A12E114CDE4EF7]]></sign>
<time_end><![CDATA[20151116213659]]></time_end>
<total_fee>356</total_fee>
<trade_type><![CDATA[JSAPI]]></trade_type>
<transaction_id><![CDATA[1002220544201511161632526255]]></transaction_id>
</xml>


æ‰§è¡Œæ—¥æœŸï¼š2015-11-16-21ï¼?Mï¼?S
¡¾Pay Success¡¿:
<xml><appid><![CDATA[wx5c072e1680bf00a5]]></appid>
<bank_type><![CDATA[CFT]]></bank_type>
<cash_fee><![CDATA[356]]></cash_fee>
<fee_type><![CDATA[CNY]]></fee_type>
<is_subscribe><![CDATA[Y]]></is_subscribe>
<mch_id><![CDATA[1286562501]]></mch_id>
<nonce_str><![CDATA[ilsdnl2fgv4rdfeo1ku4ab9xfubzxbjm]]></nonce_str>
<openid><![CDATA[oDI0IuPqmqCXiXUrB2bQybc02bIE]]></openid>
<out_trade_no><![CDATA[DG11162136473342]]></out_trade_no>
<result_code><![CDATA[SUCCESS]]></result_code>
<return_code><![CDATA[SUCCESS]]></return_code>
<sign><![CDATA[06A16E6500C68A8BE4A12E114CDE4EF7]]></sign>
<time_end><![CDATA[20151116213659]]></time_end>
<total_fee>356</total_fee>
<trade_type><![CDATA[JSAPI]]></trade_type>
<transaction_id><![CDATA[1002220544201511161632526255]]></transaction_id>
</xml>
update twotree_shop_goods set store_num=store_num-2 where shop_id=45 and goods_id=2

æ‰§è¡Œæ—¥æœŸï¼š2015-11-16-21ï¼?Mï¼?S
update twotree_shop_goods set store_num=store_num-4 where shop_id=45 and goods_id=28¡¾Recieve NOtice¡¿:
<xml><appid><![CDATA[wx5c072e1680bf00a5]]></appid>
<bank_type><![CDATA[CFT]]></bank_type>
<cash_fee><![CDATA[300]]></cash_fee>
<fee_type><![CDATA[CNY]]></fee_type>
<is_subscribe><![CDATA[Y]]></is_subscribe>
<mch_id><![CDATA[1286562501]]></mch_id>
<nonce_str><![CDATA[iamk2ot4lbnq4f2rouqp8w93xlr7aj0j]]></nonce_str>
<openid><![CDATA[oDI0IuM2zqIaUTHtsM4oQlsunAHE]]></openid>
<out_trade_no><![CDATA[DG11162146385187]]></out_trade_no>
<result_code><![CDATA[SUCCESS]]></result_code>
<return_code><![CDATA[SUCCESS]]></return_code>
<sign><![CDATA[85BDDCABA34E733EE8C2BA0FEDABA311]]></sign>
<time_end><![CDATA[20151116214649]]></time_end>
<total_fee>300</total_fee>
<trade_type><![CDATA[JSAPI]]></trade_type>
<transaction_id><![CDATA[1005220544201511161632645261]]></transaction_id>
</xml>


æ‰§è¡Œæ—¥æœŸï¼š2015-11-16-21ï¼?Mï¼?S
¡¾Pay Success¡¿:
<xml><appid><![CDATA[wx5c072e1680bf00a5]]></appid>
<bank_type><![CDATA[CFT]]></bank_type>
<cash_fee><![CDATA[300]]></cash_fee>
<fee_type><![CDATA[CNY]]></fee_type>
<is_subscribe><![CDATA[Y]]></is_subscribe>
<mch_id><![CDATA[1286562501]]></mch_id>
<nonce_str><![CDATA[iamk2ot4lbnq4f2rouqp8w93xlr7aj0j]]></nonce_str>
<openid><![CDATA[oDI0IuM2zqIaUTHtsM4oQlsunAHE]]></openid>
<out_trade_no><![CDATA[DG11162146385187]]></out_trade_no>
<result_code><![CDATA[SUCCESS]]></result_code>
<return_code><![CDATA[SUCCESS]]></return_code>
<sign><![CDATA[85BDDCABA34E733EE8C2BA0FEDABA311]]></sign>
<time_end><![CDATA[20151116214649]]></time_end>
<total_fee>300</total_fee>
<trade_type><![CDATA[JSAPI]]></trade_type>
<transaction_id><![CDATA[1005220544201511161632645261]]></transaction_id>
</xml>
update twotree_shop_goods set store_num=store_num-4 where shop_id=45 and goods_id=28

æ‰§è¡Œæ—¥æœŸï¼š2015-11-16-21ï¼?Mï¼?S
update twotree_shop_goods set store_num=store_num-4 where shop_id=45 and goods_id=28¡¾Recieve NOtice¡¿:
<xml><appid><![CDATA[wx5c072e1680bf00a5]]></appid>
<bank_type><![CDATA[CFT]]></bank_type>
<cash_fee><![CDATA[300]]></cash_fee>
<fee_type><![CDATA[CNY]]></fee_type>
<is_subscribe><![CDATA[Y]]></is_subscribe>
<mch_id><![CDATA[1286562501]]></mch_id>
<nonce_str><![CDATA[iamk2ot4lbnq4f2rouqp8w93xlr7aj0j]]></nonce_str>
<openid><![CDATA[oDI0IuM2zqIaUTHtsM4oQlsunAHE]]></openid>
<out_trade_no><![CDATA[DG11162146385187]]></out_trade_no>
<result_code><![CDATA[SUCCESS]]></result_code>
<return_code><![CDATA[SUCCESS]]></return_code>
<sign><![CDATA[85BDDCABA34E733EE8C2BA0FEDABA311]]></sign>
<time_end><![CDATA[20151116214649]]></time_end>
<total_fee>300</total_fee>
<trade_type><![CDATA[JSAPI]]></trade_type>
<transaction_id><![CDATA[1005220544201511161632645261]]></transaction_id>
</xml>


æ‰§è¡Œæ—¥æœŸï¼š2015-11-16-21ï¼?Mï¼?S
¡¾Pay Success¡¿:
<xml><appid><![CDATA[wx5c072e1680bf00a5]]></appid>
<bank_type><![CDATA[CFT]]></bank_type>
<cash_fee><![CDATA[300]]></cash_fee>
<fee_type><![CDATA[CNY]]></fee_type>
<is_subscribe><![CDATA[Y]]></is_subscribe>
<mch_id><![CDATA[1286562501]]></mch_id>
<nonce_str><![CDATA[iamk2ot4lbnq4f2rouqp8w93xlr7aj0j]]></nonce_str>
<openid><![CDATA[oDI0IuM2zqIaUTHtsM4oQlsunAHE]]></openid>
<out_trade_no><![CDATA[DG11162146385187]]></out_trade_no>
<result_code><![CDATA[SUCCESS]]></result_code>
<return_code><![CDATA[SUCCESS]]></return_code>
<sign><![CDATA[85BDDCABA34E733EE8C2BA0FEDABA311]]></sign>
<time_end><![CDATA[20151116214649]]></time_end>
<total_fee>300</total_fee>
<trade_type><![CDATA[JSAPI]]></trade_type>
<transaction_id><![CDATA[1005220544201511161632645261]]></transaction_id>
</xml>
update twotree_shop_goods set store_num=store_num-4 where shop_id=45 and goods_id=28

æ‰§è¡Œæ—¥æœŸï¼š2015-11-16-21ï¼?Mï¼?S
update twotree_shop_goods set store_num=store_num-1 where shop_id=36 and goods_id=40¡¾Recieve NOtice¡¿:
<xml><appid><![CDATA[wx5c072e1680bf00a5]]></appid>
<bank_type><![CDATA[ABC_DEBIT]]></bank_type>
<cash_fee><![CDATA[2343]]></cash_fee>
<fee_type><![CDATA[CNY]]></fee_type>
<is_subscribe><![CDATA[Y]]></is_subscribe>
<mch_id><![CDATA[1286562501]]></mch_id>
<nonce_str><![CDATA[fbw1pangihe256qpxujm9q9stgyh4mca]]></nonce_str>
<openid><![CDATA[oDI0IuL3cVpkk8KaxYJRtlhESVbM]]></openid>
<out_trade_no><![CDATA[DG11162154583818]]></out_trade_no>
<result_code><![CDATA[SUCCESS]]></result_code>
<return_code><![CDATA[SUCCESS]]></return_code>
<sign><![CDATA[CF7275981FEDE053EC671EAA463E5535]]></sign>
<time_end><![CDATA[20151116215517]]></time_end>
<total_fee>2343</total_fee>
<trade_type><![CDATA[JSAPI]]></trade_type>
<transaction_id><![CDATA[1003050544201511161632732922]]></transaction_id>
</xml>


æ‰§è¡Œæ—¥æœŸï¼š2015-11-16-21ï¼?Mï¼?S
¡¾Pay Success¡¿:
<xml><appid><![CDATA[wx5c072e1680bf00a5]]></appid>
<bank_type><![CDATA[ABC_DEBIT]]></bank_type>
<cash_fee><![CDATA[2343]]></cash_fee>
<fee_type><![CDATA[CNY]]></fee_type>
<is_subscribe><![CDATA[Y]]></is_subscribe>
<mch_id><![CDATA[1286562501]]></mch_id>
<nonce_str><![CDATA[fbw1pangihe256qpxujm9q9stgyh4mca]]></nonce_str>
<openid><![CDATA[oDI0IuL3cVpkk8KaxYJRtlhESVbM]]></openid>
<out_trade_no><![CDATA[DG11162154583818]]></out_trade_no>
<result_code><![CDATA[SUCCESS]]></result_code>
<return_code><![CDATA[SUCCESS]]></return_code>
<sign><![CDATA[CF7275981FEDE053EC671EAA463E5535]]></sign>
<time_end><![CDATA[20151116215517]]></time_end>
<total_fee>2343</total_fee>
<trade_type><![CDATA[JSAPI]]></trade_type>
<transaction_id><![CDATA[1003050544201511161632732922]]></transaction_id>
</xml>
update twotree_shop_goods set store_num=store_num-1 where shop_id=36 and goods_id=40

æ‰§è¡Œæ—¥æœŸï¼š2015-11-16-22ï¼?Mï¼?S
update twotree_shop_goods set store_num=store_num-5 where shop_id=34 and goods_id=2¡¾Recieve NOtice¡¿:
<xml><appid><![CDATA[wx5c072e1680bf00a5]]></appid>
<bank_type><![CDATA[ABC_DEBIT]]></bank_type>
<cash_fee><![CDATA[1390]]></cash_fee>
<fee_type><![CDATA[CNY]]></fee_type>
<is_subscribe><![CDATA[Y]]></is_subscribe>
<mch_id><![CDATA[1286562501]]></mch_id>
<nonce_str><![CDATA[in4e70o26x4pk2shqic4aj5bt8fg9vqo]]></nonce_str>
<openid><![CDATA[oDI0IuLMtHVsYdq1CPVG5jRO8VeM]]></openid>
<out_trade_no><![CDATA[DG11162209341925]]></out_trade_no>
<result_code><![CDATA[SUCCESS]]></result_code>
<return_code><![CDATA[SUCCESS]]></return_code>
<sign><![CDATA[C51C0E8825A388EEE8374AB474FBF92C]]></sign>
<time_end><![CDATA[20151116220950]]></time_end>
<total_fee>1390</total_fee>
<trade_type><![CDATA[JSAPI]]></trade_type>
<transaction_id><![CDATA[1002480544201511161632894556]]></transaction_id>
</xml>


æ‰§è¡Œæ—¥æœŸï¼š2015-11-16-22ï¼?Mï¼?S
¡¾Pay Success¡¿:
<xml><appid><![CDATA[wx5c072e1680bf00a5]]></appid>
<bank_type><![CDATA[ABC_DEBIT]]></bank_type>
<cash_fee><![CDATA[1390]]></cash_fee>
<fee_type><![CDATA[CNY]]></fee_type>
<is_subscribe><![CDATA[Y]]></is_subscribe>
<mch_id><![CDATA[1286562501]]></mch_id>
<nonce_str><![CDATA[in4e70o26x4pk2shqic4aj5bt8fg9vqo]]></nonce_str>
<openid><![CDATA[oDI0IuLMtHVsYdq1CPVG5jRO8VeM]]></openid>
<out_trade_no><![CDATA[DG11162209341925]]></out_trade_no>
<result_code><![CDATA[SUCCESS]]></result_code>
<return_code><![CDATA[SUCCESS]]></return_code>
<sign><![CDATA[C51C0E8825A388EEE8374AB474FBF92C]]></sign>
<time_end><![CDATA[20151116220950]]></time_end>
<total_fee>1390</total_fee>
<trade_type><![CDATA[JSAPI]]></trade_type>
<transaction_id><![CDATA[1002480544201511161632894556]]></transaction_id>
</xml>
update twotree_shop_goods set store_num=store_num-5 where shop_id=34 and goods_id=2

æ‰§è¡Œæ—¥æœŸï¼š2015-11-16-22ï¼?Mï¼?S
update twotree_shop_goods set store_num=store_num-1 where shop_id=34 and goods_id=50¡¾Recieve NOtice¡¿:
<xml><appid><![CDATA[wx5c072e1680bf00a5]]></appid>
<bank_type><![CDATA[CCB_DEBIT]]></bank_type>
<cash_fee><![CDATA[378]]></cash_fee>
<fee_type><![CDATA[CNY]]></fee_type>
<is_subscribe><![CDATA[Y]]></is_subscribe>
<mch_id><![CDATA[1286562501]]></mch_id>
<nonce_str><![CDATA[h06hzc2w49n9zh6hcr6sl7vyajry8jh9]]></nonce_str>
<openid><![CDATA[oDI0IuMlmhZCvMIY5b67YPMQggQg]]></openid>
<out_trade_no><![CDATA[DG11162216141943]]></out_trade_no>
<result_code><![CDATA[SUCCESS]]></result_code>
<return_code><![CDATA[SUCCESS]]></return_code>
<sign><![CDATA[1580DA698B16A6D169382C2EE1034599]]></sign>
<time_end><![CDATA[20151116221627]]></time_end>
<total_fee>378</total_fee>
<trade_type><![CDATA[JSAPI]]></trade_type>
<transaction_id><![CDATA[1004530544201511161632977298]]></transaction_id>
</xml>


æ‰§è¡Œæ—¥æœŸï¼š2015-11-16-22ï¼?Mï¼?S
¡¾Pay Success¡¿:
<xml><appid><![CDATA[wx5c072e1680bf00a5]]></appid>
<bank_type><![CDATA[CCB_DEBIT]]></bank_type>
<cash_fee><![CDATA[378]]></cash_fee>
<fee_type><![CDATA[CNY]]></fee_type>
<is_subscribe><![CDATA[Y]]></is_subscribe>
<mch_id><![CDATA[1286562501]]></mch_id>
<nonce_str><![CDATA[h06hzc2w49n9zh6hcr6sl7vyajry8jh9]]></nonce_str>
<openid><![CDATA[oDI0IuMlmhZCvMIY5b67YPMQggQg]]></openid>
<out_trade_no><![CDATA[DG11162216141943]]></out_trade_no>
<result_code><![CDATA[SUCCESS]]></result_code>
<return_code><![CDATA[SUCCESS]]></return_code>
<sign><![CDATA[1580DA698B16A6D169382C2EE1034599]]></sign>
<time_end><![CDATA[20151116221627]]></time_end>
<total_fee>378</total_fee>
<trade_type><![CDATA[JSAPI]]></trade_type>
<transaction_id><![CDATA[1004530544201511161632977298]]></transaction_id>
</xml>
update twotree_shop_goods set store_num=store_num-1 where shop_id=34 and goods_id=50

æ‰§è¡Œæ—¥æœŸï¼š2015-11-16-22ï¼?Mï¼?S
update twotree_shop_goods set store_num=store_num-1 where shop_id=45 and goods_id=2¡¾Recieve NOtice¡¿:
<xml><appid><![CDATA[wx5c072e1680bf00a5]]></appid>
<bank_type><![CDATA[CFT]]></bank_type>
<cash_fee><![CDATA[378]]></cash_fee>
<fee_type><![CDATA[CNY]]></fee_type>
<is_subscribe><![CDATA[Y]]></is_subscribe>
<mch_id><![CDATA[1286562501]]></mch_id>
<nonce_str><![CDATA[9aaji1r5oq1ynfrgd5doe447siw2s0jk]]></nonce_str>
<openid><![CDATA[oDI0IuDdKUCM49GZiR8EuaHZaxOM]]></openid>
<out_trade_no><![CDATA[DG11162228549845]]></out_trade_no>
<result_code><![CDATA[SUCCESS]]></result_code>
<return_code><![CDATA[SUCCESS]]></return_code>
<sign><![CDATA[6AE0DA02F809B68247D293958982FFF4]]></sign>
<time_end><![CDATA[20151116222903]]></time_end>
<total_fee>378</total_fee>
<trade_type><![CDATA[JSAPI]]></trade_type>
<transaction_id><![CDATA[1006230544201511161633112941]]></transaction_id>
</xml>


æ‰§è¡Œæ—¥æœŸï¼š2015-11-16-22ï¼?Mï¼?S
¡¾Pay Success¡¿:
<xml><appid><![CDATA[wx5c072e1680bf00a5]]></appid>
<bank_type><![CDATA[CFT]]></bank_type>
<cash_fee><![CDATA[378]]></cash_fee>
<fee_type><![CDATA[CNY]]></fee_type>
<is_subscribe><![CDATA[Y]]></is_subscribe>
<mch_id><![CDATA[1286562501]]></mch_id>
<nonce_str><![CDATA[9aaji1r5oq1ynfrgd5doe447siw2s0jk]]></nonce_str>
<openid><![CDATA[oDI0IuDdKUCM49GZiR8EuaHZaxOM]]></openid>
<out_trade_no><![CDATA[DG11162228549845]]></out_trade_no>
<result_code><![CDATA[SUCCESS]]></result_code>
<return_code><![CDATA[SUCCESS]]></return_code>
<sign><![CDATA[6AE0DA02F809B68247D293958982FFF4]]></sign>
<time_end><![CDATA[20151116222903]]></time_end>
<total_fee>378</total_fee>
<trade_type><![CDATA[JSAPI]]></trade_type>
<transaction_id><![CDATA[1006230544201511161633112941]]></transaction_id>
</xml>
update twotree_shop_goods set store_num=store_num-1 where shop_id=45 and goods_id=2

