执行日期：2015-10-26-00?M?S
【接收到的notify通知】:
<xml><appid><![CDATA[wx8c5b2610f8e96334]]></appid>
<bank_type><![CDATA[ICBC_DEBIT]]></bank_type>
<cash_fee><![CDATA[1]]></cash_fee>
<fee_type><![CDATA[CNY]]></fee_type>
<is_subscribe><![CDATA[Y]]></is_subscribe>
<mch_id><![CDATA[1265531901]]></mch_id>
<nonce_str><![CDATA[8qz8jb8h2l9wtih0ls74w7mrbturvwye]]></nonce_str>
<openid><![CDATA[oKhP4wq4GJuwSg8moj3mMxRdR2SM]]></openid>
<out_trade_no><![CDATA[DG10251744099420_43]]></out_trade_no>
<result_code><![CDATA[SUCCESS]]></result_code>
<return_code><![CDATA[SUCCESS]]></return_code>
<sign><![CDATA[52944FAC6F84F59D8C0383BC1E716EAB]]></sign>
<time_end><![CDATA[20151026004659]]></time_end>
<total_fee>1</total_fee>
<trade_type><![CDATA[JSAPI]]></trade_type>
<transaction_id><![CDATA[1004350914201510261334643778]]></transaction_id>
</xml>


执行日期：2015-10-26-00?M?S
【支付成功】:
<xml><appid><![CDATA[wx8c5b2610f8e96334]]></appid>
<bank_type><![CDATA[ICBC_DEBIT]]></bank_type>
<cash_fee><![CDATA[1]]></cash_fee>
<fee_type><![CDATA[CNY]]></fee_type>
<is_subscribe><![CDATA[Y]]></is_subscribe>
<mch_id><![CDATA[1265531901]]></mch_id>
<nonce_str><![CDATA[8qz8jb8h2l9wtih0ls74w7mrbturvwye]]></nonce_str>
<openid><![CDATA[oKhP4wq4GJuwSg8moj3mMxRdR2SM]]></openid>
<out_trade_no><![CDATA[DG10251744099420_43]]></out_trade_no>
<result_code><![CDATA[SUCCESS]]></result_code>
<return_code><![CDATA[SUCCESS]]></return_code>
<sign><![CDATA[52944FAC6F84F59D8C0383BC1E716EAB]]></sign>
<time_end><![CDATA[20151026004659]]></time_end>
<total_fee>1</total_fee>
<trade_type><![CDATA[JSAPI]]></trade_type>
<transaction_id><![CDATA[1004350914201510261334643778]]></transaction_id>
</xml>


执行日期：2015-10-26-22?M?S
【接收到的notify通知】:
<xml><appid><![CDATA[wx8c5b2610f8e96334]]></appid>
<bank_type><![CDATA[ICBC_DEBIT]]></bank_type>
<cash_fee><![CDATA[1]]></cash_fee>
<fee_type><![CDATA[CNY]]></fee_type>
<is_subscribe><![CDATA[Y]]></is_subscribe>
<mch_id><![CDATA[1265531901]]></mch_id>
<nonce_str><![CDATA[0qf99ri5pc73b915fe9n6l0medv8gahh]]></nonce_str>
<openid><![CDATA[oKhP4wq4GJuwSg8moj3mMxRdR2SM]]></openid>
<out_trade_no><![CDATA[DG10261817236951_44]]></out_trade_no>
<result_code><![CDATA[SUCCESS]]></result_code>
<return_code><![CDATA[SUCCESS]]></return_code>
<sign><![CDATA[DE72F469B810AA69A991C2CCF483D332]]></sign>
<time_end><![CDATA[20151026224209]]></time_end>
<total_fee>1</total_fee>
<trade_type><![CDATA[JSAPI]]></trade_type>
<transaction_id><![CDATA[1004350914201510261345966623]]></transaction_id>
</xml>


执行日期：2015-10-26-22?M?S
【支付成功】:
<xml><appid><![CDATA[wx8c5b2610f8e96334]]></appid>
<bank_type><![CDATA[ICBC_DEBIT]]></bank_type>
<cash_fee><![CDATA[1]]></cash_fee>
<fee_type><![CDATA[CNY]]></fee_type>
<is_subscribe><![CDATA[Y]]></is_subscribe>
<mch_id><![CDATA[1265531901]]></mch_id>
<nonce_str><![CDATA[0qf99ri5pc73b915fe9n6l0medv8gahh]]></nonce_str>
<openid><![CDATA[oKhP4wq4GJuwSg8moj3mMxRdR2SM]]></openid>
<out_trade_no><![CDATA[DG10261817236951_44]]></out_trade_no>
<result_code><![CDATA[SUCCESS]]></result_code>
<return_code><![CDATA[SUCCESS]]></return_code>
<sign><![CDATA[DE72F469B810AA69A991C2CCF483D332]]></sign>
<time_end><![CDATA[20151026224209]]></time_end>
<total_fee>1</total_fee>
<trade_type><![CDATA[JSAPI]]></trade_type>
<transaction_id><![CDATA[1004350914201510261345966623]]></transaction_id>
</xml>


执行日期：2015-10-26-22?M?S
【接收到的notify通知】:
<xml><appid><![CDATA[wx8c5b2610f8e96334]]></appid>
<bank_type><![CDATA[ICBC_DEBIT]]></bank_type>
<cash_fee><![CDATA[11]]></cash_fee>
<fee_type><![CDATA[CNY]]></fee_type>
<is_subscribe><![CDATA[Y]]></is_subscribe>
<mch_id><![CDATA[1265531901]]></mch_id>
<nonce_str><![CDATA[ujh6nrn2eyzs2mco85cuxit42rmi6ggt]]></nonce_str>
<openid><![CDATA[oKhP4wq4GJuwSg8moj3mMxRdR2SM]]></openid>
<out_trade_no><![CDATA[DG10261817236951_45]]></out_trade_no>
<result_code><![CDATA[SUCCESS]]></result_code>
<return_code><![CDATA[SUCCESS]]></return_code>
<sign><![CDATA[BFC993920AA1105459E2AED7E84B0646]]></sign>
<time_end><![CDATA[20151026224258]]></time_end>
<total_fee>11</total_fee>
<trade_type><![CDATA[JSAPI]]></trade_type>
<transaction_id><![CDATA[1004350914201510261345969442]]></transaction_id>
</xml>


执行日期：2015-10-26-22?M?S
【支付成功】:
<xml><appid><![CDATA[wx8c5b2610f8e96334]]></appid>
<bank_type><![CDATA[ICBC_DEBIT]]></bank_type>
<cash_fee><![CDATA[11]]></cash_fee>
<fee_type><![CDATA[CNY]]></fee_type>
<is_subscribe><![CDATA[Y]]></is_subscribe>
<mch_id><![CDATA[1265531901]]></mch_id>
<nonce_str><![CDATA[ujh6nrn2eyzs2mco85cuxit42rmi6ggt]]></nonce_str>
<openid><![CDATA[oKhP4wq4GJuwSg8moj3mMxRdR2SM]]></openid>
<out_trade_no><![CDATA[DG10261817236951_45]]></out_trade_no>
<result_code><![CDATA[SUCCESS]]></result_code>
<return_code><![CDATA[SUCCESS]]></return_code>
<sign><![CDATA[BFC993920AA1105459E2AED7E84B0646]]></sign>
<time_end><![CDATA[20151026224258]]></time_end>
<total_fee>11</total_fee>
<trade_type><![CDATA[JSAPI]]></trade_type>
<transaction_id><![CDATA[1004350914201510261345969442]]></transaction_id>
</xml>


