æ‰§è¡Œæ—¥æœŸï¼š2015-11-14-11ï¼?Mï¼?S
update twotree_order_info set pay_status=1,pay_money=239.64,pay_time=1447473148,out_trade_no='DG11141152188228', transaction_id='1002880544201511141596216324' where order_sn='DG11141152188228'¡¾Recieve NOtice¡¿:
<xml><appid><![CDATA[wx5c072e1680bf00a5]]></appid>
<bank_type><![CDATA[CFT]]></bank_type>
<cash_fee><![CDATA[23964]]></cash_fee>
<fee_type><![CDATA[CNY]]></fee_type>
<is_subscribe><![CDATA[Y]]></is_subscribe>
<mch_id><![CDATA[1286562501]]></mch_id>
<nonce_str><![CDATA[v7r16sg9nf1lr9gxeoa07tkfuflr4wj4]]></nonce_str>
<openid><![CDATA[oDI0IuD22G09v44v8MZx_qWq_BEg]]></openid>
<out_trade_no><![CDATA[DG11141152188228]]></out_trade_no>
<result_code><![CDATA[SUCCESS]]></result_code>
<return_code><![CDATA[SUCCESS]]></return_code>
<sign><![CDATA[83AED84DE0E8B4BEB2CFAA365870F0F1]]></sign>
<time_end><![CDATA[20151114115226]]></time_end>
<total_fee>23964</total_fee>
<trade_type><![CDATA[JSAPI]]></trade_type>
<transaction_id><![CDATA[1002880544201511141596216324]]></transaction_id>
</xml>


æ‰§è¡Œæ—¥æœŸï¼š2015-11-14-11ï¼?Mï¼?S
¡¾Pay Success¡¿:
<xml><appid><![CDATA[wx5c072e1680bf00a5]]></appid>
<bank_type><![CDATA[CFT]]></bank_type>
<cash_fee><![CDATA[23964]]></cash_fee>
<fee_type><![CDATA[CNY]]></fee_type>
<is_subscribe><![CDATA[Y]]></is_subscribe>
<mch_id><![CDATA[1286562501]]></mch_id>
<nonce_str><![CDATA[v7r16sg9nf1lr9gxeoa07tkfuflr4wj4]]></nonce_str>
<openid><![CDATA[oDI0IuD22G09v44v8MZx_qWq_BEg]]></openid>
<out_trade_no><![CDATA[DG11141152188228]]></out_trade_no>
<result_code><![CDATA[SUCCESS]]></result_code>
<return_code><![CDATA[SUCCESS]]></return_code>
<sign><![CDATA[83AED84DE0E8B4BEB2CFAA365870F0F1]]></sign>
<time_end><![CDATA[20151114115226]]></time_end>
<total_fee>23964</total_fee>
<trade_type><![CDATA[JSAPI]]></trade_type>
<transaction_id><![CDATA[1002880544201511141596216324]]></transaction_id>
</xml>
update twotree_order_info set pay_status=1,pay_money=239.64,pay_time=1447473148,out_trade_no='DG11141152188228', transaction_id='1002880544201511141596216324' where order_sn='DG11141152188228'

æ‰§è¡Œæ—¥æœŸï¼š2015-11-14-15ï¼?Mï¼?S
update twotree_shop_goods set store_num=store_num-1 where shop_id=38 and goods_id=2¡¾Recieve NOtice¡¿:
<xml><appid><![CDATA[wx5c072e1680bf00a5]]></appid>
<bank_type><![CDATA[CFT]]></bank_type>
<cash_fee><![CDATA[776]]></cash_fee>
<fee_type><![CDATA[CNY]]></fee_type>
<is_subscribe><![CDATA[Y]]></is_subscribe>
<mch_id><![CDATA[1286562501]]></mch_id>
<nonce_str><![CDATA[6eyhagede73sb4wkygvt36097kffs5jx]]></nonce_str>
<openid><![CDATA[oDI0IuO8JllStQ1MaYPBs8D7rfy0]]></openid>
<out_trade_no><![CDATA[DG11141502064599]]></out_trade_no>
<result_code><![CDATA[SUCCESS]]></result_code>
<return_code><![CDATA[SUCCESS]]></return_code>
<sign><![CDATA[600A949B85EE8525A5BDDDB4F938FF00]]></sign>
<time_end><![CDATA[20151114150216]]></time_end>
<total_fee>776</total_fee>
<trade_type><![CDATA[JSAPI]]></trade_type>
<transaction_id><![CDATA[1009510544201511141599329047]]></transaction_id>
</xml>


æ‰§è¡Œæ—¥æœŸï¼š2015-11-14-15ï¼?Mï¼?S
¡¾Pay Success¡¿:
<xml><appid><![CDATA[wx5c072e1680bf00a5]]></appid>
<bank_type><![CDATA[CFT]]></bank_type>
<cash_fee><![CDATA[776]]></cash_fee>
<fee_type><![CDATA[CNY]]></fee_type>
<is_subscribe><![CDATA[Y]]></is_subscribe>
<mch_id><![CDATA[1286562501]]></mch_id>
<nonce_str><![CDATA[6eyhagede73sb4wkygvt36097kffs5jx]]></nonce_str>
<openid><![CDATA[oDI0IuO8JllStQ1MaYPBs8D7rfy0]]></openid>
<out_trade_no><![CDATA[DG11141502064599]]></out_trade_no>
<result_code><![CDATA[SUCCESS]]></result_code>
<return_code><![CDATA[SUCCESS]]></return_code>
<sign><![CDATA[600A949B85EE8525A5BDDDB4F938FF00]]></sign>
<time_end><![CDATA[20151114150216]]></time_end>
<total_fee>776</total_fee>
<trade_type><![CDATA[JSAPI]]></trade_type>
<transaction_id><![CDATA[1009510544201511141599329047]]></transaction_id>
</xml>
update twotree_shop_goods set store_num=store_num-1 where shop_id=38 and goods_id=2

æ‰§è¡Œæ—¥æœŸï¼š2015-11-14-15ï¼?Mï¼?S
update twotree_order_info set pay_status=1,pay_money=0.1,pay_time=1447487550,out_trade_no='DG11141552152700', transaction_id='1006850544201511141600006318' where order_sn='DG11141552152700'¡¾Recieve NOtice¡¿:
<xml><appid><![CDATA[wx5c072e1680bf00a5]]></appid>
<bank_type><![CDATA[CFT]]></bank_type>
<cash_fee><![CDATA[10]]></cash_fee>
<fee_type><![CDATA[CNY]]></fee_type>
<is_subscribe><![CDATA[Y]]></is_subscribe>
<mch_id><![CDATA[1286562501]]></mch_id>
<nonce_str><![CDATA[2daxb662fmzk3635s49u03vt4577fdv3]]></nonce_str>
<openid><![CDATA[oDI0IuOQpOq3s2LXlteJnRp9V-aA]]></openid>
<out_trade_no><![CDATA[DG11141552152700]]></out_trade_no>
<result_code><![CDATA[SUCCESS]]></result_code>
<return_code><![CDATA[SUCCESS]]></return_code>
<sign><![CDATA[EFF05002F637376A1D1DC7558DAC0FB6]]></sign>
<time_end><![CDATA[20151114155230]]></time_end>
<total_fee>10</total_fee>
<trade_type><![CDATA[JSAPI]]></trade_type>
<transaction_id><![CDATA[1006850544201511141600006318]]></transaction_id>
</xml>


æ‰§è¡Œæ—¥æœŸï¼š2015-11-14-15ï¼?Mï¼?S
¡¾Pay Success¡¿:
<xml><appid><![CDATA[wx5c072e1680bf00a5]]></appid>
<bank_type><![CDATA[CFT]]></bank_type>
<cash_fee><![CDATA[10]]></cash_fee>
<fee_type><![CDATA[CNY]]></fee_type>
<is_subscribe><![CDATA[Y]]></is_subscribe>
<mch_id><![CDATA[1286562501]]></mch_id>
<nonce_str><![CDATA[2daxb662fmzk3635s49u03vt4577fdv3]]></nonce_str>
<openid><![CDATA[oDI0IuOQpOq3s2LXlteJnRp9V-aA]]></openid>
<out_trade_no><![CDATA[DG11141552152700]]></out_trade_no>
<result_code><![CDATA[SUCCESS]]></result_code>
<return_code><![CDATA[SUCCESS]]></return_code>
<sign><![CDATA[EFF05002F637376A1D1DC7558DAC0FB6]]></sign>
<time_end><![CDATA[20151114155230]]></time_end>
<total_fee>10</total_fee>
<trade_type><![CDATA[JSAPI]]></trade_type>
<transaction_id><![CDATA[1006850544201511141600006318]]></transaction_id>
</xml>
update twotree_order_info set pay_status=1,pay_money=0.1,pay_time=1447487550,out_trade_no='DG11141552152700', transaction_id='1006850544201511141600006318' where order_sn='DG11141552152700'

æ‰§è¡Œæ—¥æœŸï¼š2015-11-14-15ï¼?Mï¼?S
update twotree_order_info set pay_status=1,pay_money=0.1,pay_time=1447487618,out_trade_no='DG11141553348284', transaction_id='1006850544201511141600032224' where order_sn='DG11141553348284'¡¾Recieve NOtice¡¿:
<xml><appid><![CDATA[wx5c072e1680bf00a5]]></appid>
<bank_type><![CDATA[CFT]]></bank_type>
<cash_fee><![CDATA[10]]></cash_fee>
<fee_type><![CDATA[CNY]]></fee_type>
<is_subscribe><![CDATA[Y]]></is_subscribe>
<mch_id><![CDATA[1286562501]]></mch_id>
<nonce_str><![CDATA[o3fc99cw1ixrpj38is82j9doq1xkmitm]]></nonce_str>
<openid><![CDATA[oDI0IuOQpOq3s2LXlteJnRp9V-aA]]></openid>
<out_trade_no><![CDATA[DG11141553348284]]></out_trade_no>
<result_code><![CDATA[SUCCESS]]></result_code>
<return_code><![CDATA[SUCCESS]]></return_code>
<sign><![CDATA[B626456645DE050C1FACD2B5026D085D]]></sign>
<time_end><![CDATA[20151114155338]]></time_end>
<total_fee>10</total_fee>
<trade_type><![CDATA[JSAPI]]></trade_type>
<transaction_id><![CDATA[1006850544201511141600032224]]></transaction_id>
</xml>


æ‰§è¡Œæ—¥æœŸï¼š2015-11-14-15ï¼?Mï¼?S
¡¾Pay Success¡¿:
<xml><appid><![CDATA[wx5c072e1680bf00a5]]></appid>
<bank_type><![CDATA[CFT]]></bank_type>
<cash_fee><![CDATA[10]]></cash_fee>
<fee_type><![CDATA[CNY]]></fee_type>
<is_subscribe><![CDATA[Y]]></is_subscribe>
<mch_id><![CDATA[1286562501]]></mch_id>
<nonce_str><![CDATA[o3fc99cw1ixrpj38is82j9doq1xkmitm]]></nonce_str>
<openid><![CDATA[oDI0IuOQpOq3s2LXlteJnRp9V-aA]]></openid>
<out_trade_no><![CDATA[DG11141553348284]]></out_trade_no>
<result_code><![CDATA[SUCCESS]]></result_code>
<return_code><![CDATA[SUCCESS]]></return_code>
<sign><![CDATA[B626456645DE050C1FACD2B5026D085D]]></sign>
<time_end><![CDATA[20151114155338]]></time_end>
<total_fee>10</total_fee>
<trade_type><![CDATA[JSAPI]]></trade_type>
<transaction_id><![CDATA[1006850544201511141600032224]]></transaction_id>
</xml>
update twotree_order_info set pay_status=1,pay_money=0.1,pay_time=1447487618,out_trade_no='DG11141553348284', transaction_id='1006850544201511141600032224' where order_sn='DG11141553348284'

æ‰§è¡Œæ—¥æœŸï¼š2015-11-14-15ï¼?Mï¼?S
update twotree_order_info set pay_status=1,pay_money=0.1,pay_time=1447487785,out_trade_no='DG11141556163472', transaction_id='1006850544201511141600069035' where order_sn='DG11141556163472'¡¾Recieve NOtice¡¿:
<xml><appid><![CDATA[wx5c072e1680bf00a5]]></appid>
<bank_type><![CDATA[CFT]]></bank_type>
<cash_fee><![CDATA[10]]></cash_fee>
<fee_type><![CDATA[CNY]]></fee_type>
<is_subscribe><![CDATA[Y]]></is_subscribe>
<mch_id><![CDATA[1286562501]]></mch_id>
<nonce_str><![CDATA[12rwzeshj5mgrgnvgy6yuknofr4lhcoo]]></nonce_str>
<openid><![CDATA[oDI0IuOQpOq3s2LXlteJnRp9V-aA]]></openid>
<out_trade_no><![CDATA[DG11141556163472]]></out_trade_no>
<result_code><![CDATA[SUCCESS]]></result_code>
<return_code><![CDATA[SUCCESS]]></return_code>
<sign><![CDATA[4588E40D5B4D6A5B222F42EE9F573652]]></sign>
<time_end><![CDATA[20151114155624]]></time_end>
<total_fee>10</total_fee>
<trade_type><![CDATA[JSAPI]]></trade_type>
<transaction_id><![CDATA[1006850544201511141600069035]]></transaction_id>
</xml>


æ‰§è¡Œæ—¥æœŸï¼š2015-11-14-15ï¼?Mï¼?S
¡¾Pay Success¡¿:
<xml><appid><![CDATA[wx5c072e1680bf00a5]]></appid>
<bank_type><![CDATA[CFT]]></bank_type>
<cash_fee><![CDATA[10]]></cash_fee>
<fee_type><![CDATA[CNY]]></fee_type>
<is_subscribe><![CDATA[Y]]></is_subscribe>
<mch_id><![CDATA[1286562501]]></mch_id>
<nonce_str><![CDATA[12rwzeshj5mgrgnvgy6yuknofr4lhcoo]]></nonce_str>
<openid><![CDATA[oDI0IuOQpOq3s2LXlteJnRp9V-aA]]></openid>
<out_trade_no><![CDATA[DG11141556163472]]></out_trade_no>
<result_code><![CDATA[SUCCESS]]></result_code>
<return_code><![CDATA[SUCCESS]]></return_code>
<sign><![CDATA[4588E40D5B4D6A5B222F42EE9F573652]]></sign>
<time_end><![CDATA[20151114155624]]></time_end>
<total_fee>10</total_fee>
<trade_type><![CDATA[JSAPI]]></trade_type>
<transaction_id><![CDATA[1006850544201511141600069035]]></transaction_id>
</xml>
update twotree_order_info set pay_status=1,pay_money=0.1,pay_time=1447487785,out_trade_no='DG11141556163472', transaction_id='1006850544201511141600069035' where order_sn='DG11141556163472'

æ‰§è¡Œæ—¥æœŸï¼š2015-11-14-15ï¼?Mï¼?S
update twotree_order_info set pay_status=1,pay_money=0.1,pay_time=1447487814,out_trade_no='DG11141556496046', transaction_id='1006850544201511141600083220' where order_sn='DG11141556496046'¡¾Recieve NOtice¡¿:
<xml><appid><![CDATA[wx5c072e1680bf00a5]]></appid>
<bank_type><![CDATA[CFT]]></bank_type>
<cash_fee><![CDATA[10]]></cash_fee>
<fee_type><![CDATA[CNY]]></fee_type>
<is_subscribe><![CDATA[Y]]></is_subscribe>
<mch_id><![CDATA[1286562501]]></mch_id>
<nonce_str><![CDATA[a1lco41dv354k8jjk1fzhr6z8ibic7sc]]></nonce_str>
<openid><![CDATA[oDI0IuOQpOq3s2LXlteJnRp9V-aA]]></openid>
<out_trade_no><![CDATA[DG11141556496046]]></out_trade_no>
<result_code><![CDATA[SUCCESS]]></result_code>
<return_code><![CDATA[SUCCESS]]></return_code>
<sign><![CDATA[589B665B2C8A0A269767F778CD8344F5]]></sign>
<time_end><![CDATA[20151114155653]]></time_end>
<total_fee>10</total_fee>
<trade_type><![CDATA[JSAPI]]></trade_type>
<transaction_id><![CDATA[1006850544201511141600083220]]></transaction_id>
</xml>


æ‰§è¡Œæ—¥æœŸï¼š2015-11-14-15ï¼?Mï¼?S
¡¾Pay Success¡¿:
<xml><appid><![CDATA[wx5c072e1680bf00a5]]></appid>
<bank_type><![CDATA[CFT]]></bank_type>
<cash_fee><![CDATA[10]]></cash_fee>
<fee_type><![CDATA[CNY]]></fee_type>
<is_subscribe><![CDATA[Y]]></is_subscribe>
<mch_id><![CDATA[1286562501]]></mch_id>
<nonce_str><![CDATA[a1lco41dv354k8jjk1fzhr6z8ibic7sc]]></nonce_str>
<openid><![CDATA[oDI0IuOQpOq3s2LXlteJnRp9V-aA]]></openid>
<out_trade_no><![CDATA[DG11141556496046]]></out_trade_no>
<result_code><![CDATA[SUCCESS]]></result_code>
<return_code><![CDATA[SUCCESS]]></return_code>
<sign><![CDATA[589B665B2C8A0A269767F778CD8344F5]]></sign>
<time_end><![CDATA[20151114155653]]></time_end>
<total_fee>10</total_fee>
<trade_type><![CDATA[JSAPI]]></trade_type>
<transaction_id><![CDATA[1006850544201511141600083220]]></transaction_id>
</xml>
update twotree_order_info set pay_status=1,pay_money=0.1,pay_time=1447487814,out_trade_no='DG11141556496046', transaction_id='1006850544201511141600083220' where order_sn='DG11141556496046'

æ‰§è¡Œæ—¥æœŸï¼š2015-11-14-17ï¼?Mï¼?S
update twotree_shop_goods set store_num=store_num-1 where shop_id=28 and goods_id=31¡¾Recieve NOtice¡¿:
<xml><appid><![CDATA[wx5c072e1680bf00a5]]></appid>
<bank_type><![CDATA[CFT]]></bank_type>
<cash_fee><![CDATA[300]]></cash_fee>
<fee_type><![CDATA[CNY]]></fee_type>
<is_subscribe><![CDATA[Y]]></is_subscribe>
<mch_id><![CDATA[1286562501]]></mch_id>
<nonce_str><![CDATA[yjdf3e8mo0y1c63q0owllx27yp3uve7z]]></nonce_str>
<openid><![CDATA[oDI0IuOQpOq3s2LXlteJnRp9V-aA]]></openid>
<out_trade_no><![CDATA[DG11141720232429]]></out_trade_no>
<result_code><![CDATA[SUCCESS]]></result_code>
<return_code><![CDATA[SUCCESS]]></return_code>
<sign><![CDATA[056D5AB1353E697C81740600846CCA7F]]></sign>
<time_end><![CDATA[20151114172200]]></time_end>
<total_fee>300</total_fee>
<trade_type><![CDATA[JSAPI]]></trade_type>
<transaction_id><![CDATA[1006850544201511141601365880]]></transaction_id>
</xml>


æ‰§è¡Œæ—¥æœŸï¼š2015-11-14-17ï¼?Mï¼?S
¡¾Pay Success¡¿:
<xml><appid><![CDATA[wx5c072e1680bf00a5]]></appid>
<bank_type><![CDATA[CFT]]></bank_type>
<cash_fee><![CDATA[300]]></cash_fee>
<fee_type><![CDATA[CNY]]></fee_type>
<is_subscribe><![CDATA[Y]]></is_subscribe>
<mch_id><![CDATA[1286562501]]></mch_id>
<nonce_str><![CDATA[yjdf3e8mo0y1c63q0owllx27yp3uve7z]]></nonce_str>
<openid><![CDATA[oDI0IuOQpOq3s2LXlteJnRp9V-aA]]></openid>
<out_trade_no><![CDATA[DG11141720232429]]></out_trade_no>
<result_code><![CDATA[SUCCESS]]></result_code>
<return_code><![CDATA[SUCCESS]]></return_code>
<sign><![CDATA[056D5AB1353E697C81740600846CCA7F]]></sign>
<time_end><![CDATA[20151114172200]]></time_end>
<total_fee>300</total_fee>
<trade_type><![CDATA[JSAPI]]></trade_type>
<transaction_id><![CDATA[1006850544201511141601365880]]></transaction_id>
</xml>
update twotree_shop_goods set store_num=store_num-1 where shop_id=28 and goods_id=31

æ‰§è¡Œæ—¥æœŸï¼š2015-11-14-17ï¼?Mï¼?S
update twotree_shop_goods set store_num=store_num-1 where shop_id=28 and goods_id=10¡¾Recieve NOtice¡¿:
<xml><appid><![CDATA[wx5c072e1680bf00a5]]></appid>
<bank_type><![CDATA[PSBC_DEBIT]]></bank_type>
<cash_fee><![CDATA[350]]></cash_fee>
<fee_type><![CDATA[CNY]]></fee_type>
<is_subscribe><![CDATA[Y]]></is_subscribe>
<mch_id><![CDATA[1286562501]]></mch_id>
<nonce_str><![CDATA[ewecpwnaafwj3pnvfvk0gjg4zek34fze]]></nonce_str>
<openid><![CDATA[oDI0IuOQpOq3s2LXlteJnRp9V-aA]]></openid>
<out_trade_no><![CDATA[DG11141732302673]]></out_trade_no>
<result_code><![CDATA[SUCCESS]]></result_code>
<return_code><![CDATA[SUCCESS]]></return_code>
<sign><![CDATA[E0F10D77F41DE1D87ADC00A9961DD9F7]]></sign>
<time_end><![CDATA[20151114173248]]></time_end>
<total_fee>350</total_fee>
<trade_type><![CDATA[JSAPI]]></trade_type>
<transaction_id><![CDATA[1006850544201511141601569153]]></transaction_id>
</xml>


æ‰§è¡Œæ—¥æœŸï¼š2015-11-14-17ï¼?Mï¼?S
¡¾Pay Success¡¿:
<xml><appid><![CDATA[wx5c072e1680bf00a5]]></appid>
<bank_type><![CDATA[PSBC_DEBIT]]></bank_type>
<cash_fee><![CDATA[350]]></cash_fee>
<fee_type><![CDATA[CNY]]></fee_type>
<is_subscribe><![CDATA[Y]]></is_subscribe>
<mch_id><![CDATA[1286562501]]></mch_id>
<nonce_str><![CDATA[ewecpwnaafwj3pnvfvk0gjg4zek34fze]]></nonce_str>
<openid><![CDATA[oDI0IuOQpOq3s2LXlteJnRp9V-aA]]></openid>
<out_trade_no><![CDATA[DG11141732302673]]></out_trade_no>
<result_code><![CDATA[SUCCESS]]></result_code>
<return_code><![CDATA[SUCCESS]]></return_code>
<sign><![CDATA[E0F10D77F41DE1D87ADC00A9961DD9F7]]></sign>
<time_end><![CDATA[20151114173248]]></time_end>
<total_fee>350</total_fee>
<trade_type><![CDATA[JSAPI]]></trade_type>
<transaction_id><![CDATA[1006850544201511141601569153]]></transaction_id>
</xml>
update twotree_shop_goods set store_num=store_num-1 where shop_id=28 and goods_id=10

æ‰§è¡Œæ—¥æœŸï¼š2015-11-14-23ï¼?Mï¼?S
update twotree_shop_goods set store_num=store_num-3 where shop_id=28 and goods_id=21¡¾Recieve NOtice¡¿:
<xml><appid><![CDATA[wx5c072e1680bf00a5]]></appid>
<bank_type><![CDATA[ABC_DEBIT]]></bank_type>
<cash_fee><![CDATA[300]]></cash_fee>
<fee_type><![CDATA[CNY]]></fee_type>
<is_subscribe><![CDATA[Y]]></is_subscribe>
<mch_id><![CDATA[1286562501]]></mch_id>
<nonce_str><![CDATA[2hihuyeoazd2e7pyiiayqgd8c9rkn3p2]]></nonce_str>
<openid><![CDATA[oDI0IuOvkeflTR4TmSXjmvpwo4U4]]></openid>
<out_trade_no><![CDATA[DG11142347079557]]></out_trade_no>
<result_code><![CDATA[SUCCESS]]></result_code>
<return_code><![CDATA[SUCCESS]]></return_code>
<sign><![CDATA[86BB37227113000A55F8CB7E8AEFA4A9]]></sign>
<time_end><![CDATA[20151114234727]]></time_end>
<total_fee>300</total_fee>
<trade_type><![CDATA[JSAPI]]></trade_type>
<transaction_id><![CDATA[1009550544201511141606974313]]></transaction_id>
</xml>


æ‰§è¡Œæ—¥æœŸï¼š2015-11-14-23ï¼?Mï¼?S
¡¾Pay Success¡¿:
<xml><appid><![CDATA[wx5c072e1680bf00a5]]></appid>
<bank_type><![CDATA[ABC_DEBIT]]></bank_type>
<cash_fee><![CDATA[300]]></cash_fee>
<fee_type><![CDATA[CNY]]></fee_type>
<is_subscribe><![CDATA[Y]]></is_subscribe>
<mch_id><![CDATA[1286562501]]></mch_id>
<nonce_str><![CDATA[2hihuyeoazd2e7pyiiayqgd8c9rkn3p2]]></nonce_str>
<openid><![CDATA[oDI0IuOvkeflTR4TmSXjmvpwo4U4]]></openid>
<out_trade_no><![CDATA[DG11142347079557]]></out_trade_no>
<result_code><![CDATA[SUCCESS]]></result_code>
<return_code><![CDATA[SUCCESS]]></return_code>
<sign><![CDATA[86BB37227113000A55F8CB7E8AEFA4A9]]></sign>
<time_end><![CDATA[20151114234727]]></time_end>
<total_fee>300</total_fee>
<trade_type><![CDATA[JSAPI]]></trade_type>
<transaction_id><![CDATA[1009550544201511141606974313]]></transaction_id>
</xml>
update twotree_shop_goods set store_num=store_num-3 where shop_id=28 and goods_id=21

