æ‰§è¡Œæ—¥æœŸï¼š2015-12-01-11ï¼š41ï¼š30
update twotree_shop_goods set store_num=store_num-2 where shop_id=198 and goods_id=47ã€Recieve NOticeã€‘:
<xml><appid><![CDATA[wx5c072e1680bf00a5]]></appid>
<bank_type><![CDATA[CCB_DEBIT]]></bank_type>
<cash_fee><![CDATA[580]]></cash_fee>
<fee_type><![CDATA[CNY]]></fee_type>
<is_subscribe><![CDATA[Y]]></is_subscribe>
<mch_id><![CDATA[1286562501]]></mch_id>
<nonce_str><![CDATA[0xe8ta6soc8dz3qzav1olqetscs223l8]]></nonce_str>
<openid><![CDATA[oDI0IuGDYflL3aH3pXHJYhKT9vPc]]></openid>
<out_trade_no><![CDATA[DG12011141176760]]></out_trade_no>
<result_code><![CDATA[SUCCESS]]></result_code>
<return_code><![CDATA[SUCCESS]]></return_code>
<sign><![CDATA[04B558BDC17397724BB19941991EB85E]]></sign>
<time_end><![CDATA[20151201114131]]></time_end>
<total_fee>580</total_fee>
<trade_type><![CDATA[JSAPI]]></trade_type>
<transaction_id><![CDATA[1004850544201512011848322716]]></transaction_id>
</xml>


æ‰§è¡Œæ—¥æœŸï¼š2015-12-01-11ï¼š41ï¼š30
ã€Pay Successã€‘:
<xml><appid><![CDATA[wx5c072e1680bf00a5]]></appid>
<bank_type><![CDATA[CCB_DEBIT]]></bank_type>
<cash_fee><![CDATA[580]]></cash_fee>
<fee_type><![CDATA[CNY]]></fee_type>
<is_subscribe><![CDATA[Y]]></is_subscribe>
<mch_id><![CDATA[1286562501]]></mch_id>
<nonce_str><![CDATA[0xe8ta6soc8dz3qzav1olqetscs223l8]]></nonce_str>
<openid><![CDATA[oDI0IuGDYflL3aH3pXHJYhKT9vPc]]></openid>
<out_trade_no><![CDATA[DG12011141176760]]></out_trade_no>
<result_code><![CDATA[SUCCESS]]></result_code>
<return_code><![CDATA[SUCCESS]]></return_code>
<sign><![CDATA[04B558BDC17397724BB19941991EB85E]]></sign>
<time_end><![CDATA[20151201114131]]></time_end>
<total_fee>580</total_fee>
<trade_type><![CDATA[JSAPI]]></trade_type>
<transaction_id><![CDATA[1004850544201512011848322716]]></transaction_id>
</xml>
update twotree_shop_goods set store_num=store_num-2 where shop_id=198 and goods_id=47

æ‰§è¡Œæ—¥æœŸï¼š2015-12-01-11ï¼š44ï¼š38
update twotree_shop_goods set store_num=store_num-1 where shop_id=198 and goods_id=46ã€Recieve NOticeã€‘:
<xml><appid><![CDATA[wx5c072e1680bf00a5]]></appid>
<bank_type><![CDATA[CCB_DEBIT]]></bank_type>
<cash_fee><![CDATA[301]]></cash_fee>
<fee_type><![CDATA[CNY]]></fee_type>
<is_subscribe><![CDATA[Y]]></is_subscribe>
<mch_id><![CDATA[1286562501]]></mch_id>
<nonce_str><![CDATA[iwr51woeb89h39v5ptqvi7kxifa76a5x]]></nonce_str>
<openid><![CDATA[oDI0IuGDYflL3aH3pXHJYhKT9vPc]]></openid>
<out_trade_no><![CDATA[DG12011144299059]]></out_trade_no>
<result_code><![CDATA[SUCCESS]]></result_code>
<return_code><![CDATA[SUCCESS]]></return_code>
<sign><![CDATA[467BC5F201260BF49E60069DBC528F1A]]></sign>
<time_end><![CDATA[20151201114439]]></time_end>
<total_fee>301</total_fee>
<trade_type><![CDATA[JSAPI]]></trade_type>
<transaction_id><![CDATA[1004850544201512011848403233]]></transaction_id>
</xml>


æ‰§è¡Œæ—¥æœŸï¼š2015-12-01-11ï¼š44ï¼š38
ã€Pay Successã€‘:
<xml><appid><![CDATA[wx5c072e1680bf00a5]]></appid>
<bank_type><![CDATA[CCB_DEBIT]]></bank_type>
<cash_fee><![CDATA[301]]></cash_fee>
<fee_type><![CDATA[CNY]]></fee_type>
<is_subscribe><![CDATA[Y]]></is_subscribe>
<mch_id><![CDATA[1286562501]]></mch_id>
<nonce_str><![CDATA[iwr51woeb89h39v5ptqvi7kxifa76a5x]]></nonce_str>
<openid><![CDATA[oDI0IuGDYflL3aH3pXHJYhKT9vPc]]></openid>
<out_trade_no><![CDATA[DG12011144299059]]></out_trade_no>
<result_code><![CDATA[SUCCESS]]></result_code>
<return_code><![CDATA[SUCCESS]]></return_code>
<sign><![CDATA[467BC5F201260BF49E60069DBC528F1A]]></sign>
<time_end><![CDATA[20151201114439]]></time_end>
<total_fee>301</total_fee>
<trade_type><![CDATA[JSAPI]]></trade_type>
<transaction_id><![CDATA[1004850544201512011848403233]]></transaction_id>
</xml>
update twotree_shop_goods set store_num=store_num-1 where shop_id=198 and goods_id=46

æ‰§è¡Œæ—¥æœŸï¼š2015-12-01-11ï¼š47ï¼š01
update twotree_shop_goods set store_num=store_num-1 where shop_id=198 and goods_id=46ã€Recieve NOticeã€‘:
<xml><appid><![CDATA[wx5c072e1680bf00a5]]></appid>
<bank_type><![CDATA[CFT]]></bank_type>
<cash_fee><![CDATA[301]]></cash_fee>
<fee_type><![CDATA[CNY]]></fee_type>
<is_subscribe><![CDATA[Y]]></is_subscribe>
<mch_id><![CDATA[1286562501]]></mch_id>
<nonce_str><![CDATA[a3xlun30czpmkog2g3qvru4eqfs8vz62]]></nonce_str>
<openid><![CDATA[oDI0IuJrJ0e2zvfCfnfXv8t0X720]]></openid>
<out_trade_no><![CDATA[DG12011146518230]]></out_trade_no>
<result_code><![CDATA[SUCCESS]]></result_code>
<return_code><![CDATA[SUCCESS]]></return_code>
<sign><![CDATA[1FB07620229E0B131C4F6C00B1F260B4]]></sign>
<time_end><![CDATA[20151201114701]]></time_end>
<total_fee>301</total_fee>
<trade_type><![CDATA[JSAPI]]></trade_type>
<transaction_id><![CDATA[1008200544201512011848452659]]></transaction_id>
</xml>


æ‰§è¡Œæ—¥æœŸï¼š2015-12-01-11ï¼š47ï¼š01
ã€Pay Successã€‘:
<xml><appid><![CDATA[wx5c072e1680bf00a5]]></appid>
<bank_type><![CDATA[CFT]]></bank_type>
<cash_fee><![CDATA[301]]></cash_fee>
<fee_type><![CDATA[CNY]]></fee_type>
<is_subscribe><![CDATA[Y]]></is_subscribe>
<mch_id><![CDATA[1286562501]]></mch_id>
<nonce_str><![CDATA[a3xlun30czpmkog2g3qvru4eqfs8vz62]]></nonce_str>
<openid><![CDATA[oDI0IuJrJ0e2zvfCfnfXv8t0X720]]></openid>
<out_trade_no><![CDATA[DG12011146518230]]></out_trade_no>
<result_code><![CDATA[SUCCESS]]></result_code>
<return_code><![CDATA[SUCCESS]]></return_code>
<sign><![CDATA[1FB07620229E0B131C4F6C00B1F260B4]]></sign>
<time_end><![CDATA[20151201114701]]></time_end>
<total_fee>301</total_fee>
<trade_type><![CDATA[JSAPI]]></trade_type>
<transaction_id><![CDATA[1008200544201512011848452659]]></transaction_id>
</xml>
update twotree_shop_goods set store_num=store_num-1 where shop_id=198 and goods_id=46

æ‰§è¡Œæ—¥æœŸï¼š2015-12-01-11ï¼š53ï¼š56
update twotree_shop_goods set store_num=store_num-1 where shop_id=198 and goods_id=46¡¾Recieve NOtice¡¿:
<xml><appid><![CDATA[wx5c072e1680bf00a5]]></appid>
<bank_type><![CDATA[CFT]]></bank_type>
<cash_fee><![CDATA[301]]></cash_fee>
<fee_type><![CDATA[CNY]]></fee_type>
<is_subscribe><![CDATA[Y]]></is_subscribe>
<mch_id><![CDATA[1286562501]]></mch_id>
<nonce_str><![CDATA[yu407dqvyx5edqwz6lucn2g8iuo97glx]]></nonce_str>
<openid><![CDATA[oDI0IuJrJ0e2zvfCfnfXv8t0X720]]></openid>
<out_trade_no><![CDATA[DG12011153495815]]></out_trade_no>
<result_code><![CDATA[SUCCESS]]></result_code>
<return_code><![CDATA[SUCCESS]]></return_code>
<sign><![CDATA[243AAB9402D491DA053A6C5AEBCAFF73]]></sign>
<time_end><![CDATA[20151201115357]]></time_end>
<total_fee>301</total_fee>
<trade_type><![CDATA[JSAPI]]></trade_type>
<transaction_id><![CDATA[1008200544201512011848582598]]></transaction_id>
</xml>


æ‰§è¡Œæ—¥æœŸï¼š2015-12-01-11ï¼š53ï¼š56
¡¾Pay Success¡¿:
<xml><appid><![CDATA[wx5c072e1680bf00a5]]></appid>
<bank_type><![CDATA[CFT]]></bank_type>
<cash_fee><![CDATA[301]]></cash_fee>
<fee_type><![CDATA[CNY]]></fee_type>
<is_subscribe><![CDATA[Y]]></is_subscribe>
<mch_id><![CDATA[1286562501]]></mch_id>
<nonce_str><![CDATA[yu407dqvyx5edqwz6lucn2g8iuo97glx]]></nonce_str>
<openid><![CDATA[oDI0IuJrJ0e2zvfCfnfXv8t0X720]]></openid>
<out_trade_no><![CDATA[DG12011153495815]]></out_trade_no>
<result_code><![CDATA[SUCCESS]]></result_code>
<return_code><![CDATA[SUCCESS]]></return_code>
<sign><![CDATA[243AAB9402D491DA053A6C5AEBCAFF73]]></sign>
<time_end><![CDATA[20151201115357]]></time_end>
<total_fee>301</total_fee>
<trade_type><![CDATA[JSAPI]]></trade_type>
<transaction_id><![CDATA[1008200544201512011848582598]]></transaction_id>
</xml>
update twotree_shop_goods set store_num=store_num-1 where shop_id=198 and goods_id=46

æ‰§è¡Œæ—¥æœŸï¼š2015-12-01-11ï¼š58ï¼š00
update twotree_shop_goods set store_num=store_num-1 where shop_id=198 and goods_id=46¡¾Recieve NOtice¡¿:
<xml><appid><![CDATA[wx5c072e1680bf00a5]]></appid>
<bank_type><![CDATA[CFT]]></bank_type>
<cash_fee><![CDATA[301]]></cash_fee>
<fee_type><![CDATA[CNY]]></fee_type>
<is_subscribe><![CDATA[Y]]></is_subscribe>
<mch_id><![CDATA[1286562501]]></mch_id>
<nonce_str><![CDATA[qf2cp02j7flt0t4zj0stv44z0eyk8ypt]]></nonce_str>
<openid><![CDATA[oDI0IuJrJ0e2zvfCfnfXv8t0X720]]></openid>
<out_trade_no><![CDATA[DG12011157535740]]></out_trade_no>
<result_code><![CDATA[SUCCESS]]></result_code>
<return_code><![CDATA[SUCCESS]]></return_code>
<sign><![CDATA[A0C4B41172009B0E70DA87B44FAFBF29]]></sign>
<time_end><![CDATA[20151201115800]]></time_end>
<total_fee>301</total_fee>
<trade_type><![CDATA[JSAPI]]></trade_type>
<transaction_id><![CDATA[1008200544201512011848677549]]></transaction_id>
</xml>


æ‰§è¡Œæ—¥æœŸï¼š2015-12-01-11ï¼š58ï¼š00
¡¾Pay Success¡¿:
<xml><appid><![CDATA[wx5c072e1680bf00a5]]></appid>
<bank_type><![CDATA[CFT]]></bank_type>
<cash_fee><![CDATA[301]]></cash_fee>
<fee_type><![CDATA[CNY]]></fee_type>
<is_subscribe><![CDATA[Y]]></is_subscribe>
<mch_id><![CDATA[1286562501]]></mch_id>
<nonce_str><![CDATA[qf2cp02j7flt0t4zj0stv44z0eyk8ypt]]></nonce_str>
<openid><![CDATA[oDI0IuJrJ0e2zvfCfnfXv8t0X720]]></openid>
<out_trade_no><![CDATA[DG12011157535740]]></out_trade_no>
<result_code><![CDATA[SUCCESS]]></result_code>
<return_code><![CDATA[SUCCESS]]></return_code>
<sign><![CDATA[A0C4B41172009B0E70DA87B44FAFBF29]]></sign>
<time_end><![CDATA[20151201115800]]></time_end>
<total_fee>301</total_fee>
<trade_type><![CDATA[JSAPI]]></trade_type>
<transaction_id><![CDATA[1008200544201512011848677549]]></transaction_id>
</xml>
update twotree_shop_goods set store_num=store_num-1 where shop_id=198 and goods_id=46

æ‰§è¡Œæ—¥æœŸï¼š2015-12-01-12ï¼š02ï¼š08
update twotree_shop_goods set store_num=store_num-1 where shop_id=198 and goods_id=46¡¾Recieve NOtice¡¿:
<xml><appid><![CDATA[wx5c072e1680bf00a5]]></appid>
<bank_type><![CDATA[CFT]]></bank_type>
<cash_fee><![CDATA[301]]></cash_fee>
<fee_type><![CDATA[CNY]]></fee_type>
<is_subscribe><![CDATA[Y]]></is_subscribe>
<mch_id><![CDATA[1286562501]]></mch_id>
<nonce_str><![CDATA[7204qs81wz2e3osf3o6htgcvawiwy3bw]]></nonce_str>
<openid><![CDATA[oDI0IuJrJ0e2zvfCfnfXv8t0X720]]></openid>
<out_trade_no><![CDATA[DG12011202011458]]></out_trade_no>
<result_code><![CDATA[SUCCESS]]></result_code>
<return_code><![CDATA[SUCCESS]]></return_code>
<sign><![CDATA[519194A125924F4F8B4938BCBDFBB539]]></sign>
<time_end><![CDATA[20151201120208]]></time_end>
<total_fee>301</total_fee>
<trade_type><![CDATA[JSAPI]]></trade_type>
<transaction_id><![CDATA[1008200544201512011848776113]]></transaction_id>
</xml>


æ‰§è¡Œæ—¥æœŸï¼š2015-12-01-12ï¼š02ï¼š08
¡¾Pay Success¡¿:
<xml><appid><![CDATA[wx5c072e1680bf00a5]]></appid>
<bank_type><![CDATA[CFT]]></bank_type>
<cash_fee><![CDATA[301]]></cash_fee>
<fee_type><![CDATA[CNY]]></fee_type>
<is_subscribe><![CDATA[Y]]></is_subscribe>
<mch_id><![CDATA[1286562501]]></mch_id>
<nonce_str><![CDATA[7204qs81wz2e3osf3o6htgcvawiwy3bw]]></nonce_str>
<openid><![CDATA[oDI0IuJrJ0e2zvfCfnfXv8t0X720]]></openid>
<out_trade_no><![CDATA[DG12011202011458]]></out_trade_no>
<result_code><![CDATA[SUCCESS]]></result_code>
<return_code><![CDATA[SUCCESS]]></return_code>
<sign><![CDATA[519194A125924F4F8B4938BCBDFBB539]]></sign>
<time_end><![CDATA[20151201120208]]></time_end>
<total_fee>301</total_fee>
<trade_type><![CDATA[JSAPI]]></trade_type>
<transaction_id><![CDATA[1008200544201512011848776113]]></transaction_id>
</xml>
update twotree_shop_goods set store_num=store_num-1 where shop_id=198 and goods_id=46

æ‰§è¡Œæ—¥æœŸï¼š2015-12-01-12ï¼š12ï¼š11
update twotree_shop_goods set store_num=store_num-6 where shop_id=228 and goods_id=50¡¾Recieve NOtice¡¿:
<xml><appid><![CDATA[wx5c072e1680bf00a5]]></appid>
<bank_type><![CDATA[CFT]]></bank_type>
<cash_fee><![CDATA[600]]></cash_fee>
<fee_type><![CDATA[CNY]]></fee_type>
<is_subscribe><![CDATA[Y]]></is_subscribe>
<mch_id><![CDATA[1286562501]]></mch_id>
<nonce_str><![CDATA[m6x0x15qnv1iqlzy8q6ea4xt70se824l]]></nonce_str>
<openid><![CDATA[oDI0IuDSInGy-kSls_EmtluO5sNA]]></openid>
<out_trade_no><![CDATA[DG12011212003765]]></out_trade_no>
<result_code><![CDATA[SUCCESS]]></result_code>
<return_code><![CDATA[SUCCESS]]></return_code>
<sign><![CDATA[82540FE29299906480E16A07CB16B822]]></sign>
<time_end><![CDATA[20151201121211]]></time_end>
<total_fee>600</total_fee>
<trade_type><![CDATA[JSAPI]]></trade_type>
<transaction_id><![CDATA[1004380544201512011848986189]]></transaction_id>
</xml>


æ‰§è¡Œæ—¥æœŸï¼š2015-12-01-12ï¼š12ï¼š11
¡¾Pay Success¡¿:
<xml><appid><![CDATA[wx5c072e1680bf00a5]]></appid>
<bank_type><![CDATA[CFT]]></bank_type>
<cash_fee><![CDATA[600]]></cash_fee>
<fee_type><![CDATA[CNY]]></fee_type>
<is_subscribe><![CDATA[Y]]></is_subscribe>
<mch_id><![CDATA[1286562501]]></mch_id>
<nonce_str><![CDATA[m6x0x15qnv1iqlzy8q6ea4xt70se824l]]></nonce_str>
<openid><![CDATA[oDI0IuDSInGy-kSls_EmtluO5sNA]]></openid>
<out_trade_no><![CDATA[DG12011212003765]]></out_trade_no>
<result_code><![CDATA[SUCCESS]]></result_code>
<return_code><![CDATA[SUCCESS]]></return_code>
<sign><![CDATA[82540FE29299906480E16A07CB16B822]]></sign>
<time_end><![CDATA[20151201121211]]></time_end>
<total_fee>600</total_fee>
<trade_type><![CDATA[JSAPI]]></trade_type>
<transaction_id><![CDATA[1004380544201512011848986189]]></transaction_id>
</xml>
update twotree_shop_goods set store_num=store_num-6 where shop_id=228 and goods_id=50

æ‰§è¡Œæ—¥æœŸï¼š2015-12-01-12ï¼š21ï¼š32
update twotree_shop_goods set store_num=store_num-1 where shop_id=228 and goods_id=45¡¾Recieve NOtice¡¿:
<xml><appid><![CDATA[wx5c072e1680bf00a5]]></appid>
<bank_type><![CDATA[ICBC_DEBIT]]></bank_type>
<cash_fee><![CDATA[548]]></cash_fee>
<fee_type><![CDATA[CNY]]></fee_type>
<is_subscribe><![CDATA[Y]]></is_subscribe>
<mch_id><![CDATA[1286562501]]></mch_id>
<nonce_str><![CDATA[gxe9w7uoxxs9jlt9bccimxfv21bjaogl]]></nonce_str>
<openid><![CDATA[oDI0IuOMzS2MmGFQLkMaUnCGV2L0]]></openid>
<out_trade_no><![CDATA[DG12011221126932]]></out_trade_no>
<result_code><![CDATA[SUCCESS]]></result_code>
<return_code><![CDATA[SUCCESS]]></return_code>
<sign><![CDATA[8E3C091940E3B500E1F8A39C3FE2CC43]]></sign>
<time_end><![CDATA[20151201122132]]></time_end>
<total_fee>548</total_fee>
<trade_type><![CDATA[JSAPI]]></trade_type>
<transaction_id><![CDATA[1005700544201512011849199048]]></transaction_id>
</xml>


æ‰§è¡Œæ—¥æœŸï¼š2015-12-01-12ï¼š21ï¼š32
¡¾Pay Success¡¿:
<xml><appid><![CDATA[wx5c072e1680bf00a5]]></appid>
<bank_type><![CDATA[ICBC_DEBIT]]></bank_type>
<cash_fee><![CDATA[548]]></cash_fee>
<fee_type><![CDATA[CNY]]></fee_type>
<is_subscribe><![CDATA[Y]]></is_subscribe>
<mch_id><![CDATA[1286562501]]></mch_id>
<nonce_str><![CDATA[gxe9w7uoxxs9jlt9bccimxfv21bjaogl]]></nonce_str>
<openid><![CDATA[oDI0IuOMzS2MmGFQLkMaUnCGV2L0]]></openid>
<out_trade_no><![CDATA[DG12011221126932]]></out_trade_no>
<result_code><![CDATA[SUCCESS]]></result_code>
<return_code><![CDATA[SUCCESS]]></return_code>
<sign><![CDATA[8E3C091940E3B500E1F8A39C3FE2CC43]]></sign>
<time_end><![CDATA[20151201122132]]></time_end>
<total_fee>548</total_fee>
<trade_type><![CDATA[JSAPI]]></trade_type>
<transaction_id><![CDATA[1005700544201512011849199048]]></transaction_id>
</xml>
update twotree_shop_goods set store_num=store_num-1 where shop_id=228 and goods_id=45

æ‰§è¡Œæ—¥æœŸï¼š2015-12-01-12ï¼š22ï¼š23
update twotree_shop_goods set store_num=store_num-1 where shop_id=190 and goods_id=13¡¾Recieve NOtice¡¿:
<xml><appid><![CDATA[wx5c072e1680bf00a5]]></appid>
<bank_type><![CDATA[CFT]]></bank_type>
<cash_fee><![CDATA[380]]></cash_fee>
<fee_type><![CDATA[CNY]]></fee_type>
<is_subscribe><![CDATA[Y]]></is_subscribe>
<mch_id><![CDATA[1286562501]]></mch_id>
<nonce_str><![CDATA[3lye0xllk5asbu25mvzli730jwo6d5fk]]></nonce_str>
<openid><![CDATA[oDI0IuJrwbz3qmR6OTn79cRvCCQ8]]></openid>
<out_trade_no><![CDATA[DG12011222086332]]></out_trade_no>
<result_code><![CDATA[SUCCESS]]></result_code>
<return_code><![CDATA[SUCCESS]]></return_code>
<sign><![CDATA[C03E8E964B198D6CE907B8CA1C27FAE4]]></sign>
<time_end><![CDATA[20151201122224]]></time_end>
<total_fee>380</total_fee>
<trade_type><![CDATA[JSAPI]]></trade_type>
<transaction_id><![CDATA[1001620544201512011849221013]]></transaction_id>
</xml>


æ‰§è¡Œæ—¥æœŸï¼š2015-12-01-12ï¼š22ï¼š23
¡¾Pay Success¡¿:
<xml><appid><![CDATA[wx5c072e1680bf00a5]]></appid>
<bank_type><![CDATA[CFT]]></bank_type>
<cash_fee><![CDATA[380]]></cash_fee>
<fee_type><![CDATA[CNY]]></fee_type>
<is_subscribe><![CDATA[Y]]></is_subscribe>
<mch_id><![CDATA[1286562501]]></mch_id>
<nonce_str><![CDATA[3lye0xllk5asbu25mvzli730jwo6d5fk]]></nonce_str>
<openid><![CDATA[oDI0IuJrwbz3qmR6OTn79cRvCCQ8]]></openid>
<out_trade_no><![CDATA[DG12011222086332]]></out_trade_no>
<result_code><![CDATA[SUCCESS]]></result_code>
<return_code><![CDATA[SUCCESS]]></return_code>
<sign><![CDATA[C03E8E964B198D6CE907B8CA1C27FAE4]]></sign>
<time_end><![CDATA[20151201122224]]></time_end>
<total_fee>380</total_fee>
<trade_type><![CDATA[JSAPI]]></trade_type>
<transaction_id><![CDATA[1001620544201512011849221013]]></transaction_id>
</xml>
update twotree_shop_goods set store_num=store_num-1 where shop_id=190 and goods_id=13

æ‰§è¡Œæ—¥æœŸï¼š2015-12-01-12ï¼š28ï¼š12
update twotree_shop_goods set store_num=store_num-5 where shop_id=190 and goods_id=50¡¾Recieve NOtice¡¿:
<xml><appid><![CDATA[wx5c072e1680bf00a5]]></appid>
<bank_type><![CDATA[CFT]]></bank_type>
<cash_fee><![CDATA[500]]></cash_fee>
<fee_type><![CDATA[CNY]]></fee_type>
<is_subscribe><![CDATA[Y]]></is_subscribe>
<mch_id><![CDATA[1286562501]]></mch_id>
<nonce_str><![CDATA[0nb4rkte45d4ak7g4b6yqpb2whiampkj]]></nonce_str>
<openid><![CDATA[oDI0IuPLDc9E_hJmQquxhmd_0lBw]]></openid>
<out_trade_no><![CDATA[DG12011228075608]]></out_trade_no>
<result_code><![CDATA[SUCCESS]]></result_code>
<return_code><![CDATA[SUCCESS]]></return_code>
<sign><![CDATA[35AD385E0F05AF9D57BD784713497ABF]]></sign>
<time_end><![CDATA[20151201122812]]></time_end>
<total_fee>500</total_fee>
<trade_type><![CDATA[JSAPI]]></trade_type>
<transaction_id><![CDATA[1006800544201512011849346638]]></transaction_id>
</xml>


æ‰§è¡Œæ—¥æœŸï¼š2015-12-01-12ï¼š28ï¼š12
¡¾Pay Success¡¿:
<xml><appid><![CDATA[wx5c072e1680bf00a5]]></appid>
<bank_type><![CDATA[CFT]]></bank_type>
<cash_fee><![CDATA[500]]></cash_fee>
<fee_type><![CDATA[CNY]]></fee_type>
<is_subscribe><![CDATA[Y]]></is_subscribe>
<mch_id><![CDATA[1286562501]]></mch_id>
<nonce_str><![CDATA[0nb4rkte45d4ak7g4b6yqpb2whiampkj]]></nonce_str>
<openid><![CDATA[oDI0IuPLDc9E_hJmQquxhmd_0lBw]]></openid>
<out_trade_no><![CDATA[DG12011228075608]]></out_trade_no>
<result_code><![CDATA[SUCCESS]]></result_code>
<return_code><![CDATA[SUCCESS]]></return_code>
<sign><![CDATA[35AD385E0F05AF9D57BD784713497ABF]]></sign>
<time_end><![CDATA[20151201122812]]></time_end>
<total_fee>500</total_fee>
<trade_type><![CDATA[JSAPI]]></trade_type>
<transaction_id><![CDATA[1006800544201512011849346638]]></transaction_id>
</xml>
update twotree_shop_goods set store_num=store_num-5 where shop_id=190 and goods_id=50

æ‰§è¡Œæ—¥æœŸï¼š2015-12-01-12ï¼š36ï¼š08
update twotree_shop_goods set store_num=store_num-1 where shop_id=150 and goods_id=13¡¾Recieve NOtice¡¿:
<xml><appid><![CDATA[wx5c072e1680bf00a5]]></appid>
<bank_type><![CDATA[CFT]]></bank_type>
<cash_fee><![CDATA[380]]></cash_fee>
<fee_type><![CDATA[CNY]]></fee_type>
<is_subscribe><![CDATA[Y]]></is_subscribe>
<mch_id><![CDATA[1286562501]]></mch_id>
<nonce_str><![CDATA[8q99vji8vavrt5i85yil2zwti624comb]]></nonce_str>
<openid><![CDATA[oDI0IuC-Tam7eipt895n83256Mu8]]></openid>
<out_trade_no><![CDATA[DG12011235596508]]></out_trade_no>
<result_code><![CDATA[SUCCESS]]></result_code>
<return_code><![CDATA[SUCCESS]]></return_code>
<sign><![CDATA[BEB0E3531A6ED901DA89986E58F506D7]]></sign>
<time_end><![CDATA[20151201123609]]></time_end>
<total_fee>380</total_fee>
<trade_type><![CDATA[JSAPI]]></trade_type>
<transaction_id><![CDATA[1002980544201512011849517621]]></transaction_id>
</xml>


æ‰§è¡Œæ—¥æœŸï¼š2015-12-01-12ï¼š36ï¼š08
¡¾Pay Success¡¿:
<xml><appid><![CDATA[wx5c072e1680bf00a5]]></appid>
<bank_type><![CDATA[CFT]]></bank_type>
<cash_fee><![CDATA[380]]></cash_fee>
<fee_type><![CDATA[CNY]]></fee_type>
<is_subscribe><![CDATA[Y]]></is_subscribe>
<mch_id><![CDATA[1286562501]]></mch_id>
<nonce_str><![CDATA[8q99vji8vavrt5i85yil2zwti624comb]]></nonce_str>
<openid><![CDATA[oDI0IuC-Tam7eipt895n83256Mu8]]></openid>
<out_trade_no><![CDATA[DG12011235596508]]></out_trade_no>
<result_code><![CDATA[SUCCESS]]></result_code>
<return_code><![CDATA[SUCCESS]]></return_code>
<sign><![CDATA[BEB0E3531A6ED901DA89986E58F506D7]]></sign>
<time_end><![CDATA[20151201123609]]></time_end>
<total_fee>380</total_fee>
<trade_type><![CDATA[JSAPI]]></trade_type>
<transaction_id><![CDATA[1002980544201512011849517621]]></transaction_id>
</xml>
update twotree_shop_goods set store_num=store_num-1 where shop_id=150 and goods_id=13

æ‰§è¡Œæ—¥æœŸï¼š2015-12-01-13ï¼š13ï¼š18
update twotree_shop_goods set store_num=store_num-1 where shop_id=198 and goods_id=46¡¾Recieve NOtice¡¿:
<xml><appid><![CDATA[wx5c072e1680bf00a5]]></appid>
<bank_type><![CDATA[CFT]]></bank_type>
<cash_fee><![CDATA[301]]></cash_fee>
<fee_type><![CDATA[CNY]]></fee_type>
<is_subscribe><![CDATA[Y]]></is_subscribe>
<mch_id><![CDATA[1286562501]]></mch_id>
<nonce_str><![CDATA[ls7ffik0szvxm7ah5k3w7y4lbcdf6eyj]]></nonce_str>
<openid><![CDATA[oDI0IuJrJ0e2zvfCfnfXv8t0X720]]></openid>
<out_trade_no><![CDATA[DG12011313119834]]></out_trade_no>
<result_code><![CDATA[SUCCESS]]></result_code>
<return_code><![CDATA[SUCCESS]]></return_code>
<sign><![CDATA[89504BDAC522917C7B1E63A592B0110E]]></sign>
<time_end><![CDATA[20151201131318]]></time_end>
<total_fee>301</total_fee>
<trade_type><![CDATA[JSAPI]]></trade_type>
<transaction_id><![CDATA[1008200544201512011850226937]]></transaction_id>
</xml>


æ‰§è¡Œæ—¥æœŸï¼š2015-12-01-13ï¼š13ï¼š18
¡¾Pay Success¡¿:
<xml><appid><![CDATA[wx5c072e1680bf00a5]]></appid>
<bank_type><![CDATA[CFT]]></bank_type>
<cash_fee><![CDATA[301]]></cash_fee>
<fee_type><![CDATA[CNY]]></fee_type>
<is_subscribe><![CDATA[Y]]></is_subscribe>
<mch_id><![CDATA[1286562501]]></mch_id>
<nonce_str><![CDATA[ls7ffik0szvxm7ah5k3w7y4lbcdf6eyj]]></nonce_str>
<openid><![CDATA[oDI0IuJrJ0e2zvfCfnfXv8t0X720]]></openid>
<out_trade_no><![CDATA[DG12011313119834]]></out_trade_no>
<result_code><![CDATA[SUCCESS]]></result_code>
<return_code><![CDATA[SUCCESS]]></return_code>
<sign><![CDATA[89504BDAC522917C7B1E63A592B0110E]]></sign>
<time_end><![CDATA[20151201131318]]></time_end>
<total_fee>301</total_fee>
<trade_type><![CDATA[JSAPI]]></trade_type>
<transaction_id><![CDATA[1008200544201512011850226937]]></transaction_id>
</xml>
update twotree_shop_goods set store_num=store_num-1 where shop_id=198 and goods_id=46

æ‰§è¡Œæ—¥æœŸï¼š2015-12-01-13ï¼š21ï¼š26
update twotree_shop_goods set store_num=store_num-1 where shop_id=109 and goods_id=10¡¾Recieve NOtice¡¿:
<xml><appid><![CDATA[wx5c072e1680bf00a5]]></appid>
<bank_type><![CDATA[CCB_DEBIT]]></bank_type>
<cash_fee><![CDATA[770]]></cash_fee>
<fee_type><![CDATA[CNY]]></fee_type>
<is_subscribe><![CDATA[Y]]></is_subscribe>
<mch_id><![CDATA[1286562501]]></mch_id>
<nonce_str><![CDATA[1eebv79fe6brtwz3n4b22vinly9dnfb3]]></nonce_str>
<openid><![CDATA[oDI0IuCbDgToPPjrGn6ASQoEUJQo]]></openid>
<out_trade_no><![CDATA[DG12011321146279]]></out_trade_no>
<result_code><![CDATA[SUCCESS]]></result_code>
<return_code><![CDATA[SUCCESS]]></return_code>
<sign><![CDATA[79A77596ED66A56D151415E026F84C93]]></sign>
<time_end><![CDATA[20151201132125]]></time_end>
<total_fee>770</total_fee>
<trade_type><![CDATA[JSAPI]]></trade_type>
<transaction_id><![CDATA[1001330544201512011850366109]]></transaction_id>
</xml>


æ‰§è¡Œæ—¥æœŸï¼š2015-12-01-13ï¼š21ï¼š26
¡¾Pay Success¡¿:
<xml><appid><![CDATA[wx5c072e1680bf00a5]]></appid>
<bank_type><![CDATA[CCB_DEBIT]]></bank_type>
<cash_fee><![CDATA[770]]></cash_fee>
<fee_type><![CDATA[CNY]]></fee_type>
<is_subscribe><![CDATA[Y]]></is_subscribe>
<mch_id><![CDATA[1286562501]]></mch_id>
<nonce_str><![CDATA[1eebv79fe6brtwz3n4b22vinly9dnfb3]]></nonce_str>
<openid><![CDATA[oDI0IuCbDgToPPjrGn6ASQoEUJQo]]></openid>
<out_trade_no><![CDATA[DG12011321146279]]></out_trade_no>
<result_code><![CDATA[SUCCESS]]></result_code>
<return_code><![CDATA[SUCCESS]]></return_code>
<sign><![CDATA[79A77596ED66A56D151415E026F84C93]]></sign>
<time_end><![CDATA[20151201132125]]></time_end>
<total_fee>770</total_fee>
<trade_type><![CDATA[JSAPI]]></trade_type>
<transaction_id><![CDATA[1001330544201512011850366109]]></transaction_id>
</xml>
update twotree_shop_goods set store_num=store_num-1 where shop_id=109 and goods_id=10

æ‰§è¡Œæ—¥æœŸï¼š2015-12-01-13ï¼š27ï¼š17
update twotree_shop_goods set store_num=store_num-1 where shop_id=198 and goods_id=46¡¾Recieve NOtice¡¿:
<xml><appid><![CDATA[wx5c072e1680bf00a5]]></appid>
<bank_type><![CDATA[CFT]]></bank_type>
<cash_fee><![CDATA[301]]></cash_fee>
<fee_type><![CDATA[CNY]]></fee_type>
<is_subscribe><![CDATA[Y]]></is_subscribe>
<mch_id><![CDATA[1286562501]]></mch_id>
<nonce_str><![CDATA[jtrv2e8hmuwds1tix2x1g3x9v8d8y1m0]]></nonce_str>
<openid><![CDATA[oDI0IuJrJ0e2zvfCfnfXv8t0X720]]></openid>
<out_trade_no><![CDATA[DG12011327104577]]></out_trade_no>
<result_code><![CDATA[SUCCESS]]></result_code>
<return_code><![CDATA[SUCCESS]]></return_code>
<sign><![CDATA[5A78772674F102B0D877CCCF9CC9F8B4]]></sign>
<time_end><![CDATA[20151201132718]]></time_end>
<total_fee>301</total_fee>
<trade_type><![CDATA[JSAPI]]></trade_type>
<transaction_id><![CDATA[1008200544201512011850469068]]></transaction_id>
</xml>


æ‰§è¡Œæ—¥æœŸï¼š2015-12-01-13ï¼š27ï¼š17
¡¾Pay Success¡¿:
<xml><appid><![CDATA[wx5c072e1680bf00a5]]></appid>
<bank_type><![CDATA[CFT]]></bank_type>
<cash_fee><![CDATA[301]]></cash_fee>
<fee_type><![CDATA[CNY]]></fee_type>
<is_subscribe><![CDATA[Y]]></is_subscribe>
<mch_id><![CDATA[1286562501]]></mch_id>
<nonce_str><![CDATA[jtrv2e8hmuwds1tix2x1g3x9v8d8y1m0]]></nonce_str>
<openid><![CDATA[oDI0IuJrJ0e2zvfCfnfXv8t0X720]]></openid>
<out_trade_no><![CDATA[DG12011327104577]]></out_trade_no>
<result_code><![CDATA[SUCCESS]]></result_code>
<return_code><![CDATA[SUCCESS]]></return_code>
<sign><![CDATA[5A78772674F102B0D877CCCF9CC9F8B4]]></sign>
<time_end><![CDATA[20151201132718]]></time_end>
<total_fee>301</total_fee>
<trade_type><![CDATA[JSAPI]]></trade_type>
<transaction_id><![CDATA[1008200544201512011850469068]]></transaction_id>
</xml>
update twotree_shop_goods set store_num=store_num-1 where shop_id=198 and goods_id=46

æ‰§è¡Œæ—¥æœŸï¼š2015-12-01-14ï¼š20ï¼š07
update twotree_shop_goods set store_num=store_num-1 where shop_id=233 and goods_id=4¡¾Recieve NOtice¡¿:
<xml><appid><![CDATA[wx5c072e1680bf00a5]]></appid>
<bank_type><![CDATA[CMB_DEBIT]]></bank_type>
<cash_fee><![CDATA[300]]></cash_fee>
<fee_type><![CDATA[CNY]]></fee_type>
<is_subscribe><![CDATA[Y]]></is_subscribe>
<mch_id><![CDATA[1286562501]]></mch_id>
<nonce_str><![CDATA[faepox2fnd236tp2b3tsr4w6hrhkxx30]]></nonce_str>
<openid><![CDATA[oDI0IuA2rFzmr1rlF7_LAf6JXjbE]]></openid>
<out_trade_no><![CDATA[DG12011419595678]]></out_trade_no>
<result_code><![CDATA[SUCCESS]]></result_code>
<return_code><![CDATA[SUCCESS]]></return_code>
<sign><![CDATA[614B1AFBE5033F95119C8BBBE5FB4F81]]></sign>
<time_end><![CDATA[20151201142007]]></time_end>
<total_fee>300</total_fee>
<trade_type><![CDATA[JSAPI]]></trade_type>
<transaction_id><![CDATA[1004990544201512011851265305]]></transaction_id>
</xml>


æ‰§è¡Œæ—¥æœŸï¼š2015-12-01-14ï¼š20ï¼š07
¡¾Pay Success¡¿:
<xml><appid><![CDATA[wx5c072e1680bf00a5]]></appid>
<bank_type><![CDATA[CMB_DEBIT]]></bank_type>
<cash_fee><![CDATA[300]]></cash_fee>
<fee_type><![CDATA[CNY]]></fee_type>
<is_subscribe><![CDATA[Y]]></is_subscribe>
<mch_id><![CDATA[1286562501]]></mch_id>
<nonce_str><![CDATA[faepox2fnd236tp2b3tsr4w6hrhkxx30]]></nonce_str>
<openid><![CDATA[oDI0IuA2rFzmr1rlF7_LAf6JXjbE]]></openid>
<out_trade_no><![CDATA[DG12011419595678]]></out_trade_no>
<result_code><![CDATA[SUCCESS]]></result_code>
<return_code><![CDATA[SUCCESS]]></return_code>
<sign><![CDATA[614B1AFBE5033F95119C8BBBE5FB4F81]]></sign>
<time_end><![CDATA[20151201142007]]></time_end>
<total_fee>300</total_fee>
<trade_type><![CDATA[JSAPI]]></trade_type>
<transaction_id><![CDATA[1004990544201512011851265305]]></transaction_id>
</xml>
update twotree_shop_goods set store_num=store_num-1 where shop_id=233 and goods_id=4

æ‰§è¡Œæ—¥æœŸï¼š2015-12-01-15ï¼š23ï¼š02
update twotree_shop_goods set store_num=store_num-1 where shop_id=198 and goods_id=46¡¾Recieve NOtice¡¿:
<xml><appid><![CDATA[wx5c072e1680bf00a5]]></appid>
<bank_type><![CDATA[CFT]]></bank_type>
<cash_fee><![CDATA[301]]></cash_fee>
<fee_type><![CDATA[CNY]]></fee_type>
<is_subscribe><![CDATA[Y]]></is_subscribe>
<mch_id><![CDATA[1286562501]]></mch_id>
<nonce_str><![CDATA[phxp5a9o89v8sr4o98na0b4iv9687c0s]]></nonce_str>
<openid><![CDATA[oDI0IuJrJ0e2zvfCfnfXv8t0X720]]></openid>
<out_trade_no><![CDATA[DG12011522566276]]></out_trade_no>
<result_code><![CDATA[SUCCESS]]></result_code>
<return_code><![CDATA[SUCCESS]]></return_code>
<sign><![CDATA[4A7C3D0DBF034CABE130786CEA6CC3B1]]></sign>
<time_end><![CDATA[20151201152303]]></time_end>
<total_fee>301</total_fee>
<trade_type><![CDATA[JSAPI]]></trade_type>
<transaction_id><![CDATA[1008200544201512011852162451]]></transaction_id>
</xml>


æ‰§è¡Œæ—¥æœŸï¼š2015-12-01-15ï¼š23ï¼š02
¡¾Pay Success¡¿:
<xml><appid><![CDATA[wx5c072e1680bf00a5]]></appid>
<bank_type><![CDATA[CFT]]></bank_type>
<cash_fee><![CDATA[301]]></cash_fee>
<fee_type><![CDATA[CNY]]></fee_type>
<is_subscribe><![CDATA[Y]]></is_subscribe>
<mch_id><![CDATA[1286562501]]></mch_id>
<nonce_str><![CDATA[phxp5a9o89v8sr4o98na0b4iv9687c0s]]></nonce_str>
<openid><![CDATA[oDI0IuJrJ0e2zvfCfnfXv8t0X720]]></openid>
<out_trade_no><![CDATA[DG12011522566276]]></out_trade_no>
<result_code><![CDATA[SUCCESS]]></result_code>
<return_code><![CDATA[SUCCESS]]></return_code>
<sign><![CDATA[4A7C3D0DBF034CABE130786CEA6CC3B1]]></sign>
<time_end><![CDATA[20151201152303]]></time_end>
<total_fee>301</total_fee>
<trade_type><![CDATA[JSAPI]]></trade_type>
<transaction_id><![CDATA[1008200544201512011852162451]]></transaction_id>
</xml>
update twotree_shop_goods set store_num=store_num-1 where shop_id=198 and goods_id=46

æ‰§è¡Œæ—¥æœŸï¼š2015-12-01-15ï¼š33ï¼š46
update twotree_shop_goods set store_num=store_num-1 where shop_id=190 and goods_id=37¡¾Recieve NOtice¡¿:
<xml><appid><![CDATA[wx5c072e1680bf00a5]]></appid>
<bank_type><![CDATA[CFT]]></bank_type>
<cash_fee><![CDATA[1380]]></cash_fee>
<fee_type><![CDATA[CNY]]></fee_type>
<is_subscribe><![CDATA[Y]]></is_subscribe>
<mch_id><![CDATA[1286562501]]></mch_id>
<nonce_str><![CDATA[0e89vfejv0r33cradhidcmxs6zr6pilb]]></nonce_str>
<openid><![CDATA[oDI0IuJPiJcWFU5HGStdnGhnuK7E]]></openid>
<out_trade_no><![CDATA[DG12011533269820]]></out_trade_no>
<result_code><![CDATA[SUCCESS]]></result_code>
<return_code><![CDATA[SUCCESS]]></return_code>
<sign><![CDATA[A79DD392D9F5338BAF1DB026A055A603]]></sign>
<time_end><![CDATA[20151201153346]]></time_end>
<total_fee>1380</total_fee>
<trade_type><![CDATA[JSAPI]]></trade_type>
<transaction_id><![CDATA[1008780544201512011852294791]]></transaction_id>
</xml>


æ‰§è¡Œæ—¥æœŸï¼š2015-12-01-15ï¼š33ï¼š46
¡¾Pay Success¡¿:
<xml><appid><![CDATA[wx5c072e1680bf00a5]]></appid>
<bank_type><![CDATA[CFT]]></bank_type>
<cash_fee><![CDATA[1380]]></cash_fee>
<fee_type><![CDATA[CNY]]></fee_type>
<is_subscribe><![CDATA[Y]]></is_subscribe>
<mch_id><![CDATA[1286562501]]></mch_id>
<nonce_str><![CDATA[0e89vfejv0r33cradhidcmxs6zr6pilb]]></nonce_str>
<openid><![CDATA[oDI0IuJPiJcWFU5HGStdnGhnuK7E]]></openid>
<out_trade_no><![CDATA[DG12011533269820]]></out_trade_no>
<result_code><![CDATA[SUCCESS]]></result_code>
<return_code><![CDATA[SUCCESS]]></return_code>
<sign><![CDATA[A79DD392D9F5338BAF1DB026A055A603]]></sign>
<time_end><![CDATA[20151201153346]]></time_end>
<total_fee>1380</total_fee>
<trade_type><![CDATA[JSAPI]]></trade_type>
<transaction_id><![CDATA[1008780544201512011852294791]]></transaction_id>
</xml>
update twotree_shop_goods set store_num=store_num-1 where shop_id=190 and goods_id=37

æ‰§è¡Œæ—¥æœŸï¼š2015-12-01-15ï¼š44ï¼š20
update twotree_shop_goods set store_num=store_num-1 where shop_id=34 and goods_id=61¡¾Recieve NOtice¡¿:
<xml><appid><![CDATA[wx5c072e1680bf00a5]]></appid>
<bank_type><![CDATA[BOC_DEBIT]]></bank_type>
<cash_fee><![CDATA[497]]></cash_fee>
<fee_type><![CDATA[CNY]]></fee_type>
<is_subscribe><![CDATA[Y]]></is_subscribe>
<mch_id><![CDATA[1286562501]]></mch_id>
<nonce_str><![CDATA[l5zshgwn6wkexxam8g1peuoelobx1pmp]]></nonce_str>
<openid><![CDATA[oDI0IuNdJxd0zkaQELjKQ-7JaZYA]]></openid>
<out_trade_no><![CDATA[DG12011544145533]]></out_trade_no>
<result_code><![CDATA[SUCCESS]]></result_code>
<return_code><![CDATA[SUCCESS]]></return_code>
<sign><![CDATA[623A4B4E80643FF3EB3C96312C16F70B]]></sign>
<time_end><![CDATA[20151201154421]]></time_end>
<total_fee>497</total_fee>
<trade_type><![CDATA[JSAPI]]></trade_type>
<transaction_id><![CDATA[1002790544201512011852470466]]></transaction_id>
</xml>


æ‰§è¡Œæ—¥æœŸï¼š2015-12-01-15ï¼š44ï¼š20
¡¾Pay Success¡¿:
<xml><appid><![CDATA[wx5c072e1680bf00a5]]></appid>
<bank_type><![CDATA[BOC_DEBIT]]></bank_type>
<cash_fee><![CDATA[497]]></cash_fee>
<fee_type><![CDATA[CNY]]></fee_type>
<is_subscribe><![CDATA[Y]]></is_subscribe>
<mch_id><![CDATA[1286562501]]></mch_id>
<nonce_str><![CDATA[l5zshgwn6wkexxam8g1peuoelobx1pmp]]></nonce_str>
<openid><![CDATA[oDI0IuNdJxd0zkaQELjKQ-7JaZYA]]></openid>
<out_trade_no><![CDATA[DG12011544145533]]></out_trade_no>
<result_code><![CDATA[SUCCESS]]></result_code>
<return_code><![CDATA[SUCCESS]]></return_code>
<sign><![CDATA[623A4B4E80643FF3EB3C96312C16F70B]]></sign>
<time_end><![CDATA[20151201154421]]></time_end>
<total_fee>497</total_fee>
<trade_type><![CDATA[JSAPI]]></trade_type>
<transaction_id><![CDATA[1002790544201512011852470466]]></transaction_id>
</xml>
update twotree_shop_goods set store_num=store_num-1 where shop_id=34 and goods_id=61

æ‰§è¡Œæ—¥æœŸï¼š2015-12-01-16ï¼š20ï¼š30
update twotree_shop_goods set store_num=store_num-2 where shop_id=34 and goods_id=28¡¾Recieve NOtice¡¿:
<xml><appid><![CDATA[wx5c072e1680bf00a5]]></appid>
<bank_type><![CDATA[CCB_DEBIT]]></bank_type>
<cash_fee><![CDATA[300]]></cash_fee>
<fee_type><![CDATA[CNY]]></fee_type>
<is_subscribe><![CDATA[Y]]></is_subscribe>
<mch_id><![CDATA[1286562501]]></mch_id>
<nonce_str><![CDATA[8vr48ztxlbrhp1db71ppl0jor6k8bzff]]></nonce_str>
<openid><![CDATA[oDI0IuGzJ4SN8eISToa89K801XMk]]></openid>
<out_trade_no><![CDATA[DG12011620215134]]></out_trade_no>
<result_code><![CDATA[SUCCESS]]></result_code>
<return_code><![CDATA[SUCCESS]]></return_code>
<sign><![CDATA[344EDBC97AA073126E0F8E352A54B4AC]]></sign>
<time_end><![CDATA[20151201162031]]></time_end>
<total_fee>300</total_fee>
<trade_type><![CDATA[JSAPI]]></trade_type>
<transaction_id><![CDATA[1009090544201512011852988496]]></transaction_id>
</xml>


æ‰§è¡Œæ—¥æœŸï¼š2015-12-01-16ï¼š20ï¼š30
¡¾Pay Success¡¿:
<xml><appid><![CDATA[wx5c072e1680bf00a5]]></appid>
<bank_type><![CDATA[CCB_DEBIT]]></bank_type>
<cash_fee><![CDATA[300]]></cash_fee>
<fee_type><![CDATA[CNY]]></fee_type>
<is_subscribe><![CDATA[Y]]></is_subscribe>
<mch_id><![CDATA[1286562501]]></mch_id>
<nonce_str><![CDATA[8vr48ztxlbrhp1db71ppl0jor6k8bzff]]></nonce_str>
<openid><![CDATA[oDI0IuGzJ4SN8eISToa89K801XMk]]></openid>
<out_trade_no><![CDATA[DG12011620215134]]></out_trade_no>
<result_code><![CDATA[SUCCESS]]></result_code>
<return_code><![CDATA[SUCCESS]]></return_code>
<sign><![CDATA[344EDBC97AA073126E0F8E352A54B4AC]]></sign>
<time_end><![CDATA[20151201162031]]></time_end>
<total_fee>300</total_fee>
<trade_type><![CDATA[JSAPI]]></trade_type>
<transaction_id><![CDATA[1009090544201512011852988496]]></transaction_id>
</xml>
update twotree_shop_goods set store_num=store_num-2 where shop_id=34 and goods_id=28

æ‰§è¡Œæ—¥æœŸï¼š2015-12-01-16ï¼š38ï¼š07
update twotree_shop_goods set store_num=store_num-1 where shop_id=190 and goods_id=37¡¾Recieve NOtice¡¿:
<xml><appid><![CDATA[wx5c072e1680bf00a5]]></appid>
<bank_type><![CDATA[CFT]]></bank_type>
<cash_fee><![CDATA[2180]]></cash_fee>
<fee_type><![CDATA[CNY]]></fee_type>
<is_subscribe><![CDATA[Y]]></is_subscribe>
<mch_id><![CDATA[1286562501]]></mch_id>
<nonce_str><![CDATA[k87rqmw7y3q4ajvi2mii1nwvidsfml6m]]></nonce_str>
<openid><![CDATA[oDI0IuJPiJcWFU5HGStdnGhnuK7E]]></openid>
<out_trade_no><![CDATA[DG12011637438217]]></out_trade_no>
<result_code><![CDATA[SUCCESS]]></result_code>
<return_code><![CDATA[SUCCESS]]></return_code>
<sign><![CDATA[1F3065CF9646C6F26F666DE421636265]]></sign>
<time_end><![CDATA[20151201163807]]></time_end>
<total_fee>2180</total_fee>
<trade_type><![CDATA[JSAPI]]></trade_type>
<transaction_id><![CDATA[1008780544201512011853239774]]></transaction_id>
</xml>


æ‰§è¡Œæ—¥æœŸï¼š2015-12-01-16ï¼š38ï¼š07
¡¾Pay Success¡¿:
<xml><appid><![CDATA[wx5c072e1680bf00a5]]></appid>
<bank_type><![CDATA[CFT]]></bank_type>
<cash_fee><![CDATA[2180]]></cash_fee>
<fee_type><![CDATA[CNY]]></fee_type>
<is_subscribe><![CDATA[Y]]></is_subscribe>
<mch_id><![CDATA[1286562501]]></mch_id>
<nonce_str><![CDATA[k87rqmw7y3q4ajvi2mii1nwvidsfml6m]]></nonce_str>
<openid><![CDATA[oDI0IuJPiJcWFU5HGStdnGhnuK7E]]></openid>
<out_trade_no><![CDATA[DG12011637438217]]></out_trade_no>
<result_code><![CDATA[SUCCESS]]></result_code>
<return_code><![CDATA[SUCCESS]]></return_code>
<sign><![CDATA[1F3065CF9646C6F26F666DE421636265]]></sign>
<time_end><![CDATA[20151201163807]]></time_end>
<total_fee>2180</total_fee>
<trade_type><![CDATA[JSAPI]]></trade_type>
<transaction_id><![CDATA[1008780544201512011853239774]]></transaction_id>
</xml>
update twotree_shop_goods set store_num=store_num-1 where shop_id=190 and goods_id=37

æ‰§è¡Œæ—¥æœŸï¼š2015-12-01-17ï¼š39ï¼š51
update twotree_shop_goods set store_num=store_num-1 where shop_id=190 and goods_id=2¡¾Recieve NOtice¡¿:
<xml><appid><![CDATA[wx5c072e1680bf00a5]]></appid>
<bank_type><![CDATA[CFT]]></bank_type>
<cash_fee><![CDATA[1900]]></cash_fee>
<fee_type><![CDATA[CNY]]></fee_type>
<is_subscribe><![CDATA[Y]]></is_subscribe>
<mch_id><![CDATA[1286562501]]></mch_id>
<nonce_str><![CDATA[5w264bd33xx3rw4snmn6q19wum5pqx5k]]></nonce_str>
<openid><![CDATA[oDI0IuJPiJcWFU5HGStdnGhnuK7E]]></openid>
<out_trade_no><![CDATA[DG12011739257249]]></out_trade_no>
<result_code><![CDATA[SUCCESS]]></result_code>
<return_code><![CDATA[SUCCESS]]></return_code>
<sign><![CDATA[5879113E94F1E56D3D86EAC00411E13F]]></sign>
<time_end><![CDATA[20151201173952]]></time_end>
<total_fee>1900</total_fee>
<trade_type><![CDATA[JSAPI]]></trade_type>
<transaction_id><![CDATA[1008780544201512011854278099]]></transaction_id>
</xml>


æ‰§è¡Œæ—¥æœŸï¼š2015-12-01-17ï¼š39ï¼š51
¡¾Pay Success¡¿:
<xml><appid><![CDATA[wx5c072e1680bf00a5]]></appid>
<bank_type><![CDATA[CFT]]></bank_type>
<cash_fee><![CDATA[1900]]></cash_fee>
<fee_type><![CDATA[CNY]]></fee_type>
<is_subscribe><![CDATA[Y]]></is_subscribe>
<mch_id><![CDATA[1286562501]]></mch_id>
<nonce_str><![CDATA[5w264bd33xx3rw4snmn6q19wum5pqx5k]]></nonce_str>
<openid><![CDATA[oDI0IuJPiJcWFU5HGStdnGhnuK7E]]></openid>
<out_trade_no><![CDATA[DG12011739257249]]></out_trade_no>
<result_code><![CDATA[SUCCESS]]></result_code>
<return_code><![CDATA[SUCCESS]]></return_code>
<sign><![CDATA[5879113E94F1E56D3D86EAC00411E13F]]></sign>
<time_end><![CDATA[20151201173952]]></time_end>
<total_fee>1900</total_fee>
<trade_type><![CDATA[JSAPI]]></trade_type>
<transaction_id><![CDATA[1008780544201512011854278099]]></transaction_id>
</xml>
update twotree_shop_goods set store_num=store_num-1 where shop_id=190 and goods_id=2

æ‰§è¡Œæ—¥æœŸï¼š2015-12-01-17ï¼š54ï¼š18
update twotree_shop_goods set store_num=store_num-1 where shop_id=255 and goods_id=28¡¾Recieve NOtice¡¿:
<xml><appid><![CDATA[wx5c072e1680bf00a5]]></appid>
<bank_type><![CDATA[CFT]]></bank_type>
<cash_fee><![CDATA[1960]]></cash_fee>
<fee_type><![CDATA[CNY]]></fee_type>
<is_subscribe><![CDATA[Y]]></is_subscribe>
<mch_id><![CDATA[1286562501]]></mch_id>
<nonce_str><![CDATA[y8b2nb51txohyctic8j8ezk1m09r8qes]]></nonce_str>
<openid><![CDATA[oDI0IuJnqANSaVsrVWvqX6t4d5eA]]></openid>
<out_trade_no><![CDATA[DG12011754047590]]></out_trade_no>
<result_code><![CDATA[SUCCESS]]></result_code>
<return_code><![CDATA[SUCCESS]]></return_code>
<sign><![CDATA[A10F8F624F4186E4E78CDF1F7AF2B6A8]]></sign>
<time_end><![CDATA[20151201175419]]></time_end>
<total_fee>1960</total_fee>
<trade_type><![CDATA[JSAPI]]></trade_type>
<transaction_id><![CDATA[1003170544201512011854538589]]></transaction_id>
</xml>


æ‰§è¡Œæ—¥æœŸï¼š2015-12-01-17ï¼š54ï¼š18
¡¾Pay Success¡¿:
<xml><appid><![CDATA[wx5c072e1680bf00a5]]></appid>
<bank_type><![CDATA[CFT]]></bank_type>
<cash_fee><![CDATA[1960]]></cash_fee>
<fee_type><![CDATA[CNY]]></fee_type>
<is_subscribe><![CDATA[Y]]></is_subscribe>
<mch_id><![CDATA[1286562501]]></mch_id>
<nonce_str><![CDATA[y8b2nb51txohyctic8j8ezk1m09r8qes]]></nonce_str>
<openid><![CDATA[oDI0IuJnqANSaVsrVWvqX6t4d5eA]]></openid>
<out_trade_no><![CDATA[DG12011754047590]]></out_trade_no>
<result_code><![CDATA[SUCCESS]]></result_code>
<return_code><![CDATA[SUCCESS]]></return_code>
<sign><![CDATA[A10F8F624F4186E4E78CDF1F7AF2B6A8]]></sign>
<time_end><![CDATA[20151201175419]]></time_end>
<total_fee>1960</total_fee>
<trade_type><![CDATA[JSAPI]]></trade_type>
<transaction_id><![CDATA[1003170544201512011854538589]]></transaction_id>
</xml>
update twotree_shop_goods set store_num=store_num-1 where shop_id=255 and goods_id=28

æ‰§è¡Œæ—¥æœŸï¼š2015-12-01-17ï¼š54ï¼š59
update twotree_shop_goods set store_num=store_num-2 where shop_id=38 and goods_id=54¡¾Recieve NOtice¡¿:
<xml><appid><![CDATA[wx5c072e1680bf00a5]]></appid>
<bank_type><![CDATA[ABC_DEBIT]]></bank_type>
<cash_fee><![CDATA[660]]></cash_fee>
<fee_type><![CDATA[CNY]]></fee_type>
<is_subscribe><![CDATA[Y]]></is_subscribe>
<mch_id><![CDATA[1286562501]]></mch_id>
<nonce_str><![CDATA[okr1llat7mlt828v5nowjpgaucvafdp9]]></nonce_str>
<openid><![CDATA[oDI0IuAgemWz88JDCWTUSeYX-qhY]]></openid>
<out_trade_no><![CDATA[DG12011754415518]]></out_trade_no>
<result_code><![CDATA[SUCCESS]]></result_code>
<return_code><![CDATA[SUCCESS]]></return_code>
<sign><![CDATA[6F20153C3BB815901800CAA1789E11DB]]></sign>
<time_end><![CDATA[20151201175459]]></time_end>
<total_fee>660</total_fee>
<trade_type><![CDATA[JSAPI]]></trade_type>
<transaction_id><![CDATA[1000990544201512011854566272]]></transaction_id>
</xml>


æ‰§è¡Œæ—¥æœŸï¼š2015-12-01-17ï¼š54ï¼š59
¡¾Pay Success¡¿:
<xml><appid><![CDATA[wx5c072e1680bf00a5]]></appid>
<bank_type><![CDATA[ABC_DEBIT]]></bank_type>
<cash_fee><![CDATA[660]]></cash_fee>
<fee_type><![CDATA[CNY]]></fee_type>
<is_subscribe><![CDATA[Y]]></is_subscribe>
<mch_id><![CDATA[1286562501]]></mch_id>
<nonce_str><![CDATA[okr1llat7mlt828v5nowjpgaucvafdp9]]></nonce_str>
<openid><![CDATA[oDI0IuAgemWz88JDCWTUSeYX-qhY]]></openid>
<out_trade_no><![CDATA[DG12011754415518]]></out_trade_no>
<result_code><![CDATA[SUCCESS]]></result_code>
<return_code><![CDATA[SUCCESS]]></return_code>
<sign><![CDATA[6F20153C3BB815901800CAA1789E11DB]]></sign>
<time_end><![CDATA[20151201175459]]></time_end>
<total_fee>660</total_fee>
<trade_type><![CDATA[JSAPI]]></trade_type>
<transaction_id><![CDATA[1000990544201512011854566272]]></transaction_id>
</xml>
update twotree_shop_goods set store_num=store_num-2 where shop_id=38 and goods_id=54

æ‰§è¡Œæ—¥æœŸï¼š2015-12-01-17ï¼š57ï¼š08
update twotree_shop_goods set store_num=store_num-1 where shop_id=255 and goods_id=11¡¾Recieve NOtice¡¿:
<xml><appid><![CDATA[wx5c072e1680bf00a5]]></appid>
<bank_type><![CDATA[CFT]]></bank_type>
<cash_fee><![CDATA[1977]]></cash_fee>
<fee_type><![CDATA[CNY]]></fee_type>
<is_subscribe><![CDATA[Y]]></is_subscribe>
<mch_id><![CDATA[1286562501]]></mch_id>
<nonce_str><![CDATA[b5gvy5fdby8q6yh0atl80h6gjn7hshvc]]></nonce_str>
<openid><![CDATA[oDI0IuEsi1hFVxpIMhkg56Htk23A]]></openid>
<out_trade_no><![CDATA[DG12011756432722]]></out_trade_no>
<result_code><![CDATA[SUCCESS]]></result_code>
<return_code><![CDATA[SUCCESS]]></return_code>
<sign><![CDATA[1401973E4204D99E01EB92D6FDC3D913]]></sign>
<time_end><![CDATA[20151201175708]]></time_end>
<total_fee>1977</total_fee>
<trade_type><![CDATA[JSAPI]]></trade_type>
<transaction_id><![CDATA[1005910544201512011854602807]]></transaction_id>
</xml>


æ‰§è¡Œæ—¥æœŸï¼š2015-12-01-17ï¼š57ï¼š08
¡¾Pay Success¡¿:
<xml><appid><![CDATA[wx5c072e1680bf00a5]]></appid>
<bank_type><![CDATA[CFT]]></bank_type>
<cash_fee><![CDATA[1977]]></cash_fee>
<fee_type><![CDATA[CNY]]></fee_type>
<is_subscribe><![CDATA[Y]]></is_subscribe>
<mch_id><![CDATA[1286562501]]></mch_id>
<nonce_str><![CDATA[b5gvy5fdby8q6yh0atl80h6gjn7hshvc]]></nonce_str>
<openid><![CDATA[oDI0IuEsi1hFVxpIMhkg56Htk23A]]></openid>
<out_trade_no><![CDATA[DG12011756432722]]></out_trade_no>
<result_code><![CDATA[SUCCESS]]></result_code>
<return_code><![CDATA[SUCCESS]]></return_code>
<sign><![CDATA[1401973E4204D99E01EB92D6FDC3D913]]></sign>
<time_end><![CDATA[20151201175708]]></time_end>
<total_fee>1977</total_fee>
<trade_type><![CDATA[JSAPI]]></trade_type>
<transaction_id><![CDATA[1005910544201512011854602807]]></transaction_id>
</xml>
update twotree_shop_goods set store_num=store_num-1 where shop_id=255 and goods_id=11

æ‰§è¡Œæ—¥æœŸï¼š2015-12-01-18ï¼š01ï¼š31
update twotree_shop_goods set store_num=store_num-1 where shop_id=38 and goods_id=54¡¾Recieve NOtice¡¿:
<xml><appid><![CDATA[wx5c072e1680bf00a5]]></appid>
<bank_type><![CDATA[ABC_DEBIT]]></bank_type>
<cash_fee><![CDATA[489]]></cash_fee>
<fee_type><![CDATA[CNY]]></fee_type>
<is_subscribe><![CDATA[Y]]></is_subscribe>
<mch_id><![CDATA[1286562501]]></mch_id>
<nonce_str><![CDATA[vanxj8vy6g8m71viktaocqbsdr0l1nm3]]></nonce_str>
<openid><![CDATA[oDI0IuCdfAc40uwveYg2DSqIXmlQ]]></openid>
<out_trade_no><![CDATA[DG12011801219015]]></out_trade_no>
<result_code><![CDATA[SUCCESS]]></result_code>
<return_code><![CDATA[SUCCESS]]></return_code>
<sign><![CDATA[BAA192D793F1BCFE30744C98FA7D3456]]></sign>
<time_end><![CDATA[20151201180131]]></time_end>
<total_fee>489</total_fee>
<trade_type><![CDATA[JSAPI]]></trade_type>
<transaction_id><![CDATA[1002600544201512011854680302]]></transaction_id>
</xml>


æ‰§è¡Œæ—¥æœŸï¼š2015-12-01-18ï¼š01ï¼š31
¡¾Pay Success¡¿:
<xml><appid><![CDATA[wx5c072e1680bf00a5]]></appid>
<bank_type><![CDATA[ABC_DEBIT]]></bank_type>
<cash_fee><![CDATA[489]]></cash_fee>
<fee_type><![CDATA[CNY]]></fee_type>
<is_subscribe><![CDATA[Y]]></is_subscribe>
<mch_id><![CDATA[1286562501]]></mch_id>
<nonce_str><![CDATA[vanxj8vy6g8m71viktaocqbsdr0l1nm3]]></nonce_str>
<openid><![CDATA[oDI0IuCdfAc40uwveYg2DSqIXmlQ]]></openid>
<out_trade_no><![CDATA[DG12011801219015]]></out_trade_no>
<result_code><![CDATA[SUCCESS]]></result_code>
<return_code><![CDATA[SUCCESS]]></return_code>
<sign><![CDATA[BAA192D793F1BCFE30744C98FA7D3456]]></sign>
<time_end><![CDATA[20151201180131]]></time_end>
<total_fee>489</total_fee>
<trade_type><![CDATA[JSAPI]]></trade_type>
<transaction_id><![CDATA[1002600544201512011854680302]]></transaction_id>
</xml>
update twotree_shop_goods set store_num=store_num-1 where shop_id=38 and goods_id=54

æ‰§è¡Œæ—¥æœŸï¼š2015-12-01-18ï¼š21ï¼š57
update twotree_shop_goods set store_num=store_num-2 where shop_id=190 and goods_id=2¡¾Recieve NOtice¡¿:
<xml><appid><![CDATA[wx5c072e1680bf00a5]]></appid>
<bank_type><![CDATA[CFT]]></bank_type>
<cash_fee><![CDATA[3300]]></cash_fee>
<fee_type><![CDATA[CNY]]></fee_type>
<is_subscribe><![CDATA[Y]]></is_subscribe>
<mch_id><![CDATA[1286562501]]></mch_id>
<nonce_str><![CDATA[k8n6vwqayusarjx8d3su6qmxakgpkfbh]]></nonce_str>
<openid><![CDATA[oDI0IuJPiJcWFU5HGStdnGhnuK7E]]></openid>
<out_trade_no><![CDATA[DG12011821434001]]></out_trade_no>
<result_code><![CDATA[SUCCESS]]></result_code>
<return_code><![CDATA[SUCCESS]]></return_code>
<sign><![CDATA[DF018FB034487E215CEA87119FADBB99]]></sign>
<time_end><![CDATA[20151201182158]]></time_end>
<total_fee>3300</total_fee>
<trade_type><![CDATA[JSAPI]]></trade_type>
<transaction_id><![CDATA[1008780544201512011855058116]]></transaction_id>
</xml>


æ‰§è¡Œæ—¥æœŸï¼š2015-12-01-18ï¼š21ï¼š57
¡¾Pay Success¡¿:
<xml><appid><![CDATA[wx5c072e1680bf00a5]]></appid>
<bank_type><![CDATA[CFT]]></bank_type>
<cash_fee><![CDATA[3300]]></cash_fee>
<fee_type><![CDATA[CNY]]></fee_type>
<is_subscribe><![CDATA[Y]]></is_subscribe>
<mch_id><![CDATA[1286562501]]></mch_id>
<nonce_str><![CDATA[k8n6vwqayusarjx8d3su6qmxakgpkfbh]]></nonce_str>
<openid><![CDATA[oDI0IuJPiJcWFU5HGStdnGhnuK7E]]></openid>
<out_trade_no><![CDATA[DG12011821434001]]></out_trade_no>
<result_code><![CDATA[SUCCESS]]></result_code>
<return_code><![CDATA[SUCCESS]]></return_code>
<sign><![CDATA[DF018FB034487E215CEA87119FADBB99]]></sign>
<time_end><![CDATA[20151201182158]]></time_end>
<total_fee>3300</total_fee>
<trade_type><![CDATA[JSAPI]]></trade_type>
<transaction_id><![CDATA[1008780544201512011855058116]]></transaction_id>
</xml>
update twotree_shop_goods set store_num=store_num-2 where shop_id=190 and goods_id=2

æ‰§è¡Œæ—¥æœŸï¼š2015-12-01-18ï¼š24ï¼š00
update twotree_shop_goods set store_num=store_num-4 where shop_id=190 and goods_id=28¡¾Recieve NOtice¡¿:
<xml><appid><![CDATA[wx5c072e1680bf00a5]]></appid>
<bank_type><![CDATA[CFT]]></bank_type>
<cash_fee><![CDATA[600]]></cash_fee>
<fee_type><![CDATA[CNY]]></fee_type>
<is_subscribe><![CDATA[Y]]></is_subscribe>
<mch_id><![CDATA[1286562501]]></mch_id>
<nonce_str><![CDATA[tnggtmd0r8xt3yf8bakb09301tgi4s6l]]></nonce_str>
<openid><![CDATA[oDI0IuJPiJcWFU5HGStdnGhnuK7E]]></openid>
<out_trade_no><![CDATA[DG12011823478089]]></out_trade_no>
<result_code><![CDATA[SUCCESS]]></result_code>
<return_code><![CDATA[SUCCESS]]></return_code>
<sign><![CDATA[059549EAD7A306180483CD926194B21E]]></sign>
<time_end><![CDATA[20151201182400]]></time_end>
<total_fee>600</total_fee>
<trade_type><![CDATA[JSAPI]]></trade_type>
<transaction_id><![CDATA[1008780544201512011855088147]]></transaction_id>
</xml>


æ‰§è¡Œæ—¥æœŸï¼š2015-12-01-18ï¼š24ï¼š00
¡¾Pay Success¡¿:
<xml><appid><![CDATA[wx5c072e1680bf00a5]]></appid>
<bank_type><![CDATA[CFT]]></bank_type>
<cash_fee><![CDATA[600]]></cash_fee>
<fee_type><![CDATA[CNY]]></fee_type>
<is_subscribe><![CDATA[Y]]></is_subscribe>
<mch_id><![CDATA[1286562501]]></mch_id>
<nonce_str><![CDATA[tnggtmd0r8xt3yf8bakb09301tgi4s6l]]></nonce_str>
<openid><![CDATA[oDI0IuJPiJcWFU5HGStdnGhnuK7E]]></openid>
<out_trade_no><![CDATA[DG12011823478089]]></out_trade_no>
<result_code><![CDATA[SUCCESS]]></result_code>
<return_code><![CDATA[SUCCESS]]></return_code>
<sign><![CDATA[059549EAD7A306180483CD926194B21E]]></sign>
<time_end><![CDATA[20151201182400]]></time_end>
<total_fee>600</total_fee>
<trade_type><![CDATA[JSAPI]]></trade_type>
<transaction_id><![CDATA[1008780544201512011855088147]]></transaction_id>
</xml>
update twotree_shop_goods set store_num=store_num-4 where shop_id=190 and goods_id=28

