执行日期：2014-09-03-09：46：59
【接收到的notify通知】:
<xml><appid><![CDATA[wxf5b5e87a6a0fde94]]></appid>
<bank_type><![CDATA[CFT]]></bank_type>
<fee_type><![CDATA[CNY]]></fee_type>
<is_subscribe><![CDATA[N]]></is_subscribe>
<mch_id><![CDATA[10000097]]></mch_id>
<nonce_str><![CDATA[dz8nirk7gmxhhxn38zgib28yx14ul2gf]]></nonce_str>
<openid><![CDATA[ozoKAt-MmA74zs7MBafCix6Dg8o0]]></openid>
<out_trade_no><![CDATA[wxf5b5e87a6a0fde941409708791]]></out_trade_no>
<result_code><![CDATA[SUCCESS]]></result_code>
<return_code><![CDATA[SUCCESS]]></return_code>
<sign><![CDATA[EDACA525F6C675337B2DAC25B7145028]]></sign>
<sub_mch_id><![CDATA[10000097]]></sub_mch_id>
<time_end><![CDATA[20140903094659]]></time_end>
<total_fee>1</total_fee>
<trade_type><![CDATA[NATIVE]]></trade_type>
<transaction_id><![CDATA[1004400737201409030005091526]]></transaction_id>
</xml>


执行日期：2014-09-03-09：46：59
【支付成功】:
<xml><appid><![CDATA[wxf5b5e87a6a0fde94]]></appid>
<bank_type><![CDATA[CFT]]></bank_type>
<fee_type><![CDATA[CNY]]></fee_type>
<is_subscribe><![CDATA[N]]></is_subscribe>
<mch_id><![CDATA[10000097]]></mch_id>
<nonce_str><![CDATA[dz8nirk7gmxhhxn38zgib28yx14ul2gf]]></nonce_str>
<openid><![CDATA[ozoKAt-MmA74zs7MBafCix6Dg8o0]]></openid>
<out_trade_no><![CDATA[wxf5b5e87a6a0fde941409708791]]></out_trade_no>
<result_code><![CDATA[SUCCESS]]></result_code>
<return_code><![CDATA[SUCCESS]]></return_code>
<sign><![CDATA[EDACA525F6C675337B2DAC25B7145028]]></sign>
<sub_mch_id><![CDATA[10000097]]></sub_mch_id>
<time_end><![CDATA[20140903094659]]></time_end>
<total_fee>1</total_fee>
<trade_type><![CDATA[NATIVE]]></trade_type>
<transaction_id><![CDATA[1004400737201409030005091526]]></transaction_id>
</xml>


执行日期：2014-09-03-09：52：07
【接收到的notify通知】:



执行日期：2014-09-03-10：15：27
【接收到的notify通知】:



执行日期：2014-09-03-10：25：41
【接收到的notify通知】:
<xml><appid><![CDATA[wxf5b5e87a6a0fde94]]></appid>
<bank_type><![CDATA[CFT]]></bank_type>
<fee_type><![CDATA[CNY]]></fee_type>
<is_subscribe><![CDATA[N]]></is_subscribe>
<mch_id><![CDATA[10000097]]></mch_id>
<nonce_str><![CDATA[l399dq3x98zfnzvkmjyybhfme8xpw9ws]]></nonce_str>
<openid><![CDATA[ozoKAt-MmA74zs7MBafCix6Dg8o0]]></openid>
<out_trade_no><![CDATA[wxf5b5e87a6a0fde941409711119]]></out_trade_no>
<result_code><![CDATA[SUCCESS]]></result_code>
<return_code><![CDATA[SUCCESS]]></return_code>
<sign><![CDATA[0F8620FF980BED05C20AFD78646098E2]]></sign>
<sub_mch_id><![CDATA[10000097]]></sub_mch_id>
<time_end><![CDATA[20140903102540]]></time_end>
<total_fee>1</total_fee>
<trade_type><![CDATA[NATIVE]]></trade_type>
<transaction_id><![CDATA[1004400737201409030005088180]]></transaction_id>
</xml>


执行日期：2014-09-03-10：25：41
【支付成功】:
<xml><appid><![CDATA[wxf5b5e87a6a0fde94]]></appid>
<bank_type><![CDATA[CFT]]></bank_type>
<fee_type><![CDATA[CNY]]></fee_type>
<is_subscribe><![CDATA[N]]></is_subscribe>
<mch_id><![CDATA[10000097]]></mch_id>
<nonce_str><![CDATA[l399dq3x98zfnzvkmjyybhfme8xpw9ws]]></nonce_str>
<openid><![CDATA[ozoKAt-MmA74zs7MBafCix6Dg8o0]]></openid>
<out_trade_no><![CDATA[wxf5b5e87a6a0fde941409711119]]></out_trade_no>
<result_code><![CDATA[SUCCESS]]></result_code>
<return_code><![CDATA[SUCCESS]]></return_code>
<sign><![CDATA[0F8620FF980BED05C20AFD78646098E2]]></sign>
<sub_mch_id><![CDATA[10000097]]></sub_mch_id>
<time_end><![CDATA[20140903102540]]></time_end>
<total_fee>1</total_fee>
<trade_type><![CDATA[NATIVE]]></trade_type>
<transaction_id><![CDATA[1004400737201409030005088180]]></transaction_id>
</xml>


执行日期：2014-09-03-12：58：16
【接收到的notify通知】:
<xml><appid><![CDATA[wxf5b5e87a6a0fde94]]></appid>
<bank_type><![CDATA[CFT]]></bank_type>
<fee_type><![CDATA[CNY]]></fee_type>
<is_subscribe><![CDATA[N]]></is_subscribe>
<mch_id><![CDATA[10000097]]></mch_id>
<nonce_str><![CDATA[zjdmq3zooztpb3t97vs98lu9n82i2w30]]></nonce_str>
<openid><![CDATA[ozoKAt-MmA74zs7MBafCix6Dg8o0]]></openid>
<out_trade_no><![CDATA[wxf5b5e87a6a0fde941409720287]]></out_trade_no>
<result_code><![CDATA[SUCCESS]]></result_code>
<return_code><![CDATA[SUCCESS]]></return_code>
<sign><![CDATA[D1FC9907C663C90441C42F5630EC4BB6]]></sign>
<sub_mch_id><![CDATA[10000097]]></sub_mch_id>
<time_end><![CDATA[20140903125815]]></time_end>
<total_fee>1</total_fee>
<trade_type><![CDATA[NATIVE]]></trade_type>
<transaction_id><![CDATA[1004400737201409030005092546]]></transaction_id>
</xml>


执行日期：2014-09-03-12：58：16
【支付成功】:
<xml><appid><![CDATA[wxf5b5e87a6a0fde94]]></appid>
<bank_type><![CDATA[CFT]]></bank_type>
<fee_type><![CDATA[CNY]]></fee_type>
<is_subscribe><![CDATA[N]]></is_subscribe>
<mch_id><![CDATA[10000097]]></mch_id>
<nonce_str><![CDATA[zjdmq3zooztpb3t97vs98lu9n82i2w30]]></nonce_str>
<openid><![CDATA[ozoKAt-MmA74zs7MBafCix6Dg8o0]]></openid>
<out_trade_no><![CDATA[wxf5b5e87a6a0fde941409720287]]></out_trade_no>
<result_code><![CDATA[SUCCESS]]></result_code>
<return_code><![CDATA[SUCCESS]]></return_code>
<sign><![CDATA[D1FC9907C663C90441C42F5630EC4BB6]]></sign>
<sub_mch_id><![CDATA[10000097]]></sub_mch_id>
<time_end><![CDATA[20140903125815]]></time_end>
<total_fee>1</total_fee>
<trade_type><![CDATA[NATIVE]]></trade_type>
<transaction_id><![CDATA[1004400737201409030005092546]]></transaction_id>
</xml>


执行日期：2014-09-03-12：58：38
【接收到的notify通知】:
<xml><appid><![CDATA[wxf5b5e87a6a0fde94]]></appid>
<bank_type><![CDATA[CFT]]></bank_type>
<fee_type><![CDATA[CNY]]></fee_type>
<is_subscribe><![CDATA[N]]></is_subscribe>
<mch_id><![CDATA[10000097]]></mch_id>
<nonce_str><![CDATA[k1rfe2krf1syhrwvjotk35do3aqgcah3]]></nonce_str>
<openid><![CDATA[ozoKAt-MmA74zs7MBafCix6Dg8o0]]></openid>
<out_trade_no><![CDATA[wxf5b5e87a6a0fde941409720303]]></out_trade_no>
<result_code><![CDATA[SUCCESS]]></result_code>
<return_code><![CDATA[SUCCESS]]></return_code>
<sign><![CDATA[A03C6B584DF1925C6A4FF56A4982F07A]]></sign>
<sub_mch_id><![CDATA[10000097]]></sub_mch_id>
<time_end><![CDATA[20140903125838]]></time_end>
<total_fee>1</total_fee>
<trade_type><![CDATA[NATIVE]]></trade_type>
<transaction_id><![CDATA[1004400737201409030005088363]]></transaction_id>
</xml>


执行日期：2014-09-03-12：58：38
【支付成功】:
<xml><appid><![CDATA[wxf5b5e87a6a0fde94]]></appid>
<bank_type><![CDATA[CFT]]></bank_type>
<fee_type><![CDATA[CNY]]></fee_type>
<is_subscribe><![CDATA[N]]></is_subscribe>
<mch_id><![CDATA[10000097]]></mch_id>
<nonce_str><![CDATA[k1rfe2krf1syhrwvjotk35do3aqgcah3]]></nonce_str>
<openid><![CDATA[ozoKAt-MmA74zs7MBafCix6Dg8o0]]></openid>
<out_trade_no><![CDATA[wxf5b5e87a6a0fde941409720303]]></out_trade_no>
<result_code><![CDATA[SUCCESS]]></result_code>
<return_code><![CDATA[SUCCESS]]></return_code>
<sign><![CDATA[A03C6B584DF1925C6A4FF56A4982F07A]]></sign>
<sub_mch_id><![CDATA[10000097]]></sub_mch_id>
<time_end><![CDATA[20140903125838]]></time_end>
<total_fee>1</total_fee>
<trade_type><![CDATA[NATIVE]]></trade_type>
<transaction_id><![CDATA[1004400737201409030005088363]]></transaction_id>
</xml>


执行日期：2014-09-03-15：23：37
【接收到的notify通知】:
<xml><appid><![CDATA[wxf5b5e87a6a0fde94]]></appid>
<bank_type><![CDATA[CFT]]></bank_type>
<fee_type><![CDATA[CNY]]></fee_type>
<is_subscribe><![CDATA[N]]></is_subscribe>
<mch_id><![CDATA[10000097]]></mch_id>
<nonce_str><![CDATA[visug9gr3d8awvfaudlbrpbfx7aaq1m9]]></nonce_str>
<openid><![CDATA[ozoKAt-MmA74zs7MBafCix6Dg8o0]]></openid>
<out_trade_no><![CDATA[wxf5b5e87a6a0fde941409729008]]></out_trade_no>
<result_code><![CDATA[SUCCESS]]></result_code>
<return_code><![CDATA[SUCCESS]]></return_code>
<sign><![CDATA[04A348DC6D9C0107BB7DE7AACCC500E8]]></sign>
<sub_mch_id><![CDATA[10000097]]></sub_mch_id>
<time_end><![CDATA[20140903152337]]></time_end>
<total_fee>1</total_fee>
<trade_type><![CDATA[JSAPI]]></trade_type>
<transaction_id><![CDATA[1004400737201409030005092382]]></transaction_id>
</xml>


执行日期：2014-09-03-15：23：37
【支付成功】:
<xml><appid><![CDATA[wxf5b5e87a6a0fde94]]></appid>
<bank_type><![CDATA[CFT]]></bank_type>
<fee_type><![CDATA[CNY]]></fee_type>
<is_subscribe><![CDATA[N]]></is_subscribe>
<mch_id><![CDATA[10000097]]></mch_id>
<nonce_str><![CDATA[visug9gr3d8awvfaudlbrpbfx7aaq1m9]]></nonce_str>
<openid><![CDATA[ozoKAt-MmA74zs7MBafCix6Dg8o0]]></openid>
<out_trade_no><![CDATA[wxf5b5e87a6a0fde941409729008]]></out_trade_no>
<result_code><![CDATA[SUCCESS]]></result_code>
<return_code><![CDATA[SUCCESS]]></return_code>
<sign><![CDATA[04A348DC6D9C0107BB7DE7AACCC500E8]]></sign>
<sub_mch_id><![CDATA[10000097]]></sub_mch_id>
<time_end><![CDATA[20140903152337]]></time_end>
<total_fee>1</total_fee>
<trade_type><![CDATA[JSAPI]]></trade_type>
<transaction_id><![CDATA[1004400737201409030005092382]]></transaction_id>
</xml>


执行日期：2014-09-03-16：27：05
【接收到的notify通知】:
<xml><appid><![CDATA[wxf5b5e87a6a0fde94]]></appid>
<bank_type><![CDATA[CFT]]></bank_type>
<fee_type><![CDATA[CNY]]></fee_type>
<is_subscribe><![CDATA[N]]></is_subscribe>
<mch_id><![CDATA[10000097]]></mch_id>
<nonce_str><![CDATA[73ydlecbrc6d9uw1dti78ulqcuytqvrd]]></nonce_str>
<openid><![CDATA[ozoKAt-MmA74zs7MBafCix6Dg8o0]]></openid>
<out_trade_no><![CDATA[wxf5b5e87a6a0fde941409732816]]></out_trade_no>
<result_code><![CDATA[SUCCESS]]></result_code>
<return_code><![CDATA[SUCCESS]]></return_code>
<sign><![CDATA[D9C048A726AB1341E20929A5F9C09076]]></sign>
<sub_mch_id><![CDATA[10000097]]></sub_mch_id>
<time_end><![CDATA[20140903162705]]></time_end>
<total_fee>1</total_fee>
<trade_type><![CDATA[JSAPI]]></trade_type>
<transaction_id><![CDATA[1004400737201409030005092583]]></transaction_id>
</xml>


执行日期：2014-09-03-16：27：05
【支付成功】:
<xml><appid><![CDATA[wxf5b5e87a6a0fde94]]></appid>
<bank_type><![CDATA[CFT]]></bank_type>
<fee_type><![CDATA[CNY]]></fee_type>
<is_subscribe><![CDATA[N]]></is_subscribe>
<mch_id><![CDATA[10000097]]></mch_id>
<nonce_str><![CDATA[73ydlecbrc6d9uw1dti78ulqcuytqvrd]]></nonce_str>
<openid><![CDATA[ozoKAt-MmA74zs7MBafCix6Dg8o0]]></openid>
<out_trade_no><![CDATA[wxf5b5e87a6a0fde941409732816]]></out_trade_no>
<result_code><![CDATA[SUCCESS]]></result_code>
<return_code><![CDATA[SUCCESS]]></return_code>
<sign><![CDATA[D9C048A726AB1341E20929A5F9C09076]]></sign>
<sub_mch_id><![CDATA[10000097]]></sub_mch_id>
<time_end><![CDATA[20140903162705]]></time_end>
<total_fee>1</total_fee>
<trade_type><![CDATA[JSAPI]]></trade_type>
<transaction_id><![CDATA[1004400737201409030005092583]]></transaction_id>
</xml>


执行日期：2014-09-03-16：29：48
【接收到的notify通知】:
<xml><appid><![CDATA[wxf5b5e87a6a0fde94]]></appid>
<bank_type><![CDATA[CFT]]></bank_type>
<fee_type><![CDATA[CNY]]></fee_type>
<is_subscribe><![CDATA[N]]></is_subscribe>
<mch_id><![CDATA[10000097]]></mch_id>
<nonce_str><![CDATA[chb8arfq1tqfzm0c2hbo2awwu9c070pm]]></nonce_str>
<openid><![CDATA[ozoKAt-MmA74zs7MBafCix6Dg8o0]]></openid>
<out_trade_no><![CDATA[wxf5b5e87a6a0fde941409732979]]></out_trade_no>
<result_code><![CDATA[SUCCESS]]></result_code>
<return_code><![CDATA[SUCCESS]]></return_code>
<sign><![CDATA[0882C58B02C6FB1EACD7A024318237DA]]></sign>
<sub_mch_id><![CDATA[10000097]]></sub_mch_id>
<time_end><![CDATA[20140903162947]]></time_end>
<total_fee>1</total_fee>
<trade_type><![CDATA[NATIVE]]></trade_type>
<transaction_id><![CDATA[1004400737201409030005092843]]></transaction_id>
</xml>


执行日期：2014-09-03-16：29：48
【支付成功】:
<xml><appid><![CDATA[wxf5b5e87a6a0fde94]]></appid>
<bank_type><![CDATA[CFT]]></bank_type>
<fee_type><![CDATA[CNY]]></fee_type>
<is_subscribe><![CDATA[N]]></is_subscribe>
<mch_id><![CDATA[10000097]]></mch_id>
<nonce_str><![CDATA[chb8arfq1tqfzm0c2hbo2awwu9c070pm]]></nonce_str>
<openid><![CDATA[ozoKAt-MmA74zs7MBafCix6Dg8o0]]></openid>
<out_trade_no><![CDATA[wxf5b5e87a6a0fde941409732979]]></out_trade_no>
<result_code><![CDATA[SUCCESS]]></result_code>
<return_code><![CDATA[SUCCESS]]></return_code>
<sign><![CDATA[0882C58B02C6FB1EACD7A024318237DA]]></sign>
<sub_mch_id><![CDATA[10000097]]></sub_mch_id>
<time_end><![CDATA[20140903162947]]></time_end>
<total_fee>1</total_fee>
<trade_type><![CDATA[NATIVE]]></trade_type>
<transaction_id><![CDATA[1004400737201409030005092843]]></transaction_id>
</xml>


执行日期：2014-09-03-16：30：10
【接收到的notify通知】:
<xml><appid><![CDATA[wxf5b5e87a6a0fde94]]></appid>
<bank_type><![CDATA[CFT]]></bank_type>
<fee_type><![CDATA[CNY]]></fee_type>
<is_subscribe><![CDATA[N]]></is_subscribe>
<mch_id><![CDATA[10000097]]></mch_id>
<nonce_str><![CDATA[m92hzxx4qg371vdm95sv3i2zh7u9h242]]></nonce_str>
<openid><![CDATA[ozoKAt-MmA74zs7MBafCix6Dg8o0]]></openid>
<out_trade_no><![CDATA[wxf5b5e87a6a0fde941409732994]]></out_trade_no>
<result_code><![CDATA[SUCCESS]]></result_code>
<return_code><![CDATA[SUCCESS]]></return_code>
<sign><![CDATA[1B51E1AA31DB0AB64200E4F75752A610]]></sign>
<sub_mch_id><![CDATA[10000097]]></sub_mch_id>
<time_end><![CDATA[20140903163009]]></time_end>
<total_fee>1</total_fee>
<trade_type><![CDATA[NATIVE]]></trade_type>
<transaction_id><![CDATA[1004400737201409030005093214]]></transaction_id>
</xml>


执行日期：2014-09-03-16：30：10
【支付成功】:
<xml><appid><![CDATA[wxf5b5e87a6a0fde94]]></appid>
<bank_type><![CDATA[CFT]]></bank_type>
<fee_type><![CDATA[CNY]]></fee_type>
<is_subscribe><![CDATA[N]]></is_subscribe>
<mch_id><![CDATA[10000097]]></mch_id>
<nonce_str><![CDATA[m92hzxx4qg371vdm95sv3i2zh7u9h242]]></nonce_str>
<openid><![CDATA[ozoKAt-MmA74zs7MBafCix6Dg8o0]]></openid>
<out_trade_no><![CDATA[wxf5b5e87a6a0fde941409732994]]></out_trade_no>
<result_code><![CDATA[SUCCESS]]></result_code>
<return_code><![CDATA[SUCCESS]]></return_code>
<sign><![CDATA[1B51E1AA31DB0AB64200E4F75752A610]]></sign>
<sub_mch_id><![CDATA[10000097]]></sub_mch_id>
<time_end><![CDATA[20140903163009]]></time_end>
<total_fee>1</total_fee>
<trade_type><![CDATA[NATIVE]]></trade_type>
<transaction_id><![CDATA[1004400737201409030005093214]]></transaction_id>
</xml>


执行日期：2014-11-13-11：18：16
【接收到的notify通知】:



执行日期：2014-11-13-11：19：14
【接收到的notify通知】:



执行日期：2014-11-13-15：07：55
【接收到的notify通知】:
<xml><appid><![CDATA[wxe7e5a985ba3e3b17]]></appid>
<bank_type><![CDATA[ICBC_DEBIT]]></bank_type>
<fee_type><![CDATA[CNY]]></fee_type>
<is_subscribe><![CDATA[Y]]></is_subscribe>
<mch_id><![CDATA[10011481]]></mch_id>
<nonce_str><![CDATA[g9b8c7rinzhtu2dkh86t3toyrnrss61m]]></nonce_str>
<openid><![CDATA[oGRGsuPd1v5e4OBPuJhksjRCqr4c]]></openid>
<out_trade_no><![CDATA[wxe7e5a985ba3e3b171415862418]]></out_trade_no>
<result_code><![CDATA[SUCCESS]]></result_code>
<return_code><![CDATA[SUCCESS]]></return_code>
<sign><![CDATA[9E9D39000F0B933E442639043480C3AF]]></sign>
<sub_mch_id><![CDATA[10011481]]></sub_mch_id>
<time_end><![CDATA[20141113150754]]></time_end>
<total_fee>1</total_fee>
<trade_type><![CDATA[JSAPI]]></trade_type>
<transaction_id><![CDATA[1009560857201411130005880366]]></transaction_id>
</xml>


执行日期：2014-11-13-15：07：55
【支付成功】:
<xml><appid><![CDATA[wxe7e5a985ba3e3b17]]></appid>
<bank_type><![CDATA[ICBC_DEBIT]]></bank_type>
<fee_type><![CDATA[CNY]]></fee_type>
<is_subscribe><![CDATA[Y]]></is_subscribe>
<mch_id><![CDATA[10011481]]></mch_id>
<nonce_str><![CDATA[g9b8c7rinzhtu2dkh86t3toyrnrss61m]]></nonce_str>
<openid><![CDATA[oGRGsuPd1v5e4OBPuJhksjRCqr4c]]></openid>
<out_trade_no><![CDATA[wxe7e5a985ba3e3b171415862418]]></out_trade_no>
<result_code><![CDATA[SUCCESS]]></result_code>
<return_code><![CDATA[SUCCESS]]></return_code>
<sign><![CDATA[9E9D39000F0B933E442639043480C3AF]]></sign>
<sub_mch_id><![CDATA[10011481]]></sub_mch_id>
<time_end><![CDATA[20141113150754]]></time_end>
<total_fee>1</total_fee>
<trade_type><![CDATA[JSAPI]]></trade_type>
<transaction_id><![CDATA[1009560857201411130005880366]]></transaction_id>
</xml>


执行日期：2014-11-13-15：08：04
【接收到的notify通知】:
<xml><appid><![CDATA[wxe7e5a985ba3e3b17]]></appid>
<bank_type><![CDATA[ICBC_DEBIT]]></bank_type>
<fee_type><![CDATA[CNY]]></fee_type>
<is_subscribe><![CDATA[Y]]></is_subscribe>
<mch_id><![CDATA[10011481]]></mch_id>
<nonce_str><![CDATA[g9b8c7rinzhtu2dkh86t3toyrnrss61m]]></nonce_str>
<openid><![CDATA[oGRGsuPd1v5e4OBPuJhksjRCqr4c]]></openid>
<out_trade_no><![CDATA[wxe7e5a985ba3e3b171415862418]]></out_trade_no>
<result_code><![CDATA[SUCCESS]]></result_code>
<return_code><![CDATA[SUCCESS]]></return_code>
<sign><![CDATA[9E9D39000F0B933E442639043480C3AF]]></sign>
<sub_mch_id><![CDATA[10011481]]></sub_mch_id>
<time_end><![CDATA[20141113150754]]></time_end>
<total_fee>1</total_fee>
<trade_type><![CDATA[JSAPI]]></trade_type>
<transaction_id><![CDATA[1009560857201411130005880366]]></transaction_id>
</xml>


执行日期：2014-11-13-15：08：04
【支付成功】:
<xml><appid><![CDATA[wxe7e5a985ba3e3b17]]></appid>
<bank_type><![CDATA[ICBC_DEBIT]]></bank_type>
<fee_type><![CDATA[CNY]]></fee_type>
<is_subscribe><![CDATA[Y]]></is_subscribe>
<mch_id><![CDATA[10011481]]></mch_id>
<nonce_str><![CDATA[g9b8c7rinzhtu2dkh86t3toyrnrss61m]]></nonce_str>
<openid><![CDATA[oGRGsuPd1v5e4OBPuJhksjRCqr4c]]></openid>
<out_trade_no><![CDATA[wxe7e5a985ba3e3b171415862418]]></out_trade_no>
<result_code><![CDATA[SUCCESS]]></result_code>
<return_code><![CDATA[SUCCESS]]></return_code>
<sign><![CDATA[9E9D39000F0B933E442639043480C3AF]]></sign>
<sub_mch_id><![CDATA[10011481]]></sub_mch_id>
<time_end><![CDATA[20141113150754]]></time_end>
<total_fee>1</total_fee>
<trade_type><![CDATA[JSAPI]]></trade_type>
<transaction_id><![CDATA[1009560857201411130005880366]]></transaction_id>
</xml>


执行日期：2014-11-13-15：08：21
【接收到的notify通知】:
<xml><appid><![CDATA[wxe7e5a985ba3e3b17]]></appid>
<bank_type><![CDATA[ICBC_DEBIT]]></bank_type>
<fee_type><![CDATA[CNY]]></fee_type>
<is_subscribe><![CDATA[Y]]></is_subscribe>
<mch_id><![CDATA[10011481]]></mch_id>
<nonce_str><![CDATA[g9b8c7rinzhtu2dkh86t3toyrnrss61m]]></nonce_str>
<openid><![CDATA[oGRGsuPd1v5e4OBPuJhksjRCqr4c]]></openid>
<out_trade_no><![CDATA[wxe7e5a985ba3e3b171415862418]]></out_trade_no>
<result_code><![CDATA[SUCCESS]]></result_code>
<return_code><![CDATA[SUCCESS]]></return_code>
<sign><![CDATA[9E9D39000F0B933E442639043480C3AF]]></sign>
<sub_mch_id><![CDATA[10011481]]></sub_mch_id>
<time_end><![CDATA[20141113150754]]></time_end>
<total_fee>1</total_fee>
<trade_type><![CDATA[JSAPI]]></trade_type>
<transaction_id><![CDATA[1009560857201411130005880366]]></transaction_id>
</xml>


执行日期：2014-11-13-15：08：21
【支付成功】:
<xml><appid><![CDATA[wxe7e5a985ba3e3b17]]></appid>
<bank_type><![CDATA[ICBC_DEBIT]]></bank_type>
<fee_type><![CDATA[CNY]]></fee_type>
<is_subscribe><![CDATA[Y]]></is_subscribe>
<mch_id><![CDATA[10011481]]></mch_id>
<nonce_str><![CDATA[g9b8c7rinzhtu2dkh86t3toyrnrss61m]]></nonce_str>
<openid><![CDATA[oGRGsuPd1v5e4OBPuJhksjRCqr4c]]></openid>
<out_trade_no><![CDATA[wxe7e5a985ba3e3b171415862418]]></out_trade_no>
<result_code><![CDATA[SUCCESS]]></result_code>
<return_code><![CDATA[SUCCESS]]></return_code>
<sign><![CDATA[9E9D39000F0B933E442639043480C3AF]]></sign>
<sub_mch_id><![CDATA[10011481]]></sub_mch_id>
<time_end><![CDATA[20141113150754]]></time_end>
<total_fee>1</total_fee>
<trade_type><![CDATA[JSAPI]]></trade_type>
<transaction_id><![CDATA[1009560857201411130005880366]]></transaction_id>
</xml>


执行日期：2014-11-13-15：08：53
【接收到的notify通知】:
<xml><appid><![CDATA[wxe7e5a985ba3e3b17]]></appid>
<bank_type><![CDATA[ICBC_DEBIT]]></bank_type>
<fee_type><![CDATA[CNY]]></fee_type>
<is_subscribe><![CDATA[Y]]></is_subscribe>
<mch_id><![CDATA[10011481]]></mch_id>
<nonce_str><![CDATA[g9b8c7rinzhtu2dkh86t3toyrnrss61m]]></nonce_str>
<openid><![CDATA[oGRGsuPd1v5e4OBPuJhksjRCqr4c]]></openid>
<out_trade_no><![CDATA[wxe7e5a985ba3e3b171415862418]]></out_trade_no>
<result_code><![CDATA[SUCCESS]]></result_code>
<return_code><![CDATA[SUCCESS]]></return_code>
<sign><![CDATA[9E9D39000F0B933E442639043480C3AF]]></sign>
<sub_mch_id><![CDATA[10011481]]></sub_mch_id>
<time_end><![CDATA[20141113150754]]></time_end>
<total_fee>1</total_fee>
<trade_type><![CDATA[JSAPI]]></trade_type>
<transaction_id><![CDATA[1009560857201411130005880366]]></transaction_id>
</xml>


执行日期：2014-11-13-15：08：53
【支付成功】:
<xml><appid><![CDATA[wxe7e5a985ba3e3b17]]></appid>
<bank_type><![CDATA[ICBC_DEBIT]]></bank_type>
<fee_type><![CDATA[CNY]]></fee_type>
<is_subscribe><![CDATA[Y]]></is_subscribe>
<mch_id><![CDATA[10011481]]></mch_id>
<nonce_str><![CDATA[g9b8c7rinzhtu2dkh86t3toyrnrss61m]]></nonce_str>
<openid><![CDATA[oGRGsuPd1v5e4OBPuJhksjRCqr4c]]></openid>
<out_trade_no><![CDATA[wxe7e5a985ba3e3b171415862418]]></out_trade_no>
<result_code><![CDATA[SUCCESS]]></result_code>
<return_code><![CDATA[SUCCESS]]></return_code>
<sign><![CDATA[9E9D39000F0B933E442639043480C3AF]]></sign>
<sub_mch_id><![CDATA[10011481]]></sub_mch_id>
<time_end><![CDATA[20141113150754]]></time_end>
<total_fee>1</total_fee>
<trade_type><![CDATA[JSAPI]]></trade_type>
<transaction_id><![CDATA[1009560857201411130005880366]]></transaction_id>
</xml>


执行日期：2014-11-13-15：11：55
【接收到的notify通知】:
<xml><appid><![CDATA[wxe7e5a985ba3e3b17]]></appid>
<bank_type><![CDATA[ICBC_DEBIT]]></bank_type>
<fee_type><![CDATA[CNY]]></fee_type>
<is_subscribe><![CDATA[Y]]></is_subscribe>
<mch_id><![CDATA[10011481]]></mch_id>
<nonce_str><![CDATA[g9b8c7rinzhtu2dkh86t3toyrnrss61m]]></nonce_str>
<openid><![CDATA[oGRGsuPd1v5e4OBPuJhksjRCqr4c]]></openid>
<out_trade_no><![CDATA[wxe7e5a985ba3e3b171415862418]]></out_trade_no>
<result_code><![CDATA[SUCCESS]]></result_code>
<return_code><![CDATA[SUCCESS]]></return_code>
<sign><![CDATA[9E9D39000F0B933E442639043480C3AF]]></sign>
<sub_mch_id><![CDATA[10011481]]></sub_mch_id>
<time_end><![CDATA[20141113150754]]></time_end>
<total_fee>1</total_fee>
<trade_type><![CDATA[JSAPI]]></trade_type>
<transaction_id><![CDATA[1009560857201411130005880366]]></transaction_id>
</xml>


执行日期：2014-11-13-15：11：55
【支付成功】:
<xml><appid><![CDATA[wxe7e5a985ba3e3b17]]></appid>
<bank_type><![CDATA[ICBC_DEBIT]]></bank_type>
<fee_type><![CDATA[CNY]]></fee_type>
<is_subscribe><![CDATA[Y]]></is_subscribe>
<mch_id><![CDATA[10011481]]></mch_id>
<nonce_str><![CDATA[g9b8c7rinzhtu2dkh86t3toyrnrss61m]]></nonce_str>
<openid><![CDATA[oGRGsuPd1v5e4OBPuJhksjRCqr4c]]></openid>
<out_trade_no><![CDATA[wxe7e5a985ba3e3b171415862418]]></out_trade_no>
<result_code><![CDATA[SUCCESS]]></result_code>
<return_code><![CDATA[SUCCESS]]></return_code>
<sign><![CDATA[9E9D39000F0B933E442639043480C3AF]]></sign>
<sub_mch_id><![CDATA[10011481]]></sub_mch_id>
<time_end><![CDATA[20141113150754]]></time_end>
<total_fee>1</total_fee>
<trade_type><![CDATA[JSAPI]]></trade_type>
<transaction_id><![CDATA[1009560857201411130005880366]]></transaction_id>
</xml>


执行日期：2014-11-13-15：26：32
【接收到的notify通知】:
<xml><appid><![CDATA[wxe7e5a985ba3e3b17]]></appid>
<bank_type><![CDATA[ICBC_DEBIT]]></bank_type>
<fee_type><![CDATA[CNY]]></fee_type>
<is_subscribe><![CDATA[Y]]></is_subscribe>
<mch_id><![CDATA[10011481]]></mch_id>
<nonce_str><![CDATA[4bkkv77xi22t6xs8gzcd1fbh8yhqqiuv]]></nonce_str>
<openid><![CDATA[oGRGsuPd1v5e4OBPuJhksjRCqr4c]]></openid>
<out_trade_no><![CDATA[XLD1415863529]]></out_trade_no>
<result_code><![CDATA[SUCCESS]]></result_code>
<return_code><![CDATA[SUCCESS]]></return_code>
<sign><![CDATA[C72FCAD024C7B853CD9EB25D9DD1917A]]></sign>
<sub_mch_id><![CDATA[10011481]]></sub_mch_id>
<time_end><![CDATA[20141113152631]]></time_end>
<total_fee>1</total_fee>
<trade_type><![CDATA[JSAPI]]></trade_type>
<transaction_id><![CDATA[1009560857201411130005882712]]></transaction_id>
</xml>


执行日期：2014-11-13-15：26：32
【支付成功】:
<xml><appid><![CDATA[wxe7e5a985ba3e3b17]]></appid>
<bank_type><![CDATA[ICBC_DEBIT]]></bank_type>
<fee_type><![CDATA[CNY]]></fee_type>
<is_subscribe><![CDATA[Y]]></is_subscribe>
<mch_id><![CDATA[10011481]]></mch_id>
<nonce_str><![CDATA[4bkkv77xi22t6xs8gzcd1fbh8yhqqiuv]]></nonce_str>
<openid><![CDATA[oGRGsuPd1v5e4OBPuJhksjRCqr4c]]></openid>
<out_trade_no><![CDATA[XLD1415863529]]></out_trade_no>
<result_code><![CDATA[SUCCESS]]></result_code>
<return_code><![CDATA[SUCCESS]]></return_code>
<sign><![CDATA[C72FCAD024C7B853CD9EB25D9DD1917A]]></sign>
<sub_mch_id><![CDATA[10011481]]></sub_mch_id>
<time_end><![CDATA[20141113152631]]></time_end>
<total_fee>1</total_fee>
<trade_type><![CDATA[JSAPI]]></trade_type>
<transaction_id><![CDATA[1009560857201411130005882712]]></transaction_id>
</xml>


执行日期：2014-11-13-15：26：45
【接收到的notify通知】:
<xml><appid><![CDATA[wxe7e5a985ba3e3b17]]></appid>
<bank_type><![CDATA[ICBC_DEBIT]]></bank_type>
<fee_type><![CDATA[CNY]]></fee_type>
<is_subscribe><![CDATA[Y]]></is_subscribe>
<mch_id><![CDATA[10011481]]></mch_id>
<nonce_str><![CDATA[4bkkv77xi22t6xs8gzcd1fbh8yhqqiuv]]></nonce_str>
<openid><![CDATA[oGRGsuPd1v5e4OBPuJhksjRCqr4c]]></openid>
<out_trade_no><![CDATA[XLD1415863529]]></out_trade_no>
<result_code><![CDATA[SUCCESS]]></result_code>
<return_code><![CDATA[SUCCESS]]></return_code>
<sign><![CDATA[C72FCAD024C7B853CD9EB25D9DD1917A]]></sign>
<sub_mch_id><![CDATA[10011481]]></sub_mch_id>
<time_end><![CDATA[20141113152631]]></time_end>
<total_fee>1</total_fee>
<trade_type><![CDATA[JSAPI]]></trade_type>
<transaction_id><![CDATA[1009560857201411130005882712]]></transaction_id>
</xml>


执行日期：2014-11-13-15：26：45
【支付成功】:
<xml><appid><![CDATA[wxe7e5a985ba3e3b17]]></appid>
<bank_type><![CDATA[ICBC_DEBIT]]></bank_type>
<fee_type><![CDATA[CNY]]></fee_type>
<is_subscribe><![CDATA[Y]]></is_subscribe>
<mch_id><![CDATA[10011481]]></mch_id>
<nonce_str><![CDATA[4bkkv77xi22t6xs8gzcd1fbh8yhqqiuv]]></nonce_str>
<openid><![CDATA[oGRGsuPd1v5e4OBPuJhksjRCqr4c]]></openid>
<out_trade_no><![CDATA[XLD1415863529]]></out_trade_no>
<result_code><![CDATA[SUCCESS]]></result_code>
<return_code><![CDATA[SUCCESS]]></return_code>
<sign><![CDATA[C72FCAD024C7B853CD9EB25D9DD1917A]]></sign>
<sub_mch_id><![CDATA[10011481]]></sub_mch_id>
<time_end><![CDATA[20141113152631]]></time_end>
<total_fee>1</total_fee>
<trade_type><![CDATA[JSAPI]]></trade_type>
<transaction_id><![CDATA[1009560857201411130005882712]]></transaction_id>
</xml>


执行日期：2014-11-13-15：27：03
【接收到的notify通知】:
<xml><appid><![CDATA[wxe7e5a985ba3e3b17]]></appid>
<bank_type><![CDATA[ICBC_DEBIT]]></bank_type>
<fee_type><![CDATA[CNY]]></fee_type>
<is_subscribe><![CDATA[Y]]></is_subscribe>
<mch_id><![CDATA[10011481]]></mch_id>
<nonce_str><![CDATA[4bkkv77xi22t6xs8gzcd1fbh8yhqqiuv]]></nonce_str>
<openid><![CDATA[oGRGsuPd1v5e4OBPuJhksjRCqr4c]]></openid>
<out_trade_no><![CDATA[XLD1415863529]]></out_trade_no>
<result_code><![CDATA[SUCCESS]]></result_code>
<return_code><![CDATA[SUCCESS]]></return_code>
<sign><![CDATA[C72FCAD024C7B853CD9EB25D9DD1917A]]></sign>
<sub_mch_id><![CDATA[10011481]]></sub_mch_id>
<time_end><![CDATA[20141113152631]]></time_end>
<total_fee>1</total_fee>
<trade_type><![CDATA[JSAPI]]></trade_type>
<transaction_id><![CDATA[1009560857201411130005882712]]></transaction_id>
</xml>


执行日期：2014-11-13-15：27：03
【支付成功】:
<xml><appid><![CDATA[wxe7e5a985ba3e3b17]]></appid>
<bank_type><![CDATA[ICBC_DEBIT]]></bank_type>
<fee_type><![CDATA[CNY]]></fee_type>
<is_subscribe><![CDATA[Y]]></is_subscribe>
<mch_id><![CDATA[10011481]]></mch_id>
<nonce_str><![CDATA[4bkkv77xi22t6xs8gzcd1fbh8yhqqiuv]]></nonce_str>
<openid><![CDATA[oGRGsuPd1v5e4OBPuJhksjRCqr4c]]></openid>
<out_trade_no><![CDATA[XLD1415863529]]></out_trade_no>
<result_code><![CDATA[SUCCESS]]></result_code>
<return_code><![CDATA[SUCCESS]]></return_code>
<sign><![CDATA[C72FCAD024C7B853CD9EB25D9DD1917A]]></sign>
<sub_mch_id><![CDATA[10011481]]></sub_mch_id>
<time_end><![CDATA[20141113152631]]></time_end>
<total_fee>1</total_fee>
<trade_type><![CDATA[JSAPI]]></trade_type>
<transaction_id><![CDATA[1009560857201411130005882712]]></transaction_id>
</xml>


执行日期：2014-11-13-15：27：39
【接收到的notify通知】:
<xml><appid><![CDATA[wxe7e5a985ba3e3b17]]></appid>
<bank_type><![CDATA[ICBC_DEBIT]]></bank_type>
<fee_type><![CDATA[CNY]]></fee_type>
<is_subscribe><![CDATA[Y]]></is_subscribe>
<mch_id><![CDATA[10011481]]></mch_id>
<nonce_str><![CDATA[4bkkv77xi22t6xs8gzcd1fbh8yhqqiuv]]></nonce_str>
<openid><![CDATA[oGRGsuPd1v5e4OBPuJhksjRCqr4c]]></openid>
<out_trade_no><![CDATA[XLD1415863529]]></out_trade_no>
<result_code><![CDATA[SUCCESS]]></result_code>
<return_code><![CDATA[SUCCESS]]></return_code>
<sign><![CDATA[C72FCAD024C7B853CD9EB25D9DD1917A]]></sign>
<sub_mch_id><![CDATA[10011481]]></sub_mch_id>
<time_end><![CDATA[20141113152631]]></time_end>
<total_fee>1</total_fee>
<trade_type><![CDATA[JSAPI]]></trade_type>
<transaction_id><![CDATA[1009560857201411130005882712]]></transaction_id>
</xml>


执行日期：2014-11-13-15：27：39
【支付成功】:
<xml><appid><![CDATA[wxe7e5a985ba3e3b17]]></appid>
<bank_type><![CDATA[ICBC_DEBIT]]></bank_type>
<fee_type><![CDATA[CNY]]></fee_type>
<is_subscribe><![CDATA[Y]]></is_subscribe>
<mch_id><![CDATA[10011481]]></mch_id>
<nonce_str><![CDATA[4bkkv77xi22t6xs8gzcd1fbh8yhqqiuv]]></nonce_str>
<openid><![CDATA[oGRGsuPd1v5e4OBPuJhksjRCqr4c]]></openid>
<out_trade_no><![CDATA[XLD1415863529]]></out_trade_no>
<result_code><![CDATA[SUCCESS]]></result_code>
<return_code><![CDATA[SUCCESS]]></return_code>
<sign><![CDATA[C72FCAD024C7B853CD9EB25D9DD1917A]]></sign>
<sub_mch_id><![CDATA[10011481]]></sub_mch_id>
<time_end><![CDATA[20141113152631]]></time_end>
<total_fee>1</total_fee>
<trade_type><![CDATA[JSAPI]]></trade_type>
<transaction_id><![CDATA[1009560857201411130005882712]]></transaction_id>
</xml>


执行日期：2014-11-13-15：30：41
【接收到的notify通知】:
<xml><appid><![CDATA[wxe7e5a985ba3e3b17]]></appid>
<bank_type><![CDATA[ICBC_DEBIT]]></bank_type>
<fee_type><![CDATA[CNY]]></fee_type>
<is_subscribe><![CDATA[Y]]></is_subscribe>
<mch_id><![CDATA[10011481]]></mch_id>
<nonce_str><![CDATA[4bkkv77xi22t6xs8gzcd1fbh8yhqqiuv]]></nonce_str>
<openid><![CDATA[oGRGsuPd1v5e4OBPuJhksjRCqr4c]]></openid>
<out_trade_no><![CDATA[XLD1415863529]]></out_trade_no>
<result_code><![CDATA[SUCCESS]]></result_code>
<return_code><![CDATA[SUCCESS]]></return_code>
<sign><![CDATA[C72FCAD024C7B853CD9EB25D9DD1917A]]></sign>
<sub_mch_id><![CDATA[10011481]]></sub_mch_id>
<time_end><![CDATA[20141113152631]]></time_end>
<total_fee>1</total_fee>
<trade_type><![CDATA[JSAPI]]></trade_type>
<transaction_id><![CDATA[1009560857201411130005882712]]></transaction_id>
</xml>


执行日期：2014-11-13-15：30：41
【支付成功】:
<xml><appid><![CDATA[wxe7e5a985ba3e3b17]]></appid>
<bank_type><![CDATA[ICBC_DEBIT]]></bank_type>
<fee_type><![CDATA[CNY]]></fee_type>
<is_subscribe><![CDATA[Y]]></is_subscribe>
<mch_id><![CDATA[10011481]]></mch_id>
<nonce_str><![CDATA[4bkkv77xi22t6xs8gzcd1fbh8yhqqiuv]]></nonce_str>
<openid><![CDATA[oGRGsuPd1v5e4OBPuJhksjRCqr4c]]></openid>
<out_trade_no><![CDATA[XLD1415863529]]></out_trade_no>
<result_code><![CDATA[SUCCESS]]></result_code>
<return_code><![CDATA[SUCCESS]]></return_code>
<sign><![CDATA[C72FCAD024C7B853CD9EB25D9DD1917A]]></sign>
<sub_mch_id><![CDATA[10011481]]></sub_mch_id>
<time_end><![CDATA[20141113152631]]></time_end>
<total_fee>1</total_fee>
<trade_type><![CDATA[JSAPI]]></trade_type>
<transaction_id><![CDATA[1009560857201411130005882712]]></transaction_id>
</xml>


执行日期：2014-11-13-15：31：01
【接收到的notify通知】:
<xml><appid><![CDATA[wxe7e5a985ba3e3b17]]></appid>
<bank_type><![CDATA[ICBC_DEBIT]]></bank_type>
<fee_type><![CDATA[CNY]]></fee_type>
<is_subscribe><![CDATA[Y]]></is_subscribe>
<mch_id><![CDATA[10011481]]></mch_id>
<nonce_str><![CDATA[2c82lopujvaftcg2769k38s08ebw1itu]]></nonce_str>
<openid><![CDATA[oGRGsuPd1v5e4OBPuJhksjRCqr4c]]></openid>
<out_trade_no><![CDATA[XLD1415863842]]></out_trade_no>
<result_code><![CDATA[SUCCESS]]></result_code>
<return_code><![CDATA[SUCCESS]]></return_code>
<sign><![CDATA[E09F17BB6EBD54210010E0E3DC4FA6D5]]></sign>
<sub_mch_id><![CDATA[10011481]]></sub_mch_id>
<time_end><![CDATA[20141113153101]]></time_end>
<total_fee>1</total_fee>
<trade_type><![CDATA[JSAPI]]></trade_type>
<transaction_id><![CDATA[1009560857201411130005884509]]></transaction_id>
</xml>


执行日期：2014-11-13-15：31：01
【支付成功】:
<xml><appid><![CDATA[wxe7e5a985ba3e3b17]]></appid>
<bank_type><![CDATA[ICBC_DEBIT]]></bank_type>
<fee_type><![CDATA[CNY]]></fee_type>
<is_subscribe><![CDATA[Y]]></is_subscribe>
<mch_id><![CDATA[10011481]]></mch_id>
<nonce_str><![CDATA[2c82lopujvaftcg2769k38s08ebw1itu]]></nonce_str>
<openid><![CDATA[oGRGsuPd1v5e4OBPuJhksjRCqr4c]]></openid>
<out_trade_no><![CDATA[XLD1415863842]]></out_trade_no>
<result_code><![CDATA[SUCCESS]]></result_code>
<return_code><![CDATA[SUCCESS]]></return_code>
<sign><![CDATA[E09F17BB6EBD54210010E0E3DC4FA6D5]]></sign>
<sub_mch_id><![CDATA[10011481]]></sub_mch_id>
<time_end><![CDATA[20141113153101]]></time_end>
<total_fee>1</total_fee>
<trade_type><![CDATA[JSAPI]]></trade_type>
<transaction_id><![CDATA[1009560857201411130005884509]]></transaction_id>
</xml>


执行日期：2014-11-13-15：33：43
【接收到的notify通知】:
<xml><appid><![CDATA[wxe7e5a985ba3e3b17]]></appid>
<bank_type><![CDATA[ICBC_DEBIT]]></bank_type>
<fee_type><![CDATA[CNY]]></fee_type>
<is_subscribe><![CDATA[Y]]></is_subscribe>
<mch_id><![CDATA[10011481]]></mch_id>
<nonce_str><![CDATA[59ltwri0muoypmomzpr5bfx0mle4usw7]]></nonce_str>
<openid><![CDATA[oGRGsuPd1v5e4OBPuJhksjRCqr4c]]></openid>
<out_trade_no><![CDATA[XLD1415864005]]></out_trade_no>
<result_code><![CDATA[SUCCESS]]></result_code>
<return_code><![CDATA[SUCCESS]]></return_code>
<sign><![CDATA[8ABC3CB8352D197AD2BC0416404D6385]]></sign>
<sub_mch_id><![CDATA[10011481]]></sub_mch_id>
<time_end><![CDATA[20141113153342]]></time_end>
<total_fee>1</total_fee>
<trade_type><![CDATA[JSAPI]]></trade_type>
<transaction_id><![CDATA[1009560857201411130005880376]]></transaction_id>
</xml>


执行日期：2014-11-13-15：33：43
【支付成功】:
<xml><appid><![CDATA[wxe7e5a985ba3e3b17]]></appid>
<bank_type><![CDATA[ICBC_DEBIT]]></bank_type>
<fee_type><![CDATA[CNY]]></fee_type>
<is_subscribe><![CDATA[Y]]></is_subscribe>
<mch_id><![CDATA[10011481]]></mch_id>
<nonce_str><![CDATA[59ltwri0muoypmomzpr5bfx0mle4usw7]]></nonce_str>
<openid><![CDATA[oGRGsuPd1v5e4OBPuJhksjRCqr4c]]></openid>
<out_trade_no><![CDATA[XLD1415864005]]></out_trade_no>
<result_code><![CDATA[SUCCESS]]></result_code>
<return_code><![CDATA[SUCCESS]]></return_code>
<sign><![CDATA[8ABC3CB8352D197AD2BC0416404D6385]]></sign>
<sub_mch_id><![CDATA[10011481]]></sub_mch_id>
<time_end><![CDATA[20141113153342]]></time_end>
<total_fee>1</total_fee>
<trade_type><![CDATA[JSAPI]]></trade_type>
<transaction_id><![CDATA[1009560857201411130005880376]]></transaction_id>
</xml>


执行日期：2014-11-13-15：39：02
【接收到的notify通知】:
<xml><appid><![CDATA[wxe7e5a985ba3e3b17]]></appid>
<bank_type><![CDATA[ICBC_DEBIT]]></bank_type>
<fee_type><![CDATA[CNY]]></fee_type>
<is_subscribe><![CDATA[Y]]></is_subscribe>
<mch_id><![CDATA[10011481]]></mch_id>
<nonce_str><![CDATA[b6hfwhc8c3nxmgby6my80y0oiwrsytfk]]></nonce_str>
<openid><![CDATA[oGRGsuPd1v5e4OBPuJhksjRCqr4c]]></openid>
<out_trade_no><![CDATA[XLD1415864303]]></out_trade_no>
<result_code><![CDATA[SUCCESS]]></result_code>
<return_code><![CDATA[SUCCESS]]></return_code>
<sign><![CDATA[82D78EC133445751EC256C17469DAB3E]]></sign>
<sub_mch_id><![CDATA[10011481]]></sub_mch_id>
<time_end><![CDATA[20141113153859]]></time_end>
<total_fee>1</total_fee>
<trade_type><![CDATA[JSAPI]]></trade_type>
<transaction_id><![CDATA[1009560857201411130005881767]]></transaction_id>
</xml>


执行日期：2014-11-13-15：39：02
【支付成功】:
<xml><appid><![CDATA[wxe7e5a985ba3e3b17]]></appid>
<bank_type><![CDATA[ICBC_DEBIT]]></bank_type>
<fee_type><![CDATA[CNY]]></fee_type>
<is_subscribe><![CDATA[Y]]></is_subscribe>
<mch_id><![CDATA[10011481]]></mch_id>
<nonce_str><![CDATA[b6hfwhc8c3nxmgby6my80y0oiwrsytfk]]></nonce_str>
<openid><![CDATA[oGRGsuPd1v5e4OBPuJhksjRCqr4c]]></openid>
<out_trade_no><![CDATA[XLD1415864303]]></out_trade_no>
<result_code><![CDATA[SUCCESS]]></result_code>
<return_code><![CDATA[SUCCESS]]></return_code>
<sign><![CDATA[82D78EC133445751EC256C17469DAB3E]]></sign>
<sub_mch_id><![CDATA[10011481]]></sub_mch_id>
<time_end><![CDATA[20141113153859]]></time_end>
<total_fee>1</total_fee>
<trade_type><![CDATA[JSAPI]]></trade_type>
<transaction_id><![CDATA[1009560857201411130005881767]]></transaction_id>
</xml>


执行日期：2014-11-13-15：41：58
【接收到的notify通知】:
<xml><appid><![CDATA[wxe7e5a985ba3e3b17]]></appid>
<bank_type><![CDATA[ICBC_DEBIT]]></bank_type>
<fee_type><![CDATA[CNY]]></fee_type>
<is_subscribe><![CDATA[Y]]></is_subscribe>
<mch_id><![CDATA[10011481]]></mch_id>
<nonce_str><![CDATA[g9b8c7rinzhtu2dkh86t3toyrnrss61m]]></nonce_str>
<openid><![CDATA[oGRGsuPd1v5e4OBPuJhksjRCqr4c]]></openid>
<out_trade_no><![CDATA[wxe7e5a985ba3e3b171415862418]]></out_trade_no>
<result_code><![CDATA[SUCCESS]]></result_code>
<return_code><![CDATA[SUCCESS]]></return_code>
<sign><![CDATA[9E9D39000F0B933E442639043480C3AF]]></sign>
<sub_mch_id><![CDATA[10011481]]></sub_mch_id>
<time_end><![CDATA[20141113150754]]></time_end>
<total_fee>1</total_fee>
<trade_type><![CDATA[JSAPI]]></trade_type>
<transaction_id><![CDATA[1009560857201411130005880366]]></transaction_id>
</xml>


执行日期：2014-11-13-15：41：58
【支付成功】:
<xml><appid><![CDATA[wxe7e5a985ba3e3b17]]></appid>
<bank_type><![CDATA[ICBC_DEBIT]]></bank_type>
<fee_type><![CDATA[CNY]]></fee_type>
<is_subscribe><![CDATA[Y]]></is_subscribe>
<mch_id><![CDATA[10011481]]></mch_id>
<nonce_str><![CDATA[g9b8c7rinzhtu2dkh86t3toyrnrss61m]]></nonce_str>
<openid><![CDATA[oGRGsuPd1v5e4OBPuJhksjRCqr4c]]></openid>
<out_trade_no><![CDATA[wxe7e5a985ba3e3b171415862418]]></out_trade_no>
<result_code><![CDATA[SUCCESS]]></result_code>
<return_code><![CDATA[SUCCESS]]></return_code>
<sign><![CDATA[9E9D39000F0B933E442639043480C3AF]]></sign>
<sub_mch_id><![CDATA[10011481]]></sub_mch_id>
<time_end><![CDATA[20141113150754]]></time_end>
<total_fee>1</total_fee>
<trade_type><![CDATA[JSAPI]]></trade_type>
<transaction_id><![CDATA[1009560857201411130005880366]]></transaction_id>
</xml>


执行日期：2014-11-13-15：42：15
【接收到的notify通知】:
<xml><appid><![CDATA[wxe7e5a985ba3e3b17]]></appid>
<bank_type><![CDATA[ICBC_DEBIT]]></bank_type>
<fee_type><![CDATA[CNY]]></fee_type>
<is_subscribe><![CDATA[Y]]></is_subscribe>
<mch_id><![CDATA[10011481]]></mch_id>
<nonce_str><![CDATA[g7i3gywl2i0dc5fwaf7izl40gmnbogow]]></nonce_str>
<openid><![CDATA[oGRGsuPd1v5e4OBPuJhksjRCqr4c]]></openid>
<out_trade_no><![CDATA[XLD1415864519]]></out_trade_no>
<result_code><![CDATA[SUCCESS]]></result_code>
<return_code><![CDATA[SUCCESS]]></return_code>
<sign><![CDATA[CA680AA2ED2283F38691694DC649F11E]]></sign>
<sub_mch_id><![CDATA[10011481]]></sub_mch_id>
<time_end><![CDATA[20141113154214]]></time_end>
<total_fee>1</total_fee>
<trade_type><![CDATA[JSAPI]]></trade_type>
<transaction_id><![CDATA[1009560857201411130005885450]]></transaction_id>
</xml>


执行日期：2014-11-13-15：42：15
【支付成功】:
<xml><appid><![CDATA[wxe7e5a985ba3e3b17]]></appid>
<bank_type><![CDATA[ICBC_DEBIT]]></bank_type>
<fee_type><![CDATA[CNY]]></fee_type>
<is_subscribe><![CDATA[Y]]></is_subscribe>
<mch_id><![CDATA[10011481]]></mch_id>
<nonce_str><![CDATA[g7i3gywl2i0dc5fwaf7izl40gmnbogow]]></nonce_str>
<openid><![CDATA[oGRGsuPd1v5e4OBPuJhksjRCqr4c]]></openid>
<out_trade_no><![CDATA[XLD1415864519]]></out_trade_no>
<result_code><![CDATA[SUCCESS]]></result_code>
<return_code><![CDATA[SUCCESS]]></return_code>
<sign><![CDATA[CA680AA2ED2283F38691694DC649F11E]]></sign>
<sub_mch_id><![CDATA[10011481]]></sub_mch_id>
<time_end><![CDATA[20141113154214]]></time_end>
<total_fee>1</total_fee>
<trade_type><![CDATA[JSAPI]]></trade_type>
<transaction_id><![CDATA[1009560857201411130005885450]]></transaction_id>
</xml>


执行日期：2014-12-01-02：42：47
【接收到的notify通知】:
<xml><appid><![CDATA[wxe7e5a985ba3e3b17]]></appid>
<bank_type><![CDATA[CMB_CREDIT]]></bank_type>
<fee_type><![CDATA[CNY]]></fee_type>
<is_subscribe><![CDATA[Y]]></is_subscribe>
<mch_id><![CDATA[10011481]]></mch_id>
<nonce_str><![CDATA[xozo5pmv51tnllvs98ilovaxqliz5pqu]]></nonce_str>
<openid><![CDATA[oGRGsuFYpNJbXdnJpTa8AS_4JEuE]]></openid>
<out_trade_no><![CDATA[XLD1417372920]]></out_trade_no>
<result_code><![CDATA[SUCCESS]]></result_code>
<return_code><![CDATA[SUCCESS]]></return_code>
<sign><![CDATA[AABA7CCF79F5B42383200A3758A0B11E]]></sign>
<time_end><![CDATA[20141201024246]]></time_end>
<total_fee>1300</total_fee>
<trade_type><![CDATA[JSAPI]]></trade_type>
<transaction_id><![CDATA[1007730857201412010006330295]]></transaction_id>
</xml>


执行日期：2014-12-01-02：42：48
【支付成功】:
<xml><appid><![CDATA[wxe7e5a985ba3e3b17]]></appid>
<bank_type><![CDATA[CMB_CREDIT]]></bank_type>
<fee_type><![CDATA[CNY]]></fee_type>
<is_subscribe><![CDATA[Y]]></is_subscribe>
<mch_id><![CDATA[10011481]]></mch_id>
<nonce_str><![CDATA[xozo5pmv51tnllvs98ilovaxqliz5pqu]]></nonce_str>
<openid><![CDATA[oGRGsuFYpNJbXdnJpTa8AS_4JEuE]]></openid>
<out_trade_no><![CDATA[XLD1417372920]]></out_trade_no>
<result_code><![CDATA[SUCCESS]]></result_code>
<return_code><![CDATA[SUCCESS]]></return_code>
<sign><![CDATA[AABA7CCF79F5B42383200A3758A0B11E]]></sign>
<time_end><![CDATA[20141201024246]]></time_end>
<total_fee>1300</total_fee>
<trade_type><![CDATA[JSAPI]]></trade_type>
<transaction_id><![CDATA[1007730857201412010006330295]]></transaction_id>
</xml>


执行日期：2015-02-09-17：47：59
【接收到的notify通知】:
<xml><appid><![CDATA[wxde86151d025b9ef1]]></appid>
<bank_type><![CDATA[ICBC_CREDIT]]></bank_type>
<cash_fee><![CDATA[1]]></cash_fee>
<fee_type><![CDATA[CNY]]></fee_type>
<is_subscribe><![CDATA[Y]]></is_subscribe>
<mch_id><![CDATA[1229863402]]></mch_id>
<nonce_str><![CDATA[kmr1ciwasz0mf1x53yp4cslhh7zqnvnh]]></nonce_str>
<openid><![CDATA[ooqTSjtNBMlJJEMvA0IfytKZtmYQ]]></openid>
<out_trade_no><![CDATA[201502091734184224]]></out_trade_no>
<result_code><![CDATA[SUCCESS]]></result_code>
<return_code><![CDATA[SUCCESS]]></return_code>
<sign><![CDATA[4C8C7CDD54BFCDDE07B0A171E8F94458]]></sign>
<time_end><![CDATA[20150209174759]]></time_end>
<total_fee>1</total_fee>
<trade_type><![CDATA[JSAPI]]></trade_type>
<transaction_id><![CDATA[1009560958201502090015619431]]></transaction_id>
</xml>


执行日期：2015-02-09-17：47：59
【支付成功】:
<xml><appid><![CDATA[wxde86151d025b9ef1]]></appid>
<bank_type><![CDATA[ICBC_CREDIT]]></bank_type>
<cash_fee><![CDATA[1]]></cash_fee>
<fee_type><![CDATA[CNY]]></fee_type>
<is_subscribe><![CDATA[Y]]></is_subscribe>
<mch_id><![CDATA[1229863402]]></mch_id>
<nonce_str><![CDATA[kmr1ciwasz0mf1x53yp4cslhh7zqnvnh]]></nonce_str>
<openid><![CDATA[ooqTSjtNBMlJJEMvA0IfytKZtmYQ]]></openid>
<out_trade_no><![CDATA[201502091734184224]]></out_trade_no>
<result_code><![CDATA[SUCCESS]]></result_code>
<return_code><![CDATA[SUCCESS]]></return_code>
<sign><![CDATA[4C8C7CDD54BFCDDE07B0A171E8F94458]]></sign>
<time_end><![CDATA[20150209174759]]></time_end>
<total_fee>1</total_fee>
<trade_type><![CDATA[JSAPI]]></trade_type>
<transaction_id><![CDATA[1009560958201502090015619431]]></transaction_id>
</xml>


执行日期：2015-02-09-17：50：58
【接收到的notify通知】:
<xml><appid><![CDATA[wxde86151d025b9ef1]]></appid>
<bank_type><![CDATA[ICBC_CREDIT]]></bank_type>
<cash_fee><![CDATA[1]]></cash_fee>
<fee_type><![CDATA[CNY]]></fee_type>
<is_subscribe><![CDATA[Y]]></is_subscribe>
<mch_id><![CDATA[1229863402]]></mch_id>
<nonce_str><![CDATA[6kv914ipmewzv9z0d1efwmhkyjbmvgqn]]></nonce_str>
<openid><![CDATA[ooqTSjtNBMlJJEMvA0IfytKZtmYQ]]></openid>
<out_trade_no><![CDATA[201502091747451131]]></out_trade_no>
<result_code><![CDATA[SUCCESS]]></result_code>
<return_code><![CDATA[SUCCESS]]></return_code>
<sign><![CDATA[4726FCCA6E263D49A0ED959B88DB401B]]></sign>
<time_end><![CDATA[20150209175058]]></time_end>
<total_fee>1</total_fee>
<trade_type><![CDATA[JSAPI]]></trade_type>
<transaction_id><![CDATA[1009560958201502090015619107]]></transaction_id>
</xml>


执行日期：2015-02-09-17：50：58
【支付成功】:
<xml><appid><![CDATA[wxde86151d025b9ef1]]></appid>
<bank_type><![CDATA[ICBC_CREDIT]]></bank_type>
<cash_fee><![CDATA[1]]></cash_fee>
<fee_type><![CDATA[CNY]]></fee_type>
<is_subscribe><![CDATA[Y]]></is_subscribe>
<mch_id><![CDATA[1229863402]]></mch_id>
<nonce_str><![CDATA[6kv914ipmewzv9z0d1efwmhkyjbmvgqn]]></nonce_str>
<openid><![CDATA[ooqTSjtNBMlJJEMvA0IfytKZtmYQ]]></openid>
<out_trade_no><![CDATA[201502091747451131]]></out_trade_no>
<result_code><![CDATA[SUCCESS]]></result_code>
<return_code><![CDATA[SUCCESS]]></return_code>
<sign><![CDATA[4726FCCA6E263D49A0ED959B88DB401B]]></sign>
<time_end><![CDATA[20150209175058]]></time_end>
<total_fee>1</total_fee>
<trade_type><![CDATA[JSAPI]]></trade_type>
<transaction_id><![CDATA[1009560958201502090015619107]]></transaction_id>
</xml>


执行日期：2015-10-14-16?M?S
【接收到的notify通知】:
<xml><appid><![CDATA[wx8c5b2610f8e96334]]></appid>
<bank_type><![CDATA[CFT]]></bank_type>
<cash_fee><![CDATA[1]]></cash_fee>
<fee_type><![CDATA[CNY]]></fee_type>
<is_subscribe><![CDATA[Y]]></is_subscribe>
<mch_id><![CDATA[1265531901]]></mch_id>
<nonce_str><![CDATA[p4oux8iqnpq4ojqle520tro8c0207xl2]]></nonce_str>
<openid><![CDATA[oKhP4wpwTkv2v-FHfLPh-g7TKlT8]]></openid>
<out_trade_no><![CDATA[1_1444811893]]></out_trade_no>
<result_code><![CDATA[SUCCESS]]></result_code>
<return_code><![CDATA[SUCCESS]]></return_code>
<sign><![CDATA[78454CBC13D585EAD0B710C32EF9D9BD]]></sign>
<time_end><![CDATA[20151014163826]]></time_end>
<total_fee>1</total_fee>
<trade_type><![CDATA[JSAPI]]></trade_type>
<transaction_id><![CDATA[1009560914201510141194454893]]></transaction_id>
</xml>


执行日期：2015-10-14-16?M?S
【支付成功】:
<xml><appid><![CDATA[wx8c5b2610f8e96334]]></appid>
<bank_type><![CDATA[CFT]]></bank_type>
<cash_fee><![CDATA[1]]></cash_fee>
<fee_type><![CDATA[CNY]]></fee_type>
<is_subscribe><![CDATA[Y]]></is_subscribe>
<mch_id><![CDATA[1265531901]]></mch_id>
<nonce_str><![CDATA[p4oux8iqnpq4ojqle520tro8c0207xl2]]></nonce_str>
<openid><![CDATA[oKhP4wpwTkv2v-FHfLPh-g7TKlT8]]></openid>
<out_trade_no><![CDATA[1_1444811893]]></out_trade_no>
<result_code><![CDATA[SUCCESS]]></result_code>
<return_code><![CDATA[SUCCESS]]></return_code>
<sign><![CDATA[78454CBC13D585EAD0B710C32EF9D9BD]]></sign>
<time_end><![CDATA[20151014163826]]></time_end>
<total_fee>1</total_fee>
<trade_type><![CDATA[JSAPI]]></trade_type>
<transaction_id><![CDATA[1009560914201510141194454893]]></transaction_id>
</xml>


执行日期：2015-10-14-16?M?S
【接收到的notify通知】:
<xml><appid><![CDATA[wx8c5b2610f8e96334]]></appid>
<bank_type><![CDATA[CFT]]></bank_type>
<cash_fee><![CDATA[1]]></cash_fee>
<fee_type><![CDATA[CNY]]></fee_type>
<is_subscribe><![CDATA[Y]]></is_subscribe>
<mch_id><![CDATA[1265531901]]></mch_id>
<nonce_str><![CDATA[9ra3i13jpu8ng4sh5w79w6sqv8sc3tl0]]></nonce_str>
<openid><![CDATA[oKhP4wpwTkv2v-FHfLPh-g7TKlT8]]></openid>
<out_trade_no><![CDATA[1_1444812426]]></out_trade_no>
<result_code><![CDATA[SUCCESS]]></result_code>
<return_code><![CDATA[SUCCESS]]></return_code>
<sign><![CDATA[DC086715A58728F66D026FC2D5A5F9FC]]></sign>
<time_end><![CDATA[20151014164721]]></time_end>
<total_fee>1</total_fee>
<trade_type><![CDATA[JSAPI]]></trade_type>
<transaction_id><![CDATA[1009560914201510141194537156]]></transaction_id>
</xml>


执行日期：2015-10-14-16?M?S
【支付成功】:
<xml><appid><![CDATA[wx8c5b2610f8e96334]]></appid>
<bank_type><![CDATA[CFT]]></bank_type>
<cash_fee><![CDATA[1]]></cash_fee>
<fee_type><![CDATA[CNY]]></fee_type>
<is_subscribe><![CDATA[Y]]></is_subscribe>
<mch_id><![CDATA[1265531901]]></mch_id>
<nonce_str><![CDATA[9ra3i13jpu8ng4sh5w79w6sqv8sc3tl0]]></nonce_str>
<openid><![CDATA[oKhP4wpwTkv2v-FHfLPh-g7TKlT8]]></openid>
<out_trade_no><![CDATA[1_1444812426]]></out_trade_no>
<result_code><![CDATA[SUCCESS]]></result_code>
<return_code><![CDATA[SUCCESS]]></return_code>
<sign><![CDATA[DC086715A58728F66D026FC2D5A5F9FC]]></sign>
<time_end><![CDATA[20151014164721]]></time_end>
<total_fee>1</total_fee>
<trade_type><![CDATA[JSAPI]]></trade_type>
<transaction_id><![CDATA[1009560914201510141194537156]]></transaction_id>
</xml>


执行日期：2015-10-15-13?M?S
【接收到的notify通知】:
<xml><appid><![CDATA[wx8c5b2610f8e96334]]></appid>
<bank_type><![CDATA[CFT]]></bank_type>
<cash_fee><![CDATA[1]]></cash_fee>
<fee_type><![CDATA[CNY]]></fee_type>
<is_subscribe><![CDATA[Y]]></is_subscribe>
<mch_id><![CDATA[1265531901]]></mch_id>
<nonce_str><![CDATA[bib4nkgzgshke7ujmytymu7tcgcbiwrn]]></nonce_str>
<openid><![CDATA[oKhP4wpwTkv2v-FHfLPh-g7TKlT8]]></openid>
<out_trade_no><![CDATA[1_1444887471]]></out_trade_no>
<result_code><![CDATA[SUCCESS]]></result_code>
<return_code><![CDATA[SUCCESS]]></return_code>
<sign><![CDATA[AC0868C768365251596A281CA7E07A56]]></sign>
<time_end><![CDATA[20151015133809]]></time_end>
<total_fee>1</total_fee>
<trade_type><![CDATA[JSAPI]]></trade_type>
<transaction_id><![CDATA[1009560914201510151204458849]]></transaction_id>
</xml>


执行日期：2015-10-15-13?M?S
【支付成功】:
<xml><appid><![CDATA[wx8c5b2610f8e96334]]></appid>
<bank_type><![CDATA[CFT]]></bank_type>
<cash_fee><![CDATA[1]]></cash_fee>
<fee_type><![CDATA[CNY]]></fee_type>
<is_subscribe><![CDATA[Y]]></is_subscribe>
<mch_id><![CDATA[1265531901]]></mch_id>
<nonce_str><![CDATA[bib4nkgzgshke7ujmytymu7tcgcbiwrn]]></nonce_str>
<openid><![CDATA[oKhP4wpwTkv2v-FHfLPh-g7TKlT8]]></openid>
<out_trade_no><![CDATA[1_1444887471]]></out_trade_no>
<result_code><![CDATA[SUCCESS]]></result_code>
<return_code><![CDATA[SUCCESS]]></return_code>
<sign><![CDATA[AC0868C768365251596A281CA7E07A56]]></sign>
<time_end><![CDATA[20151015133809]]></time_end>
<total_fee>1</total_fee>
<trade_type><![CDATA[JSAPI]]></trade_type>
<transaction_id><![CDATA[1009560914201510151204458849]]></transaction_id>
</xml>


执行日期：2015-10-21-15?M?S
【接收到的notify通知】:
<xml><appid><![CDATA[wx8c5b2610f8e96334]]></appid>
<bank_type><![CDATA[CFT]]></bank_type>
<cash_fee><![CDATA[2]]></cash_fee>
<fee_type><![CDATA[CNY]]></fee_type>
<is_subscribe><![CDATA[Y]]></is_subscribe>
<mch_id><![CDATA[1265531901]]></mch_id>
<nonce_str><![CDATA[fs06c8pm6tbnup2p7axer0w1rhr4v0zz]]></nonce_str>
<openid><![CDATA[oKhP4wq4GJuwSg8moj3mMxRdR2SM]]></openid>
<out_trade_no><![CDATA[DG10211550154775]]></out_trade_no>
<result_code><![CDATA[SUCCESS]]></result_code>
<return_code><![CDATA[SUCCESS]]></return_code>
<sign><![CDATA[E407960FD204EF4A7788849B945AAD4C]]></sign>
<time_end><![CDATA[20151021155031]]></time_end>
<total_fee>2</total_fee>
<trade_type><![CDATA[JSAPI]]></trade_type>
<transaction_id><![CDATA[1004350914201510211278658782]]></transaction_id>
</xml>


执行日期：2015-10-21-15?M?S
【支付成功】:
<xml><appid><![CDATA[wx8c5b2610f8e96334]]></appid>
<bank_type><![CDATA[CFT]]></bank_type>
<cash_fee><![CDATA[2]]></cash_fee>
<fee_type><![CDATA[CNY]]></fee_type>
<is_subscribe><![CDATA[Y]]></is_subscribe>
<mch_id><![CDATA[1265531901]]></mch_id>
<nonce_str><![CDATA[fs06c8pm6tbnup2p7axer0w1rhr4v0zz]]></nonce_str>
<openid><![CDATA[oKhP4wq4GJuwSg8moj3mMxRdR2SM]]></openid>
<out_trade_no><![CDATA[DG10211550154775]]></out_trade_no>
<result_code><![CDATA[SUCCESS]]></result_code>
<return_code><![CDATA[SUCCESS]]></return_code>
<sign><![CDATA[E407960FD204EF4A7788849B945AAD4C]]></sign>
<time_end><![CDATA[20151021155031]]></time_end>
<total_fee>2</total_fee>
<trade_type><![CDATA[JSAPI]]></trade_type>
<transaction_id><![CDATA[1004350914201510211278658782]]></transaction_id>
</xml>


执行日期：2015-10-21-16?M?S
【接收到的notify通知】:
<xml><appid><![CDATA[wx8c5b2610f8e96334]]></appid>
<bank_type><![CDATA[CFT]]></bank_type>
<cash_fee><![CDATA[1]]></cash_fee>
<fee_type><![CDATA[CNY]]></fee_type>
<is_subscribe><![CDATA[Y]]></is_subscribe>
<mch_id><![CDATA[1265531901]]></mch_id>
<nonce_str><![CDATA[46shs8j6zodijvs6vl3875lrwcqu0c0l]]></nonce_str>
<openid><![CDATA[oKhP4wq4GJuwSg8moj3mMxRdR2SM]]></openid>
<out_trade_no><![CDATA[DG10211615558217]]></out_trade_no>
<result_code><![CDATA[SUCCESS]]></result_code>
<return_code><![CDATA[SUCCESS]]></return_code>
<sign><![CDATA[30880C743C860AA3EDAC91B6B0D9E0A3]]></sign>
<time_end><![CDATA[20151021161602]]></time_end>
<total_fee>1</total_fee>
<trade_type><![CDATA[JSAPI]]></trade_type>
<transaction_id><![CDATA[1004350914201510211278941156]]></transaction_id>
</xml>


执行日期：2015-10-21-16?M?S
【支付成功】:
<xml><appid><![CDATA[wx8c5b2610f8e96334]]></appid>
<bank_type><![CDATA[CFT]]></bank_type>
<cash_fee><![CDATA[1]]></cash_fee>
<fee_type><![CDATA[CNY]]></fee_type>
<is_subscribe><![CDATA[Y]]></is_subscribe>
<mch_id><![CDATA[1265531901]]></mch_id>
<nonce_str><![CDATA[46shs8j6zodijvs6vl3875lrwcqu0c0l]]></nonce_str>
<openid><![CDATA[oKhP4wq4GJuwSg8moj3mMxRdR2SM]]></openid>
<out_trade_no><![CDATA[DG10211615558217]]></out_trade_no>
<result_code><![CDATA[SUCCESS]]></result_code>
<return_code><![CDATA[SUCCESS]]></return_code>
<sign><![CDATA[30880C743C860AA3EDAC91B6B0D9E0A3]]></sign>
<time_end><![CDATA[20151021161602]]></time_end>
<total_fee>1</total_fee>
<trade_type><![CDATA[JSAPI]]></trade_type>
<transaction_id><![CDATA[1004350914201510211278941156]]></transaction_id>
</xml>


执行日期：2015-10-21-16?M?S
【接收到的notify通知】:
<xml><appid><![CDATA[wx8c5b2610f8e96334]]></appid>
<bank_type><![CDATA[CFT]]></bank_type>
<cash_fee><![CDATA[1]]></cash_fee>
<fee_type><![CDATA[CNY]]></fee_type>
<is_subscribe><![CDATA[Y]]></is_subscribe>
<mch_id><![CDATA[1265531901]]></mch_id>
<nonce_str><![CDATA[co6r9ygq8g88poyuyam6gfdicfuuxavh]]></nonce_str>
<openid><![CDATA[oKhP4wq4GJuwSg8moj3mMxRdR2SM]]></openid>
<out_trade_no><![CDATA[DG10211638111800]]></out_trade_no>
<result_code><![CDATA[SUCCESS]]></result_code>
<return_code><![CDATA[SUCCESS]]></return_code>
<sign><![CDATA[F282168AFA6A449F0AB63BB5E353EAD1]]></sign>
<time_end><![CDATA[20151021163822]]></time_end>
<total_fee>1</total_fee>
<trade_type><![CDATA[JSAPI]]></trade_type>
<transaction_id><![CDATA[1004350914201510211279197675]]></transaction_id>
</xml>


执行日期：2015-10-21-16?M?S
【支付成功】:
<xml><appid><![CDATA[wx8c5b2610f8e96334]]></appid>
<bank_type><![CDATA[CFT]]></bank_type>
<cash_fee><![CDATA[1]]></cash_fee>
<fee_type><![CDATA[CNY]]></fee_type>
<is_subscribe><![CDATA[Y]]></is_subscribe>
<mch_id><![CDATA[1265531901]]></mch_id>
<nonce_str><![CDATA[co6r9ygq8g88poyuyam6gfdicfuuxavh]]></nonce_str>
<openid><![CDATA[oKhP4wq4GJuwSg8moj3mMxRdR2SM]]></openid>
<out_trade_no><![CDATA[DG10211638111800]]></out_trade_no>
<result_code><![CDATA[SUCCESS]]></result_code>
<return_code><![CDATA[SUCCESS]]></return_code>
<sign><![CDATA[F282168AFA6A449F0AB63BB5E353EAD1]]></sign>
<time_end><![CDATA[20151021163822]]></time_end>
<total_fee>1</total_fee>
<trade_type><![CDATA[JSAPI]]></trade_type>
<transaction_id><![CDATA[1004350914201510211279197675]]></transaction_id>
</xml>


执行日期：2015-10-21-16?M?S
【接收到的notify通知】:
<xml><appid><![CDATA[wx8c5b2610f8e96334]]></appid>
<bank_type><![CDATA[CFT]]></bank_type>
<cash_fee><![CDATA[1]]></cash_fee>
<fee_type><![CDATA[CNY]]></fee_type>
<is_subscribe><![CDATA[Y]]></is_subscribe>
<mch_id><![CDATA[1265531901]]></mch_id>
<nonce_str><![CDATA[7wwftlqld4wxbv2zf8whqqwd0rn18mkd]]></nonce_str>
<openid><![CDATA[oKhP4wq4GJuwSg8moj3mMxRdR2SM]]></openid>
<out_trade_no><![CDATA[DG10211652548788]]></out_trade_no>
<result_code><![CDATA[SUCCESS]]></result_code>
<return_code><![CDATA[SUCCESS]]></return_code>
<sign><![CDATA[942B40EEC700A66BB89B50319A033B47]]></sign>
<time_end><![CDATA[20151021165302]]></time_end>
<total_fee>1</total_fee>
<trade_type><![CDATA[JSAPI]]></trade_type>
<transaction_id><![CDATA[1004350914201510211279352372]]></transaction_id>
</xml>


执行日期：2015-10-21-16?M?S
【支付成功】:
<xml><appid><![CDATA[wx8c5b2610f8e96334]]></appid>
<bank_type><![CDATA[CFT]]></bank_type>
<cash_fee><![CDATA[1]]></cash_fee>
<fee_type><![CDATA[CNY]]></fee_type>
<is_subscribe><![CDATA[Y]]></is_subscribe>
<mch_id><![CDATA[1265531901]]></mch_id>
<nonce_str><![CDATA[7wwftlqld4wxbv2zf8whqqwd0rn18mkd]]></nonce_str>
<openid><![CDATA[oKhP4wq4GJuwSg8moj3mMxRdR2SM]]></openid>
<out_trade_no><![CDATA[DG10211652548788]]></out_trade_no>
<result_code><![CDATA[SUCCESS]]></result_code>
<return_code><![CDATA[SUCCESS]]></return_code>
<sign><![CDATA[942B40EEC700A66BB89B50319A033B47]]></sign>
<time_end><![CDATA[20151021165302]]></time_end>
<total_fee>1</total_fee>
<trade_type><![CDATA[JSAPI]]></trade_type>
<transaction_id><![CDATA[1004350914201510211279352372]]></transaction_id>
</xml>


执行日期：2015-10-22-18?M?S
【接收到的notify通知】:
<xml><appid><![CDATA[wx8c5b2610f8e96334]]></appid>
<bank_type><![CDATA[CFT]]></bank_type>
<cash_fee><![CDATA[1]]></cash_fee>
<fee_type><![CDATA[CNY]]></fee_type>
<is_subscribe><![CDATA[Y]]></is_subscribe>
<mch_id><![CDATA[1265531901]]></mch_id>
<nonce_str><![CDATA[dcn0inwu7pp00f1jggke29k18xw2opl7]]></nonce_str>
<openid><![CDATA[oKhP4wq4GJuwSg8moj3mMxRdR2SM]]></openid>
<out_trade_no><![CDATA[DG10221819094035]]></out_trade_no>
<result_code><![CDATA[SUCCESS]]></result_code>
<return_code><![CDATA[SUCCESS]]></return_code>
<sign><![CDATA[7187DDE505F79303314BE8FAC325F707]]></sign>
<time_end><![CDATA[20151022181917]]></time_end>
<total_fee>1</total_fee>
<trade_type><![CDATA[JSAPI]]></trade_type>
<transaction_id><![CDATA[1004350914201510221292583933]]></transaction_id>
</xml>


执行日期：2015-10-22-18?M?S
【支付成功】:
<xml><appid><![CDATA[wx8c5b2610f8e96334]]></appid>
<bank_type><![CDATA[CFT]]></bank_type>
<cash_fee><![CDATA[1]]></cash_fee>
<fee_type><![CDATA[CNY]]></fee_type>
<is_subscribe><![CDATA[Y]]></is_subscribe>
<mch_id><![CDATA[1265531901]]></mch_id>
<nonce_str><![CDATA[dcn0inwu7pp00f1jggke29k18xw2opl7]]></nonce_str>
<openid><![CDATA[oKhP4wq4GJuwSg8moj3mMxRdR2SM]]></openid>
<out_trade_no><![CDATA[DG10221819094035]]></out_trade_no>
<result_code><![CDATA[SUCCESS]]></result_code>
<return_code><![CDATA[SUCCESS]]></return_code>
<sign><![CDATA[7187DDE505F79303314BE8FAC325F707]]></sign>
<time_end><![CDATA[20151022181917]]></time_end>
<total_fee>1</total_fee>
<trade_type><![CDATA[JSAPI]]></trade_type>
<transaction_id><![CDATA[1004350914201510221292583933]]></transaction_id>
</xml>


执行日期：2015-10-22-18?M?S
【接收到的notify通知】:
<xml><appid><![CDATA[wx8c5b2610f8e96334]]></appid>
<bank_type><![CDATA[CFT]]></bank_type>
<cash_fee><![CDATA[2]]></cash_fee>
<fee_type><![CDATA[CNY]]></fee_type>
<is_subscribe><![CDATA[Y]]></is_subscribe>
<mch_id><![CDATA[1265531901]]></mch_id>
<nonce_str><![CDATA[l7fdoxnyjsqw94zbskuy33fi4mds17ts]]></nonce_str>
<openid><![CDATA[oKhP4wpWQYY5Fy8JqgsWvlXT9YrQ]]></openid>
<out_trade_no><![CDATA[DG10221832155302]]></out_trade_no>
<result_code><![CDATA[SUCCESS]]></result_code>
<return_code><![CDATA[SUCCESS]]></return_code>
<sign><![CDATA[398FB2193A20CEB97783B8D224F532FC]]></sign>
<time_end><![CDATA[20151022183224]]></time_end>
<total_fee>2</total_fee>
<trade_type><![CDATA[JSAPI]]></trade_type>
<transaction_id><![CDATA[1009760914201510221292777396]]></transaction_id>
</xml>


执行日期：2015-10-22-18?M?S
【支付成功】:
<xml><appid><![CDATA[wx8c5b2610f8e96334]]></appid>
<bank_type><![CDATA[CFT]]></bank_type>
<cash_fee><![CDATA[2]]></cash_fee>
<fee_type><![CDATA[CNY]]></fee_type>
<is_subscribe><![CDATA[Y]]></is_subscribe>
<mch_id><![CDATA[1265531901]]></mch_id>
<nonce_str><![CDATA[l7fdoxnyjsqw94zbskuy33fi4mds17ts]]></nonce_str>
<openid><![CDATA[oKhP4wpWQYY5Fy8JqgsWvlXT9YrQ]]></openid>
<out_trade_no><![CDATA[DG10221832155302]]></out_trade_no>
<result_code><![CDATA[SUCCESS]]></result_code>
<return_code><![CDATA[SUCCESS]]></return_code>
<sign><![CDATA[398FB2193A20CEB97783B8D224F532FC]]></sign>
<time_end><![CDATA[20151022183224]]></time_end>
<total_fee>2</total_fee>
<trade_type><![CDATA[JSAPI]]></trade_type>
<transaction_id><![CDATA[1009760914201510221292777396]]></transaction_id>
</xml>


执行日期：2015-10-23-15?M?S
【接收到的notify通知】:



执行日期：2015-10-23-18?M?S
【接收到的notify通知】:



执行日期：2015-10-24-21?M?S
【接收到的notify通知】:
<xml><appid><![CDATA[wx8c5b2610f8e96334]]></appid>
<bank_type><![CDATA[PSBC_DEBIT]]></bank_type>
<cash_fee><![CDATA[1]]></cash_fee>
<fee_type><![CDATA[CNY]]></fee_type>
<is_subscribe><![CDATA[Y]]></is_subscribe>
<mch_id><![CDATA[1265531901]]></mch_id>
<nonce_str><![CDATA[2mzb4lod841sl7itrnaiatvoe5uht5p3]]></nonce_str>
<openid><![CDATA[oKhP4wuAccI1RLLhWGSEEUr4YE88]]></openid>
<out_trade_no><![CDATA[2_1445694964]]></out_trade_no>
<result_code><![CDATA[SUCCESS]]></result_code>
<return_code><![CDATA[SUCCESS]]></return_code>
<sign><![CDATA[45E49AB67BB9048FCFE1FDE87BC83BEF]]></sign>
<time_end><![CDATA[20151024215633]]></time_end>
<total_fee>1</total_fee>
<trade_type><![CDATA[JSAPI]]></trade_type>
<transaction_id><![CDATA[1006850914201510241321171578]]></transaction_id>
</xml>


执行日期：2015-10-24-21?M?S
【支付成功】:
<xml><appid><![CDATA[wx8c5b2610f8e96334]]></appid>
<bank_type><![CDATA[PSBC_DEBIT]]></bank_type>
<cash_fee><![CDATA[1]]></cash_fee>
<fee_type><![CDATA[CNY]]></fee_type>
<is_subscribe><![CDATA[Y]]></is_subscribe>
<mch_id><![CDATA[1265531901]]></mch_id>
<nonce_str><![CDATA[2mzb4lod841sl7itrnaiatvoe5uht5p3]]></nonce_str>
<openid><![CDATA[oKhP4wuAccI1RLLhWGSEEUr4YE88]]></openid>
<out_trade_no><![CDATA[2_1445694964]]></out_trade_no>
<result_code><![CDATA[SUCCESS]]></result_code>
<return_code><![CDATA[SUCCESS]]></return_code>
<sign><![CDATA[45E49AB67BB9048FCFE1FDE87BC83BEF]]></sign>
<time_end><![CDATA[20151024215633]]></time_end>
<total_fee>1</total_fee>
<trade_type><![CDATA[JSAPI]]></trade_type>
<transaction_id><![CDATA[1006850914201510241321171578]]></transaction_id>
</xml>


执行日期：2015-10-25-10?M?S
【接收到的notify通知】:



执行日期：2015-10-26-00?M?S
【接收到的notify通知】:
<xml><appid><![CDATA[wx8c5b2610f8e96334]]></appid>
<bank_type><![CDATA[ICBC_DEBIT]]></bank_type>
<cash_fee><![CDATA[10]]></cash_fee>
<fee_type><![CDATA[CNY]]></fee_type>
<is_subscribe><![CDATA[Y]]></is_subscribe>
<mch_id><![CDATA[1265531901]]></mch_id>
<nonce_str><![CDATA[5zrjlyvb4tsnq8pxi6rt8htbwumplwb2]]></nonce_str>
<openid><![CDATA[oKhP4wq4GJuwSg8moj3mMxRdR2SM]]></openid>
<out_trade_no><![CDATA[DG10251744099420_42]]></out_trade_no>
<result_code><![CDATA[SUCCESS]]></result_code>
<return_code><![CDATA[SUCCESS]]></return_code>
<sign><![CDATA[37E7A444D515A6D7C22487B2BC41FD99]]></sign>
<time_end><![CDATA[20151026004141]]></time_end>
<total_fee>10</total_fee>
<trade_type><![CDATA[JSAPI]]></trade_type>
<transaction_id><![CDATA[1004350914201510261334642279]]></transaction_id>
</xml>


执行日期：2015-10-26-00?M?S
【支付成功】:
<xml><appid><![CDATA[wx8c5b2610f8e96334]]></appid>
<bank_type><![CDATA[ICBC_DEBIT]]></bank_type>
<cash_fee><![CDATA[10]]></cash_fee>
<fee_type><![CDATA[CNY]]></fee_type>
<is_subscribe><![CDATA[Y]]></is_subscribe>
<mch_id><![CDATA[1265531901]]></mch_id>
<nonce_str><![CDATA[5zrjlyvb4tsnq8pxi6rt8htbwumplwb2]]></nonce_str>
<openid><![CDATA[oKhP4wq4GJuwSg8moj3mMxRdR2SM]]></openid>
<out_trade_no><![CDATA[DG10251744099420_42]]></out_trade_no>
<result_code><![CDATA[SUCCESS]]></result_code>
<return_code><![CDATA[SUCCESS]]></return_code>
<sign><![CDATA[37E7A444D515A6D7C22487B2BC41FD99]]></sign>
<time_end><![CDATA[20151026004141]]></time_end>
<total_fee>10</total_fee>
<trade_type><![CDATA[JSAPI]]></trade_type>
<transaction_id><![CDATA[1004350914201510261334642279]]></transaction_id>
</xml>


执行日期：2015-10-26-10?M?S
【接收到的notify通知】:
<xml><appid><![CDATA[wx8c5b2610f8e96334]]></appid>
<bank_type><![CDATA[ICBC_DEBIT]]></bank_type>
<cash_fee><![CDATA[1]]></cash_fee>
<fee_type><![CDATA[CNY]]></fee_type>
<is_subscribe><![CDATA[Y]]></is_subscribe>
<mch_id><![CDATA[1265531901]]></mch_id>
<nonce_str><![CDATA[hnwn0fqebefn8uevgbcl5sc7c1utaamf]]></nonce_str>
<openid><![CDATA[oKhP4wnDC2OlBt7rtWZfepq62I1w]]></openid>
<out_trade_no><![CDATA[4_1445826113]]></out_trade_no>
<result_code><![CDATA[SUCCESS]]></result_code>
<return_code><![CDATA[SUCCESS]]></return_code>
<sign><![CDATA[EE4F8C369FA0C60E7193567B4BF9AD1C]]></sign>
<time_end><![CDATA[20151026102205]]></time_end>
<total_fee>1</total_fee>
<trade_type><![CDATA[JSAPI]]></trade_type>
<transaction_id><![CDATA[1000080914201510261336408697]]></transaction_id>
</xml>


执行日期：2015-10-26-10?M?S
【支付成功】:
<xml><appid><![CDATA[wx8c5b2610f8e96334]]></appid>
<bank_type><![CDATA[ICBC_DEBIT]]></bank_type>
<cash_fee><![CDATA[1]]></cash_fee>
<fee_type><![CDATA[CNY]]></fee_type>
<is_subscribe><![CDATA[Y]]></is_subscribe>
<mch_id><![CDATA[1265531901]]></mch_id>
<nonce_str><![CDATA[hnwn0fqebefn8uevgbcl5sc7c1utaamf]]></nonce_str>
<openid><![CDATA[oKhP4wnDC2OlBt7rtWZfepq62I1w]]></openid>
<out_trade_no><![CDATA[4_1445826113]]></out_trade_no>
<result_code><![CDATA[SUCCESS]]></result_code>
<return_code><![CDATA[SUCCESS]]></return_code>
<sign><![CDATA[EE4F8C369FA0C60E7193567B4BF9AD1C]]></sign>
<time_end><![CDATA[20151026102205]]></time_end>
<total_fee>1</total_fee>
<trade_type><![CDATA[JSAPI]]></trade_type>
<transaction_id><![CDATA[1000080914201510261336408697]]></transaction_id>
</xml>


执行日期：2015-10-26-10?M?S
【接收到的notify通知】:
<xml><appid><![CDATA[wx8c5b2610f8e96334]]></appid>
<bank_type><![CDATA[CMBC_DEBIT]]></bank_type>
<cash_fee><![CDATA[1]]></cash_fee>
<fee_type><![CDATA[CNY]]></fee_type>
<is_subscribe><![CDATA[N]]></is_subscribe>
<mch_id><![CDATA[1265531901]]></mch_id>
<nonce_str><![CDATA[bfji1m3ie2un7st1yzz05cye4es7jjrh]]></nonce_str>
<openid><![CDATA[oKhP4wkyKj3XLPPiRw97kWbhs-qY]]></openid>
<out_trade_no><![CDATA[7_1445827109]]></out_trade_no>
<result_code><![CDATA[SUCCESS]]></result_code>
<return_code><![CDATA[SUCCESS]]></return_code>
<sign><![CDATA[D7E59A33E5EC899F9DB186E5216BA398]]></sign>
<time_end><![CDATA[20151026103839]]></time_end>
<total_fee>1</total_fee>
<trade_type><![CDATA[JSAPI]]></trade_type>
<transaction_id><![CDATA[1007360914201510261336635268]]></transaction_id>
</xml>


执行日期：2015-10-26-10?M?S
【支付成功】:
<xml><appid><![CDATA[wx8c5b2610f8e96334]]></appid>
<bank_type><![CDATA[CMBC_DEBIT]]></bank_type>
<cash_fee><![CDATA[1]]></cash_fee>
<fee_type><![CDATA[CNY]]></fee_type>
<is_subscribe><![CDATA[N]]></is_subscribe>
<mch_id><![CDATA[1265531901]]></mch_id>
<nonce_str><![CDATA[bfji1m3ie2un7st1yzz05cye4es7jjrh]]></nonce_str>
<openid><![CDATA[oKhP4wkyKj3XLPPiRw97kWbhs-qY]]></openid>
<out_trade_no><![CDATA[7_1445827109]]></out_trade_no>
<result_code><![CDATA[SUCCESS]]></result_code>
<return_code><![CDATA[SUCCESS]]></return_code>
<sign><![CDATA[D7E59A33E5EC899F9DB186E5216BA398]]></sign>
<time_end><![CDATA[20151026103839]]></time_end>
<total_fee>1</total_fee>
<trade_type><![CDATA[JSAPI]]></trade_type>
<transaction_id><![CDATA[1007360914201510261336635268]]></transaction_id>
</xml>


执行日期：2015-10-26-11?M?S
【接收到的notify通知】:
<xml><appid><![CDATA[wx8c5b2610f8e96334]]></appid>
<bank_type><![CDATA[ICBC_DEBIT]]></bank_type>
<cash_fee><![CDATA[1]]></cash_fee>
<fee_type><![CDATA[CNY]]></fee_type>
<is_subscribe><![CDATA[Y]]></is_subscribe>
<mch_id><![CDATA[1265531901]]></mch_id>
<nonce_str><![CDATA[0twzho7s65a9hjdnau1tioaigm16eo80]]></nonce_str>
<openid><![CDATA[oKhP4wnDC2OlBt7rtWZfepq62I1w]]></openid>
<out_trade_no><![CDATA[4_1445828494]]></out_trade_no>
<result_code><![CDATA[SUCCESS]]></result_code>
<return_code><![CDATA[SUCCESS]]></return_code>
<sign><![CDATA[EE6465284EAD154D9EAEB69BCCECCF70]]></sign>
<time_end><![CDATA[20151026110146]]></time_end>
<total_fee>1</total_fee>
<trade_type><![CDATA[JSAPI]]></trade_type>
<transaction_id><![CDATA[1000080914201510261336963310]]></transaction_id>
</xml>


执行日期：2015-10-26-11?M?S
【支付成功】:
<xml><appid><![CDATA[wx8c5b2610f8e96334]]></appid>
<bank_type><![CDATA[ICBC_DEBIT]]></bank_type>
<cash_fee><![CDATA[1]]></cash_fee>
<fee_type><![CDATA[CNY]]></fee_type>
<is_subscribe><![CDATA[Y]]></is_subscribe>
<mch_id><![CDATA[1265531901]]></mch_id>
<nonce_str><![CDATA[0twzho7s65a9hjdnau1tioaigm16eo80]]></nonce_str>
<openid><![CDATA[oKhP4wnDC2OlBt7rtWZfepq62I1w]]></openid>
<out_trade_no><![CDATA[4_1445828494]]></out_trade_no>
<result_code><![CDATA[SUCCESS]]></result_code>
<return_code><![CDATA[SUCCESS]]></return_code>
<sign><![CDATA[EE6465284EAD154D9EAEB69BCCECCF70]]></sign>
<time_end><![CDATA[20151026110146]]></time_end>
<total_fee>1</total_fee>
<trade_type><![CDATA[JSAPI]]></trade_type>
<transaction_id><![CDATA[1000080914201510261336963310]]></transaction_id>
</xml>


执行日期：2015-10-27-10?M?S
【接收到的notify通知】:



执行日期：2015-11-03-18?M?S
【接收到的notify通知】:
<xml><appid><![CDATA[wx8c5b2610f8e96334]]></appid>
<bank_type><![CDATA[ABC_DEBIT]]></bank_type>
<cash_fee><![CDATA[1]]></cash_fee>
<fee_type><![CDATA[CNY]]></fee_type>
<is_subscribe><![CDATA[Y]]></is_subscribe>
<mch_id><![CDATA[1265531901]]></mch_id>
<nonce_str><![CDATA[cg6edug4jrvk8vj97ipb26hsbrzah1xs]]></nonce_str>
<openid><![CDATA[oKhP4wp7jzFlcxXi5agc7UGdB23s]]></openid>
<out_trade_no><![CDATA[11_1446547773]]></out_trade_no>
<result_code><![CDATA[SUCCESS]]></result_code>
<return_code><![CDATA[SUCCESS]]></return_code>
<sign><![CDATA[FFD10D0F5EB4B362EC92049206454D0A]]></sign>
<time_end><![CDATA[20151103184947]]></time_end>
<total_fee>1</total_fee>
<trade_type><![CDATA[JSAPI]]></trade_type>
<transaction_id><![CDATA[1006920914201511031442167767]]></transaction_id>
</xml>


执行日期：2015-11-03-18?M?S
【支付成功】:
<xml><appid><![CDATA[wx8c5b2610f8e96334]]></appid>
<bank_type><![CDATA[ABC_DEBIT]]></bank_type>
<cash_fee><![CDATA[1]]></cash_fee>
<fee_type><![CDATA[CNY]]></fee_type>
<is_subscribe><![CDATA[Y]]></is_subscribe>
<mch_id><![CDATA[1265531901]]></mch_id>
<nonce_str><![CDATA[cg6edug4jrvk8vj97ipb26hsbrzah1xs]]></nonce_str>
<openid><![CDATA[oKhP4wp7jzFlcxXi5agc7UGdB23s]]></openid>
<out_trade_no><![CDATA[11_1446547773]]></out_trade_no>
<result_code><![CDATA[SUCCESS]]></result_code>
<return_code><![CDATA[SUCCESS]]></return_code>
<sign><![CDATA[FFD10D0F5EB4B362EC92049206454D0A]]></sign>
<time_end><![CDATA[20151103184947]]></time_end>
<total_fee>1</total_fee>
<trade_type><![CDATA[JSAPI]]></trade_type>
<transaction_id><![CDATA[1006920914201511031442167767]]></transaction_id>
</xml>


执行日期：2015-11-08-00?M?S
【接收到的notify通知】:
<xml><appid><![CDATA[wx8c5b2610f8e96334]]></appid>
<bank_type><![CDATA[ABC_DEBIT]]></bank_type>
<cash_fee><![CDATA[1]]></cash_fee>
<fee_type><![CDATA[CNY]]></fee_type>
<is_subscribe><![CDATA[Y]]></is_subscribe>
<mch_id><![CDATA[1265531901]]></mch_id>
<nonce_str><![CDATA[4gjg0mzg5zrx3rkvd0nfe8dag7og4st7]]></nonce_str>
<openid><![CDATA[oKhP4wid3EcrdN344lu43U3i0ks8]]></openid>
<out_trade_no><![CDATA[9_1446914108]]></out_trade_no>
<result_code><![CDATA[SUCCESS]]></result_code>
<return_code><![CDATA[SUCCESS]]></return_code>
<sign><![CDATA[401F948C9FD43EE41FB031E988B5C6A5]]></sign>
<time_end><![CDATA[20151108003518]]></time_end>
<total_fee>1</total_fee>
<trade_type><![CDATA[JSAPI]]></trade_type>
<transaction_id><![CDATA[1009550914201511081501025860]]></transaction_id>
</xml>


执行日期：2015-11-08-00?M?S
【支付成功】:
<xml><appid><![CDATA[wx8c5b2610f8e96334]]></appid>
<bank_type><![CDATA[ABC_DEBIT]]></bank_type>
<cash_fee><![CDATA[1]]></cash_fee>
<fee_type><![CDATA[CNY]]></fee_type>
<is_subscribe><![CDATA[Y]]></is_subscribe>
<mch_id><![CDATA[1265531901]]></mch_id>
<nonce_str><![CDATA[4gjg0mzg5zrx3rkvd0nfe8dag7og4st7]]></nonce_str>
<openid><![CDATA[oKhP4wid3EcrdN344lu43U3i0ks8]]></openid>
<out_trade_no><![CDATA[9_1446914108]]></out_trade_no>
<result_code><![CDATA[SUCCESS]]></result_code>
<return_code><![CDATA[SUCCESS]]></return_code>
<sign><![CDATA[401F948C9FD43EE41FB031E988B5C6A5]]></sign>
<time_end><![CDATA[20151108003518]]></time_end>
<total_fee>1</total_fee>
<trade_type><![CDATA[JSAPI]]></trade_type>
<transaction_id><![CDATA[1009550914201511081501025860]]></transaction_id>
</xml>


执行日期：2015-11-08-00?M?S
【接收到的notify通知】:
<xml><appid><![CDATA[wx8c5b2610f8e96334]]></appid>
<bank_type><![CDATA[CFT]]></bank_type>
<cash_fee><![CDATA[1]]></cash_fee>
<fee_type><![CDATA[CNY]]></fee_type>
<is_subscribe><![CDATA[Y]]></is_subscribe>
<mch_id><![CDATA[1265531901]]></mch_id>
<nonce_str><![CDATA[igfs2ungnad4je1afwuixo5tb0ssbm5d]]></nonce_str>
<openid><![CDATA[oKhP4wid3EcrdN344lu43U3i0ks8]]></openid>
<out_trade_no><![CDATA[9_1446914138]]></out_trade_no>
<result_code><![CDATA[SUCCESS]]></result_code>
<return_code><![CDATA[SUCCESS]]></return_code>
<sign><![CDATA[9E979CFB0F050DB434CDBCA36BB2F748]]></sign>
<time_end><![CDATA[20151108003555]]></time_end>
<total_fee>1</total_fee>
<trade_type><![CDATA[JSAPI]]></trade_type>
<transaction_id><![CDATA[1009550914201511081501017888]]></transaction_id>
</xml>


执行日期：2015-11-08-00?M?S
【支付成功】:
<xml><appid><![CDATA[wx8c5b2610f8e96334]]></appid>
<bank_type><![CDATA[CFT]]></bank_type>
<cash_fee><![CDATA[1]]></cash_fee>
<fee_type><![CDATA[CNY]]></fee_type>
<is_subscribe><![CDATA[Y]]></is_subscribe>
<mch_id><![CDATA[1265531901]]></mch_id>
<nonce_str><![CDATA[igfs2ungnad4je1afwuixo5tb0ssbm5d]]></nonce_str>
<openid><![CDATA[oKhP4wid3EcrdN344lu43U3i0ks8]]></openid>
<out_trade_no><![CDATA[9_1446914138]]></out_trade_no>
<result_code><![CDATA[SUCCESS]]></result_code>
<return_code><![CDATA[SUCCESS]]></return_code>
<sign><![CDATA[9E979CFB0F050DB434CDBCA36BB2F748]]></sign>
<time_end><![CDATA[20151108003555]]></time_end>
<total_fee>1</total_fee>
<trade_type><![CDATA[JSAPI]]></trade_type>
<transaction_id><![CDATA[1009550914201511081501017888]]></transaction_id>
</xml>


执行日期：2015-11-09-10?M?S
【接收到的notify通知】:



