执行日期：2015-11-02-21?M?S
【接收到的notify通知】:
<xml><appid><![CDATA[wx8c5b2610f8e96334]]></appid>
<bank_type><![CDATA[ICBC_DEBIT]]></bank_type>
<cash_fee><![CDATA[1]]></cash_fee>
<fee_type><![CDATA[CNY]]></fee_type>
<is_subscribe><![CDATA[Y]]></is_subscribe>
<mch_id><![CDATA[1265531901]]></mch_id>
<nonce_str><![CDATA[0qzo25zleh5xf3ot9k12ru7st2y5f0wq]]></nonce_str>
<openid><![CDATA[oKhP4wq4GJuwSg8moj3mMxRdR2SM]]></openid>
<out_trade_no><![CDATA[DG11012051499954_49]]></out_trade_no>
<result_code><![CDATA[SUCCESS]]></result_code>
<return_code><![CDATA[SUCCESS]]></return_code>
<sign><![CDATA[AAE3A3B1C332A93BB3798F061E15884E]]></sign>
<time_end><![CDATA[20151102212922]]></time_end>
<total_fee>1</total_fee>
<trade_type><![CDATA[JSAPI]]></trade_type>
<transaction_id><![CDATA[1004350914201511021432038797]]></transaction_id>
</xml>


执行日期：2015-11-02-21?M?S
【支付成功】:
<xml><appid><![CDATA[wx8c5b2610f8e96334]]></appid>
<bank_type><![CDATA[ICBC_DEBIT]]></bank_type>
<cash_fee><![CDATA[1]]></cash_fee>
<fee_type><![CDATA[CNY]]></fee_type>
<is_subscribe><![CDATA[Y]]></is_subscribe>
<mch_id><![CDATA[1265531901]]></mch_id>
<nonce_str><![CDATA[0qzo25zleh5xf3ot9k12ru7st2y5f0wq]]></nonce_str>
<openid><![CDATA[oKhP4wq4GJuwSg8moj3mMxRdR2SM]]></openid>
<out_trade_no><![CDATA[DG11012051499954_49]]></out_trade_no>
<result_code><![CDATA[SUCCESS]]></result_code>
<return_code><![CDATA[SUCCESS]]></return_code>
<sign><![CDATA[AAE3A3B1C332A93BB3798F061E15884E]]></sign>
<time_end><![CDATA[20151102212922]]></time_end>
<total_fee>1</total_fee>
<trade_type><![CDATA[JSAPI]]></trade_type>
<transaction_id><![CDATA[1004350914201511021432038797]]></transaction_id>
</xml>


