æ‰§è¡Œæ—¥æœŸï¼š2015-11-17-11ï¼?Mï¼?S
¡¾Recieve NOtice¡¿:



æ‰§è¡Œæ—¥æœŸï¼š2015-11-17-12ï¼?Mï¼?S
update twotree_shop_goods set store_num=store_num-1 where shop_id=38 and goods_id=28¡¾Recieve NOtice¡¿:
<xml><appid><![CDATA[wx5c072e1680bf00a5]]></appid>
<bank_type><![CDATA[ABC_DEBIT]]></bank_type>
<cash_fee><![CDATA[348]]></cash_fee>
<fee_type><![CDATA[CNY]]></fee_type>
<is_subscribe><![CDATA[Y]]></is_subscribe>
<mch_id><![CDATA[1286562501]]></mch_id>
<nonce_str><![CDATA[m10p3kmnv0w8s2hx3ch219naumj8je4v]]></nonce_str>
<openid><![CDATA[oDI0IuAgemWz88JDCWTUSeYX-qhY]]></openid>
<out_trade_no><![CDATA[DG11171223394941]]></out_trade_no>
<result_code><![CDATA[SUCCESS]]></result_code>
<return_code><![CDATA[SUCCESS]]></return_code>
<sign><![CDATA[5AFC84CD75173F3BCFE0EFFCBC59B83D]]></sign>
<time_end><![CDATA[20151117122353]]></time_end>
<total_fee>348</total_fee>
<trade_type><![CDATA[JSAPI]]></trade_type>
<transaction_id><![CDATA[1000990544201511171638257383]]></transaction_id>
</xml>


æ‰§è¡Œæ—¥æœŸï¼š2015-11-17-12ï¼?Mï¼?S
¡¾Pay Success¡¿:
<xml><appid><![CDATA[wx5c072e1680bf00a5]]></appid>
<bank_type><![CDATA[ABC_DEBIT]]></bank_type>
<cash_fee><![CDATA[348]]></cash_fee>
<fee_type><![CDATA[CNY]]></fee_type>
<is_subscribe><![CDATA[Y]]></is_subscribe>
<mch_id><![CDATA[1286562501]]></mch_id>
<nonce_str><![CDATA[m10p3kmnv0w8s2hx3ch219naumj8je4v]]></nonce_str>
<openid><![CDATA[oDI0IuAgemWz88JDCWTUSeYX-qhY]]></openid>
<out_trade_no><![CDATA[DG11171223394941]]></out_trade_no>
<result_code><![CDATA[SUCCESS]]></result_code>
<return_code><![CDATA[SUCCESS]]></return_code>
<sign><![CDATA[5AFC84CD75173F3BCFE0EFFCBC59B83D]]></sign>
<time_end><![CDATA[20151117122353]]></time_end>
<total_fee>348</total_fee>
<trade_type><![CDATA[JSAPI]]></trade_type>
<transaction_id><![CDATA[1000990544201511171638257383]]></transaction_id>
</xml>
update twotree_shop_goods set store_num=store_num-1 where shop_id=38 and goods_id=28

æ‰§è¡Œæ—¥æœŸï¼š2015-11-17-12ï¼?Mï¼?S
update twotree_shop_goods set store_num=store_num-4 where shop_id=38 and goods_id=50¡¾Recieve NOtice¡¿:
<xml><appid><![CDATA[wx5c072e1680bf00a5]]></appid>
<bank_type><![CDATA[CFT]]></bank_type>
<cash_fee><![CDATA[400]]></cash_fee>
<fee_type><![CDATA[CNY]]></fee_type>
<is_subscribe><![CDATA[Y]]></is_subscribe>
<mch_id><![CDATA[1286562501]]></mch_id>
<nonce_str><![CDATA[4uf76xf56xrg6u9rgo4i55oaswfb3m43]]></nonce_str>
<openid><![CDATA[oDI0IuPexm7adca9LeYrXwiXr_0w]]></openid>
<out_trade_no><![CDATA[DG11171233599901]]></out_trade_no>
<result_code><![CDATA[SUCCESS]]></result_code>
<return_code><![CDATA[SUCCESS]]></return_code>
<sign><![CDATA[0BCE85D9A76E4BF83422C1DF7DFFEB4C]]></sign>
<time_end><![CDATA[20151117123420]]></time_end>
<total_fee>400</total_fee>
<trade_type><![CDATA[JSAPI]]></trade_type>
<transaction_id><![CDATA[1005800544201511171638448899]]></transaction_id>
</xml>


æ‰§è¡Œæ—¥æœŸï¼š2015-11-17-12ï¼?Mï¼?S
¡¾Pay Success¡¿:
<xml><appid><![CDATA[wx5c072e1680bf00a5]]></appid>
<bank_type><![CDATA[CFT]]></bank_type>
<cash_fee><![CDATA[400]]></cash_fee>
<fee_type><![CDATA[CNY]]></fee_type>
<is_subscribe><![CDATA[Y]]></is_subscribe>
<mch_id><![CDATA[1286562501]]></mch_id>
<nonce_str><![CDATA[4uf76xf56xrg6u9rgo4i55oaswfb3m43]]></nonce_str>
<openid><![CDATA[oDI0IuPexm7adca9LeYrXwiXr_0w]]></openid>
<out_trade_no><![CDATA[DG11171233599901]]></out_trade_no>
<result_code><![CDATA[SUCCESS]]></result_code>
<return_code><![CDATA[SUCCESS]]></return_code>
<sign><![CDATA[0BCE85D9A76E4BF83422C1DF7DFFEB4C]]></sign>
<time_end><![CDATA[20151117123420]]></time_end>
<total_fee>400</total_fee>
<trade_type><![CDATA[JSAPI]]></trade_type>
<transaction_id><![CDATA[1005800544201511171638448899]]></transaction_id>
</xml>
update twotree_shop_goods set store_num=store_num-4 where shop_id=38 and goods_id=50

æ‰§è¡Œæ—¥æœŸï¼š2015-11-17-12ï¼?Mï¼?S
update twotree_shop_goods set store_num=store_num-2 where shop_id=38 and goods_id=28¡¾Recieve NOtice¡¿:
<xml><appid><![CDATA[wx5c072e1680bf00a5]]></appid>
<bank_type><![CDATA[CFT]]></bank_type>
<cash_fee><![CDATA[680]]></cash_fee>
<fee_type><![CDATA[CNY]]></fee_type>
<is_subscribe><![CDATA[Y]]></is_subscribe>
<mch_id><![CDATA[1286562501]]></mch_id>
<nonce_str><![CDATA[og4gtrpo4n1yuoqpl9ap95iwuyi2rjio]]></nonce_str>
<openid><![CDATA[oDI0IuO8JllStQ1MaYPBs8D7rfy0]]></openid>
<out_trade_no><![CDATA[DG11171243392185]]></out_trade_no>
<result_code><![CDATA[SUCCESS]]></result_code>
<return_code><![CDATA[SUCCESS]]></return_code>
<sign><![CDATA[1D349F0F0BD9458EDD1AB12910DB327C]]></sign>
<time_end><![CDATA[20151117124346]]></time_end>
<total_fee>680</total_fee>
<trade_type><![CDATA[JSAPI]]></trade_type>
<transaction_id><![CDATA[1009510544201511171638607159]]></transaction_id>
</xml>


æ‰§è¡Œæ—¥æœŸï¼š2015-11-17-12ï¼?Mï¼?S
¡¾Pay Success¡¿:
<xml><appid><![CDATA[wx5c072e1680bf00a5]]></appid>
<bank_type><![CDATA[CFT]]></bank_type>
<cash_fee><![CDATA[680]]></cash_fee>
<fee_type><![CDATA[CNY]]></fee_type>
<is_subscribe><![CDATA[Y]]></is_subscribe>
<mch_id><![CDATA[1286562501]]></mch_id>
<nonce_str><![CDATA[og4gtrpo4n1yuoqpl9ap95iwuyi2rjio]]></nonce_str>
<openid><![CDATA[oDI0IuO8JllStQ1MaYPBs8D7rfy0]]></openid>
<out_trade_no><![CDATA[DG11171243392185]]></out_trade_no>
<result_code><![CDATA[SUCCESS]]></result_code>
<return_code><![CDATA[SUCCESS]]></return_code>
<sign><![CDATA[1D349F0F0BD9458EDD1AB12910DB327C]]></sign>
<time_end><![CDATA[20151117124346]]></time_end>
<total_fee>680</total_fee>
<trade_type><![CDATA[JSAPI]]></trade_type>
<transaction_id><![CDATA[1009510544201511171638607159]]></transaction_id>
</xml>
update twotree_shop_goods set store_num=store_num-2 where shop_id=38 and goods_id=28

æ‰§è¡Œæ—¥æœŸï¼š2015-11-17-13ï¼?Mï¼?S
update twotree_order_info set pay_status=1,pay_money=311.9,pay_time=1447736702,out_trade_no='DG11171304084135', transaction_id='1001390544201511171638951847' where order_sn='DG11171304084135'¡¾Recieve NOtice¡¿:
<xml><appid><![CDATA[wx5c072e1680bf00a5]]></appid>
<bank_type><![CDATA[ABC_DEBIT]]></bank_type>
<cash_fee><![CDATA[31190]]></cash_fee>
<fee_type><![CDATA[CNY]]></fee_type>
<is_subscribe><![CDATA[Y]]></is_subscribe>
<mch_id><![CDATA[1286562501]]></mch_id>
<nonce_str><![CDATA[mrqatqfe8mq7v99mcvdxh6qdgtfsj06w]]></nonce_str>
<openid><![CDATA[oDI0IuETDywfHUPA4z7rJjYEcBvo]]></openid>
<out_trade_no><![CDATA[DG11171304084135]]></out_trade_no>
<result_code><![CDATA[SUCCESS]]></result_code>
<return_code><![CDATA[SUCCESS]]></return_code>
<sign><![CDATA[724A016A9725E5F4689893210EE3AD57]]></sign>
<time_end><![CDATA[20151117130501]]></time_end>
<total_fee>31190</total_fee>
<trade_type><![CDATA[JSAPI]]></trade_type>
<transaction_id><![CDATA[1001390544201511171638951847]]></transaction_id>
</xml>


æ‰§è¡Œæ—¥æœŸï¼š2015-11-17-13ï¼?Mï¼?S
¡¾Pay Success¡¿:
<xml><appid><![CDATA[wx5c072e1680bf00a5]]></appid>
<bank_type><![CDATA[ABC_DEBIT]]></bank_type>
<cash_fee><![CDATA[31190]]></cash_fee>
<fee_type><![CDATA[CNY]]></fee_type>
<is_subscribe><![CDATA[Y]]></is_subscribe>
<mch_id><![CDATA[1286562501]]></mch_id>
<nonce_str><![CDATA[mrqatqfe8mq7v99mcvdxh6qdgtfsj06w]]></nonce_str>
<openid><![CDATA[oDI0IuETDywfHUPA4z7rJjYEcBvo]]></openid>
<out_trade_no><![CDATA[DG11171304084135]]></out_trade_no>
<result_code><![CDATA[SUCCESS]]></result_code>
<return_code><![CDATA[SUCCESS]]></return_code>
<sign><![CDATA[724A016A9725E5F4689893210EE3AD57]]></sign>
<time_end><![CDATA[20151117130501]]></time_end>
<total_fee>31190</total_fee>
<trade_type><![CDATA[JSAPI]]></trade_type>
<transaction_id><![CDATA[1001390544201511171638951847]]></transaction_id>
</xml>
update twotree_order_info set pay_status=1,pay_money=311.9,pay_time=1447736702,out_trade_no='DG11171304084135', transaction_id='1001390544201511171638951847' where order_sn='DG11171304084135'

æ‰§è¡Œæ—¥æœŸï¼š2015-11-17-15ï¼?Mï¼?S
update twotree_shop_goods set store_num=store_num-2 where shop_id=38 and goods_id=50¡¾Recieve NOtice¡¿:
<xml><appid><![CDATA[wx5c072e1680bf00a5]]></appid>
<bank_type><![CDATA[CFT]]></bank_type>
<cash_fee><![CDATA[300]]></cash_fee>
<fee_type><![CDATA[CNY]]></fee_type>
<is_subscribe><![CDATA[Y]]></is_subscribe>
<mch_id><![CDATA[1286562501]]></mch_id>
<nonce_str><![CDATA[0lf9e2vuq0s1mm94ukob7bwzmo3g6pau]]></nonce_str>
<openid><![CDATA[oDI0IuPvuXgN5E4JhdWjGSQP6oeI]]></openid>
<out_trade_no><![CDATA[DG11171534049712]]></out_trade_no>
<result_code><![CDATA[SUCCESS]]></result_code>
<return_code><![CDATA[SUCCESS]]></return_code>
<sign><![CDATA[80E049B0D918783805DADAE05A0E9C8D]]></sign>
<time_end><![CDATA[20151117153413]]></time_end>
<total_fee>300</total_fee>
<trade_type><![CDATA[JSAPI]]></trade_type>
<transaction_id><![CDATA[1001460544201511171640832787]]></transaction_id>
</xml>


æ‰§è¡Œæ—¥æœŸï¼š2015-11-17-15ï¼?Mï¼?S
¡¾Pay Success¡¿:
<xml><appid><![CDATA[wx5c072e1680bf00a5]]></appid>
<bank_type><![CDATA[CFT]]></bank_type>
<cash_fee><![CDATA[300]]></cash_fee>
<fee_type><![CDATA[CNY]]></fee_type>
<is_subscribe><![CDATA[Y]]></is_subscribe>
<mch_id><![CDATA[1286562501]]></mch_id>
<nonce_str><![CDATA[0lf9e2vuq0s1mm94ukob7bwzmo3g6pau]]></nonce_str>
<openid><![CDATA[oDI0IuPvuXgN5E4JhdWjGSQP6oeI]]></openid>
<out_trade_no><![CDATA[DG11171534049712]]></out_trade_no>
<result_code><![CDATA[SUCCESS]]></result_code>
<return_code><![CDATA[SUCCESS]]></return_code>
<sign><![CDATA[80E049B0D918783805DADAE05A0E9C8D]]></sign>
<time_end><![CDATA[20151117153413]]></time_end>
<total_fee>300</total_fee>
<trade_type><![CDATA[JSAPI]]></trade_type>
<transaction_id><![CDATA[1001460544201511171640832787]]></transaction_id>
</xml>
update twotree_shop_goods set store_num=store_num-2 where shop_id=38 and goods_id=50

æ‰§è¡Œæ—¥æœŸï¼š2015-11-17-15ï¼?Mï¼?S
update twotree_shop_goods set store_num=store_num-1 where shop_id=38 and goods_id=28¡¾Recieve NOtice¡¿:
<xml><appid><![CDATA[wx5c072e1680bf00a5]]></appid>
<bank_type><![CDATA[ABC_DEBIT]]></bank_type>
<cash_fee><![CDATA[576]]></cash_fee>
<fee_type><![CDATA[CNY]]></fee_type>
<is_subscribe><![CDATA[Y]]></is_subscribe>
<mch_id><![CDATA[1286562501]]></mch_id>
<nonce_str><![CDATA[r0chzvw0itej7ayy7idwdr0c11ln8u3e]]></nonce_str>
<openid><![CDATA[oDI0IuAgemWz88JDCWTUSeYX-qhY]]></openid>
<out_trade_no><![CDATA[DG11171539185786]]></out_trade_no>
<result_code><![CDATA[SUCCESS]]></result_code>
<return_code><![CDATA[SUCCESS]]></return_code>
<sign><![CDATA[9FCD5DF295C22149212042559D9D82B6]]></sign>
<time_end><![CDATA[20151117153936]]></time_end>
<total_fee>576</total_fee>
<trade_type><![CDATA[JSAPI]]></trade_type>
<transaction_id><![CDATA[1000990544201511171640918222]]></transaction_id>
</xml>


æ‰§è¡Œæ—¥æœŸï¼š2015-11-17-15ï¼?Mï¼?S
¡¾Pay Success¡¿:
<xml><appid><![CDATA[wx5c072e1680bf00a5]]></appid>
<bank_type><![CDATA[ABC_DEBIT]]></bank_type>
<cash_fee><![CDATA[576]]></cash_fee>
<fee_type><![CDATA[CNY]]></fee_type>
<is_subscribe><![CDATA[Y]]></is_subscribe>
<mch_id><![CDATA[1286562501]]></mch_id>
<nonce_str><![CDATA[r0chzvw0itej7ayy7idwdr0c11ln8u3e]]></nonce_str>
<openid><![CDATA[oDI0IuAgemWz88JDCWTUSeYX-qhY]]></openid>
<out_trade_no><![CDATA[DG11171539185786]]></out_trade_no>
<result_code><![CDATA[SUCCESS]]></result_code>
<return_code><![CDATA[SUCCESS]]></return_code>
<sign><![CDATA[9FCD5DF295C22149212042559D9D82B6]]></sign>
<time_end><![CDATA[20151117153936]]></time_end>
<total_fee>576</total_fee>
<trade_type><![CDATA[JSAPI]]></trade_type>
<transaction_id><![CDATA[1000990544201511171640918222]]></transaction_id>
</xml>
update twotree_shop_goods set store_num=store_num-1 where shop_id=38 and goods_id=28

æ‰§è¡Œæ—¥æœŸï¼š2015-11-17-17ï¼?Mï¼?S
update twotree_shop_goods set store_num=store_num-1 where shop_id=34 and goods_id=8¡¾Recieve NOtice¡¿:
<xml><appid><![CDATA[wx5c072e1680bf00a5]]></appid>
<bank_type><![CDATA[CCB_DEBIT]]></bank_type>
<cash_fee><![CDATA[399]]></cash_fee>
<fee_type><![CDATA[CNY]]></fee_type>
<is_subscribe><![CDATA[Y]]></is_subscribe>
<mch_id><![CDATA[1286562501]]></mch_id>
<nonce_str><![CDATA[pu01tql0o6mkxzttmuh4q6snqccoa1fq]]></nonce_str>
<openid><![CDATA[oDI0IuJBc_DOVKTzbLG_omFUFSxc]]></openid>
<out_trade_no><![CDATA[DG11171731124038]]></out_trade_no>
<result_code><![CDATA[SUCCESS]]></result_code>
<return_code><![CDATA[SUCCESS]]></return_code>
<sign><![CDATA[70B06E904775CCEDB9E48A09B52777D1]]></sign>
<time_end><![CDATA[20151117173124]]></time_end>
<total_fee>399</total_fee>
<trade_type><![CDATA[JSAPI]]></trade_type>
<transaction_id><![CDATA[1005330544201511171642430881]]></transaction_id>
</xml>


æ‰§è¡Œæ—¥æœŸï¼š2015-11-17-17ï¼?Mï¼?S
¡¾Pay Success¡¿:
<xml><appid><![CDATA[wx5c072e1680bf00a5]]></appid>
<bank_type><![CDATA[CCB_DEBIT]]></bank_type>
<cash_fee><![CDATA[399]]></cash_fee>
<fee_type><![CDATA[CNY]]></fee_type>
<is_subscribe><![CDATA[Y]]></is_subscribe>
<mch_id><![CDATA[1286562501]]></mch_id>
<nonce_str><![CDATA[pu01tql0o6mkxzttmuh4q6snqccoa1fq]]></nonce_str>
<openid><![CDATA[oDI0IuJBc_DOVKTzbLG_omFUFSxc]]></openid>
<out_trade_no><![CDATA[DG11171731124038]]></out_trade_no>
<result_code><![CDATA[SUCCESS]]></result_code>
<return_code><![CDATA[SUCCESS]]></return_code>
<sign><![CDATA[70B06E904775CCEDB9E48A09B52777D1]]></sign>
<time_end><![CDATA[20151117173124]]></time_end>
<total_fee>399</total_fee>
<trade_type><![CDATA[JSAPI]]></trade_type>
<transaction_id><![CDATA[1005330544201511171642430881]]></transaction_id>
</xml>
update twotree_shop_goods set store_num=store_num-1 where shop_id=34 and goods_id=8

æ‰§è¡Œæ—¥æœŸï¼š2015-11-17-18ï¼?Mï¼?S
update twotree_shop_goods set store_num=store_num-1 where shop_id=34 and goods_id=46¡¾Recieve NOtice¡¿:
<xml><appid><![CDATA[wx5c072e1680bf00a5]]></appid>
<bank_type><![CDATA[ICBC_DEBIT]]></bank_type>
<cash_fee><![CDATA[398]]></cash_fee>
<fee_type><![CDATA[CNY]]></fee_type>
<is_subscribe><![CDATA[Y]]></is_subscribe>
<mch_id><![CDATA[1286562501]]></mch_id>
<nonce_str><![CDATA[iti3k5v7ehziuxtr6nlxc3evj6nuuk51]]></nonce_str>
<openid><![CDATA[oDI0IuOAcwdBRZXPM0KVL0UB8YJ0]]></openid>
<out_trade_no><![CDATA[DG11171810385852]]></out_trade_no>
<result_code><![CDATA[SUCCESS]]></result_code>
<return_code><![CDATA[SUCCESS]]></return_code>
<sign><![CDATA[74C4518B6594DC5A947F55DFC5E6DA73]]></sign>
<time_end><![CDATA[20151117181049]]></time_end>
<total_fee>398</total_fee>
<trade_type><![CDATA[JSAPI]]></trade_type>
<transaction_id><![CDATA[1006470544201511171643052385]]></transaction_id>
</xml>


æ‰§è¡Œæ—¥æœŸï¼š2015-11-17-18ï¼?Mï¼?S
¡¾Pay Success¡¿:
<xml><appid><![CDATA[wx5c072e1680bf00a5]]></appid>
<bank_type><![CDATA[ICBC_DEBIT]]></bank_type>
<cash_fee><![CDATA[398]]></cash_fee>
<fee_type><![CDATA[CNY]]></fee_type>
<is_subscribe><![CDATA[Y]]></is_subscribe>
<mch_id><![CDATA[1286562501]]></mch_id>
<nonce_str><![CDATA[iti3k5v7ehziuxtr6nlxc3evj6nuuk51]]></nonce_str>
<openid><![CDATA[oDI0IuOAcwdBRZXPM0KVL0UB8YJ0]]></openid>
<out_trade_no><![CDATA[DG11171810385852]]></out_trade_no>
<result_code><![CDATA[SUCCESS]]></result_code>
<return_code><![CDATA[SUCCESS]]></return_code>
<sign><![CDATA[74C4518B6594DC5A947F55DFC5E6DA73]]></sign>
<time_end><![CDATA[20151117181049]]></time_end>
<total_fee>398</total_fee>
<trade_type><![CDATA[JSAPI]]></trade_type>
<transaction_id><![CDATA[1006470544201511171643052385]]></transaction_id>
</xml>
update twotree_shop_goods set store_num=store_num-1 where shop_id=34 and goods_id=46

æ‰§è¡Œæ—¥æœŸï¼š2015-11-17-19ï¼?Mï¼?S
update twotree_shop_goods set store_num=store_num-1 where shop_id=45 and goods_id=21¡¾Recieve NOtice¡¿:
<xml><appid><![CDATA[wx5c072e1680bf00a5]]></appid>
<bank_type><![CDATA[CFT]]></bank_type>
<cash_fee><![CDATA[100]]></cash_fee>
<fee_type><![CDATA[CNY]]></fee_type>
<is_subscribe><![CDATA[Y]]></is_subscribe>
<mch_id><![CDATA[1286562501]]></mch_id>
<nonce_str><![CDATA[nhr1xglhpfh813z8ntpchllwzsvkoqax]]></nonce_str>
<openid><![CDATA[oDI0IuPqmqCXiXUrB2bQybc02bIE]]></openid>
<out_trade_no><![CDATA[DG11171914022965]]></out_trade_no>
<result_code><![CDATA[SUCCESS]]></result_code>
<return_code><![CDATA[SUCCESS]]></return_code>
<sign><![CDATA[01D9CB7746A493F3BC212C11B32B000B]]></sign>
<time_end><![CDATA[20151117191413]]></time_end>
<total_fee>100</total_fee>
<trade_type><![CDATA[JSAPI]]></trade_type>
<transaction_id><![CDATA[1002220544201511171644118826]]></transaction_id>
</xml>


æ‰§è¡Œæ—¥æœŸï¼š2015-11-17-19ï¼?Mï¼?S
¡¾Pay Success¡¿:
<xml><appid><![CDATA[wx5c072e1680bf00a5]]></appid>
<bank_type><![CDATA[CFT]]></bank_type>
<cash_fee><![CDATA[100]]></cash_fee>
<fee_type><![CDATA[CNY]]></fee_type>
<is_subscribe><![CDATA[Y]]></is_subscribe>
<mch_id><![CDATA[1286562501]]></mch_id>
<nonce_str><![CDATA[nhr1xglhpfh813z8ntpchllwzsvkoqax]]></nonce_str>
<openid><![CDATA[oDI0IuPqmqCXiXUrB2bQybc02bIE]]></openid>
<out_trade_no><![CDATA[DG11171914022965]]></out_trade_no>
<result_code><![CDATA[SUCCESS]]></result_code>
<return_code><![CDATA[SUCCESS]]></return_code>
<sign><![CDATA[01D9CB7746A493F3BC212C11B32B000B]]></sign>
<time_end><![CDATA[20151117191413]]></time_end>
<total_fee>100</total_fee>
<trade_type><![CDATA[JSAPI]]></trade_type>
<transaction_id><![CDATA[1002220544201511171644118826]]></transaction_id>
</xml>
update twotree_shop_goods set store_num=store_num-1 where shop_id=45 and goods_id=21

æ‰§è¡Œæ—¥æœŸï¼š2015-11-17-19ï¼?Mï¼?S
update twotree_shop_goods set store_num=store_num-1 where shop_id=45 and goods_id=21¡¾Recieve NOtice¡¿:
<xml><appid><![CDATA[wx5c072e1680bf00a5]]></appid>
<bank_type><![CDATA[CFT]]></bank_type>
<cash_fee><![CDATA[398]]></cash_fee>
<fee_type><![CDATA[CNY]]></fee_type>
<is_subscribe><![CDATA[Y]]></is_subscribe>
<mch_id><![CDATA[1286562501]]></mch_id>
<nonce_str><![CDATA[i2fnl0vhvn52nhrz0zxoark9plyoxvzi]]></nonce_str>
<openid><![CDATA[oDI0IuPqmqCXiXUrB2bQybc02bIE]]></openid>
<out_trade_no><![CDATA[DG11171918484811]]></out_trade_no>
<result_code><![CDATA[SUCCESS]]></result_code>
<return_code><![CDATA[SUCCESS]]></return_code>
<sign><![CDATA[35EE6D11F6932FF773A6A4D677FA058C]]></sign>
<time_end><![CDATA[20151117191859]]></time_end>
<total_fee>398</total_fee>
<trade_type><![CDATA[JSAPI]]></trade_type>
<transaction_id><![CDATA[1002220544201511171644195619]]></transaction_id>
</xml>


æ‰§è¡Œæ—¥æœŸï¼š2015-11-17-19ï¼?Mï¼?S
¡¾Pay Success¡¿:
<xml><appid><![CDATA[wx5c072e1680bf00a5]]></appid>
<bank_type><![CDATA[CFT]]></bank_type>
<cash_fee><![CDATA[398]]></cash_fee>
<fee_type><![CDATA[CNY]]></fee_type>
<is_subscribe><![CDATA[Y]]></is_subscribe>
<mch_id><![CDATA[1286562501]]></mch_id>
<nonce_str><![CDATA[i2fnl0vhvn52nhrz0zxoark9plyoxvzi]]></nonce_str>
<openid><![CDATA[oDI0IuPqmqCXiXUrB2bQybc02bIE]]></openid>
<out_trade_no><![CDATA[DG11171918484811]]></out_trade_no>
<result_code><![CDATA[SUCCESS]]></result_code>
<return_code><![CDATA[SUCCESS]]></return_code>
<sign><![CDATA[35EE6D11F6932FF773A6A4D677FA058C]]></sign>
<time_end><![CDATA[20151117191859]]></time_end>
<total_fee>398</total_fee>
<trade_type><![CDATA[JSAPI]]></trade_type>
<transaction_id><![CDATA[1002220544201511171644195619]]></transaction_id>
</xml>
update twotree_shop_goods set store_num=store_num-1 where shop_id=45 and goods_id=21

æ‰§è¡Œæ—¥æœŸï¼š2015-11-17-19ï¼?Mï¼?S
update twotree_shop_goods set store_num=store_num-1 where shop_id=117 and goods_id=5¡¾Recieve NOtice¡¿:
<xml><appid><![CDATA[wx5c072e1680bf00a5]]></appid>
<bank_type><![CDATA[CFT]]></bank_type>
<cash_fee><![CDATA[348]]></cash_fee>
<fee_type><![CDATA[CNY]]></fee_type>
<is_subscribe><![CDATA[Y]]></is_subscribe>
<mch_id><![CDATA[1286562501]]></mch_id>
<nonce_str><![CDATA[qevc6iajelzrl4zs6a92snpcwq22vy1b]]></nonce_str>
<openid><![CDATA[oDI0IuM01eam1xtyw4uQZmc0P4po]]></openid>
<out_trade_no><![CDATA[DG11171930216369]]></out_trade_no>
<result_code><![CDATA[SUCCESS]]></result_code>
<return_code><![CDATA[SUCCESS]]></return_code>
<sign><![CDATA[E9A560CB58B4DDBC46208B7D941F75E5]]></sign>
<time_end><![CDATA[20151117193033]]></time_end>
<total_fee>348</total_fee>
<trade_type><![CDATA[JSAPI]]></trade_type>
<transaction_id><![CDATA[1006130544201511171644368062]]></transaction_id>
</xml>


æ‰§è¡Œæ—¥æœŸï¼š2015-11-17-19ï¼?Mï¼?S
¡¾Pay Success¡¿:
<xml><appid><![CDATA[wx5c072e1680bf00a5]]></appid>
<bank_type><![CDATA[CFT]]></bank_type>
<cash_fee><![CDATA[348]]></cash_fee>
<fee_type><![CDATA[CNY]]></fee_type>
<is_subscribe><![CDATA[Y]]></is_subscribe>
<mch_id><![CDATA[1286562501]]></mch_id>
<nonce_str><![CDATA[qevc6iajelzrl4zs6a92snpcwq22vy1b]]></nonce_str>
<openid><![CDATA[oDI0IuM01eam1xtyw4uQZmc0P4po]]></openid>
<out_trade_no><![CDATA[DG11171930216369]]></out_trade_no>
<result_code><![CDATA[SUCCESS]]></result_code>
<return_code><![CDATA[SUCCESS]]></return_code>
<sign><![CDATA[E9A560CB58B4DDBC46208B7D941F75E5]]></sign>
<time_end><![CDATA[20151117193033]]></time_end>
<total_fee>348</total_fee>
<trade_type><![CDATA[JSAPI]]></trade_type>
<transaction_id><![CDATA[1006130544201511171644368062]]></transaction_id>
</xml>
update twotree_shop_goods set store_num=store_num-1 where shop_id=117 and goods_id=5

æ‰§è¡Œæ—¥æœŸï¼š2015-11-17-21ï¼?Mï¼?S
update twotree_shop_goods set store_num=store_num-1 where shop_id=34 and goods_id=2¡¾Recieve NOtice¡¿:
<xml><appid><![CDATA[wx5c072e1680bf00a5]]></appid>
<bank_type><![CDATA[CFT]]></bank_type>
<cash_fee><![CDATA[427]]></cash_fee>
<fee_type><![CDATA[CNY]]></fee_type>
<is_subscribe><![CDATA[Y]]></is_subscribe>
<mch_id><![CDATA[1286562501]]></mch_id>
<nonce_str><![CDATA[ybepdmb19jfgeun3553agrs36i2ok8wr]]></nonce_str>
<openid><![CDATA[oDI0IuJ2weXf_yQT0LOK2QOur8hs]]></openid>
<out_trade_no><![CDATA[DG11172121518871]]></out_trade_no>
<result_code><![CDATA[SUCCESS]]></result_code>
<return_code><![CDATA[SUCCESS]]></return_code>
<sign><![CDATA[026260B78E07B1813C9E7CE2D1E9777D]]></sign>
<time_end><![CDATA[20151117212203]]></time_end>
<total_fee>427</total_fee>
<trade_type><![CDATA[JSAPI]]></trade_type>
<transaction_id><![CDATA[1006450544201511171645939080]]></transaction_id>
</xml>


æ‰§è¡Œæ—¥æœŸï¼š2015-11-17-21ï¼?Mï¼?S
¡¾Pay Success¡¿:
<xml><appid><![CDATA[wx5c072e1680bf00a5]]></appid>
<bank_type><![CDATA[CFT]]></bank_type>
<cash_fee><![CDATA[427]]></cash_fee>
<fee_type><![CDATA[CNY]]></fee_type>
<is_subscribe><![CDATA[Y]]></is_subscribe>
<mch_id><![CDATA[1286562501]]></mch_id>
<nonce_str><![CDATA[ybepdmb19jfgeun3553agrs36i2ok8wr]]></nonce_str>
<openid><![CDATA[oDI0IuJ2weXf_yQT0LOK2QOur8hs]]></openid>
<out_trade_no><![CDATA[DG11172121518871]]></out_trade_no>
<result_code><![CDATA[SUCCESS]]></result_code>
<return_code><![CDATA[SUCCESS]]></return_code>
<sign><![CDATA[026260B78E07B1813C9E7CE2D1E9777D]]></sign>
<time_end><![CDATA[20151117212203]]></time_end>
<total_fee>427</total_fee>
<trade_type><![CDATA[JSAPI]]></trade_type>
<transaction_id><![CDATA[1006450544201511171645939080]]></transaction_id>
</xml>
update twotree_shop_goods set store_num=store_num-1 where shop_id=34 and goods_id=2

æ‰§è¡Œæ—¥æœŸï¼š2015-11-17-21ï¼?Mï¼?S
update twotree_shop_goods set store_num=store_num-1 where shop_id=38 and goods_id=28¡¾Recieve NOtice¡¿:
<xml><appid><![CDATA[wx5c072e1680bf00a5]]></appid>
<bank_type><![CDATA[CFT]]></bank_type>
<cash_fee><![CDATA[350]]></cash_fee>
<fee_type><![CDATA[CNY]]></fee_type>
<is_subscribe><![CDATA[Y]]></is_subscribe>
<mch_id><![CDATA[1286562501]]></mch_id>
<nonce_str><![CDATA[l0bhfgvf6r0cvaaeuyflgfebwa88v70k]]></nonce_str>
<openid><![CDATA[oDI0IuPvuXgN5E4JhdWjGSQP6oeI]]></openid>
<out_trade_no><![CDATA[DG11172123162234]]></out_trade_no>
<result_code><![CDATA[SUCCESS]]></result_code>
<return_code><![CDATA[SUCCESS]]></return_code>
<sign><![CDATA[ECBF6D0E70822EB1EBF4A0D601FD3756]]></sign>
<time_end><![CDATA[20151117212334]]></time_end>
<total_fee>350</total_fee>
<trade_type><![CDATA[JSAPI]]></trade_type>
<transaction_id><![CDATA[1001460544201511171645958263]]></transaction_id>
</xml>


æ‰§è¡Œæ—¥æœŸï¼š2015-11-17-21ï¼?Mï¼?S
¡¾Pay Success¡¿:
<xml><appid><![CDATA[wx5c072e1680bf00a5]]></appid>
<bank_type><![CDATA[CFT]]></bank_type>
<cash_fee><![CDATA[350]]></cash_fee>
<fee_type><![CDATA[CNY]]></fee_type>
<is_subscribe><![CDATA[Y]]></is_subscribe>
<mch_id><![CDATA[1286562501]]></mch_id>
<nonce_str><![CDATA[l0bhfgvf6r0cvaaeuyflgfebwa88v70k]]></nonce_str>
<openid><![CDATA[oDI0IuPvuXgN5E4JhdWjGSQP6oeI]]></openid>
<out_trade_no><![CDATA[DG11172123162234]]></out_trade_no>
<result_code><![CDATA[SUCCESS]]></result_code>
<return_code><![CDATA[SUCCESS]]></return_code>
<sign><![CDATA[ECBF6D0E70822EB1EBF4A0D601FD3756]]></sign>
<time_end><![CDATA[20151117212334]]></time_end>
<total_fee>350</total_fee>
<trade_type><![CDATA[JSAPI]]></trade_type>
<transaction_id><![CDATA[1001460544201511171645958263]]></transaction_id>
</xml>
update twotree_shop_goods set store_num=store_num-1 where shop_id=38 and goods_id=28

æ‰§è¡Œæ—¥æœŸï¼š2015-11-17-21ï¼?Mï¼?S
update twotree_shop_goods set store_num=store_num-1 where shop_id=123 and goods_id=2¡¾Recieve NOtice¡¿:
<xml><appid><![CDATA[wx5c072e1680bf00a5]]></appid>
<bank_type><![CDATA[COMM_DEBIT]]></bank_type>
<cash_fee><![CDATA[377]]></cash_fee>
<fee_type><![CDATA[CNY]]></fee_type>
<is_subscribe><![CDATA[Y]]></is_subscribe>
<mch_id><![CDATA[1286562501]]></mch_id>
<nonce_str><![CDATA[026izkf9ipukc4m4vfcxcvcrveiskw5v]]></nonce_str>
<openid><![CDATA[oDI0IuJC9CPqF0xUff8uFX0MWxt0]]></openid>
<out_trade_no><![CDATA[DG11172133393385]]></out_trade_no>
<result_code><![CDATA[SUCCESS]]></result_code>
<return_code><![CDATA[SUCCESS]]></return_code>
<sign><![CDATA[94ECE16DE024793844C58CAB344EE571]]></sign>
<time_end><![CDATA[20151117213359]]></time_end>
<total_fee>377</total_fee>
<trade_type><![CDATA[JSAPI]]></trade_type>
<transaction_id><![CDATA[1006760544201511171646100602]]></transaction_id>
</xml>


æ‰§è¡Œæ—¥æœŸï¼š2015-11-17-21ï¼?Mï¼?S
¡¾Pay Success¡¿:
<xml><appid><![CDATA[wx5c072e1680bf00a5]]></appid>
<bank_type><![CDATA[COMM_DEBIT]]></bank_type>
<cash_fee><![CDATA[377]]></cash_fee>
<fee_type><![CDATA[CNY]]></fee_type>
<is_subscribe><![CDATA[Y]]></is_subscribe>
<mch_id><![CDATA[1286562501]]></mch_id>
<nonce_str><![CDATA[026izkf9ipukc4m4vfcxcvcrveiskw5v]]></nonce_str>
<openid><![CDATA[oDI0IuJC9CPqF0xUff8uFX0MWxt0]]></openid>
<out_trade_no><![CDATA[DG11172133393385]]></out_trade_no>
<result_code><![CDATA[SUCCESS]]></result_code>
<return_code><![CDATA[SUCCESS]]></return_code>
<sign><![CDATA[94ECE16DE024793844C58CAB344EE571]]></sign>
<time_end><![CDATA[20151117213359]]></time_end>
<total_fee>377</total_fee>
<trade_type><![CDATA[JSAPI]]></trade_type>
<transaction_id><![CDATA[1006760544201511171646100602]]></transaction_id>
</xml>
update twotree_shop_goods set store_num=store_num-1 where shop_id=123 and goods_id=2

æ‰§è¡Œæ—¥æœŸï¼š2015-11-17-21ï¼?Mï¼?S
update twotree_shop_goods set store_num=store_num-1 where shop_id=45 and goods_id=28¡¾Recieve NOtice¡¿:
<xml><appid><![CDATA[wx5c072e1680bf00a5]]></appid>
<bank_type><![CDATA[CFT]]></bank_type>
<cash_fee><![CDATA[350]]></cash_fee>
<fee_type><![CDATA[CNY]]></fee_type>
<is_subscribe><![CDATA[Y]]></is_subscribe>
<mch_id><![CDATA[1286562501]]></mch_id>
<nonce_str><![CDATA[hhkaaxjypss393z9bazhdp5j7l49pfnn]]></nonce_str>
<openid><![CDATA[oDI0IuNp3VaWkD7ELhXSEZzQFOkE]]></openid>
<out_trade_no><![CDATA[DG11172135455637]]></out_trade_no>
<result_code><![CDATA[SUCCESS]]></result_code>
<return_code><![CDATA[SUCCESS]]></return_code>
<sign><![CDATA[DED044E983E6B75FA63F2B7C028C365A]]></sign>
<time_end><![CDATA[20151117213600]]></time_end>
<total_fee>350</total_fee>
<trade_type><![CDATA[JSAPI]]></trade_type>
<transaction_id><![CDATA[1004010544201511171646104361]]></transaction_id>
</xml>


æ‰§è¡Œæ—¥æœŸï¼š2015-11-17-21ï¼?Mï¼?S
¡¾Pay Success¡¿:
<xml><appid><![CDATA[wx5c072e1680bf00a5]]></appid>
<bank_type><![CDATA[CFT]]></bank_type>
<cash_fee><![CDATA[350]]></cash_fee>
<fee_type><![CDATA[CNY]]></fee_type>
<is_subscribe><![CDATA[Y]]></is_subscribe>
<mch_id><![CDATA[1286562501]]></mch_id>
<nonce_str><![CDATA[hhkaaxjypss393z9bazhdp5j7l49pfnn]]></nonce_str>
<openid><![CDATA[oDI0IuNp3VaWkD7ELhXSEZzQFOkE]]></openid>
<out_trade_no><![CDATA[DG11172135455637]]></out_trade_no>
<result_code><![CDATA[SUCCESS]]></result_code>
<return_code><![CDATA[SUCCESS]]></return_code>
<sign><![CDATA[DED044E983E6B75FA63F2B7C028C365A]]></sign>
<time_end><![CDATA[20151117213600]]></time_end>
<total_fee>350</total_fee>
<trade_type><![CDATA[JSAPI]]></trade_type>
<transaction_id><![CDATA[1004010544201511171646104361]]></transaction_id>
</xml>
update twotree_shop_goods set store_num=store_num-1 where shop_id=45 and goods_id=28

æ‰§è¡Œæ—¥æœŸï¼š2015-11-17-21ï¼?Mï¼?S
update twotree_shop_goods set store_num=store_num-1 where shop_id=123 and goods_id=17¡¾Recieve NOtice¡¿:
<xml><appid><![CDATA[wx5c072e1680bf00a5]]></appid>
<bank_type><![CDATA[COMM_DEBIT]]></bank_type>
<cash_fee><![CDATA[349]]></cash_fee>
<fee_type><![CDATA[CNY]]></fee_type>
<is_subscribe><![CDATA[Y]]></is_subscribe>
<mch_id><![CDATA[1286562501]]></mch_id>
<nonce_str><![CDATA[vec47avw2f4o8od2te5yat36yt99b5jg]]></nonce_str>
<openid><![CDATA[oDI0IuH1qIDhkEhaFIeV3n_nXlJ0]]></openid>
<out_trade_no><![CDATA[DG11172138058991]]></out_trade_no>
<result_code><![CDATA[SUCCESS]]></result_code>
<return_code><![CDATA[SUCCESS]]></return_code>
<sign><![CDATA[47EB68B17E4A503D0C7110A4183B4179]]></sign>
<time_end><![CDATA[20151117213816]]></time_end>
<total_fee>349</total_fee>
<trade_type><![CDATA[JSAPI]]></trade_type>
<transaction_id><![CDATA[1005120544201511171646133535]]></transaction_id>
</xml>


æ‰§è¡Œæ—¥æœŸï¼š2015-11-17-21ï¼?Mï¼?S
¡¾Pay Success¡¿:
<xml><appid><![CDATA[wx5c072e1680bf00a5]]></appid>
<bank_type><![CDATA[COMM_DEBIT]]></bank_type>
<cash_fee><![CDATA[349]]></cash_fee>
<fee_type><![CDATA[CNY]]></fee_type>
<is_subscribe><![CDATA[Y]]></is_subscribe>
<mch_id><![CDATA[1286562501]]></mch_id>
<nonce_str><![CDATA[vec47avw2f4o8od2te5yat36yt99b5jg]]></nonce_str>
<openid><![CDATA[oDI0IuH1qIDhkEhaFIeV3n_nXlJ0]]></openid>
<out_trade_no><![CDATA[DG11172138058991]]></out_trade_no>
<result_code><![CDATA[SUCCESS]]></result_code>
<return_code><![CDATA[SUCCESS]]></return_code>
<sign><![CDATA[47EB68B17E4A503D0C7110A4183B4179]]></sign>
<time_end><![CDATA[20151117213816]]></time_end>
<total_fee>349</total_fee>
<trade_type><![CDATA[JSAPI]]></trade_type>
<transaction_id><![CDATA[1005120544201511171646133535]]></transaction_id>
</xml>
update twotree_shop_goods set store_num=store_num-1 where shop_id=123 and goods_id=17

æ‰§è¡Œæ—¥æœŸï¼š2015-11-17-21ï¼?Mï¼?S
update twotree_shop_goods set store_num=store_num-1 where shop_id=38 and goods_id=2¡¾Recieve NOtice¡¿:
<xml><appid><![CDATA[wx5c072e1680bf00a5]]></appid>
<bank_type><![CDATA[CCB_DEBIT]]></bank_type>
<cash_fee><![CDATA[478]]></cash_fee>
<fee_type><![CDATA[CNY]]></fee_type>
<is_subscribe><![CDATA[Y]]></is_subscribe>
<mch_id><![CDATA[1286562501]]></mch_id>
<nonce_str><![CDATA[grn1uuzi4hkawksqalx3nadim02gl2d4]]></nonce_str>
<openid><![CDATA[oDI0IuEqxjc1DqhwqAAm10A6I8QU]]></openid>
<out_trade_no><![CDATA[DG11172140193776]]></out_trade_no>
<result_code><![CDATA[SUCCESS]]></result_code>
<return_code><![CDATA[SUCCESS]]></return_code>
<sign><![CDATA[0AC232914B5C2F5BB94BB3FD2C0BE56E]]></sign>
<time_end><![CDATA[20151117214041]]></time_end>
<total_fee>478</total_fee>
<trade_type><![CDATA[JSAPI]]></trade_type>
<transaction_id><![CDATA[1002930544201511171646170471]]></transaction_id>
</xml>


æ‰§è¡Œæ—¥æœŸï¼š2015-11-17-21ï¼?Mï¼?S
¡¾Pay Success¡¿:
<xml><appid><![CDATA[wx5c072e1680bf00a5]]></appid>
<bank_type><![CDATA[CCB_DEBIT]]></bank_type>
<cash_fee><![CDATA[478]]></cash_fee>
<fee_type><![CDATA[CNY]]></fee_type>
<is_subscribe><![CDATA[Y]]></is_subscribe>
<mch_id><![CDATA[1286562501]]></mch_id>
<nonce_str><![CDATA[grn1uuzi4hkawksqalx3nadim02gl2d4]]></nonce_str>
<openid><![CDATA[oDI0IuEqxjc1DqhwqAAm10A6I8QU]]></openid>
<out_trade_no><![CDATA[DG11172140193776]]></out_trade_no>
<result_code><![CDATA[SUCCESS]]></result_code>
<return_code><![CDATA[SUCCESS]]></return_code>
<sign><![CDATA[0AC232914B5C2F5BB94BB3FD2C0BE56E]]></sign>
<time_end><![CDATA[20151117214041]]></time_end>
<total_fee>478</total_fee>
<trade_type><![CDATA[JSAPI]]></trade_type>
<transaction_id><![CDATA[1002930544201511171646170471]]></transaction_id>
</xml>
update twotree_shop_goods set store_num=store_num-1 where shop_id=38 and goods_id=2

æ‰§è¡Œæ—¥æœŸï¼š2015-11-17-21ï¼?Mï¼?S
update twotree_shop_goods set store_num=store_num-1 where shop_id=123 and goods_id=8¡¾Recieve NOtice¡¿:
<xml><appid><![CDATA[wx5c072e1680bf00a5]]></appid>
<bank_type><![CDATA[COMM_DEBIT]]></bank_type>
<cash_fee><![CDATA[448]]></cash_fee>
<fee_type><![CDATA[CNY]]></fee_type>
<is_subscribe><![CDATA[Y]]></is_subscribe>
<mch_id><![CDATA[1286562501]]></mch_id>
<nonce_str><![CDATA[en3pyl8ot411js92rzmxgqwevjzon8x1]]></nonce_str>
<openid><![CDATA[oDI0IuHyCvjprbNRZAM-b6xVgOIg]]></openid>
<out_trade_no><![CDATA[DG11172149295923]]></out_trade_no>
<result_code><![CDATA[SUCCESS]]></result_code>
<return_code><![CDATA[SUCCESS]]></return_code>
<sign><![CDATA[B3BCB5ECF2CFC85E06045FE70FA82EF1]]></sign>
<time_end><![CDATA[20151117214940]]></time_end>
<total_fee>448</total_fee>
<trade_type><![CDATA[JSAPI]]></trade_type>
<transaction_id><![CDATA[1006380544201511171646266792]]></transaction_id>
</xml>


æ‰§è¡Œæ—¥æœŸï¼š2015-11-17-21ï¼?Mï¼?S
¡¾Pay Success¡¿:
<xml><appid><![CDATA[wx5c072e1680bf00a5]]></appid>
<bank_type><![CDATA[COMM_DEBIT]]></bank_type>
<cash_fee><![CDATA[448]]></cash_fee>
<fee_type><![CDATA[CNY]]></fee_type>
<is_subscribe><![CDATA[Y]]></is_subscribe>
<mch_id><![CDATA[1286562501]]></mch_id>
<nonce_str><![CDATA[en3pyl8ot411js92rzmxgqwevjzon8x1]]></nonce_str>
<openid><![CDATA[oDI0IuHyCvjprbNRZAM-b6xVgOIg]]></openid>
<out_trade_no><![CDATA[DG11172149295923]]></out_trade_no>
<result_code><![CDATA[SUCCESS]]></result_code>
<return_code><![CDATA[SUCCESS]]></return_code>
<sign><![CDATA[B3BCB5ECF2CFC85E06045FE70FA82EF1]]></sign>
<time_end><![CDATA[20151117214940]]></time_end>
<total_fee>448</total_fee>
<trade_type><![CDATA[JSAPI]]></trade_type>
<transaction_id><![CDATA[1006380544201511171646266792]]></transaction_id>
</xml>
update twotree_shop_goods set store_num=store_num-1 where shop_id=123 and goods_id=8

æ‰§è¡Œæ—¥æœŸï¼š2015-11-17-21ï¼?Mï¼?S
update twotree_shop_goods set store_num=store_num-1 where shop_id=38 and goods_id=13¡¾Recieve NOtice¡¿:
<xml><appid><![CDATA[wx5c072e1680bf00a5]]></appid>
<bank_type><![CDATA[CFT]]></bank_type>
<cash_fee><![CDATA[780]]></cash_fee>
<fee_type><![CDATA[CNY]]></fee_type>
<is_subscribe><![CDATA[Y]]></is_subscribe>
<mch_id><![CDATA[1286562501]]></mch_id>
<nonce_str><![CDATA[3256ufm23svxyyapvbkxln2jpx4mwpqj]]></nonce_str>
<openid><![CDATA[oDI0IuO8JllStQ1MaYPBs8D7rfy0]]></openid>
<out_trade_no><![CDATA[DG11172150239335]]></out_trade_no>
<result_code><![CDATA[SUCCESS]]></result_code>
<return_code><![CDATA[SUCCESS]]></return_code>
<sign><![CDATA[323B6FA7109F790DA59176C634451718]]></sign>
<time_end><![CDATA[20151117215037]]></time_end>
<total_fee>780</total_fee>
<trade_type><![CDATA[JSAPI]]></trade_type>
<transaction_id><![CDATA[1009510544201511171646284174]]></transaction_id>
</xml>


æ‰§è¡Œæ—¥æœŸï¼š2015-11-17-21ï¼?Mï¼?S
¡¾Pay Success¡¿:
<xml><appid><![CDATA[wx5c072e1680bf00a5]]></appid>
<bank_type><![CDATA[CFT]]></bank_type>
<cash_fee><![CDATA[780]]></cash_fee>
<fee_type><![CDATA[CNY]]></fee_type>
<is_subscribe><![CDATA[Y]]></is_subscribe>
<mch_id><![CDATA[1286562501]]></mch_id>
<nonce_str><![CDATA[3256ufm23svxyyapvbkxln2jpx4mwpqj]]></nonce_str>
<openid><![CDATA[oDI0IuO8JllStQ1MaYPBs8D7rfy0]]></openid>
<out_trade_no><![CDATA[DG11172150239335]]></out_trade_no>
<result_code><![CDATA[SUCCESS]]></result_code>
<return_code><![CDATA[SUCCESS]]></return_code>
<sign><![CDATA[323B6FA7109F790DA59176C634451718]]></sign>
<time_end><![CDATA[20151117215037]]></time_end>
<total_fee>780</total_fee>
<trade_type><![CDATA[JSAPI]]></trade_type>
<transaction_id><![CDATA[1009510544201511171646284174]]></transaction_id>
</xml>
update twotree_shop_goods set store_num=store_num-1 where shop_id=38 and goods_id=13

æ‰§è¡Œæ—¥æœŸï¼š2015-11-17-21ï¼?Mï¼?S
update twotree_shop_goods set store_num=store_num-1 where shop_id=123 and goods_id=2¡¾Recieve NOtice¡¿:
<xml><appid><![CDATA[wx5c072e1680bf00a5]]></appid>
<bank_type><![CDATA[CFT]]></bank_type>
<cash_fee><![CDATA[458]]></cash_fee>
<fee_type><![CDATA[CNY]]></fee_type>
<is_subscribe><![CDATA[Y]]></is_subscribe>
<mch_id><![CDATA[1286562501]]></mch_id>
<nonce_str><![CDATA[8qp1pik242jqn1ph5flkcgclt3nf5yyx]]></nonce_str>
<openid><![CDATA[oDI0IuIdCRdlcLYGyM1B8r3-rkWo]]></openid>
<out_trade_no><![CDATA[DG11172157508658]]></out_trade_no>
<result_code><![CDATA[SUCCESS]]></result_code>
<return_code><![CDATA[SUCCESS]]></return_code>
<sign><![CDATA[1505A320E58131E779522D8CB882F011]]></sign>
<time_end><![CDATA[20151117215823]]></time_end>
<total_fee>458</total_fee>
<trade_type><![CDATA[JSAPI]]></trade_type>
<transaction_id><![CDATA[1002820544201511171646376751]]></transaction_id>
</xml>


æ‰§è¡Œæ—¥æœŸï¼š2015-11-17-21ï¼?Mï¼?S
¡¾Pay Success¡¿:
<xml><appid><![CDATA[wx5c072e1680bf00a5]]></appid>
<bank_type><![CDATA[CFT]]></bank_type>
<cash_fee><![CDATA[458]]></cash_fee>
<fee_type><![CDATA[CNY]]></fee_type>
<is_subscribe><![CDATA[Y]]></is_subscribe>
<mch_id><![CDATA[1286562501]]></mch_id>
<nonce_str><![CDATA[8qp1pik242jqn1ph5flkcgclt3nf5yyx]]></nonce_str>
<openid><![CDATA[oDI0IuIdCRdlcLYGyM1B8r3-rkWo]]></openid>
<out_trade_no><![CDATA[DG11172157508658]]></out_trade_no>
<result_code><![CDATA[SUCCESS]]></result_code>
<return_code><![CDATA[SUCCESS]]></return_code>
<sign><![CDATA[1505A320E58131E779522D8CB882F011]]></sign>
<time_end><![CDATA[20151117215823]]></time_end>
<total_fee>458</total_fee>
<trade_type><![CDATA[JSAPI]]></trade_type>
<transaction_id><![CDATA[1002820544201511171646376751]]></transaction_id>
</xml>
update twotree_shop_goods set store_num=store_num-1 where shop_id=123 and goods_id=2

æ‰§è¡Œæ—¥æœŸï¼š2015-11-17-21ï¼?Mï¼?S
update twotree_shop_goods set store_num=store_num-1 where shop_id=123 and goods_id=9¡¾Recieve NOtice¡¿:
<xml><appid><![CDATA[wx5c072e1680bf00a5]]></appid>
<bank_type><![CDATA[COMM_DEBIT]]></bank_type>
<cash_fee><![CDATA[578]]></cash_fee>
<fee_type><![CDATA[CNY]]></fee_type>
<is_subscribe><![CDATA[Y]]></is_subscribe>
<mch_id><![CDATA[1286562501]]></mch_id>
<nonce_str><![CDATA[85tzsl7pd9mpmjgv5jcwo717t8e81pv0]]></nonce_str>
<openid><![CDATA[oDI0IuBuyXCljkzAcuKdvmsGlJiI]]></openid>
<out_trade_no><![CDATA[DG11172158317073]]></out_trade_no>
<result_code><![CDATA[SUCCESS]]></result_code>
<return_code><![CDATA[SUCCESS]]></return_code>
<sign><![CDATA[8CF3FBAC00D1CAA3ACD278ED158B43C9]]></sign>
<time_end><![CDATA[20151117215851]]></time_end>
<total_fee>578</total_fee>
<trade_type><![CDATA[JSAPI]]></trade_type>
<transaction_id><![CDATA[1007200544201511171646379745]]></transaction_id>
</xml>


æ‰§è¡Œæ—¥æœŸï¼š2015-11-17-21ï¼?Mï¼?S
¡¾Pay Success¡¿:
<xml><appid><![CDATA[wx5c072e1680bf00a5]]></appid>
<bank_type><![CDATA[COMM_DEBIT]]></bank_type>
<cash_fee><![CDATA[578]]></cash_fee>
<fee_type><![CDATA[CNY]]></fee_type>
<is_subscribe><![CDATA[Y]]></is_subscribe>
<mch_id><![CDATA[1286562501]]></mch_id>
<nonce_str><![CDATA[85tzsl7pd9mpmjgv5jcwo717t8e81pv0]]></nonce_str>
<openid><![CDATA[oDI0IuBuyXCljkzAcuKdvmsGlJiI]]></openid>
<out_trade_no><![CDATA[DG11172158317073]]></out_trade_no>
<result_code><![CDATA[SUCCESS]]></result_code>
<return_code><![CDATA[SUCCESS]]></return_code>
<sign><![CDATA[8CF3FBAC00D1CAA3ACD278ED158B43C9]]></sign>
<time_end><![CDATA[20151117215851]]></time_end>
<total_fee>578</total_fee>
<trade_type><![CDATA[JSAPI]]></trade_type>
<transaction_id><![CDATA[1007200544201511171646379745]]></transaction_id>
</xml>
update twotree_shop_goods set store_num=store_num-1 where shop_id=123 and goods_id=9

æ‰§è¡Œæ—¥æœŸï¼š2015-11-17-22ï¼?Mï¼?S
update twotree_shop_goods set store_num=store_num-1 where shop_id=123 and goods_id=2¡¾Recieve NOtice¡¿:
<xml><appid><![CDATA[wx5c072e1680bf00a5]]></appid>
<bank_type><![CDATA[CFT]]></bank_type>
<cash_fee><![CDATA[427]]></cash_fee>
<fee_type><![CDATA[CNY]]></fee_type>
<is_subscribe><![CDATA[Y]]></is_subscribe>
<mch_id><![CDATA[1286562501]]></mch_id>
<nonce_str><![CDATA[ajdyjpqbaqrrpxrvxzk4tep9vhisupph]]></nonce_str>
<openid><![CDATA[oDI0IuF6lrTRt8fsdsBrttbOh0Fk]]></openid>
<out_trade_no><![CDATA[DG11172214093376]]></out_trade_no>
<result_code><![CDATA[SUCCESS]]></result_code>
<return_code><![CDATA[SUCCESS]]></return_code>
<sign><![CDATA[2CFC9967EA16CBA7ACBEF2D50B2CC25B]]></sign>
<time_end><![CDATA[20151117221428]]></time_end>
<total_fee>427</total_fee>
<trade_type><![CDATA[JSAPI]]></trade_type>
<transaction_id><![CDATA[1008440544201511171646578299]]></transaction_id>
</xml>


æ‰§è¡Œæ—¥æœŸï¼š2015-11-17-22ï¼?Mï¼?S
¡¾Pay Success¡¿:
<xml><appid><![CDATA[wx5c072e1680bf00a5]]></appid>
<bank_type><![CDATA[CFT]]></bank_type>
<cash_fee><![CDATA[427]]></cash_fee>
<fee_type><![CDATA[CNY]]></fee_type>
<is_subscribe><![CDATA[Y]]></is_subscribe>
<mch_id><![CDATA[1286562501]]></mch_id>
<nonce_str><![CDATA[ajdyjpqbaqrrpxrvxzk4tep9vhisupph]]></nonce_str>
<openid><![CDATA[oDI0IuF6lrTRt8fsdsBrttbOh0Fk]]></openid>
<out_trade_no><![CDATA[DG11172214093376]]></out_trade_no>
<result_code><![CDATA[SUCCESS]]></result_code>
<return_code><![CDATA[SUCCESS]]></return_code>
<sign><![CDATA[2CFC9967EA16CBA7ACBEF2D50B2CC25B]]></sign>
<time_end><![CDATA[20151117221428]]></time_end>
<total_fee>427</total_fee>
<trade_type><![CDATA[JSAPI]]></trade_type>
<transaction_id><![CDATA[1008440544201511171646578299]]></transaction_id>
</xml>
update twotree_shop_goods set store_num=store_num-1 where shop_id=123 and goods_id=2

æ‰§è¡Œæ—¥æœŸï¼š2015-11-17-22ï¼?Mï¼?S
update twotree_shop_goods set store_num=store_num-1 where shop_id=34 and goods_id=22¡¾Recieve NOtice¡¿:
<xml><appid><![CDATA[wx5c072e1680bf00a5]]></appid>
<bank_type><![CDATA[ABC_DEBIT]]></bank_type>
<cash_fee><![CDATA[448]]></cash_fee>
<fee_type><![CDATA[CNY]]></fee_type>
<is_subscribe><![CDATA[Y]]></is_subscribe>
<mch_id><![CDATA[1286562501]]></mch_id>
<nonce_str><![CDATA[8dlem3tw428jytukpl5y4es5yee7z98v]]></nonce_str>
<openid><![CDATA[oDI0IuG-rB5oIl_UlM2w_rF4VBvY]]></openid>
<out_trade_no><![CDATA[DG11172219344808]]></out_trade_no>
<result_code><![CDATA[SUCCESS]]></result_code>
<return_code><![CDATA[SUCCESS]]></return_code>
<sign><![CDATA[442B5FD295D07253EF9DF139C52AF926]]></sign>
<time_end><![CDATA[20151117221946]]></time_end>
<total_fee>448</total_fee>
<trade_type><![CDATA[JSAPI]]></trade_type>
<transaction_id><![CDATA[1001040544201511171646652208]]></transaction_id>
</xml>


æ‰§è¡Œæ—¥æœŸï¼š2015-11-17-22ï¼?Mï¼?S
¡¾Pay Success¡¿:
<xml><appid><![CDATA[wx5c072e1680bf00a5]]></appid>
<bank_type><![CDATA[ABC_DEBIT]]></bank_type>
<cash_fee><![CDATA[448]]></cash_fee>
<fee_type><![CDATA[CNY]]></fee_type>
<is_subscribe><![CDATA[Y]]></is_subscribe>
<mch_id><![CDATA[1286562501]]></mch_id>
<nonce_str><![CDATA[8dlem3tw428jytukpl5y4es5yee7z98v]]></nonce_str>
<openid><![CDATA[oDI0IuG-rB5oIl_UlM2w_rF4VBvY]]></openid>
<out_trade_no><![CDATA[DG11172219344808]]></out_trade_no>
<result_code><![CDATA[SUCCESS]]></result_code>
<return_code><![CDATA[SUCCESS]]></return_code>
<sign><![CDATA[442B5FD295D07253EF9DF139C52AF926]]></sign>
<time_end><![CDATA[20151117221946]]></time_end>
<total_fee>448</total_fee>
<trade_type><![CDATA[JSAPI]]></trade_type>
<transaction_id><![CDATA[1001040544201511171646652208]]></transaction_id>
</xml>
update twotree_shop_goods set store_num=store_num-1 where shop_id=34 and goods_id=22

æ‰§è¡Œæ—¥æœŸï¼š2015-11-17-22ï¼?Mï¼?S
update twotree_shop_goods set store_num=store_num-1 where shop_id=45 and goods_id=22¡¾Recieve NOtice¡¿:
<xml><appid><![CDATA[wx5c072e1680bf00a5]]></appid>
<bank_type><![CDATA[ABC_DEBIT]]></bank_type>
<cash_fee><![CDATA[1844]]></cash_fee>
<fee_type><![CDATA[CNY]]></fee_type>
<is_subscribe><![CDATA[Y]]></is_subscribe>
<mch_id><![CDATA[1286562501]]></mch_id>
<nonce_str><![CDATA[3famvx7z3h4vh03kpdzf65mz02i6irkb]]></nonce_str>
<openid><![CDATA[oDI0IuNZH95Pffn9GCjKSY26ZG8A]]></openid>
<out_trade_no><![CDATA[DG11172219272043]]></out_trade_no>
<result_code><![CDATA[SUCCESS]]></result_code>
<return_code><![CDATA[SUCCESS]]></return_code>
<sign><![CDATA[4A4F4E9C9C28A1F9E1DD279E7E97D77E]]></sign>
<time_end><![CDATA[20151117221948]]></time_end>
<total_fee>1844</total_fee>
<trade_type><![CDATA[JSAPI]]></trade_type>
<transaction_id><![CDATA[1002780544201511171646623787]]></transaction_id>
</xml>


æ‰§è¡Œæ—¥æœŸï¼š2015-11-17-22ï¼?Mï¼?S
¡¾Pay Success¡¿:
<xml><appid><![CDATA[wx5c072e1680bf00a5]]></appid>
<bank_type><![CDATA[ABC_DEBIT]]></bank_type>
<cash_fee><![CDATA[1844]]></cash_fee>
<fee_type><![CDATA[CNY]]></fee_type>
<is_subscribe><![CDATA[Y]]></is_subscribe>
<mch_id><![CDATA[1286562501]]></mch_id>
<nonce_str><![CDATA[3famvx7z3h4vh03kpdzf65mz02i6irkb]]></nonce_str>
<openid><![CDATA[oDI0IuNZH95Pffn9GCjKSY26ZG8A]]></openid>
<out_trade_no><![CDATA[DG11172219272043]]></out_trade_no>
<result_code><![CDATA[SUCCESS]]></result_code>
<return_code><![CDATA[SUCCESS]]></return_code>
<sign><![CDATA[4A4F4E9C9C28A1F9E1DD279E7E97D77E]]></sign>
<time_end><![CDATA[20151117221948]]></time_end>
<total_fee>1844</total_fee>
<trade_type><![CDATA[JSAPI]]></trade_type>
<transaction_id><![CDATA[1002780544201511171646623787]]></transaction_id>
</xml>
update twotree_shop_goods set store_num=store_num-1 where shop_id=45 and goods_id=22

æ‰§è¡Œæ—¥æœŸï¼š2015-11-17-22ï¼?Mï¼?S
update twotree_shop_goods set store_num=store_num-3 where shop_id=45 and goods_id=21¡¾Recieve NOtice¡¿:
<xml><appid><![CDATA[wx5c072e1680bf00a5]]></appid>
<bank_type><![CDATA[CFT]]></bank_type>
<cash_fee><![CDATA[300]]></cash_fee>
<fee_type><![CDATA[CNY]]></fee_type>
<is_subscribe><![CDATA[Y]]></is_subscribe>
<mch_id><![CDATA[1286562501]]></mch_id>
<nonce_str><![CDATA[wrzbo0qsll5dl5lkrrrrzb4nydovxxek]]></nonce_str>
<openid><![CDATA[oDI0IuDdKUCM49GZiR8EuaHZaxOM]]></openid>
<out_trade_no><![CDATA[DG11172232368363]]></out_trade_no>
<result_code><![CDATA[SUCCESS]]></result_code>
<return_code><![CDATA[SUCCESS]]></return_code>
<sign><![CDATA[6FADD129643A0A88FD0016811BF58DED]]></sign>
<time_end><![CDATA[20151117223245]]></time_end>
<total_fee>300</total_fee>
<trade_type><![CDATA[JSAPI]]></trade_type>
<transaction_id><![CDATA[1006230544201511171646795128]]></transaction_id>
</xml>


æ‰§è¡Œæ—¥æœŸï¼š2015-11-17-22ï¼?Mï¼?S
¡¾Pay Success¡¿:
<xml><appid><![CDATA[wx5c072e1680bf00a5]]></appid>
<bank_type><![CDATA[CFT]]></bank_type>
<cash_fee><![CDATA[300]]></cash_fee>
<fee_type><![CDATA[CNY]]></fee_type>
<is_subscribe><![CDATA[Y]]></is_subscribe>
<mch_id><![CDATA[1286562501]]></mch_id>
<nonce_str><![CDATA[wrzbo0qsll5dl5lkrrrrzb4nydovxxek]]></nonce_str>
<openid><![CDATA[oDI0IuDdKUCM49GZiR8EuaHZaxOM]]></openid>
<out_trade_no><![CDATA[DG11172232368363]]></out_trade_no>
<result_code><![CDATA[SUCCESS]]></result_code>
<return_code><![CDATA[SUCCESS]]></return_code>
<sign><![CDATA[6FADD129643A0A88FD0016811BF58DED]]></sign>
<time_end><![CDATA[20151117223245]]></time_end>
<total_fee>300</total_fee>
<trade_type><![CDATA[JSAPI]]></trade_type>
<transaction_id><![CDATA[1006230544201511171646795128]]></transaction_id>
</xml>
update twotree_shop_goods set store_num=store_num-3 where shop_id=45 and goods_id=21

æ‰§è¡Œæ—¥æœŸï¼š2015-11-17-22ï¼?Mï¼?S
update twotree_shop_goods set store_num=store_num-3 where shop_id=38 and goods_id=50¡¾Recieve NOtice¡¿:
<xml><appid><![CDATA[wx5c072e1680bf00a5]]></appid>
<bank_type><![CDATA[ABC_DEBIT]]></bank_type>
<cash_fee><![CDATA[300]]></cash_fee>
<fee_type><![CDATA[CNY]]></fee_type>
<is_subscribe><![CDATA[Y]]></is_subscribe>
<mch_id><![CDATA[1286562501]]></mch_id>
<nonce_str><![CDATA[zgybw8lc5w4djg1v6m6c5t8658awm64r]]></nonce_str>
<openid><![CDATA[oDI0IuIhdZFcpmEAWtmVt7bgYMTU]]></openid>
<out_trade_no><![CDATA[DG11172233172086]]></out_trade_no>
<result_code><![CDATA[SUCCESS]]></result_code>
<return_code><![CDATA[SUCCESS]]></return_code>
<sign><![CDATA[F35022D2A1673667006A6AF6B128AB34]]></sign>
<time_end><![CDATA[20151117223334]]></time_end>
<total_fee>300</total_fee>
<trade_type><![CDATA[JSAPI]]></trade_type>
<transaction_id><![CDATA[1007890544201511171646800699]]></transaction_id>
</xml>


æ‰§è¡Œæ—¥æœŸï¼š2015-11-17-22ï¼?Mï¼?S
¡¾Pay Success¡¿:
<xml><appid><![CDATA[wx5c072e1680bf00a5]]></appid>
<bank_type><![CDATA[ABC_DEBIT]]></bank_type>
<cash_fee><![CDATA[300]]></cash_fee>
<fee_type><![CDATA[CNY]]></fee_type>
<is_subscribe><![CDATA[Y]]></is_subscribe>
<mch_id><![CDATA[1286562501]]></mch_id>
<nonce_str><![CDATA[zgybw8lc5w4djg1v6m6c5t8658awm64r]]></nonce_str>
<openid><![CDATA[oDI0IuIhdZFcpmEAWtmVt7bgYMTU]]></openid>
<out_trade_no><![CDATA[DG11172233172086]]></out_trade_no>
<result_code><![CDATA[SUCCESS]]></result_code>
<return_code><![CDATA[SUCCESS]]></return_code>
<sign><![CDATA[F35022D2A1673667006A6AF6B128AB34]]></sign>
<time_end><![CDATA[20151117223334]]></time_end>
<total_fee>300</total_fee>
<trade_type><![CDATA[JSAPI]]></trade_type>
<transaction_id><![CDATA[1007890544201511171646800699]]></transaction_id>
</xml>
update twotree_shop_goods set store_num=store_num-3 where shop_id=38 and goods_id=50

æ‰§è¡Œæ—¥æœŸï¼š2015-11-17-22ï¼?Mï¼?S
update twotree_shop_goods set store_num=store_num-1 where shop_id=38 and goods_id=21¡¾Recieve NOtice¡¿:
<xml><appid><![CDATA[wx5c072e1680bf00a5]]></appid>
<bank_type><![CDATA[CFT]]></bank_type>
<cash_fee><![CDATA[300]]></cash_fee>
<fee_type><![CDATA[CNY]]></fee_type>
<is_subscribe><![CDATA[Y]]></is_subscribe>
<mch_id><![CDATA[1286562501]]></mch_id>
<nonce_str><![CDATA[rg98gen26rl84ifrnng2el0klzkpa25g]]></nonce_str>
<openid><![CDATA[oDI0IuDltQucpI6LgFhASecTBDME]]></openid>
<out_trade_no><![CDATA[DG11172235542546]]></out_trade_no>
<result_code><![CDATA[SUCCESS]]></result_code>
<return_code><![CDATA[SUCCESS]]></return_code>
<sign><![CDATA[225AF5EA1D639020A0AEC736A896D20D]]></sign>
<time_end><![CDATA[20151117223605]]></time_end>
<total_fee>300</total_fee>
<trade_type><![CDATA[JSAPI]]></trade_type>
<transaction_id><![CDATA[1001830544201511171646827159]]></transaction_id>
</xml>


æ‰§è¡Œæ—¥æœŸï¼š2015-11-17-22ï¼?Mï¼?S
¡¾Pay Success¡¿:
<xml><appid><![CDATA[wx5c072e1680bf00a5]]></appid>
<bank_type><![CDATA[CFT]]></bank_type>
<cash_fee><![CDATA[300]]></cash_fee>
<fee_type><![CDATA[CNY]]></fee_type>
<is_subscribe><![CDATA[Y]]></is_subscribe>
<mch_id><![CDATA[1286562501]]></mch_id>
<nonce_str><![CDATA[rg98gen26rl84ifrnng2el0klzkpa25g]]></nonce_str>
<openid><![CDATA[oDI0IuDltQucpI6LgFhASecTBDME]]></openid>
<out_trade_no><![CDATA[DG11172235542546]]></out_trade_no>
<result_code><![CDATA[SUCCESS]]></result_code>
<return_code><![CDATA[SUCCESS]]></return_code>
<sign><![CDATA[225AF5EA1D639020A0AEC736A896D20D]]></sign>
<time_end><![CDATA[20151117223605]]></time_end>
<total_fee>300</total_fee>
<trade_type><![CDATA[JSAPI]]></trade_type>
<transaction_id><![CDATA[1001830544201511171646827159]]></transaction_id>
</xml>
update twotree_shop_goods set store_num=store_num-1 where shop_id=38 and goods_id=21

æ‰§è¡Œæ—¥æœŸï¼š2015-11-17-23ï¼?Mï¼?S
update twotree_shop_goods set store_num=store_num-1 where shop_id=123 and goods_id=13¡¾Recieve NOtice¡¿:
<xml><appid><![CDATA[wx5c072e1680bf00a5]]></appid>
<bank_type><![CDATA[CFT]]></bank_type>
<cash_fee><![CDATA[380]]></cash_fee>
<fee_type><![CDATA[CNY]]></fee_type>
<is_subscribe><![CDATA[Y]]></is_subscribe>
<mch_id><![CDATA[1286562501]]></mch_id>
<nonce_str><![CDATA[tzuq64t8y6pup4bxlf29kc9dy0dfmm2u]]></nonce_str>
<openid><![CDATA[oDI0IuOmOJyWS-8OGmN4kPnO_sS0]]></openid>
<out_trade_no><![CDATA[DG11172302278912]]></out_trade_no>
<result_code><![CDATA[SUCCESS]]></result_code>
<return_code><![CDATA[SUCCESS]]></return_code>
<sign><![CDATA[A3DF51529CC7D060805193E412F5466E]]></sign>
<time_end><![CDATA[20151117230245]]></time_end>
<total_fee>380</total_fee>
<trade_type><![CDATA[JSAPI]]></trade_type>
<transaction_id><![CDATA[1006970544201511171647100881]]></transaction_id>
</xml>


æ‰§è¡Œæ—¥æœŸï¼š2015-11-17-23ï¼?Mï¼?S
¡¾Pay Success¡¿:
<xml><appid><![CDATA[wx5c072e1680bf00a5]]></appid>
<bank_type><![CDATA[CFT]]></bank_type>
<cash_fee><![CDATA[380]]></cash_fee>
<fee_type><![CDATA[CNY]]></fee_type>
<is_subscribe><![CDATA[Y]]></is_subscribe>
<mch_id><![CDATA[1286562501]]></mch_id>
<nonce_str><![CDATA[tzuq64t8y6pup4bxlf29kc9dy0dfmm2u]]></nonce_str>
<openid><![CDATA[oDI0IuOmOJyWS-8OGmN4kPnO_sS0]]></openid>
<out_trade_no><![CDATA[DG11172302278912]]></out_trade_no>
<result_code><![CDATA[SUCCESS]]></result_code>
<return_code><![CDATA[SUCCESS]]></return_code>
<sign><![CDATA[A3DF51529CC7D060805193E412F5466E]]></sign>
<time_end><![CDATA[20151117230245]]></time_end>
<total_fee>380</total_fee>
<trade_type><![CDATA[JSAPI]]></trade_type>
<transaction_id><![CDATA[1006970544201511171647100881]]></transaction_id>
</xml>
update twotree_shop_goods set store_num=store_num-1 where shop_id=123 and goods_id=13

æ‰§è¡Œæ—¥æœŸï¼š2015-11-17-23ï¼?Mï¼?S
update twotree_shop_goods set store_num=store_num-1 where shop_id=123 and goods_id=47¡¾Recieve NOtice¡¿:
<xml><appid><![CDATA[wx5c072e1680bf00a5]]></appid>
<bank_type><![CDATA[ABC_DEBIT]]></bank_type>
<cash_fee><![CDATA[2986]]></cash_fee>
<fee_type><![CDATA[CNY]]></fee_type>
<is_subscribe><![CDATA[Y]]></is_subscribe>
<mch_id><![CDATA[1286562501]]></mch_id>
<nonce_str><![CDATA[syc36cn7b4a40znhz9gg7npwbgqjlu4s]]></nonce_str>
<openid><![CDATA[oDI0IuLaFpSsDyRwAse5uVXilX80]]></openid>
<out_trade_no><![CDATA[DG11172309038648]]></out_trade_no>
<result_code><![CDATA[SUCCESS]]></result_code>
<return_code><![CDATA[SUCCESS]]></return_code>
<sign><![CDATA[4849D880FFBA96FB97929D99D056E395]]></sign>
<time_end><![CDATA[20151117230917]]></time_end>
<total_fee>2986</total_fee>
<trade_type><![CDATA[JSAPI]]></trade_type>
<transaction_id><![CDATA[1005370544201511171647160458]]></transaction_id>
</xml>


æ‰§è¡Œæ—¥æœŸï¼š2015-11-17-23ï¼?Mï¼?S
¡¾Pay Success¡¿:
<xml><appid><![CDATA[wx5c072e1680bf00a5]]></appid>
<bank_type><![CDATA[ABC_DEBIT]]></bank_type>
<cash_fee><![CDATA[2986]]></cash_fee>
<fee_type><![CDATA[CNY]]></fee_type>
<is_subscribe><![CDATA[Y]]></is_subscribe>
<mch_id><![CDATA[1286562501]]></mch_id>
<nonce_str><![CDATA[syc36cn7b4a40znhz9gg7npwbgqjlu4s]]></nonce_str>
<openid><![CDATA[oDI0IuLaFpSsDyRwAse5uVXilX80]]></openid>
<out_trade_no><![CDATA[DG11172309038648]]></out_trade_no>
<result_code><![CDATA[SUCCESS]]></result_code>
<return_code><![CDATA[SUCCESS]]></return_code>
<sign><![CDATA[4849D880FFBA96FB97929D99D056E395]]></sign>
<time_end><![CDATA[20151117230917]]></time_end>
<total_fee>2986</total_fee>
<trade_type><![CDATA[JSAPI]]></trade_type>
<transaction_id><![CDATA[1005370544201511171647160458]]></transaction_id>
</xml>
update twotree_shop_goods set store_num=store_num-1 where shop_id=123 and goods_id=47

æ‰§è¡Œæ—¥æœŸï¼š2015-11-17-23ï¼?Mï¼?S
update twotree_shop_goods set store_num=store_num-1 where shop_id=45 and goods_id=21¡¾Recieve NOtice¡¿:
<xml><appid><![CDATA[wx5c072e1680bf00a5]]></appid>
<bank_type><![CDATA[BOC_DEBIT]]></bank_type>
<cash_fee><![CDATA[485]]></cash_fee>
<fee_type><![CDATA[CNY]]></fee_type>
<is_subscribe><![CDATA[Y]]></is_subscribe>
<mch_id><![CDATA[1286562501]]></mch_id>
<nonce_str><![CDATA[5nvfa7ue7tmmp0q3dulmn6zhhud5wc9p]]></nonce_str>
<openid><![CDATA[oDI0IuJnAEF0dg1gQqW07SAHdM90]]></openid>
<out_trade_no><![CDATA[DG11172309309095]]></out_trade_no>
<result_code><![CDATA[SUCCESS]]></result_code>
<return_code><![CDATA[SUCCESS]]></return_code>
<sign><![CDATA[BCEFE63D0FC447663EBDF516A1F0CA06]]></sign>
<time_end><![CDATA[20151117230941]]></time_end>
<total_fee>485</total_fee>
<trade_type><![CDATA[JSAPI]]></trade_type>
<transaction_id><![CDATA[1007700544201511171647148738]]></transaction_id>
</xml>


æ‰§è¡Œæ—¥æœŸï¼š2015-11-17-23ï¼?Mï¼?S
¡¾Pay Success¡¿:
<xml><appid><![CDATA[wx5c072e1680bf00a5]]></appid>
<bank_type><![CDATA[BOC_DEBIT]]></bank_type>
<cash_fee><![CDATA[485]]></cash_fee>
<fee_type><![CDATA[CNY]]></fee_type>
<is_subscribe><![CDATA[Y]]></is_subscribe>
<mch_id><![CDATA[1286562501]]></mch_id>
<nonce_str><![CDATA[5nvfa7ue7tmmp0q3dulmn6zhhud5wc9p]]></nonce_str>
<openid><![CDATA[oDI0IuJnAEF0dg1gQqW07SAHdM90]]></openid>
<out_trade_no><![CDATA[DG11172309309095]]></out_trade_no>
<result_code><![CDATA[SUCCESS]]></result_code>
<return_code><![CDATA[SUCCESS]]></return_code>
<sign><![CDATA[BCEFE63D0FC447663EBDF516A1F0CA06]]></sign>
<time_end><![CDATA[20151117230941]]></time_end>
<total_fee>485</total_fee>
<trade_type><![CDATA[JSAPI]]></trade_type>
<transaction_id><![CDATA[1007700544201511171647148738]]></transaction_id>
</xml>
update twotree_shop_goods set store_num=store_num-1 where shop_id=45 and goods_id=21

æ‰§è¡Œæ—¥æœŸï¼š2015-11-17-23ï¼?Mï¼?S
update twotree_shop_goods set store_num=store_num-2 where shop_id=123 and goods_id=13¡¾Recieve NOtice¡¿:
<xml><appid><![CDATA[wx5c072e1680bf00a5]]></appid>
<bank_type><![CDATA[COMM_DEBIT]]></bank_type>
<cash_fee><![CDATA[760]]></cash_fee>
<fee_type><![CDATA[CNY]]></fee_type>
<is_subscribe><![CDATA[Y]]></is_subscribe>
<mch_id><![CDATA[1286562501]]></mch_id>
<nonce_str><![CDATA[lqauysgrlzgpu6orgi2g9dntrutnhzqx]]></nonce_str>
<openid><![CDATA[oDI0IuKpUqi9tGCCgjc6Xwzx7qvY]]></openid>
<out_trade_no><![CDATA[DG11172318513270]]></out_trade_no>
<result_code><![CDATA[SUCCESS]]></result_code>
<return_code><![CDATA[SUCCESS]]></return_code>
<sign><![CDATA[6A15002426CA81AF99E7A6553BF1C99E]]></sign>
<time_end><![CDATA[20151117231908]]></time_end>
<total_fee>760</total_fee>
<trade_type><![CDATA[JSAPI]]></trade_type>
<transaction_id><![CDATA[1004160544201511171647242411]]></transaction_id>
</xml>


æ‰§è¡Œæ—¥æœŸï¼š2015-11-17-23ï¼?Mï¼?S
¡¾Pay Success¡¿:
<xml><appid><![CDATA[wx5c072e1680bf00a5]]></appid>
<bank_type><![CDATA[COMM_DEBIT]]></bank_type>
<cash_fee><![CDATA[760]]></cash_fee>
<fee_type><![CDATA[CNY]]></fee_type>
<is_subscribe><![CDATA[Y]]></is_subscribe>
<mch_id><![CDATA[1286562501]]></mch_id>
<nonce_str><![CDATA[lqauysgrlzgpu6orgi2g9dntrutnhzqx]]></nonce_str>
<openid><![CDATA[oDI0IuKpUqi9tGCCgjc6Xwzx7qvY]]></openid>
<out_trade_no><![CDATA[DG11172318513270]]></out_trade_no>
<result_code><![CDATA[SUCCESS]]></result_code>
<return_code><![CDATA[SUCCESS]]></return_code>
<sign><![CDATA[6A15002426CA81AF99E7A6553BF1C99E]]></sign>
<time_end><![CDATA[20151117231908]]></time_end>
<total_fee>760</total_fee>
<trade_type><![CDATA[JSAPI]]></trade_type>
<transaction_id><![CDATA[1004160544201511171647242411]]></transaction_id>
</xml>
update twotree_shop_goods set store_num=store_num-2 where shop_id=123 and goods_id=13

æ‰§è¡Œæ—¥æœŸï¼š2015-11-17-23ï¼?Mï¼?S
update twotree_order_info set pay_status=1,pay_money=311.8,pay_time=1447774700,out_trade_no='DG11172337525268', transaction_id='1003860544201511171647380935' where order_sn='DG11172337525268'¡¾Recieve NOtice¡¿:
<xml><appid><![CDATA[wx5c072e1680bf00a5]]></appid>
<bank_type><![CDATA[CFT]]></bank_type>
<cash_fee><![CDATA[31180]]></cash_fee>
<fee_type><![CDATA[CNY]]></fee_type>
<is_subscribe><![CDATA[Y]]></is_subscribe>
<mch_id><![CDATA[1286562501]]></mch_id>
<nonce_str><![CDATA[0c2mby7vcgff9tmt8ehowllw8fz9iqvt]]></nonce_str>
<openid><![CDATA[oDI0IuEWbVBXgMmjoH7PtG_uX_pk]]></openid>
<out_trade_no><![CDATA[DG11172337525268]]></out_trade_no>
<result_code><![CDATA[SUCCESS]]></result_code>
<return_code><![CDATA[SUCCESS]]></return_code>
<sign><![CDATA[7B6934CF84FEB05F3950F00C98E3A314]]></sign>
<time_end><![CDATA[20151117233820]]></time_end>
<total_fee>31180</total_fee>
<trade_type><![CDATA[JSAPI]]></trade_type>
<transaction_id><![CDATA[1003860544201511171647380935]]></transaction_id>
</xml>


æ‰§è¡Œæ—¥æœŸï¼š2015-11-17-23ï¼?Mï¼?S
¡¾Pay Success¡¿:
<xml><appid><![CDATA[wx5c072e1680bf00a5]]></appid>
<bank_type><![CDATA[CFT]]></bank_type>
<cash_fee><![CDATA[31180]]></cash_fee>
<fee_type><![CDATA[CNY]]></fee_type>
<is_subscribe><![CDATA[Y]]></is_subscribe>
<mch_id><![CDATA[1286562501]]></mch_id>
<nonce_str><![CDATA[0c2mby7vcgff9tmt8ehowllw8fz9iqvt]]></nonce_str>
<openid><![CDATA[oDI0IuEWbVBXgMmjoH7PtG_uX_pk]]></openid>
<out_trade_no><![CDATA[DG11172337525268]]></out_trade_no>
<result_code><![CDATA[SUCCESS]]></result_code>
<return_code><![CDATA[SUCCESS]]></return_code>
<sign><![CDATA[7B6934CF84FEB05F3950F00C98E3A314]]></sign>
<time_end><![CDATA[20151117233820]]></time_end>
<total_fee>31180</total_fee>
<trade_type><![CDATA[JSAPI]]></trade_type>
<transaction_id><![CDATA[1003860544201511171647380935]]></transaction_id>
</xml>
update twotree_order_info set pay_status=1,pay_money=311.8,pay_time=1447774700,out_trade_no='DG11172337525268', transaction_id='1003860544201511171647380935' where order_sn='DG11172337525268'

æ‰§è¡Œæ—¥æœŸï¼š2015-11-17-23ï¼?Mï¼?S
update twotree_shop_goods set store_num=store_num-6 where shop_id=117 and goods_id=28¡¾Recieve NOtice¡¿:
<xml><appid><![CDATA[wx5c072e1680bf00a5]]></appid>
<bank_type><![CDATA[CFT]]></bank_type>
<cash_fee><![CDATA[1012]]></cash_fee>
<fee_type><![CDATA[CNY]]></fee_type>
<is_subscribe><![CDATA[Y]]></is_subscribe>
<mch_id><![CDATA[1286562501]]></mch_id>
<nonce_str><![CDATA[jhs9r53c7hezez0ek0wr5poakrr7ebpg]]></nonce_str>
<openid><![CDATA[oDI0IuMCWqUmMdyG5F5P0aZFDCSU]]></openid>
<out_trade_no><![CDATA[DG11172338545234]]></out_trade_no>
<result_code><![CDATA[SUCCESS]]></result_code>
<return_code><![CDATA[SUCCESS]]></return_code>
<sign><![CDATA[EDF83AC92210EBE605AE565D50E40D1A]]></sign>
<time_end><![CDATA[20151117233906]]></time_end>
<total_fee>1012</total_fee>
<trade_type><![CDATA[JSAPI]]></trade_type>
<transaction_id><![CDATA[1006550544201511171647383929]]></transaction_id>
</xml>


æ‰§è¡Œæ—¥æœŸï¼š2015-11-17-23ï¼?Mï¼?S
¡¾Pay Success¡¿:
<xml><appid><![CDATA[wx5c072e1680bf00a5]]></appid>
<bank_type><![CDATA[CFT]]></bank_type>
<cash_fee><![CDATA[1012]]></cash_fee>
<fee_type><![CDATA[CNY]]></fee_type>
<is_subscribe><![CDATA[Y]]></is_subscribe>
<mch_id><![CDATA[1286562501]]></mch_id>
<nonce_str><![CDATA[jhs9r53c7hezez0ek0wr5poakrr7ebpg]]></nonce_str>
<openid><![CDATA[oDI0IuMCWqUmMdyG5F5P0aZFDCSU]]></openid>
<out_trade_no><![CDATA[DG11172338545234]]></out_trade_no>
<result_code><![CDATA[SUCCESS]]></result_code>
<return_code><![CDATA[SUCCESS]]></return_code>
<sign><![CDATA[EDF83AC92210EBE605AE565D50E40D1A]]></sign>
<time_end><![CDATA[20151117233906]]></time_end>
<total_fee>1012</total_fee>
<trade_type><![CDATA[JSAPI]]></trade_type>
<transaction_id><![CDATA[1006550544201511171647383929]]></transaction_id>
</xml>
update twotree_shop_goods set store_num=store_num-6 where shop_id=117 and goods_id=28

æ‰§è¡Œæ—¥æœŸï¼š2015-11-17-23ï¼?Mï¼?S
update twotree_shop_goods set store_num=store_num-6 where shop_id=34 and goods_id=28¡¾Recieve NOtice¡¿:
<xml><appid><![CDATA[wx5c072e1680bf00a5]]></appid>
<bank_type><![CDATA[CFT]]></bank_type>
<cash_fee><![CDATA[300]]></cash_fee>
<fee_type><![CDATA[CNY]]></fee_type>
<is_subscribe><![CDATA[Y]]></is_subscribe>
<mch_id><![CDATA[1286562501]]></mch_id>
<nonce_str><![CDATA[9japr0sb45t1ot5enzy3w2bo8vsivi17]]></nonce_str>
<openid><![CDATA[oDI0IuE8WUZDg5jPFIZ7ptGnW7oI]]></openid>
<out_trade_no><![CDATA[DG11172354085538]]></out_trade_no>
<result_code><![CDATA[SUCCESS]]></result_code>
<return_code><![CDATA[SUCCESS]]></return_code>
<sign><![CDATA[CB55DE0E235628A38AD6DD9B27507AB2]]></sign>
<time_end><![CDATA[20151117235421]]></time_end>
<total_fee>300</total_fee>
<trade_type><![CDATA[JSAPI]]></trade_type>
<transaction_id><![CDATA[1001260544201511171647488685]]></transaction_id>
</xml>


æ‰§è¡Œæ—¥æœŸï¼š2015-11-17-23ï¼?Mï¼?S
¡¾Pay Success¡¿:
<xml><appid><![CDATA[wx5c072e1680bf00a5]]></appid>
<bank_type><![CDATA[CFT]]></bank_type>
<cash_fee><![CDATA[300]]></cash_fee>
<fee_type><![CDATA[CNY]]></fee_type>
<is_subscribe><![CDATA[Y]]></is_subscribe>
<mch_id><![CDATA[1286562501]]></mch_id>
<nonce_str><![CDATA[9japr0sb45t1ot5enzy3w2bo8vsivi17]]></nonce_str>
<openid><![CDATA[oDI0IuE8WUZDg5jPFIZ7ptGnW7oI]]></openid>
<out_trade_no><![CDATA[DG11172354085538]]></out_trade_no>
<result_code><![CDATA[SUCCESS]]></result_code>
<return_code><![CDATA[SUCCESS]]></return_code>
<sign><![CDATA[CB55DE0E235628A38AD6DD9B27507AB2]]></sign>
<time_end><![CDATA[20151117235421]]></time_end>
<total_fee>300</total_fee>
<trade_type><![CDATA[JSAPI]]></trade_type>
<transaction_id><![CDATA[1001260544201511171647488685]]></transaction_id>
</xml>
update twotree_shop_goods set store_num=store_num-6 where shop_id=34 and goods_id=28

