æ‰§è¡Œæ—¥æœŸï¼š2015-11-13-11ï¼?Mï¼?S
¡¾Recieve NOtice¡¿:



æ‰§è¡Œæ—¥æœŸï¼š2015-11-13-11ï¼?Mï¼?S
update twotree_order_info set pay_status=1,pay_money=208.08,pay_time=1447385830,out_trade_no='DG11131136543350', transaction_id='1002770914201511131581336399' where order_sn='DG11131136543350'¡¾Recieve NOtice¡¿:
<xml><appid><![CDATA[wx8c5b2610f8e96334]]></appid>
<bank_type><![CDATA[CCB_DEBIT]]></bank_type>
<cash_fee><![CDATA[20808]]></cash_fee>
<fee_type><![CDATA[CNY]]></fee_type>
<is_subscribe><![CDATA[Y]]></is_subscribe>
<mch_id><![CDATA[1265531901]]></mch_id>
<nonce_str><![CDATA[94wani90ex9t4dpm7u92y1ebpsbk4jwh]]></nonce_str>
<openid><![CDATA[oKhP4wl36xchw1n-QrMXch94B_Eg]]></openid>
<out_trade_no><![CDATA[DG11131136543350]]></out_trade_no>
<result_code><![CDATA[SUCCESS]]></result_code>
<return_code><![CDATA[SUCCESS]]></return_code>
<sign><![CDATA[86A23563ED6195FF8DB0EA4503254DB3]]></sign>
<time_end><![CDATA[20151113113709]]></time_end>
<total_fee>20808</total_fee>
<trade_type><![CDATA[JSAPI]]></trade_type>
<transaction_id><![CDATA[1002770914201511131581336399]]></transaction_id>
</xml>


æ‰§è¡Œæ—¥æœŸï¼š2015-11-13-11ï¼?Mï¼?S
¡¾Pay Success¡¿:
<xml><appid><![CDATA[wx8c5b2610f8e96334]]></appid>
<bank_type><![CDATA[CCB_DEBIT]]></bank_type>
<cash_fee><![CDATA[20808]]></cash_fee>
<fee_type><![CDATA[CNY]]></fee_type>
<is_subscribe><![CDATA[Y]]></is_subscribe>
<mch_id><![CDATA[1265531901]]></mch_id>
<nonce_str><![CDATA[94wani90ex9t4dpm7u92y1ebpsbk4jwh]]></nonce_str>
<openid><![CDATA[oKhP4wl36xchw1n-QrMXch94B_Eg]]></openid>
<out_trade_no><![CDATA[DG11131136543350]]></out_trade_no>
<result_code><![CDATA[SUCCESS]]></result_code>
<return_code><![CDATA[SUCCESS]]></return_code>
<sign><![CDATA[86A23563ED6195FF8DB0EA4503254DB3]]></sign>
<time_end><![CDATA[20151113113709]]></time_end>
<total_fee>20808</total_fee>
<trade_type><![CDATA[JSAPI]]></trade_type>
<transaction_id><![CDATA[1002770914201511131581336399]]></transaction_id>
</xml>
update twotree_order_info set pay_status=1,pay_money=208.08,pay_time=1447385830,out_trade_no='DG11131136543350', transaction_id='1002770914201511131581336399' where order_sn='DG11131136543350'

æ‰§è¡Œæ—¥æœŸï¼š2015-11-13-12ï¼?Mï¼?S
update twotree_shop_goods set store_num=store_num-1 where shop_id=38 and goods_id=46¡¾Recieve NOtice¡¿:
<xml><appid><![CDATA[wx8c5b2610f8e96334]]></appid>
<bank_type><![CDATA[PSBC_DEBIT]]></bank_type>
<cash_fee><![CDATA[960]]></cash_fee>
<fee_type><![CDATA[CNY]]></fee_type>
<is_subscribe><![CDATA[Y]]></is_subscribe>
<mch_id><![CDATA[1265531901]]></mch_id>
<nonce_str><![CDATA[61yks9f95tv3ucuod87snn6jv3gokohx]]></nonce_str>
<openid><![CDATA[oKhP4wpntRGTng8qZxw-5hsxiOMI]]></openid>
<out_trade_no><![CDATA[DG11131251166240]]></out_trade_no>
<result_code><![CDATA[SUCCESS]]></result_code>
<return_code><![CDATA[SUCCESS]]></return_code>
<sign><![CDATA[7285206386517DAE7919925CBDBC9202]]></sign>
<time_end><![CDATA[20151113125203]]></time_end>
<total_fee>960</total_fee>
<trade_type><![CDATA[JSAPI]]></trade_type>
<transaction_id><![CDATA[1005800914201511131582767370]]></transaction_id>
</xml>


æ‰§è¡Œæ—¥æœŸï¼š2015-11-13-12ï¼?Mï¼?S
¡¾Pay Success¡¿:
<xml><appid><![CDATA[wx8c5b2610f8e96334]]></appid>
<bank_type><![CDATA[PSBC_DEBIT]]></bank_type>
<cash_fee><![CDATA[960]]></cash_fee>
<fee_type><![CDATA[CNY]]></fee_type>
<is_subscribe><![CDATA[Y]]></is_subscribe>
<mch_id><![CDATA[1265531901]]></mch_id>
<nonce_str><![CDATA[61yks9f95tv3ucuod87snn6jv3gokohx]]></nonce_str>
<openid><![CDATA[oKhP4wpntRGTng8qZxw-5hsxiOMI]]></openid>
<out_trade_no><![CDATA[DG11131251166240]]></out_trade_no>
<result_code><![CDATA[SUCCESS]]></result_code>
<return_code><![CDATA[SUCCESS]]></return_code>
<sign><![CDATA[7285206386517DAE7919925CBDBC9202]]></sign>
<time_end><![CDATA[20151113125203]]></time_end>
<total_fee>960</total_fee>
<trade_type><![CDATA[JSAPI]]></trade_type>
<transaction_id><![CDATA[1005800914201511131582767370]]></transaction_id>
</xml>
update twotree_shop_goods set store_num=store_num-1 where shop_id=38 and goods_id=46

æ‰§è¡Œæ—¥æœŸï¼š2015-11-13-21ï¼?Mï¼?S
update twotree_shop_goods set store_num=store_num-1 where shop_id=38 and goods_id=46¡¾Recieve NOtice¡¿:
<xml><appid><![CDATA[wx5c072e1680bf00a5]]></appid>
<bank_type><![CDATA[PSBC_DEBIT]]></bank_type>
<cash_fee><![CDATA[796]]></cash_fee>
<fee_type><![CDATA[CNY]]></fee_type>
<is_subscribe><![CDATA[Y]]></is_subscribe>
<mch_id><![CDATA[1286562501]]></mch_id>
<nonce_str><![CDATA[mq3g1uqv1tcru444tsgu0mmk8cb8tx6y]]></nonce_str>
<openid><![CDATA[oDI0IuPexm7adca9LeYrXwiXr_0w]]></openid>
<out_trade_no><![CDATA[DG11132136362389]]></out_trade_no>
<result_code><![CDATA[SUCCESS]]></result_code>
<return_code><![CDATA[SUCCESS]]></return_code>
<sign><![CDATA[1638017156ECA72F4D3E3385E22E84BA]]></sign>
<time_end><![CDATA[20151113213722]]></time_end>
<total_fee>796</total_fee>
<trade_type><![CDATA[JSAPI]]></trade_type>
<transaction_id><![CDATA[1005800544201511131590984188]]></transaction_id>
</xml>


æ‰§è¡Œæ—¥æœŸï¼š2015-11-13-21ï¼?Mï¼?S
¡¾Pay Success¡¿:
<xml><appid><![CDATA[wx5c072e1680bf00a5]]></appid>
<bank_type><![CDATA[PSBC_DEBIT]]></bank_type>
<cash_fee><![CDATA[796]]></cash_fee>
<fee_type><![CDATA[CNY]]></fee_type>
<is_subscribe><![CDATA[Y]]></is_subscribe>
<mch_id><![CDATA[1286562501]]></mch_id>
<nonce_str><![CDATA[mq3g1uqv1tcru444tsgu0mmk8cb8tx6y]]></nonce_str>
<openid><![CDATA[oDI0IuPexm7adca9LeYrXwiXr_0w]]></openid>
<out_trade_no><![CDATA[DG11132136362389]]></out_trade_no>
<result_code><![CDATA[SUCCESS]]></result_code>
<return_code><![CDATA[SUCCESS]]></return_code>
<sign><![CDATA[1638017156ECA72F4D3E3385E22E84BA]]></sign>
<time_end><![CDATA[20151113213722]]></time_end>
<total_fee>796</total_fee>
<trade_type><![CDATA[JSAPI]]></trade_type>
<transaction_id><![CDATA[1005800544201511131590984188]]></transaction_id>
</xml>
update twotree_shop_goods set store_num=store_num-1 where shop_id=38 and goods_id=46

æ‰§è¡Œæ—¥æœŸï¼š2015-11-13-21ï¼?Mï¼?S
update twotree_shop_goods set store_num=store_num-1 where shop_id=38 and goods_id=13¡¾Recieve NOtice¡¿:
<xml><appid><![CDATA[wx5c072e1680bf00a5]]></appid>
<bank_type><![CDATA[ABC_DEBIT]]></bank_type>
<cash_fee><![CDATA[380]]></cash_fee>
<fee_type><![CDATA[CNY]]></fee_type>
<is_subscribe><![CDATA[Y]]></is_subscribe>
<mch_id><![CDATA[1286562501]]></mch_id>
<nonce_str><![CDATA[ekuxoj8epaqzk36g0wb7xumcydnwqdup]]></nonce_str>
<openid><![CDATA[oDI0IuEtmoN3eAT_IoiRuxc753aU]]></openid>
<out_trade_no><![CDATA[DG11132138156899]]></out_trade_no>
<result_code><![CDATA[SUCCESS]]></result_code>
<return_code><![CDATA[SUCCESS]]></return_code>
<sign><![CDATA[E01352872082C13C24456E1DD46A06AB]]></sign>
<time_end><![CDATA[20151113213825]]></time_end>
<total_fee>380</total_fee>
<trade_type><![CDATA[JSAPI]]></trade_type>
<transaction_id><![CDATA[1000270544201511131591012779]]></transaction_id>
</xml>


æ‰§è¡Œæ—¥æœŸï¼š2015-11-13-21ï¼?Mï¼?S
¡¾Pay Success¡¿:
<xml><appid><![CDATA[wx5c072e1680bf00a5]]></appid>
<bank_type><![CDATA[ABC_DEBIT]]></bank_type>
<cash_fee><![CDATA[380]]></cash_fee>
<fee_type><![CDATA[CNY]]></fee_type>
<is_subscribe><![CDATA[Y]]></is_subscribe>
<mch_id><![CDATA[1286562501]]></mch_id>
<nonce_str><![CDATA[ekuxoj8epaqzk36g0wb7xumcydnwqdup]]></nonce_str>
<openid><![CDATA[oDI0IuEtmoN3eAT_IoiRuxc753aU]]></openid>
<out_trade_no><![CDATA[DG11132138156899]]></out_trade_no>
<result_code><![CDATA[SUCCESS]]></result_code>
<return_code><![CDATA[SUCCESS]]></return_code>
<sign><![CDATA[E01352872082C13C24456E1DD46A06AB]]></sign>
<time_end><![CDATA[20151113213825]]></time_end>
<total_fee>380</total_fee>
<trade_type><![CDATA[JSAPI]]></trade_type>
<transaction_id><![CDATA[1000270544201511131591012779]]></transaction_id>
</xml>
update twotree_shop_goods set store_num=store_num-1 where shop_id=38 and goods_id=13

æ‰§è¡Œæ—¥æœŸï¼š2015-11-13-22ï¼?Mï¼?S
update twotree_shop_goods set store_num=store_num-1 where shop_id=38 and goods_id=13¡¾Recieve NOtice¡¿:
<xml><appid><![CDATA[wx5c072e1680bf00a5]]></appid>
<bank_type><![CDATA[CFT]]></bank_type>
<cash_fee><![CDATA[380]]></cash_fee>
<fee_type><![CDATA[CNY]]></fee_type>
<is_subscribe><![CDATA[Y]]></is_subscribe>
<mch_id><![CDATA[1286562501]]></mch_id>
<nonce_str><![CDATA[mjd7glhvb5r7yvinivsxi3hao51soses]]></nonce_str>
<openid><![CDATA[oDI0IuO8JllStQ1MaYPBs8D7rfy0]]></openid>
<out_trade_no><![CDATA[DG11132250216133]]></out_trade_no>
<result_code><![CDATA[SUCCESS]]></result_code>
<return_code><![CDATA[SUCCESS]]></return_code>
<sign><![CDATA[FA38B23F7B0816AE8752575A70D87C6C]]></sign>
<time_end><![CDATA[20151113225051]]></time_end>
<total_fee>380</total_fee>
<trade_type><![CDATA[JSAPI]]></trade_type>
<transaction_id><![CDATA[1009510544201511131591905412]]></transaction_id>
</xml>


æ‰§è¡Œæ—¥æœŸï¼š2015-11-13-22ï¼?Mï¼?S
¡¾Pay Success¡¿:
<xml><appid><![CDATA[wx5c072e1680bf00a5]]></appid>
<bank_type><![CDATA[CFT]]></bank_type>
<cash_fee><![CDATA[380]]></cash_fee>
<fee_type><![CDATA[CNY]]></fee_type>
<is_subscribe><![CDATA[Y]]></is_subscribe>
<mch_id><![CDATA[1286562501]]></mch_id>
<nonce_str><![CDATA[mjd7glhvb5r7yvinivsxi3hao51soses]]></nonce_str>
<openid><![CDATA[oDI0IuO8JllStQ1MaYPBs8D7rfy0]]></openid>
<out_trade_no><![CDATA[DG11132250216133]]></out_trade_no>
<result_code><![CDATA[SUCCESS]]></result_code>
<return_code><![CDATA[SUCCESS]]></return_code>
<sign><![CDATA[FA38B23F7B0816AE8752575A70D87C6C]]></sign>
<time_end><![CDATA[20151113225051]]></time_end>
<total_fee>380</total_fee>
<trade_type><![CDATA[JSAPI]]></trade_type>
<transaction_id><![CDATA[1009510544201511131591905412]]></transaction_id>
</xml>
update twotree_shop_goods set store_num=store_num-1 where shop_id=38 and goods_id=13

