æ‰§è¡Œæ—¥æœŸï¼š2015-11-10-09ï¼?Mï¼?S
¡¾Recieve NOtice¡¿:



æ‰§è¡Œæ—¥æœŸï¼š2015-11-10-13ï¼?Mï¼?S
update twotree_order_info set pay_status=1,pay_money=335.38,pay_time=1447133137,out_trade_no='DG11101325222451', transaction_id='1007860914201511101534160885' where order_sn='DG11101325222451'¡¾Recieve NOtice¡¿:
<xml><appid><![CDATA[wx8c5b2610f8e96334]]></appid>
<bank_type><![CDATA[ABC_DEBIT]]></bank_type>
<cash_fee><![CDATA[33538]]></cash_fee>
<fee_type><![CDATA[CNY]]></fee_type>
<is_subscribe><![CDATA[Y]]></is_subscribe>
<mch_id><![CDATA[1265531901]]></mch_id>
<nonce_str><![CDATA[fri7bx9ru087g52r5e9g495jb6iy99ne]]></nonce_str>
<openid><![CDATA[oKhP4wtEN0X9YKN2ma6umtfJIecY]]></openid>
<out_trade_no><![CDATA[DG11101325222451]]></out_trade_no>
<result_code><![CDATA[SUCCESS]]></result_code>
<return_code><![CDATA[SUCCESS]]></return_code>
<sign><![CDATA[CE41BCD20A94D149DF6167D23730C77D]]></sign>
<time_end><![CDATA[20151110132537]]></time_end>
<total_fee>33538</total_fee>
<trade_type><![CDATA[JSAPI]]></trade_type>
<transaction_id><![CDATA[1007860914201511101534160885]]></transaction_id>
</xml>


æ‰§è¡Œæ—¥æœŸï¼š2015-11-10-13ï¼?Mï¼?S
¡¾Pay Success¡¿:
<xml><appid><![CDATA[wx8c5b2610f8e96334]]></appid>
<bank_type><![CDATA[ABC_DEBIT]]></bank_type>
<cash_fee><![CDATA[33538]]></cash_fee>
<fee_type><![CDATA[CNY]]></fee_type>
<is_subscribe><![CDATA[Y]]></is_subscribe>
<mch_id><![CDATA[1265531901]]></mch_id>
<nonce_str><![CDATA[fri7bx9ru087g52r5e9g495jb6iy99ne]]></nonce_str>
<openid><![CDATA[oKhP4wtEN0X9YKN2ma6umtfJIecY]]></openid>
<out_trade_no><![CDATA[DG11101325222451]]></out_trade_no>
<result_code><![CDATA[SUCCESS]]></result_code>
<return_code><![CDATA[SUCCESS]]></return_code>
<sign><![CDATA[CE41BCD20A94D149DF6167D23730C77D]]></sign>
<time_end><![CDATA[20151110132537]]></time_end>
<total_fee>33538</total_fee>
<trade_type><![CDATA[JSAPI]]></trade_type>
<transaction_id><![CDATA[1007860914201511101534160885]]></transaction_id>
</xml>
update twotree_order_info set pay_status=1,pay_money=335.38,pay_time=1447133137,out_trade_no='DG11101325222451', transaction_id='1007860914201511101534160885' where order_sn='DG11101325222451'

æ‰§è¡Œæ—¥æœŸï¼š2015-11-10-21ï¼?Mï¼?S
update twotree_shop_goods set store_num=store_num-1 where shop_id=28 and goods_id=5¡¾Recieve NOtice¡¿:
<xml><appid><![CDATA[wx8c5b2610f8e96334]]></appid>
<bank_type><![CDATA[CFT]]></bank_type>
<cash_fee><![CDATA[348]]></cash_fee>
<fee_type><![CDATA[CNY]]></fee_type>
<is_subscribe><![CDATA[Y]]></is_subscribe>
<mch_id><![CDATA[1265531901]]></mch_id>
<nonce_str><![CDATA[k2fy2usp7uca7eqdj44wodc6xz8jc2gn]]></nonce_str>
<openid><![CDATA[oKhP4wuv9Qv50x-PozOBQeCq2wgs]]></openid>
<out_trade_no><![CDATA[DG11102105286020]]></out_trade_no>
<result_code><![CDATA[SUCCESS]]></result_code>
<return_code><![CDATA[SUCCESS]]></return_code>
<sign><![CDATA[6D9FE564EEA45D3331435DBE2332DF96]]></sign>
<time_end><![CDATA[20151110210541]]></time_end>
<total_fee>348</total_fee>
<trade_type><![CDATA[JSAPI]]></trade_type>
<transaction_id><![CDATA[1009130914201511101541047345]]></transaction_id>
</xml>


æ‰§è¡Œæ—¥æœŸï¼š2015-11-10-21ï¼?Mï¼?S
¡¾Pay Success¡¿:
<xml><appid><![CDATA[wx8c5b2610f8e96334]]></appid>
<bank_type><![CDATA[CFT]]></bank_type>
<cash_fee><![CDATA[348]]></cash_fee>
<fee_type><![CDATA[CNY]]></fee_type>
<is_subscribe><![CDATA[Y]]></is_subscribe>
<mch_id><![CDATA[1265531901]]></mch_id>
<nonce_str><![CDATA[k2fy2usp7uca7eqdj44wodc6xz8jc2gn]]></nonce_str>
<openid><![CDATA[oKhP4wuv9Qv50x-PozOBQeCq2wgs]]></openid>
<out_trade_no><![CDATA[DG11102105286020]]></out_trade_no>
<result_code><![CDATA[SUCCESS]]></result_code>
<return_code><![CDATA[SUCCESS]]></return_code>
<sign><![CDATA[6D9FE564EEA45D3331435DBE2332DF96]]></sign>
<time_end><![CDATA[20151110210541]]></time_end>
<total_fee>348</total_fee>
<trade_type><![CDATA[JSAPI]]></trade_type>
<transaction_id><![CDATA[1009130914201511101541047345]]></transaction_id>
</xml>
update twotree_shop_goods set store_num=store_num-1 where shop_id=28 and goods_id=5

