执行日期：2015-11-03-16?M?S
【接收到的notify通知】:
<xml><openid>oKhP4wuAccI1RLLhWGSEEUr4YE88</openid><trade_type>JSAPI</trade_type><return_code>SUCCESS</return_code><time_end>20151103160051</time_end><mch_id>1265531901</mch_id><sign>B08EF0A00A8DFF3C00BACC5B3170CB27</sign><cash_fee>1</cash_fee><is_subscribe>Y</is_subscribe><bank_type>CFT</bank_type><out_trade_no>DG11012309293050_47</out_trade_no><transaction_id>1006850914201511011421233791</transaction_id><total_fee>1</total_fee><appid>wx8c5b2610f8e96334</appid><noncestr>20150531233956996351</noncestr><result_code>SUCCESS</result_code></xml>


执行日期：2015-11-03-16?M?S
【接收到的notify通知】:
<xml><openid>oKhP4wuAccI1RLLhWGSEEUr4YE88</openid><trade_type>JSAPI</trade_type><return_code>SUCCESS</return_code><time_end>20151103160342</time_end><mch_id>1265531901</mch_id><cash_fee>1</cash_fee><is_subscribe>Y</is_subscribe><bank_type>CFT</bank_type><out_trade_no>DG11012309293050_47</out_trade_no><transaction_id>1006850914201511011421233791</transaction_id><total_fee>1</total_fee><appid>wx8c5b2610f8e96334</appid><noncestr>20150531233956996351</noncestr><result_code>SUCCESS</result_code></xml>


执行日期：2015-11-03-16?M?S
【接收到的notify通知】:
<xml><openid>oKhP4wuAccI1RLLhWGSEEUr4YE88</openid><trade_type>JSAPI</trade_type><return_code>SUCCESS</return_code><time_end>20151103163409</time_end><mch_id>1265531901</mch_id><sign>B08EF0A00A8DFF3C00BACC5B3170CB27</sign><cash_fee>1</cash_fee><is_subscribe>Y</is_subscribe><bank_type>CFT</bank_type><out_trade_no>DG11012309293050_47</out_trade_no><transaction_id>1006850914201511011421233791</transaction_id><total_fee>1</total_fee><appid>wx8c5b2610f8e96334</appid><noncestr>20150531233956996351</noncestr><result_code>SUCCESS</result_code></xml>


执行日期：2015-11-03-16?M?S
【接收到的notify通知】:
<xml><openid>oKhP4wuAccI1RLLhWGSEEUr4YE88</openid><trade_type>JSAPI</trade_type><return_code>SUCCESS</return_code><time_end>20151103163716</time_end><mch_id>1265531901</mch_id><cash_fee>1</cash_fee><is_subscribe>Y</is_subscribe><bank_type>CFT</bank_type><out_trade_no>DG11012309293050_47</out_trade_no><transaction_id>1006850914201511011421233791</transaction_id><total_fee>1</total_fee><appid>wx8c5b2610f8e96334</appid><noncestr>20150531233956996351</noncestr><result_code>SUCCESS</result_code></xml>


执行日期：2015-11-03-17?M?S
【接收到的notify通知】:
<xml><openid>oKhP4wuAccI1RLLhWGSEEUr4YE88</openid><trade_type>JSAPI</trade_type><return_code>SUCCESS</return_code><time_end>20151103170407</time_end><mch_id>1265531901</mch_id><sign>B08EF0A00A8DFF3C00BACC5B3170CB27</sign><cash_fee>1</cash_fee><is_subscribe>Y</is_subscribe><bank_type>CFT</bank_type><out_trade_no>DG11012309293050_47</out_trade_no><transaction_id>1006850914201511011421233791</transaction_id><total_fee>1</total_fee><appid>wx8c5b2610f8e96334</appid><noncestr>20150531233956996351</noncestr><result_code>SUCCESS</result_code></xml>


执行日期：2015-11-03-17?M?S
【接收到的notify通知】:
<xml><openid>oKhP4wuAccI1RLLhWGSEEUr4YE88</openid><trade_type>JSAPI</trade_type><return_code>SUCCESS</return_code><time_end>20151103170733</time_end><mch_id>1265531901</mch_id><cash_fee>1</cash_fee><is_subscribe>Y</is_subscribe><bank_type>CFT</bank_type><out_trade_no>DG11012309293050_47</out_trade_no><transaction_id>1006850914201511011421233791</transaction_id><total_fee>1</total_fee><appid>wx8c5b2610f8e96334</appid><noncestr>20150531233956996351</noncestr><result_code>SUCCESS</result_code></xml>


执行日期：2015-11-03-17?M?S
【接收到的notify通知】:
<xml><appid><![CDATA[wx8c5b2610f8e96334]]></appid>
<bank_type><![CDATA[ICBC_DEBIT]]></bank_type>
<cash_fee><![CDATA[1]]></cash_fee>
<fee_type><![CDATA[CNY]]></fee_type>
<is_subscribe><![CDATA[Y]]></is_subscribe>
<mch_id><![CDATA[1265531901]]></mch_id>
<nonce_str><![CDATA[0fb79056osvm3noinstsawo8g9lpyhs0]]></nonce_str>
<openid><![CDATA[oKhP4wq4GJuwSg8moj3mMxRdR2SM]]></openid>
<out_trade_no><![CDATA[DG11031721415181_50]]></out_trade_no>
<result_code><![CDATA[SUCCESS]]></result_code>
<return_code><![CDATA[SUCCESS]]></return_code>
<sign><![CDATA[28966235F552266586B69160F6F71CD2]]></sign>
<time_end><![CDATA[20151103172325]]></time_end>
<total_fee>1</total_fee>
<trade_type><![CDATA[JSAPI]]></trade_type>
<transaction_id><![CDATA[1004350914201511031440935298]]></transaction_id>
</xml>


执行日期：2015-11-03-17?M?S
【支付成功】:
<xml><appid><![CDATA[wx8c5b2610f8e96334]]></appid>
<bank_type><![CDATA[ICBC_DEBIT]]></bank_type>
<cash_fee><![CDATA[1]]></cash_fee>
<fee_type><![CDATA[CNY]]></fee_type>
<is_subscribe><![CDATA[Y]]></is_subscribe>
<mch_id><![CDATA[1265531901]]></mch_id>
<nonce_str><![CDATA[0fb79056osvm3noinstsawo8g9lpyhs0]]></nonce_str>
<openid><![CDATA[oKhP4wq4GJuwSg8moj3mMxRdR2SM]]></openid>
<out_trade_no><![CDATA[DG11031721415181_50]]></out_trade_no>
<result_code><![CDATA[SUCCESS]]></result_code>
<return_code><![CDATA[SUCCESS]]></return_code>
<sign><![CDATA[28966235F552266586B69160F6F71CD2]]></sign>
<time_end><![CDATA[20151103172325]]></time_end>
<total_fee>1</total_fee>
<trade_type><![CDATA[JSAPI]]></trade_type>
<transaction_id><![CDATA[1004350914201511031440935298]]></transaction_id>
</xml>


执行日期：2015-11-03-17?M?S
【接收到的notify通知】:
<xml><appid><![CDATA[wx8c5b2610f8e96334]]></appid>
<bank_type><![CDATA[ICBC_DEBIT]]></bank_type>
<cash_fee><![CDATA[1]]></cash_fee>
<fee_type><![CDATA[CNY]]></fee_type>
<is_subscribe><![CDATA[Y]]></is_subscribe>
<mch_id><![CDATA[1265531901]]></mch_id>
<nonce_str><![CDATA[bn49fvvayde1e9js5bs3djymoe0jxtds]]></nonce_str>
<openid><![CDATA[oKhP4wq4GJuwSg8moj3mMxRdR2SM]]></openid>
<out_trade_no><![CDATA[DG11031721415181_51]]></out_trade_no>
<result_code><![CDATA[SUCCESS]]></result_code>
<return_code><![CDATA[SUCCESS]]></return_code>
<sign><![CDATA[7B28281D9C40BF302F3329CD961874FB]]></sign>
<time_end><![CDATA[20151103173849]]></time_end>
<total_fee>1</total_fee>
<trade_type><![CDATA[JSAPI]]></trade_type>
<transaction_id><![CDATA[1004350914201511031441157616]]></transaction_id>
</xml>


执行日期：2015-11-03-17?M?S
【支付成功】:
<xml><appid><![CDATA[wx8c5b2610f8e96334]]></appid>
<bank_type><![CDATA[ICBC_DEBIT]]></bank_type>
<cash_fee><![CDATA[1]]></cash_fee>
<fee_type><![CDATA[CNY]]></fee_type>
<is_subscribe><![CDATA[Y]]></is_subscribe>
<mch_id><![CDATA[1265531901]]></mch_id>
<nonce_str><![CDATA[bn49fvvayde1e9js5bs3djymoe0jxtds]]></nonce_str>
<openid><![CDATA[oKhP4wq4GJuwSg8moj3mMxRdR2SM]]></openid>
<out_trade_no><![CDATA[DG11031721415181_51]]></out_trade_no>
<result_code><![CDATA[SUCCESS]]></result_code>
<return_code><![CDATA[SUCCESS]]></return_code>
<sign><![CDATA[7B28281D9C40BF302F3329CD961874FB]]></sign>
<time_end><![CDATA[20151103173849]]></time_end>
<total_fee>1</total_fee>
<trade_type><![CDATA[JSAPI]]></trade_type>
<transaction_id><![CDATA[1004350914201511031441157616]]></transaction_id>
</xml>


