æ‰§è¡Œæ—¥æœŸï¼š2015-11-12-10ï¼?Mï¼?S
update twotree_order_info set pay_status=1,pay_money=309.62,pay_time=1447294040,out_trade_no='DG11092201552258', transaction_id='1009090914201511091527482297' where order_sn='DG11092201552258'¡¾Recieve NOtice¡¿:
<xml><openid>oKhP4wsyR3lyqMUwoly5lXQ8snlQ</openid><trade_type>JSAPI</trade_type><return_code>SUCCESS</return_code><time_end>20151112100717</time_end><mch_id>1265531901</mch_id><sign>0492EEB312DFB9B2973FC19820DCEBC3</sign><cash_fee>30962</cash_fee><is_subscribe>Y</is_subscribe><bank_type>ABC_DEBIT</bank_type><out_trade_no>DG11092201552258</out_trade_no><transaction_id>1009090914201511091527482297</transaction_id><total_fee>30962</total_fee><appid>wx8c5b2610f8e96334</appid><noncestr>20150531233956996351</noncestr><result_code>SUCCESS</result_code></xml>


æ‰§è¡Œæ—¥æœŸï¼š2015-11-12-10ï¼?Mï¼?S
update twotree_order_info set pay_status=1,pay_money=309.62,pay_time=1447294240,out_trade_no='DG11092201552258', transaction_id='1009090914201511091527482297' where order_sn='DG11092201552258'¡¾Recieve NOtice¡¿:
<xml><openid>oKhP4wsyR3lyqMUwoly5lXQ8snlQ</openid><trade_type>JSAPI</trade_type><return_code>SUCCESS</return_code><time_end>20151112101038</time_end><mch_id>1265531901</mch_id><cash_fee>30962</cash_fee><is_subscribe>Y</is_subscribe><bank_type>ABC_DEBIT</bank_type><out_trade_no>DG11092201552258</out_trade_no><transaction_id>1009090914201511091527482297</transaction_id><total_fee>30962</total_fee><appid>wx8c5b2610f8e96334</appid><noncestr>20150531233956996351</noncestr><result_code>SUCCESS</result_code></xml>


æ‰§è¡Œæ—¥æœŸï¼š2015-11-12-12ï¼?Mï¼?S
update twotree_order_info set pay_status=1,pay_money=210.28,pay_time=1447301616,out_trade_no='DG11121213066739', transaction_id='1001390914201511121566850554' where order_sn='DG11121213066739'¡¾Recieve NOtice¡¿:
<xml><appid><![CDATA[wx8c5b2610f8e96334]]></appid>
<bank_type><![CDATA[ABC_DEBIT]]></bank_type>
<cash_fee><![CDATA[21028]]></cash_fee>
<fee_type><![CDATA[CNY]]></fee_type>
<is_subscribe><![CDATA[Y]]></is_subscribe>
<mch_id><![CDATA[1265531901]]></mch_id>
<nonce_str><![CDATA[zasrepd9f1fvdty3v7d40vxlpfokxrfb]]></nonce_str>
<openid><![CDATA[oKhP4woLYguh-iExmfb6A5U5P3vs]]></openid>
<out_trade_no><![CDATA[DG11121213066739]]></out_trade_no>
<result_code><![CDATA[SUCCESS]]></result_code>
<return_code><![CDATA[SUCCESS]]></return_code>
<sign><![CDATA[AAE1EAF5419A042376C16670762FB945]]></sign>
<time_end><![CDATA[20151112121334]]></time_end>
<total_fee>21028</total_fee>
<trade_type><![CDATA[JSAPI]]></trade_type>
<transaction_id><![CDATA[1001390914201511121566850554]]></transaction_id>
</xml>


æ‰§è¡Œæ—¥æœŸï¼š2015-11-12-12ï¼?Mï¼?S
¡¾Pay Success¡¿:
<xml><appid><![CDATA[wx8c5b2610f8e96334]]></appid>
<bank_type><![CDATA[ABC_DEBIT]]></bank_type>
<cash_fee><![CDATA[21028]]></cash_fee>
<fee_type><![CDATA[CNY]]></fee_type>
<is_subscribe><![CDATA[Y]]></is_subscribe>
<mch_id><![CDATA[1265531901]]></mch_id>
<nonce_str><![CDATA[zasrepd9f1fvdty3v7d40vxlpfokxrfb]]></nonce_str>
<openid><![CDATA[oKhP4woLYguh-iExmfb6A5U5P3vs]]></openid>
<out_trade_no><![CDATA[DG11121213066739]]></out_trade_no>
<result_code><![CDATA[SUCCESS]]></result_code>
<return_code><![CDATA[SUCCESS]]></return_code>
<sign><![CDATA[AAE1EAF5419A042376C16670762FB945]]></sign>
<time_end><![CDATA[20151112121334]]></time_end>
<total_fee>21028</total_fee>
<trade_type><![CDATA[JSAPI]]></trade_type>
<transaction_id><![CDATA[1001390914201511121566850554]]></transaction_id>
</xml>
update twotree_order_info set pay_status=1,pay_money=210.28,pay_time=1447301616,out_trade_no='DG11121213066739', transaction_id='1001390914201511121566850554' where order_sn='DG11121213066739'

æ‰§è¡Œæ—¥æœŸï¼š2015-11-12-20ï¼?Mï¼?S
update twotree_shop_goods set store_num=store_num-1 where shop_id=38 and goods_id=5¡¾Recieve NOtice¡¿:
<xml><appid><![CDATA[wx8c5b2610f8e96334]]></appid>
<bank_type><![CDATA[CFT]]></bank_type>
<cash_fee><![CDATA[348]]></cash_fee>
<fee_type><![CDATA[CNY]]></fee_type>
<is_subscribe><![CDATA[Y]]></is_subscribe>
<mch_id><![CDATA[1265531901]]></mch_id>
<nonce_str><![CDATA[7iwqwwio5leawwl16g3usnkqctacl0we]]></nonce_str>
<openid><![CDATA[oKhP4wk6vA-jWvipEAg9HlvcZ88M]]></openid>
<out_trade_no><![CDATA[DG11122056139955]]></out_trade_no>
<result_code><![CDATA[SUCCESS]]></result_code>
<return_code><![CDATA[SUCCESS]]></return_code>
<sign><![CDATA[BB8C2F403B8DFDE303E9DE53F9779DE4]]></sign>
<time_end><![CDATA[20151112205623]]></time_end>
<total_fee>348</total_fee>
<trade_type><![CDATA[JSAPI]]></trade_type>
<transaction_id><![CDATA[1002060914201511121575379228]]></transaction_id>
</xml>


æ‰§è¡Œæ—¥æœŸï¼š2015-11-12-20ï¼?Mï¼?S
¡¾Pay Success¡¿:
<xml><appid><![CDATA[wx8c5b2610f8e96334]]></appid>
<bank_type><![CDATA[CFT]]></bank_type>
<cash_fee><![CDATA[348]]></cash_fee>
<fee_type><![CDATA[CNY]]></fee_type>
<is_subscribe><![CDATA[Y]]></is_subscribe>
<mch_id><![CDATA[1265531901]]></mch_id>
<nonce_str><![CDATA[7iwqwwio5leawwl16g3usnkqctacl0we]]></nonce_str>
<openid><![CDATA[oKhP4wk6vA-jWvipEAg9HlvcZ88M]]></openid>
<out_trade_no><![CDATA[DG11122056139955]]></out_trade_no>
<result_code><![CDATA[SUCCESS]]></result_code>
<return_code><![CDATA[SUCCESS]]></return_code>
<sign><![CDATA[BB8C2F403B8DFDE303E9DE53F9779DE4]]></sign>
<time_end><![CDATA[20151112205623]]></time_end>
<total_fee>348</total_fee>
<trade_type><![CDATA[JSAPI]]></trade_type>
<transaction_id><![CDATA[1002060914201511121575379228]]></transaction_id>
</xml>
update twotree_shop_goods set store_num=store_num-1 where shop_id=38 and goods_id=5

æ‰§è¡Œæ—¥æœŸï¼š2015-11-12-21ï¼?Mï¼?S
update twotree_shop_goods set store_num=store_num-2 where shop_id=35 and goods_id=11¡¾Recieve NOtice¡¿:
<xml><appid><![CDATA[wx8c5b2610f8e96334]]></appid>
<bank_type><![CDATA[CFT]]></bank_type>
<cash_fee><![CDATA[1140]]></cash_fee>
<fee_type><![CDATA[CNY]]></fee_type>
<is_subscribe><![CDATA[Y]]></is_subscribe>
<mch_id><![CDATA[1265531901]]></mch_id>
<nonce_str><![CDATA[gok94n1rguj9fy9ieh75yhc43pcee9nr]]></nonce_str>
<openid><![CDATA[oKhP4wuOQcEq5J3-S2BdNqItN7tU]]></openid>
<out_trade_no><![CDATA[DG11122102567865]]></out_trade_no>
<result_code><![CDATA[SUCCESS]]></result_code>
<return_code><![CDATA[SUCCESS]]></return_code>
<sign><![CDATA[58AA9CB1333A4EB19006F20EB41C635D]]></sign>
<time_end><![CDATA[20151112210308]]></time_end>
<total_fee>1140</total_fee>
<trade_type><![CDATA[JSAPI]]></trade_type>
<transaction_id><![CDATA[1001380914201511121575476827]]></transaction_id>
</xml>


æ‰§è¡Œæ—¥æœŸï¼š2015-11-12-21ï¼?Mï¼?S
¡¾Pay Success¡¿:
<xml><appid><![CDATA[wx8c5b2610f8e96334]]></appid>
<bank_type><![CDATA[CFT]]></bank_type>
<cash_fee><![CDATA[1140]]></cash_fee>
<fee_type><![CDATA[CNY]]></fee_type>
<is_subscribe><![CDATA[Y]]></is_subscribe>
<mch_id><![CDATA[1265531901]]></mch_id>
<nonce_str><![CDATA[gok94n1rguj9fy9ieh75yhc43pcee9nr]]></nonce_str>
<openid><![CDATA[oKhP4wuOQcEq5J3-S2BdNqItN7tU]]></openid>
<out_trade_no><![CDATA[DG11122102567865]]></out_trade_no>
<result_code><![CDATA[SUCCESS]]></result_code>
<return_code><![CDATA[SUCCESS]]></return_code>
<sign><![CDATA[58AA9CB1333A4EB19006F20EB41C635D]]></sign>
<time_end><![CDATA[20151112210308]]></time_end>
<total_fee>1140</total_fee>
<trade_type><![CDATA[JSAPI]]></trade_type>
<transaction_id><![CDATA[1001380914201511121575476827]]></transaction_id>
</xml>
update twotree_shop_goods set store_num=store_num-2 where shop_id=35 and goods_id=11

