æ‰§è¡Œæ—¥æœŸï¼š2015-11-11-16ï¼?Mï¼?S
update twotree_shop_goods set store_num=store_num-1 where shop_id=38 and goods_id=2¡¾Recieve NOtice¡¿:
<xml><appid><![CDATA[wx8c5b2610f8e96334]]></appid>
<bank_type><![CDATA[PSBC_DEBIT]]></bank_type>
<cash_fee><![CDATA[776]]></cash_fee>
<fee_type><![CDATA[CNY]]></fee_type>
<is_subscribe><![CDATA[Y]]></is_subscribe>
<mch_id><![CDATA[1265531901]]></mch_id>
<nonce_str><![CDATA[ti4t3al4u6vcitth9vacm9q2so06m3w0]]></nonce_str>
<openid><![CDATA[oKhP4wpntRGTng8qZxw-5hsxiOMI]]></openid>
<out_trade_no><![CDATA[DG11111623143536]]></out_trade_no>
<result_code><![CDATA[SUCCESS]]></result_code>
<return_code><![CDATA[SUCCESS]]></return_code>
<sign><![CDATA[6539120DDF5842F4489BB42A1B8A285F]]></sign>
<time_end><![CDATA[20151111162404]]></time_end>
<total_fee>776</total_fee>
<trade_type><![CDATA[JSAPI]]></trade_type>
<transaction_id><![CDATA[1005800914201511111553918414]]></transaction_id>
</xml>


æ‰§è¡Œæ—¥æœŸï¼š2015-11-11-16ï¼?Mï¼?S
¡¾Pay Success¡¿:
<xml><appid><![CDATA[wx8c5b2610f8e96334]]></appid>
<bank_type><![CDATA[PSBC_DEBIT]]></bank_type>
<cash_fee><![CDATA[776]]></cash_fee>
<fee_type><![CDATA[CNY]]></fee_type>
<is_subscribe><![CDATA[Y]]></is_subscribe>
<mch_id><![CDATA[1265531901]]></mch_id>
<nonce_str><![CDATA[ti4t3al4u6vcitth9vacm9q2so06m3w0]]></nonce_str>
<openid><![CDATA[oKhP4wpntRGTng8qZxw-5hsxiOMI]]></openid>
<out_trade_no><![CDATA[DG11111623143536]]></out_trade_no>
<result_code><![CDATA[SUCCESS]]></result_code>
<return_code><![CDATA[SUCCESS]]></return_code>
<sign><![CDATA[6539120DDF5842F4489BB42A1B8A285F]]></sign>
<time_end><![CDATA[20151111162404]]></time_end>
<total_fee>776</total_fee>
<trade_type><![CDATA[JSAPI]]></trade_type>
<transaction_id><![CDATA[1005800914201511111553918414]]></transaction_id>
</xml>
update twotree_shop_goods set store_num=store_num-1 where shop_id=38 and goods_id=2

æ‰§è¡Œæ—¥æœŸï¼š2015-11-11-18ï¼?Mï¼?S
update twotree_order_info set pay_status=1,pay_money=309.62,pay_time=1447237362,out_trade_no='DG11092201552258', transaction_id='1009090914201511091527482297' where order_sn='DG11092201552258'¡¾Recieve NOtice¡¿:
<xml><openid>oKhP4wsyR3lyqMUwoly5lXQ8snlQ</openid><trade_type>JSAPI</trade_type><return_code>SUCCESS</return_code><time_end>20151111182240</time_end><mch_id>1265531901</mch_id><sign>0492EEB312DFB9B2973FC19820DCEBC3</sign><cash_fee>30962</cash_fee><is_subscribe>Y</is_subscribe><bank_type>ABC_DEBIT</bank_type><out_trade_no>DG11092201552258</out_trade_no><transaction_id>1009090914201511091527482297</transaction_id><total_fee>30962</total_fee><appid>wx8c5b2610f8e96334</appid><noncestr>20150531233956996351</noncestr><result_code>SUCCESS</result_code></xml>


æ‰§è¡Œæ—¥æœŸï¼š2015-11-11-18ï¼?Mï¼?S
update twotree_order_info set pay_status=1,pay_money=309.62,pay_time=1447237501,out_trade_no='DG11092201552258', transaction_id='1009090914201511091527482297' where order_sn='DG11092201552258'¡¾Recieve NOtice¡¿:
<xml><openid>oKhP4wsyR3lyqMUwoly5lXQ8snlQ</openid><trade_type>JSAPI</trade_type><return_code>SUCCESS</return_code><time_end>20151111182500</time_end><mch_id>1265531901</mch_id><cash_fee>30962</cash_fee><is_subscribe>Y</is_subscribe><bank_type>ABC_DEBIT</bank_type><out_trade_no>DG11092201552258</out_trade_no><transaction_id>1009090914201511091527482297</transaction_id><total_fee>30962</total_fee><appid>wx8c5b2610f8e96334</appid><noncestr>20150531233956996351</noncestr><result_code>SUCCESS</result_code></xml>


æ‰§è¡Œæ—¥æœŸï¼š2015-11-11-18ï¼?Mï¼?S
update twotree_order_info set pay_status=1,pay_money=309.62,pay_time=1447238869,out_trade_no='DG11092201552258', transaction_id='1009090914201511091527482297' where order_sn='DG11092201552258'¡¾Recieve NOtice¡¿:
<xml><openid>oKhP4wsyR3lyqMUwoly5lXQ8snlQ</openid><trade_type>JSAPI</trade_type><return_code>SUCCESS</return_code><time_end>20151111184748</time_end><mch_id>1265531901</mch_id><sign>0492EEB312DFB9B2973FC19820DCEBC3</sign><cash_fee>30962</cash_fee><is_subscribe>Y</is_subscribe><bank_type>ABC_DEBIT</bank_type><out_trade_no>DG11092201552258</out_trade_no><transaction_id>1009090914201511091527482297</transaction_id><total_fee>30962</total_fee><appid>wx8c5b2610f8e96334</appid><noncestr>20150531233956996351</noncestr><result_code>SUCCESS</result_code></xml>


æ‰§è¡Œæ—¥æœŸï¼š2015-11-11-18ï¼?Mï¼?S
update twotree_order_info set pay_status=1,pay_money=309.62,pay_time=1447239052,out_trade_no='DG11092201552258', transaction_id='1009090914201511091527482297' where order_sn='DG11092201552258'¡¾Recieve NOtice¡¿:
<xml><openid>oKhP4wsyR3lyqMUwoly5lXQ8snlQ</openid><trade_type>JSAPI</trade_type><return_code>SUCCESS</return_code><time_end>20151111185051</time_end><mch_id>1265531901</mch_id><cash_fee>30962</cash_fee><is_subscribe>Y</is_subscribe><bank_type>ABC_DEBIT</bank_type><out_trade_no>DG11092201552258</out_trade_no><transaction_id>1009090914201511091527482297</transaction_id><total_fee>30962</total_fee><appid>wx8c5b2610f8e96334</appid><noncestr>20150531233956996351</noncestr><result_code>SUCCESS</result_code></xml>


æ‰§è¡Œæ—¥æœŸï¼š2015-11-11-19ï¼?Mï¼?S
¡¾Recieve NOtice¡¿:



æ‰§è¡Œæ—¥æœŸï¼š2015-11-11-21ï¼?Mï¼?S
update twotree_shop_goods set store_num=store_num-1 where shop_id=35 and goods_id=37¡¾Recieve NOtice¡¿:
<xml><appid><![CDATA[wx8c5b2610f8e96334]]></appid>
<bank_type><![CDATA[CFT]]></bank_type>
<cash_fee><![CDATA[781]]></cash_fee>
<fee_type><![CDATA[CNY]]></fee_type>
<is_subscribe><![CDATA[Y]]></is_subscribe>
<mch_id><![CDATA[1265531901]]></mch_id>
<nonce_str><![CDATA[8mfcvrxqdu2euz9apkh9cblr7rvs3oxl]]></nonce_str>
<openid><![CDATA[oKhP4wuOQcEq5J3-S2BdNqItN7tU]]></openid>
<out_trade_no><![CDATA[DG11112102081461]]></out_trade_no>
<result_code><![CDATA[SUCCESS]]></result_code>
<return_code><![CDATA[SUCCESS]]></return_code>
<sign><![CDATA[8FFE6CC76A17BC43C49404DF0C676A2D]]></sign>
<time_end><![CDATA[20151111210231]]></time_end>
<total_fee>781</total_fee>
<trade_type><![CDATA[JSAPI]]></trade_type>
<transaction_id><![CDATA[1001380914201511111559534095]]></transaction_id>
</xml>


æ‰§è¡Œæ—¥æœŸï¼š2015-11-11-21ï¼?Mï¼?S
¡¾Pay Success¡¿:
<xml><appid><![CDATA[wx8c5b2610f8e96334]]></appid>
<bank_type><![CDATA[CFT]]></bank_type>
<cash_fee><![CDATA[781]]></cash_fee>
<fee_type><![CDATA[CNY]]></fee_type>
<is_subscribe><![CDATA[Y]]></is_subscribe>
<mch_id><![CDATA[1265531901]]></mch_id>
<nonce_str><![CDATA[8mfcvrxqdu2euz9apkh9cblr7rvs3oxl]]></nonce_str>
<openid><![CDATA[oKhP4wuOQcEq5J3-S2BdNqItN7tU]]></openid>
<out_trade_no><![CDATA[DG11112102081461]]></out_trade_no>
<result_code><![CDATA[SUCCESS]]></result_code>
<return_code><![CDATA[SUCCESS]]></return_code>
<sign><![CDATA[8FFE6CC76A17BC43C49404DF0C676A2D]]></sign>
<time_end><![CDATA[20151111210231]]></time_end>
<total_fee>781</total_fee>
<trade_type><![CDATA[JSAPI]]></trade_type>
<transaction_id><![CDATA[1001380914201511111559534095]]></transaction_id>
</xml>
update twotree_shop_goods set store_num=store_num-1 where shop_id=35 and goods_id=37

æ‰§è¡Œæ—¥æœŸï¼š2015-11-11-21ï¼?Mï¼?S
update twotree_shop_goods set store_num=store_num-1 where shop_id=35 and goods_id=11¡¾Recieve NOtice¡¿:
<xml><appid><![CDATA[wx8c5b2610f8e96334]]></appid>
<bank_type><![CDATA[CFT]]></bank_type>
<cash_fee><![CDATA[831]]></cash_fee>
<fee_type><![CDATA[CNY]]></fee_type>
<is_subscribe><![CDATA[Y]]></is_subscribe>
<mch_id><![CDATA[1265531901]]></mch_id>
<nonce_str><![CDATA[m6dguzg3kxtrzztabbhjzdblpsirbgbr]]></nonce_str>
<openid><![CDATA[oKhP4wqDNljOELdJMNOzBYEMBAtU]]></openid>
<out_trade_no><![CDATA[DG11112105093847]]></out_trade_no>
<result_code><![CDATA[SUCCESS]]></result_code>
<return_code><![CDATA[SUCCESS]]></return_code>
<sign><![CDATA[B884A4FD7134D2F3B9C7339ED21DA626]]></sign>
<time_end><![CDATA[20151111210521]]></time_end>
<total_fee>831</total_fee>
<trade_type><![CDATA[JSAPI]]></trade_type>
<transaction_id><![CDATA[1005410914201511111559591082]]></transaction_id>
</xml>


æ‰§è¡Œæ—¥æœŸï¼š2015-11-11-21ï¼?Mï¼?S
¡¾Pay Success¡¿:
<xml><appid><![CDATA[wx8c5b2610f8e96334]]></appid>
<bank_type><![CDATA[CFT]]></bank_type>
<cash_fee><![CDATA[831]]></cash_fee>
<fee_type><![CDATA[CNY]]></fee_type>
<is_subscribe><![CDATA[Y]]></is_subscribe>
<mch_id><![CDATA[1265531901]]></mch_id>
<nonce_str><![CDATA[m6dguzg3kxtrzztabbhjzdblpsirbgbr]]></nonce_str>
<openid><![CDATA[oKhP4wqDNljOELdJMNOzBYEMBAtU]]></openid>
<out_trade_no><![CDATA[DG11112105093847]]></out_trade_no>
<result_code><![CDATA[SUCCESS]]></result_code>
<return_code><![CDATA[SUCCESS]]></return_code>
<sign><![CDATA[B884A4FD7134D2F3B9C7339ED21DA626]]></sign>
<time_end><![CDATA[20151111210521]]></time_end>
<total_fee>831</total_fee>
<trade_type><![CDATA[JSAPI]]></trade_type>
<transaction_id><![CDATA[1005410914201511111559591082]]></transaction_id>
</xml>
update twotree_shop_goods set store_num=store_num-1 where shop_id=35 and goods_id=11

æ‰§è¡Œæ—¥æœŸï¼š2015-11-11-21ï¼?Mï¼?S
update twotree_shop_goods set store_num=store_num-1 where shop_id=35 and goods_id=40¡¾Recieve NOtice¡¿:
<xml><appid><![CDATA[wx8c5b2610f8e96334]]></appid>
<bank_type><![CDATA[CFT]]></bank_type>
<cash_fee><![CDATA[698]]></cash_fee>
<fee_type><![CDATA[CNY]]></fee_type>
<is_subscribe><![CDATA[Y]]></is_subscribe>
<mch_id><![CDATA[1265531901]]></mch_id>
<nonce_str><![CDATA[6ly0cxc76jf09pic4dez247kzk4wzzam]]></nonce_str>
<openid><![CDATA[oKhP4wuOQcEq5J3-S2BdNqItN7tU]]></openid>
<out_trade_no><![CDATA[DG11112120211850]]></out_trade_no>
<result_code><![CDATA[SUCCESS]]></result_code>
<return_code><![CDATA[SUCCESS]]></return_code>
<sign><![CDATA[E138F33B1913D5C51B09212DD391C12B]]></sign>
<time_end><![CDATA[20151111212034]]></time_end>
<total_fee>698</total_fee>
<trade_type><![CDATA[JSAPI]]></trade_type>
<transaction_id><![CDATA[1001380914201511111559890010]]></transaction_id>
</xml>


æ‰§è¡Œæ—¥æœŸï¼š2015-11-11-21ï¼?Mï¼?S
¡¾Pay Success¡¿:
<xml><appid><![CDATA[wx8c5b2610f8e96334]]></appid>
<bank_type><![CDATA[CFT]]></bank_type>
<cash_fee><![CDATA[698]]></cash_fee>
<fee_type><![CDATA[CNY]]></fee_type>
<is_subscribe><![CDATA[Y]]></is_subscribe>
<mch_id><![CDATA[1265531901]]></mch_id>
<nonce_str><![CDATA[6ly0cxc76jf09pic4dez247kzk4wzzam]]></nonce_str>
<openid><![CDATA[oKhP4wuOQcEq5J3-S2BdNqItN7tU]]></openid>
<out_trade_no><![CDATA[DG11112120211850]]></out_trade_no>
<result_code><![CDATA[SUCCESS]]></result_code>
<return_code><![CDATA[SUCCESS]]></return_code>
<sign><![CDATA[E138F33B1913D5C51B09212DD391C12B]]></sign>
<time_end><![CDATA[20151111212034]]></time_end>
<total_fee>698</total_fee>
<trade_type><![CDATA[JSAPI]]></trade_type>
<transaction_id><![CDATA[1001380914201511111559890010]]></transaction_id>
</xml>
update twotree_shop_goods set store_num=store_num-1 where shop_id=35 and goods_id=40

æ‰§è¡Œæ—¥æœŸï¼š2015-11-11-21ï¼?Mï¼?S
update twotree_shop_goods set store_num=store_num-1 where shop_id=28 and goods_id=10¡¾Recieve NOtice¡¿:
<xml><appid><![CDATA[wx8c5b2610f8e96334]]></appid>
<bank_type><![CDATA[CFT]]></bank_type>
<cash_fee><![CDATA[350]]></cash_fee>
<fee_type><![CDATA[CNY]]></fee_type>
<is_subscribe><![CDATA[Y]]></is_subscribe>
<mch_id><![CDATA[1265531901]]></mch_id>
<nonce_str><![CDATA[rb8oiyreztszt7pn2g7gqppawfemlu2z]]></nonce_str>
<openid><![CDATA[oKhP4wuv9Qv50x-PozOBQeCq2wgs]]></openid>
<out_trade_no><![CDATA[DG11112152013443]]></out_trade_no>
<result_code><![CDATA[SUCCESS]]></result_code>
<return_code><![CDATA[SUCCESS]]></return_code>
<sign><![CDATA[C69A7EE1EA2FEAF50F72D533381F24DB]]></sign>
<time_end><![CDATA[20151111215212]]></time_end>
<total_fee>350</total_fee>
<trade_type><![CDATA[JSAPI]]></trade_type>
<transaction_id><![CDATA[1009130914201511111560417160]]></transaction_id>
</xml>


æ‰§è¡Œæ—¥æœŸï¼š2015-11-11-21ï¼?Mï¼?S
¡¾Pay Success¡¿:
<xml><appid><![CDATA[wx8c5b2610f8e96334]]></appid>
<bank_type><![CDATA[CFT]]></bank_type>
<cash_fee><![CDATA[350]]></cash_fee>
<fee_type><![CDATA[CNY]]></fee_type>
<is_subscribe><![CDATA[Y]]></is_subscribe>
<mch_id><![CDATA[1265531901]]></mch_id>
<nonce_str><![CDATA[rb8oiyreztszt7pn2g7gqppawfemlu2z]]></nonce_str>
<openid><![CDATA[oKhP4wuv9Qv50x-PozOBQeCq2wgs]]></openid>
<out_trade_no><![CDATA[DG11112152013443]]></out_trade_no>
<result_code><![CDATA[SUCCESS]]></result_code>
<return_code><![CDATA[SUCCESS]]></return_code>
<sign><![CDATA[C69A7EE1EA2FEAF50F72D533381F24DB]]></sign>
<time_end><![CDATA[20151111215212]]></time_end>
<total_fee>350</total_fee>
<trade_type><![CDATA[JSAPI]]></trade_type>
<transaction_id><![CDATA[1009130914201511111560417160]]></transaction_id>
</xml>
update twotree_shop_goods set store_num=store_num-1 where shop_id=28 and goods_id=10

æ‰§è¡Œæ—¥æœŸï¼š2015-11-11-22ï¼?Mï¼?S
update twotree_shop_goods set store_num=store_num-10 where shop_id=28 and goods_id=45¡¾Recieve NOtice¡¿:
<xml><appid><![CDATA[wx8c5b2610f8e96334]]></appid>
<bank_type><![CDATA[CFT]]></bank_type>
<cash_fee><![CDATA[5480]]></cash_fee>
<fee_type><![CDATA[CNY]]></fee_type>
<is_subscribe><![CDATA[Y]]></is_subscribe>
<mch_id><![CDATA[1265531901]]></mch_id>
<nonce_str><![CDATA[2wjbupxk8w77cbskx7plzkh40dcthm7p]]></nonce_str>
<openid><![CDATA[oKhP4wuv9Qv50x-PozOBQeCq2wgs]]></openid>
<out_trade_no><![CDATA[DG11112201351207]]></out_trade_no>
<result_code><![CDATA[SUCCESS]]></result_code>
<return_code><![CDATA[SUCCESS]]></return_code>
<sign><![CDATA[4AC7FF48BB97221D820251B15F488E31]]></sign>
<time_end><![CDATA[20151111220148]]></time_end>
<total_fee>5480</total_fee>
<trade_type><![CDATA[JSAPI]]></trade_type>
<transaction_id><![CDATA[1009130914201511111560578570]]></transaction_id>
</xml>


æ‰§è¡Œæ—¥æœŸï¼š2015-11-11-22ï¼?Mï¼?S
¡¾Pay Success¡¿:
<xml><appid><![CDATA[wx8c5b2610f8e96334]]></appid>
<bank_type><![CDATA[CFT]]></bank_type>
<cash_fee><![CDATA[5480]]></cash_fee>
<fee_type><![CDATA[CNY]]></fee_type>
<is_subscribe><![CDATA[Y]]></is_subscribe>
<mch_id><![CDATA[1265531901]]></mch_id>
<nonce_str><![CDATA[2wjbupxk8w77cbskx7plzkh40dcthm7p]]></nonce_str>
<openid><![CDATA[oKhP4wuv9Qv50x-PozOBQeCq2wgs]]></openid>
<out_trade_no><![CDATA[DG11112201351207]]></out_trade_no>
<result_code><![CDATA[SUCCESS]]></result_code>
<return_code><![CDATA[SUCCESS]]></return_code>
<sign><![CDATA[4AC7FF48BB97221D820251B15F488E31]]></sign>
<time_end><![CDATA[20151111220148]]></time_end>
<total_fee>5480</total_fee>
<trade_type><![CDATA[JSAPI]]></trade_type>
<transaction_id><![CDATA[1009130914201511111560578570]]></transaction_id>
</xml>
update twotree_shop_goods set store_num=store_num-10 where shop_id=28 and goods_id=45

æ‰§è¡Œæ—¥æœŸï¼š2015-11-11-22ï¼?Mï¼?S
update twotree_shop_goods set store_num=store_num-1 where shop_id=38 and goods_id=37¡¾Recieve NOtice¡¿:
<xml><appid><![CDATA[wx8c5b2610f8e96334]]></appid>
<bank_type><![CDATA[ABC_DEBIT]]></bank_type>
<cash_fee><![CDATA[563]]></cash_fee>
<fee_type><![CDATA[CNY]]></fee_type>
<is_subscribe><![CDATA[Y]]></is_subscribe>
<mch_id><![CDATA[1265531901]]></mch_id>
<nonce_str><![CDATA[9ocdrnuzx06uis8gdt3vqrtqgn650ki8]]></nonce_str>
<openid><![CDATA[oKhP4wu9iKIWSPKEssYLUXdJWuoo]]></openid>
<out_trade_no><![CDATA[DG11112229428528]]></out_trade_no>
<result_code><![CDATA[SUCCESS]]></result_code>
<return_code><![CDATA[SUCCESS]]></return_code>
<sign><![CDATA[46B40C7CE55237E1BE72618E99CE0D70]]></sign>
<time_end><![CDATA[20151111223153]]></time_end>
<total_fee>563</total_fee>
<trade_type><![CDATA[JSAPI]]></trade_type>
<transaction_id><![CDATA[1006370914201511111561045113]]></transaction_id>
</xml>


æ‰§è¡Œæ—¥æœŸï¼š2015-11-11-22ï¼?Mï¼?S
¡¾Pay Success¡¿:
<xml><appid><![CDATA[wx8c5b2610f8e96334]]></appid>
<bank_type><![CDATA[ABC_DEBIT]]></bank_type>
<cash_fee><![CDATA[563]]></cash_fee>
<fee_type><![CDATA[CNY]]></fee_type>
<is_subscribe><![CDATA[Y]]></is_subscribe>
<mch_id><![CDATA[1265531901]]></mch_id>
<nonce_str><![CDATA[9ocdrnuzx06uis8gdt3vqrtqgn650ki8]]></nonce_str>
<openid><![CDATA[oKhP4wu9iKIWSPKEssYLUXdJWuoo]]></openid>
<out_trade_no><![CDATA[DG11112229428528]]></out_trade_no>
<result_code><![CDATA[SUCCESS]]></result_code>
<return_code><![CDATA[SUCCESS]]></return_code>
<sign><![CDATA[46B40C7CE55237E1BE72618E99CE0D70]]></sign>
<time_end><![CDATA[20151111223153]]></time_end>
<total_fee>563</total_fee>
<trade_type><![CDATA[JSAPI]]></trade_type>
<transaction_id><![CDATA[1006370914201511111561045113]]></transaction_id>
</xml>
update twotree_shop_goods set store_num=store_num-1 where shop_id=38 and goods_id=37

