æ‰§è¡Œæ—¥æœŸï¼š2015-11-06-21ï¼?Mï¼?S
update twotree_order_info set pay_status=1,pay_money=0.1,pay_time=1446816357,out_trade_no='DG11062103529976', transaction_id='1006850914201511061484696941' where order_sn='DG11062103529976'¡¾Recieve NOtice¡¿:
<xml><appid><![CDATA[wx8c5b2610f8e96334]]></appid>
<bank_type><![CDATA[CFT]]></bank_type>
<cash_fee><![CDATA[10]]></cash_fee>
<fee_type><![CDATA[CNY]]></fee_type>
<is_subscribe><![CDATA[Y]]></is_subscribe>
<mch_id><![CDATA[1265531901]]></mch_id>
<nonce_str><![CDATA[w7y8b8ipm85iesv2xvu0jgdfr8qz6u1n]]></nonce_str>
<openid><![CDATA[oKhP4wuAccI1RLLhWGSEEUr4YE88]]></openid>
<out_trade_no><![CDATA[DG11062103529976_58]]></out_trade_no>
<result_code><![CDATA[SUCCESS]]></result_code>
<return_code><![CDATA[SUCCESS]]></return_code>
<sign><![CDATA[4F6AA2E6E5ADEA36EEAC26B196EFBF38]]></sign>
<time_end><![CDATA[20151106212555]]></time_end>
<total_fee>10</total_fee>
<trade_type><![CDATA[JSAPI]]></trade_type>
<transaction_id><![CDATA[1006850914201511061484696941]]></transaction_id>
</xml>


æ‰§è¡Œæ—¥æœŸï¼š2015-11-06-21ï¼?Mï¼?S
¡¾Pay Success¡¿:
<xml><appid><![CDATA[wx8c5b2610f8e96334]]></appid>
<bank_type><![CDATA[CFT]]></bank_type>
<cash_fee><![CDATA[10]]></cash_fee>
<fee_type><![CDATA[CNY]]></fee_type>
<is_subscribe><![CDATA[Y]]></is_subscribe>
<mch_id><![CDATA[1265531901]]></mch_id>
<nonce_str><![CDATA[w7y8b8ipm85iesv2xvu0jgdfr8qz6u1n]]></nonce_str>
<openid><![CDATA[oKhP4wuAccI1RLLhWGSEEUr4YE88]]></openid>
<out_trade_no><![CDATA[DG11062103529976_58]]></out_trade_no>
<result_code><![CDATA[SUCCESS]]></result_code>
<return_code><![CDATA[SUCCESS]]></return_code>
<sign><![CDATA[4F6AA2E6E5ADEA36EEAC26B196EFBF38]]></sign>
<time_end><![CDATA[20151106212555]]></time_end>
<total_fee>10</total_fee>
<trade_type><![CDATA[JSAPI]]></trade_type>
<transaction_id><![CDATA[1006850914201511061484696941]]></transaction_id>
</xml>
update twotree_order_info set pay_status=1,pay_money=0.1,pay_time=1446816357,out_trade_no='DG11062103529976', transaction_id='1006850914201511061484696941' where order_sn='DG11062103529976'

æ‰§è¡Œæ—¥æœŸï¼š2015-11-06-21ï¼?Mï¼?S
update twotree_order_info set pay_status=1,pay_money=0.1,pay_time=1446816438,out_trade_no='DG11062103529976', transaction_id='1006850914201511061484703589' where order_sn='DG11062103529976'¡¾Recieve NOtice¡¿:
<xml><appid><![CDATA[wx8c5b2610f8e96334]]></appid>
<bank_type><![CDATA[CFT]]></bank_type>
<cash_fee><![CDATA[10]]></cash_fee>
<fee_type><![CDATA[CNY]]></fee_type>
<is_subscribe><![CDATA[Y]]></is_subscribe>
<mch_id><![CDATA[1265531901]]></mch_id>
<nonce_str><![CDATA[fic4l1821sfy3w97acvezxrl4vnn7c86]]></nonce_str>
<openid><![CDATA[oKhP4wuAccI1RLLhWGSEEUr4YE88]]></openid>
<out_trade_no><![CDATA[DG11062103529976_59]]></out_trade_no>
<result_code><![CDATA[SUCCESS]]></result_code>
<return_code><![CDATA[SUCCESS]]></return_code>
<sign><![CDATA[09B08A8112FBD506ACC18E18E4693F99]]></sign>
<time_end><![CDATA[20151106212718]]></time_end>
<total_fee>10</total_fee>
<trade_type><![CDATA[JSAPI]]></trade_type>
<transaction_id><![CDATA[1006850914201511061484703589]]></transaction_id>
</xml>


æ‰§è¡Œæ—¥æœŸï¼š2015-11-06-21ï¼?Mï¼?S
¡¾Pay Success¡¿:
<xml><appid><![CDATA[wx8c5b2610f8e96334]]></appid>
<bank_type><![CDATA[CFT]]></bank_type>
<cash_fee><![CDATA[10]]></cash_fee>
<fee_type><![CDATA[CNY]]></fee_type>
<is_subscribe><![CDATA[Y]]></is_subscribe>
<mch_id><![CDATA[1265531901]]></mch_id>
<nonce_str><![CDATA[fic4l1821sfy3w97acvezxrl4vnn7c86]]></nonce_str>
<openid><![CDATA[oKhP4wuAccI1RLLhWGSEEUr4YE88]]></openid>
<out_trade_no><![CDATA[DG11062103529976_59]]></out_trade_no>
<result_code><![CDATA[SUCCESS]]></result_code>
<return_code><![CDATA[SUCCESS]]></return_code>
<sign><![CDATA[09B08A8112FBD506ACC18E18E4693F99]]></sign>
<time_end><![CDATA[20151106212718]]></time_end>
<total_fee>10</total_fee>
<trade_type><![CDATA[JSAPI]]></trade_type>
<transaction_id><![CDATA[1006850914201511061484703589]]></transaction_id>
</xml>
update twotree_order_info set pay_status=1,pay_money=0.1,pay_time=1446816438,out_trade_no='DG11062103529976', transaction_id='1006850914201511061484703589' where order_sn='DG11062103529976'

æ‰§è¡Œæ—¥æœŸï¼š2015-11-06-22ï¼?Mï¼?S
¡¾Recieve NOtice¡¿:
<xml><appid><![CDATA[wx8c5b2610f8e96334]]></appid>
<bank_type><![CDATA[CFT]]></bank_type>
<cash_fee><![CDATA[100]]></cash_fee>
<fee_type><![CDATA[CNY]]></fee_type>
<is_subscribe><![CDATA[Y]]></is_subscribe>
<mch_id><![CDATA[1265531901]]></mch_id>
<nonce_str><![CDATA[mgk17gqj7nwe62a92k4xmssopguyrtlu]]></nonce_str>
<openid><![CDATA[oKhP4wuAccI1RLLhWGSEEUr4YE88]]></openid>
<out_trade_no><![CDATA[DG11062239458650]]></out_trade_no>
<result_code><![CDATA[SUCCESS]]></result_code>
<return_code><![CDATA[SUCCESS]]></return_code>
<sign><![CDATA[C8640CF5ACE2E7639DF16F6C5CBC80FB]]></sign>
<time_end><![CDATA[20151106223956]]></time_end>
<total_fee>100</total_fee>
<trade_type><![CDATA[JSAPI]]></trade_type>
<transaction_id><![CDATA[1006850914201511061485569156]]></transaction_id>
</xml>


æ‰§è¡Œæ—¥æœŸï¼š2015-11-06-22ï¼?Mï¼?S
¡¾Pay Success¡¿:
<xml><appid><![CDATA[wx8c5b2610f8e96334]]></appid>
<bank_type><![CDATA[CFT]]></bank_type>
<cash_fee><![CDATA[100]]></cash_fee>
<fee_type><![CDATA[CNY]]></fee_type>
<is_subscribe><![CDATA[Y]]></is_subscribe>
<mch_id><![CDATA[1265531901]]></mch_id>
<nonce_str><![CDATA[mgk17gqj7nwe62a92k4xmssopguyrtlu]]></nonce_str>
<openid><![CDATA[oKhP4wuAccI1RLLhWGSEEUr4YE88]]></openid>
<out_trade_no><![CDATA[DG11062239458650]]></out_trade_no>
<result_code><![CDATA[SUCCESS]]></result_code>
<return_code><![CDATA[SUCCESS]]></return_code>
<sign><![CDATA[C8640CF5ACE2E7639DF16F6C5CBC80FB]]></sign>
<time_end><![CDATA[20151106223956]]></time_end>
<total_fee>100</total_fee>
<trade_type><![CDATA[JSAPI]]></trade_type>
<transaction_id><![CDATA[1006850914201511061485569156]]></transaction_id>
</xml>


æ‰§è¡Œæ—¥æœŸï¼š2015-11-06-23ï¼?Mï¼?S
update twotree_order_info set pay_status=1,pay_money=1,pay_time=1446823009,out_trade_no='DG11062316395329', transaction_id='1006850914201511061485944665' where order_sn='DG11062316395329'¡¾Recieve NOtice¡¿:
<xml><appid><![CDATA[wx8c5b2610f8e96334]]></appid>
<bank_type><![CDATA[CFT]]></bank_type>
<cash_fee><![CDATA[100]]></cash_fee>
<fee_type><![CDATA[CNY]]></fee_type>
<is_subscribe><![CDATA[Y]]></is_subscribe>
<mch_id><![CDATA[1265531901]]></mch_id>
<nonce_str><![CDATA[dh42p90mhl36mk8g3s336xej5epcpsst]]></nonce_str>
<openid><![CDATA[oKhP4wuAccI1RLLhWGSEEUr4YE88]]></openid>
<out_trade_no><![CDATA[DG11062316395329]]></out_trade_no>
<result_code><![CDATA[SUCCESS]]></result_code>
<return_code><![CDATA[SUCCESS]]></return_code>
<sign><![CDATA[30850D8A4C1A826072227103D4B0D664]]></sign>
<time_end><![CDATA[20151106231649]]></time_end>
<total_fee>100</total_fee>
<trade_type><![CDATA[JSAPI]]></trade_type>
<transaction_id><![CDATA[1006850914201511061485944665]]></transaction_id>
</xml>


æ‰§è¡Œæ—¥æœŸï¼š2015-11-06-23ï¼?Mï¼?S
¡¾Pay Success¡¿:
<xml><appid><![CDATA[wx8c5b2610f8e96334]]></appid>
<bank_type><![CDATA[CFT]]></bank_type>
<cash_fee><![CDATA[100]]></cash_fee>
<fee_type><![CDATA[CNY]]></fee_type>
<is_subscribe><![CDATA[Y]]></is_subscribe>
<mch_id><![CDATA[1265531901]]></mch_id>
<nonce_str><![CDATA[dh42p90mhl36mk8g3s336xej5epcpsst]]></nonce_str>
<openid><![CDATA[oKhP4wuAccI1RLLhWGSEEUr4YE88]]></openid>
<out_trade_no><![CDATA[DG11062316395329]]></out_trade_no>
<result_code><![CDATA[SUCCESS]]></result_code>
<return_code><![CDATA[SUCCESS]]></return_code>
<sign><![CDATA[30850D8A4C1A826072227103D4B0D664]]></sign>
<time_end><![CDATA[20151106231649]]></time_end>
<total_fee>100</total_fee>
<trade_type><![CDATA[JSAPI]]></trade_type>
<transaction_id><![CDATA[1006850914201511061485944665]]></transaction_id>
</xml>
update twotree_order_info set pay_status=1,pay_money=1,pay_time=1446823009,out_trade_no='DG11062316395329', transaction_id='1006850914201511061485944665' where order_sn='DG11062316395329'

æ‰§è¡Œæ—¥æœŸï¼š2015-11-06-23ï¼?Mï¼?S
update twotree_order_info set pay_status=1,pay_money=0.1,pay_time=1446824231,out_trade_no='DG11062336519586', transaction_id='1009550914201511061486107434' where order_sn='DG11062336519586'¡¾Recieve NOtice¡¿:
<xml><appid><![CDATA[wx8c5b2610f8e96334]]></appid>
<bank_type><![CDATA[ABC_DEBIT]]></bank_type>
<cash_fee><![CDATA[10]]></cash_fee>
<fee_type><![CDATA[CNY]]></fee_type>
<is_subscribe><![CDATA[Y]]></is_subscribe>
<mch_id><![CDATA[1265531901]]></mch_id>
<nonce_str><![CDATA[nv22h4f4h11r0gw6429ks6yuq9yqubrr]]></nonce_str>
<openid><![CDATA[oKhP4wid3EcrdN344lu43U3i0ks8]]></openid>
<out_trade_no><![CDATA[DG11062336519586]]></out_trade_no>
<result_code><![CDATA[SUCCESS]]></result_code>
<return_code><![CDATA[SUCCESS]]></return_code>
<sign><![CDATA[621E8F7C046698BFAE98DAEF79433C53]]></sign>
<time_end><![CDATA[20151106233711]]></time_end>
<total_fee>10</total_fee>
<trade_type><![CDATA[JSAPI]]></trade_type>
<transaction_id><![CDATA[1009550914201511061486107434]]></transaction_id>
</xml>


æ‰§è¡Œæ—¥æœŸï¼š2015-11-06-23ï¼?Mï¼?S
¡¾Pay Success¡¿:
<xml><appid><![CDATA[wx8c5b2610f8e96334]]></appid>
<bank_type><![CDATA[ABC_DEBIT]]></bank_type>
<cash_fee><![CDATA[10]]></cash_fee>
<fee_type><![CDATA[CNY]]></fee_type>
<is_subscribe><![CDATA[Y]]></is_subscribe>
<mch_id><![CDATA[1265531901]]></mch_id>
<nonce_str><![CDATA[nv22h4f4h11r0gw6429ks6yuq9yqubrr]]></nonce_str>
<openid><![CDATA[oKhP4wid3EcrdN344lu43U3i0ks8]]></openid>
<out_trade_no><![CDATA[DG11062336519586]]></out_trade_no>
<result_code><![CDATA[SUCCESS]]></result_code>
<return_code><![CDATA[SUCCESS]]></return_code>
<sign><![CDATA[621E8F7C046698BFAE98DAEF79433C53]]></sign>
<time_end><![CDATA[20151106233711]]></time_end>
<total_fee>10</total_fee>
<trade_type><![CDATA[JSAPI]]></trade_type>
<transaction_id><![CDATA[1009550914201511061486107434]]></transaction_id>
</xml>
update twotree_order_info set pay_status=1,pay_money=0.1,pay_time=1446824231,out_trade_no='DG11062336519586', transaction_id='1009550914201511061486107434' where order_sn='DG11062336519586'

æ‰§è¡Œæ—¥æœŸï¼š2015-11-06-23ï¼?Mï¼?S
update twotree_order_info set pay_status=1,pay_money=0.2,pay_time=1446824590,out_trade_no='DG11062342424288', transaction_id='1009550914201511061486127112' where order_sn='DG11062342424288'¡¾Recieve NOtice¡¿:
<xml><appid><![CDATA[wx8c5b2610f8e96334]]></appid>
<bank_type><![CDATA[ABC_DEBIT]]></bank_type>
<cash_fee><![CDATA[20]]></cash_fee>
<fee_type><![CDATA[CNY]]></fee_type>
<is_subscribe><![CDATA[Y]]></is_subscribe>
<mch_id><![CDATA[1265531901]]></mch_id>
<nonce_str><![CDATA[kp4l4unifrzv93j2hd0g65cn3vuy36us]]></nonce_str>
<openid><![CDATA[oKhP4wid3EcrdN344lu43U3i0ks8]]></openid>
<out_trade_no><![CDATA[DG11062342424288]]></out_trade_no>
<result_code><![CDATA[SUCCESS]]></result_code>
<return_code><![CDATA[SUCCESS]]></return_code>
<sign><![CDATA[5AA2F051D31F906B5530340DEA484C76]]></sign>
<time_end><![CDATA[20151106234310]]></time_end>
<total_fee>20</total_fee>
<trade_type><![CDATA[JSAPI]]></trade_type>
<transaction_id><![CDATA[1009550914201511061486127112]]></transaction_id>
</xml>


æ‰§è¡Œæ—¥æœŸï¼š2015-11-06-23ï¼?Mï¼?S
¡¾Pay Success¡¿:
<xml><appid><![CDATA[wx8c5b2610f8e96334]]></appid>
<bank_type><![CDATA[ABC_DEBIT]]></bank_type>
<cash_fee><![CDATA[20]]></cash_fee>
<fee_type><![CDATA[CNY]]></fee_type>
<is_subscribe><![CDATA[Y]]></is_subscribe>
<mch_id><![CDATA[1265531901]]></mch_id>
<nonce_str><![CDATA[kp4l4unifrzv93j2hd0g65cn3vuy36us]]></nonce_str>
<openid><![CDATA[oKhP4wid3EcrdN344lu43U3i0ks8]]></openid>
<out_trade_no><![CDATA[DG11062342424288]]></out_trade_no>
<result_code><![CDATA[SUCCESS]]></result_code>
<return_code><![CDATA[SUCCESS]]></return_code>
<sign><![CDATA[5AA2F051D31F906B5530340DEA484C76]]></sign>
<time_end><![CDATA[20151106234310]]></time_end>
<total_fee>20</total_fee>
<trade_type><![CDATA[JSAPI]]></trade_type>
<transaction_id><![CDATA[1009550914201511061486127112]]></transaction_id>
</xml>
update twotree_order_info set pay_status=1,pay_money=0.2,pay_time=1446824590,out_trade_no='DG11062342424288', transaction_id='1009550914201511061486127112' where order_sn='DG11062342424288'

