执行日期：2015-11-01-23?M?S
【接收到的notify通知】:
<xml><appid><![CDATA[wx8c5b2610f8e96334]]></appid>
<bank_type><![CDATA[CFT]]></bank_type>
<cash_fee><![CDATA[1]]></cash_fee>
<fee_type><![CDATA[CNY]]></fee_type>
<is_subscribe><![CDATA[Y]]></is_subscribe>
<mch_id><![CDATA[1265531901]]></mch_id>
<nonce_str><![CDATA[6kg970c3j343756y4w5m8ypwd49g61rh]]></nonce_str>
<openid><![CDATA[oKhP4wuAccI1RLLhWGSEEUr4YE88]]></openid>
<out_trade_no><![CDATA[DG11012309293050_47]]></out_trade_no>
<result_code><![CDATA[SUCCESS]]></result_code>
<return_code><![CDATA[SUCCESS]]></return_code>
<sign><![CDATA[B08EF0A00A8DFF3C00BACC5B3170CB27]]></sign>
<time_end><![CDATA[20151101231231]]></time_end>
<total_fee>1</total_fee>
<trade_type><![CDATA[JSAPI]]></trade_type>
<transaction_id><![CDATA[1006850914201511011421233791]]></transaction_id>
</xml>


执行日期：2015-11-01-23?M?S
【支付成功】:
<xml><appid><![CDATA[wx8c5b2610f8e96334]]></appid>
<bank_type><![CDATA[CFT]]></bank_type>
<cash_fee><![CDATA[1]]></cash_fee>
<fee_type><![CDATA[CNY]]></fee_type>
<is_subscribe><![CDATA[Y]]></is_subscribe>
<mch_id><![CDATA[1265531901]]></mch_id>
<nonce_str><![CDATA[6kg970c3j343756y4w5m8ypwd49g61rh]]></nonce_str>
<openid><![CDATA[oKhP4wuAccI1RLLhWGSEEUr4YE88]]></openid>
<out_trade_no><![CDATA[DG11012309293050_47]]></out_trade_no>
<result_code><![CDATA[SUCCESS]]></result_code>
<return_code><![CDATA[SUCCESS]]></return_code>
<sign><![CDATA[B08EF0A00A8DFF3C00BACC5B3170CB27]]></sign>
<time_end><![CDATA[20151101231231]]></time_end>
<total_fee>1</total_fee>
<trade_type><![CDATA[JSAPI]]></trade_type>
<transaction_id><![CDATA[1006850914201511011421233791]]></transaction_id>
</xml>


