æ‰§è¡Œæ—¥æœŸï¼š2015-11-07-09ï¼?Mï¼?S
¡¾Recieve NOtice¡¿:



æ‰§è¡Œæ—¥æœŸï¼š2015-11-07-12ï¼?Mï¼?S
update twotree_order_info set pay_status=1,pay_money=0.6,pay_time=1446869199,out_trade_no='DG11071206218368', transaction_id='1006850914201511071490361729' where order_sn='DG11071206218368'¡¾Recieve NOtice¡¿:
<xml><appid><![CDATA[wx8c5b2610f8e96334]]></appid>
<bank_type><![CDATA[CFT]]></bank_type>
<cash_fee><![CDATA[60]]></cash_fee>
<fee_type><![CDATA[CNY]]></fee_type>
<is_subscribe><![CDATA[Y]]></is_subscribe>
<mch_id><![CDATA[1265531901]]></mch_id>
<nonce_str><![CDATA[p6pas0kz5bhr6uffubzbua30a9ysr7ib]]></nonce_str>
<openid><![CDATA[oKhP4wuAccI1RLLhWGSEEUr4YE88]]></openid>
<out_trade_no><![CDATA[DG11071206218368]]></out_trade_no>
<result_code><![CDATA[SUCCESS]]></result_code>
<return_code><![CDATA[SUCCESS]]></return_code>
<sign><![CDATA[2C1F13AC638608997499190F8CE51027]]></sign>
<time_end><![CDATA[20151107120639]]></time_end>
<total_fee>60</total_fee>
<trade_type><![CDATA[JSAPI]]></trade_type>
<transaction_id><![CDATA[1006850914201511071490361729]]></transaction_id>
</xml>


æ‰§è¡Œæ—¥æœŸï¼š2015-11-07-12ï¼?Mï¼?S
¡¾Pay Success¡¿:
<xml><appid><![CDATA[wx8c5b2610f8e96334]]></appid>
<bank_type><![CDATA[CFT]]></bank_type>
<cash_fee><![CDATA[60]]></cash_fee>
<fee_type><![CDATA[CNY]]></fee_type>
<is_subscribe><![CDATA[Y]]></is_subscribe>
<mch_id><![CDATA[1265531901]]></mch_id>
<nonce_str><![CDATA[p6pas0kz5bhr6uffubzbua30a9ysr7ib]]></nonce_str>
<openid><![CDATA[oKhP4wuAccI1RLLhWGSEEUr4YE88]]></openid>
<out_trade_no><![CDATA[DG11071206218368]]></out_trade_no>
<result_code><![CDATA[SUCCESS]]></result_code>
<return_code><![CDATA[SUCCESS]]></return_code>
<sign><![CDATA[2C1F13AC638608997499190F8CE51027]]></sign>
<time_end><![CDATA[20151107120639]]></time_end>
<total_fee>60</total_fee>
<trade_type><![CDATA[JSAPI]]></trade_type>
<transaction_id><![CDATA[1006850914201511071490361729]]></transaction_id>
</xml>
update twotree_order_info set pay_status=1,pay_money=0.6,pay_time=1446869199,out_trade_no='DG11071206218368', transaction_id='1006850914201511071490361729' where order_sn='DG11071206218368'

æ‰§è¡Œæ—¥æœŸï¼š2015-11-07-12ï¼?Mï¼?S
update twotree_order_info set pay_status=1,pay_money=0.1,pay_time=1446871164,out_trade_no='DG11071238322094', transaction_id='1009550914201511071491016291' where order_sn='DG11071238322094'¡¾Recieve NOtice¡¿:
<xml><appid><![CDATA[wx8c5b2610f8e96334]]></appid>
<bank_type><![CDATA[ABC_DEBIT]]></bank_type>
<cash_fee><![CDATA[10]]></cash_fee>
<fee_type><![CDATA[CNY]]></fee_type>
<is_subscribe><![CDATA[Y]]></is_subscribe>
<mch_id><![CDATA[1265531901]]></mch_id>
<nonce_str><![CDATA[2kgujkohw66b4pun9lsew4j9w29whero]]></nonce_str>
<openid><![CDATA[oKhP4wid3EcrdN344lu43U3i0ks8]]></openid>
<out_trade_no><![CDATA[DG11071238322094]]></out_trade_no>
<result_code><![CDATA[SUCCESS]]></result_code>
<return_code><![CDATA[SUCCESS]]></return_code>
<sign><![CDATA[A86830D3FB52041F91AC0CD47A07A577]]></sign>
<time_end><![CDATA[20151107123923]]></time_end>
<total_fee>10</total_fee>
<trade_type><![CDATA[JSAPI]]></trade_type>
<transaction_id><![CDATA[1009550914201511071491016291]]></transaction_id>
</xml>


æ‰§è¡Œæ—¥æœŸï¼š2015-11-07-12ï¼?Mï¼?S
¡¾Pay Success¡¿:
<xml><appid><![CDATA[wx8c5b2610f8e96334]]></appid>
<bank_type><![CDATA[ABC_DEBIT]]></bank_type>
<cash_fee><![CDATA[10]]></cash_fee>
<fee_type><![CDATA[CNY]]></fee_type>
<is_subscribe><![CDATA[Y]]></is_subscribe>
<mch_id><![CDATA[1265531901]]></mch_id>
<nonce_str><![CDATA[2kgujkohw66b4pun9lsew4j9w29whero]]></nonce_str>
<openid><![CDATA[oKhP4wid3EcrdN344lu43U3i0ks8]]></openid>
<out_trade_no><![CDATA[DG11071238322094]]></out_trade_no>
<result_code><![CDATA[SUCCESS]]></result_code>
<return_code><![CDATA[SUCCESS]]></return_code>
<sign><![CDATA[A86830D3FB52041F91AC0CD47A07A577]]></sign>
<time_end><![CDATA[20151107123923]]></time_end>
<total_fee>10</total_fee>
<trade_type><![CDATA[JSAPI]]></trade_type>
<transaction_id><![CDATA[1009550914201511071491016291]]></transaction_id>
</xml>
update twotree_order_info set pay_status=1,pay_money=0.1,pay_time=1446871164,out_trade_no='DG11071238322094', transaction_id='1009550914201511071491016291' where order_sn='DG11071238322094'

æ‰§è¡Œæ—¥æœŸï¼š2015-11-07-14ï¼?Mï¼?S
update twotree_order_info set pay_status=1,pay_money=1.4,pay_time=1446876525,out_trade_no='DG11071408313556', transaction_id='1006850914201511071492529013' where order_sn='DG11071408313556'¡¾Recieve NOtice¡¿:
<xml><appid><![CDATA[wx8c5b2610f8e96334]]></appid>
<bank_type><![CDATA[CFT]]></bank_type>
<cash_fee><![CDATA[140]]></cash_fee>
<fee_type><![CDATA[CNY]]></fee_type>
<is_subscribe><![CDATA[Y]]></is_subscribe>
<mch_id><![CDATA[1265531901]]></mch_id>
<nonce_str><![CDATA[gtgkh4zy1ecuvzvrr5hdkyqgra6utx50]]></nonce_str>
<openid><![CDATA[oKhP4wuAccI1RLLhWGSEEUr4YE88]]></openid>
<out_trade_no><![CDATA[DG11071408313556]]></out_trade_no>
<result_code><![CDATA[SUCCESS]]></result_code>
<return_code><![CDATA[SUCCESS]]></return_code>
<sign><![CDATA[0B9E541C264FDE25F91E09FA9D5BE73E]]></sign>
<time_end><![CDATA[20151107140844]]></time_end>
<total_fee>140</total_fee>
<trade_type><![CDATA[JSAPI]]></trade_type>
<transaction_id><![CDATA[1006850914201511071492529013]]></transaction_id>
</xml>


æ‰§è¡Œæ—¥æœŸï¼š2015-11-07-14ï¼?Mï¼?S
¡¾Pay Success¡¿:
<xml><appid><![CDATA[wx8c5b2610f8e96334]]></appid>
<bank_type><![CDATA[CFT]]></bank_type>
<cash_fee><![CDATA[140]]></cash_fee>
<fee_type><![CDATA[CNY]]></fee_type>
<is_subscribe><![CDATA[Y]]></is_subscribe>
<mch_id><![CDATA[1265531901]]></mch_id>
<nonce_str><![CDATA[gtgkh4zy1ecuvzvrr5hdkyqgra6utx50]]></nonce_str>
<openid><![CDATA[oKhP4wuAccI1RLLhWGSEEUr4YE88]]></openid>
<out_trade_no><![CDATA[DG11071408313556]]></out_trade_no>
<result_code><![CDATA[SUCCESS]]></result_code>
<return_code><![CDATA[SUCCESS]]></return_code>
<sign><![CDATA[0B9E541C264FDE25F91E09FA9D5BE73E]]></sign>
<time_end><![CDATA[20151107140844]]></time_end>
<total_fee>140</total_fee>
<trade_type><![CDATA[JSAPI]]></trade_type>
<transaction_id><![CDATA[1006850914201511071492529013]]></transaction_id>
</xml>
update twotree_order_info set pay_status=1,pay_money=1.4,pay_time=1446876525,out_trade_no='DG11071408313556', transaction_id='1006850914201511071492529013' where order_sn='DG11071408313556'

æ‰§è¡Œæ—¥æœŸï¼š2015-11-07-14ï¼?Mï¼?S
update twotree_order_info set pay_status=1,pay_money=0.6,pay_time=1446877227,out_trade_no='DG11071420142741', transaction_id='1006850914201511071492646577' where order_sn='DG11071420142741'¡¾Recieve NOtice¡¿:
<xml><appid><![CDATA[wx8c5b2610f8e96334]]></appid>
<bank_type><![CDATA[CFT]]></bank_type>
<cash_fee><![CDATA[60]]></cash_fee>
<fee_type><![CDATA[CNY]]></fee_type>
<is_subscribe><![CDATA[Y]]></is_subscribe>
<mch_id><![CDATA[1265531901]]></mch_id>
<nonce_str><![CDATA[206sv2znsuk4vwe9k9cdjkh3uolw5acy]]></nonce_str>
<openid><![CDATA[oKhP4wuAccI1RLLhWGSEEUr4YE88]]></openid>
<out_trade_no><![CDATA[DG11071420142741]]></out_trade_no>
<result_code><![CDATA[SUCCESS]]></result_code>
<return_code><![CDATA[SUCCESS]]></return_code>
<sign><![CDATA[003E5A55B417373935CF786E74533AE5]]></sign>
<time_end><![CDATA[20151107142025]]></time_end>
<total_fee>60</total_fee>
<trade_type><![CDATA[JSAPI]]></trade_type>
<transaction_id><![CDATA[1006850914201511071492646577]]></transaction_id>
</xml>


æ‰§è¡Œæ—¥æœŸï¼š2015-11-07-14ï¼?Mï¼?S
¡¾Pay Success¡¿:
<xml><appid><![CDATA[wx8c5b2610f8e96334]]></appid>
<bank_type><![CDATA[CFT]]></bank_type>
<cash_fee><![CDATA[60]]></cash_fee>
<fee_type><![CDATA[CNY]]></fee_type>
<is_subscribe><![CDATA[Y]]></is_subscribe>
<mch_id><![CDATA[1265531901]]></mch_id>
<nonce_str><![CDATA[206sv2znsuk4vwe9k9cdjkh3uolw5acy]]></nonce_str>
<openid><![CDATA[oKhP4wuAccI1RLLhWGSEEUr4YE88]]></openid>
<out_trade_no><![CDATA[DG11071420142741]]></out_trade_no>
<result_code><![CDATA[SUCCESS]]></result_code>
<return_code><![CDATA[SUCCESS]]></return_code>
<sign><![CDATA[003E5A55B417373935CF786E74533AE5]]></sign>
<time_end><![CDATA[20151107142025]]></time_end>
<total_fee>60</total_fee>
<trade_type><![CDATA[JSAPI]]></trade_type>
<transaction_id><![CDATA[1006850914201511071492646577]]></transaction_id>
</xml>
update twotree_order_info set pay_status=1,pay_money=0.6,pay_time=1446877227,out_trade_no='DG11071420142741', transaction_id='1006850914201511071492646577' where order_sn='DG11071420142741'

æ‰§è¡Œæ—¥æœŸï¼š2015-11-07-14ï¼?Mï¼?S
update twotree_order_info set pay_status=1,pay_money=0.1,pay_time=1446879035,out_trade_no='DG11071450206146', transaction_id='1009550914201511071493110072' where order_sn='DG11071450206146'¡¾Recieve NOtice¡¿:
<xml><appid><![CDATA[wx8c5b2610f8e96334]]></appid>
<bank_type><![CDATA[ABC_DEBIT]]></bank_type>
<cash_fee><![CDATA[10]]></cash_fee>
<fee_type><![CDATA[CNY]]></fee_type>
<is_subscribe><![CDATA[Y]]></is_subscribe>
<mch_id><![CDATA[1265531901]]></mch_id>
<nonce_str><![CDATA[h07mdc71gdvw3smytaom4gduw7zim3bg]]></nonce_str>
<openid><![CDATA[oKhP4wid3EcrdN344lu43U3i0ks8]]></openid>
<out_trade_no><![CDATA[DG11071450206146]]></out_trade_no>
<result_code><![CDATA[SUCCESS]]></result_code>
<return_code><![CDATA[SUCCESS]]></return_code>
<sign><![CDATA[2EF6673DFA138678998940501433AC6C]]></sign>
<time_end><![CDATA[20151107145035]]></time_end>
<total_fee>10</total_fee>
<trade_type><![CDATA[JSAPI]]></trade_type>
<transaction_id><![CDATA[1009550914201511071493110072]]></transaction_id>
</xml>


æ‰§è¡Œæ—¥æœŸï¼š2015-11-07-14ï¼?Mï¼?S
¡¾Pay Success¡¿:
<xml><appid><![CDATA[wx8c5b2610f8e96334]]></appid>
<bank_type><![CDATA[ABC_DEBIT]]></bank_type>
<cash_fee><![CDATA[10]]></cash_fee>
<fee_type><![CDATA[CNY]]></fee_type>
<is_subscribe><![CDATA[Y]]></is_subscribe>
<mch_id><![CDATA[1265531901]]></mch_id>
<nonce_str><![CDATA[h07mdc71gdvw3smytaom4gduw7zim3bg]]></nonce_str>
<openid><![CDATA[oKhP4wid3EcrdN344lu43U3i0ks8]]></openid>
<out_trade_no><![CDATA[DG11071450206146]]></out_trade_no>
<result_code><![CDATA[SUCCESS]]></result_code>
<return_code><![CDATA[SUCCESS]]></return_code>
<sign><![CDATA[2EF6673DFA138678998940501433AC6C]]></sign>
<time_end><![CDATA[20151107145035]]></time_end>
<total_fee>10</total_fee>
<trade_type><![CDATA[JSAPI]]></trade_type>
<transaction_id><![CDATA[1009550914201511071493110072]]></transaction_id>
</xml>
update twotree_order_info set pay_status=1,pay_money=0.1,pay_time=1446879035,out_trade_no='DG11071450206146', transaction_id='1009550914201511071493110072' where order_sn='DG11071450206146'

æ‰§è¡Œæ—¥æœŸï¼š2015-11-07-15ï¼?Mï¼?S
update twotree_order_info set pay_status=1,pay_money=0.1,pay_time=1446883030,out_trade_no='DG11071556489211', transaction_id='1009550914201511071494020267' where order_sn='DG11071556489211'¡¾Recieve NOtice¡¿:
<xml><appid><![CDATA[wx8c5b2610f8e96334]]></appid>
<bank_type><![CDATA[ABC_DEBIT]]></bank_type>
<cash_fee><![CDATA[10]]></cash_fee>
<fee_type><![CDATA[CNY]]></fee_type>
<is_subscribe><![CDATA[Y]]></is_subscribe>
<mch_id><![CDATA[1265531901]]></mch_id>
<nonce_str><![CDATA[xrv43bjuag68s28meurqjtvsuvc974sv]]></nonce_str>
<openid><![CDATA[oKhP4wid3EcrdN344lu43U3i0ks8]]></openid>
<out_trade_no><![CDATA[DG11071556489211]]></out_trade_no>
<result_code><![CDATA[SUCCESS]]></result_code>
<return_code><![CDATA[SUCCESS]]></return_code>
<sign><![CDATA[194C4015F8844EDEE2B9494100CEBF4D]]></sign>
<time_end><![CDATA[20151107155709]]></time_end>
<total_fee>10</total_fee>
<trade_type><![CDATA[JSAPI]]></trade_type>
<transaction_id><![CDATA[1009550914201511071494020267]]></transaction_id>
</xml>


æ‰§è¡Œæ—¥æœŸï¼š2015-11-07-15ï¼?Mï¼?S
¡¾Pay Success¡¿:
<xml><appid><![CDATA[wx8c5b2610f8e96334]]></appid>
<bank_type><![CDATA[ABC_DEBIT]]></bank_type>
<cash_fee><![CDATA[10]]></cash_fee>
<fee_type><![CDATA[CNY]]></fee_type>
<is_subscribe><![CDATA[Y]]></is_subscribe>
<mch_id><![CDATA[1265531901]]></mch_id>
<nonce_str><![CDATA[xrv43bjuag68s28meurqjtvsuvc974sv]]></nonce_str>
<openid><![CDATA[oKhP4wid3EcrdN344lu43U3i0ks8]]></openid>
<out_trade_no><![CDATA[DG11071556489211]]></out_trade_no>
<result_code><![CDATA[SUCCESS]]></result_code>
<return_code><![CDATA[SUCCESS]]></return_code>
<sign><![CDATA[194C4015F8844EDEE2B9494100CEBF4D]]></sign>
<time_end><![CDATA[20151107155709]]></time_end>
<total_fee>10</total_fee>
<trade_type><![CDATA[JSAPI]]></trade_type>
<transaction_id><![CDATA[1009550914201511071494020267]]></transaction_id>
</xml>
update twotree_order_info set pay_status=1,pay_money=0.1,pay_time=1446883030,out_trade_no='DG11071556489211', transaction_id='1009550914201511071494020267' where order_sn='DG11071556489211'

æ‰§è¡Œæ—¥æœŸï¼š2015-11-07-16ï¼?Mï¼?S
update twotree_order_info set pay_status=1,pay_money=0.1,pay_time=1446883257,out_trade_no='DG11071600453366', transaction_id='1009550914201511071494082007' where order_sn='DG11071600453366'¡¾Recieve NOtice¡¿:
<xml><appid><![CDATA[wx8c5b2610f8e96334]]></appid>
<bank_type><![CDATA[ABC_DEBIT]]></bank_type>
<cash_fee><![CDATA[10]]></cash_fee>
<fee_type><![CDATA[CNY]]></fee_type>
<is_subscribe><![CDATA[Y]]></is_subscribe>
<mch_id><![CDATA[1265531901]]></mch_id>
<nonce_str><![CDATA[pa5qrl5uu7n5x0zay9cozl3jo4ktschw]]></nonce_str>
<openid><![CDATA[oKhP4wid3EcrdN344lu43U3i0ks8]]></openid>
<out_trade_no><![CDATA[DG11071600453366]]></out_trade_no>
<result_code><![CDATA[SUCCESS]]></result_code>
<return_code><![CDATA[SUCCESS]]></return_code>
<sign><![CDATA[32AC5A715C467485B886118C4C3A6F0E]]></sign>
<time_end><![CDATA[20151107160057]]></time_end>
<total_fee>10</total_fee>
<trade_type><![CDATA[JSAPI]]></trade_type>
<transaction_id><![CDATA[1009550914201511071494082007]]></transaction_id>
</xml>


æ‰§è¡Œæ—¥æœŸï¼š2015-11-07-16ï¼?Mï¼?S
¡¾Pay Success¡¿:
<xml><appid><![CDATA[wx8c5b2610f8e96334]]></appid>
<bank_type><![CDATA[ABC_DEBIT]]></bank_type>
<cash_fee><![CDATA[10]]></cash_fee>
<fee_type><![CDATA[CNY]]></fee_type>
<is_subscribe><![CDATA[Y]]></is_subscribe>
<mch_id><![CDATA[1265531901]]></mch_id>
<nonce_str><![CDATA[pa5qrl5uu7n5x0zay9cozl3jo4ktschw]]></nonce_str>
<openid><![CDATA[oKhP4wid3EcrdN344lu43U3i0ks8]]></openid>
<out_trade_no><![CDATA[DG11071600453366]]></out_trade_no>
<result_code><![CDATA[SUCCESS]]></result_code>
<return_code><![CDATA[SUCCESS]]></return_code>
<sign><![CDATA[32AC5A715C467485B886118C4C3A6F0E]]></sign>
<time_end><![CDATA[20151107160057]]></time_end>
<total_fee>10</total_fee>
<trade_type><![CDATA[JSAPI]]></trade_type>
<transaction_id><![CDATA[1009550914201511071494082007]]></transaction_id>
</xml>
update twotree_order_info set pay_status=1,pay_money=0.1,pay_time=1446883257,out_trade_no='DG11071600453366', transaction_id='1009550914201511071494082007' where order_sn='DG11071600453366'

æ‰§è¡Œæ—¥æœŸï¼š2015-11-07-17ï¼?Mï¼?S
update twotree_order_info set pay_status=1,pay_money=0.2,pay_time=1446887525,out_trade_no='DG11071711557227', transaction_id='1006850914201511071495142838' where order_sn='DG11071711557227'¡¾Recieve NOtice¡¿:
<xml><appid><![CDATA[wx8c5b2610f8e96334]]></appid>
<bank_type><![CDATA[CFT]]></bank_type>
<cash_fee><![CDATA[20]]></cash_fee>
<fee_type><![CDATA[CNY]]></fee_type>
<is_subscribe><![CDATA[Y]]></is_subscribe>
<mch_id><![CDATA[1265531901]]></mch_id>
<nonce_str><![CDATA[cxrpl4wacopvixezv2uo6td5yhh7ewfh]]></nonce_str>
<openid><![CDATA[oKhP4wuAccI1RLLhWGSEEUr4YE88]]></openid>
<out_trade_no><![CDATA[DG11071711557227]]></out_trade_no>
<result_code><![CDATA[SUCCESS]]></result_code>
<return_code><![CDATA[SUCCESS]]></return_code>
<sign><![CDATA[DBF3C4D93A9F0CA8733A5F9D9B0F4CA9]]></sign>
<time_end><![CDATA[20151107171205]]></time_end>
<total_fee>20</total_fee>
<trade_type><![CDATA[JSAPI]]></trade_type>
<transaction_id><![CDATA[1006850914201511071495142838]]></transaction_id>
</xml>


æ‰§è¡Œæ—¥æœŸï¼š2015-11-07-17ï¼?Mï¼?S
¡¾Pay Success¡¿:
<xml><appid><![CDATA[wx8c5b2610f8e96334]]></appid>
<bank_type><![CDATA[CFT]]></bank_type>
<cash_fee><![CDATA[20]]></cash_fee>
<fee_type><![CDATA[CNY]]></fee_type>
<is_subscribe><![CDATA[Y]]></is_subscribe>
<mch_id><![CDATA[1265531901]]></mch_id>
<nonce_str><![CDATA[cxrpl4wacopvixezv2uo6td5yhh7ewfh]]></nonce_str>
<openid><![CDATA[oKhP4wuAccI1RLLhWGSEEUr4YE88]]></openid>
<out_trade_no><![CDATA[DG11071711557227]]></out_trade_no>
<result_code><![CDATA[SUCCESS]]></result_code>
<return_code><![CDATA[SUCCESS]]></return_code>
<sign><![CDATA[DBF3C4D93A9F0CA8733A5F9D9B0F4CA9]]></sign>
<time_end><![CDATA[20151107171205]]></time_end>
<total_fee>20</total_fee>
<trade_type><![CDATA[JSAPI]]></trade_type>
<transaction_id><![CDATA[1006850914201511071495142838]]></transaction_id>
</xml>
update twotree_order_info set pay_status=1,pay_money=0.2,pay_time=1446887525,out_trade_no='DG11071711557227', transaction_id='1006850914201511071495142838' where order_sn='DG11071711557227'

æ‰§è¡Œæ—¥æœŸï¼š2015-11-07-17ï¼?Mï¼?S
update twotree_order_info set pay_status=1,pay_money=0.2,pay_time=1446889303,out_trade_no='DG11071741361675', transaction_id='1006850914201511071495617743' where order_sn='DG11071741361675'¡¾Recieve NOtice¡¿:
<xml><appid><![CDATA[wx8c5b2610f8e96334]]></appid>
<bank_type><![CDATA[CFT]]></bank_type>
<cash_fee><![CDATA[20]]></cash_fee>
<fee_type><![CDATA[CNY]]></fee_type>
<is_subscribe><![CDATA[Y]]></is_subscribe>
<mch_id><![CDATA[1265531901]]></mch_id>
<nonce_str><![CDATA[jhcr63y4c9vuribse0t5a09h7m7yjflc]]></nonce_str>
<openid><![CDATA[oKhP4wuAccI1RLLhWGSEEUr4YE88]]></openid>
<out_trade_no><![CDATA[DG11071741361675]]></out_trade_no>
<result_code><![CDATA[SUCCESS]]></result_code>
<return_code><![CDATA[SUCCESS]]></return_code>
<sign><![CDATA[191FD6369CC6AE737FB558110CAC1E50]]></sign>
<time_end><![CDATA[20151107174142]]></time_end>
<total_fee>20</total_fee>
<trade_type><![CDATA[JSAPI]]></trade_type>
<transaction_id><![CDATA[1006850914201511071495617743]]></transaction_id>
</xml>


æ‰§è¡Œæ—¥æœŸï¼š2015-11-07-17ï¼?Mï¼?S
¡¾Pay Success¡¿:
<xml><appid><![CDATA[wx8c5b2610f8e96334]]></appid>
<bank_type><![CDATA[CFT]]></bank_type>
<cash_fee><![CDATA[20]]></cash_fee>
<fee_type><![CDATA[CNY]]></fee_type>
<is_subscribe><![CDATA[Y]]></is_subscribe>
<mch_id><![CDATA[1265531901]]></mch_id>
<nonce_str><![CDATA[jhcr63y4c9vuribse0t5a09h7m7yjflc]]></nonce_str>
<openid><![CDATA[oKhP4wuAccI1RLLhWGSEEUr4YE88]]></openid>
<out_trade_no><![CDATA[DG11071741361675]]></out_trade_no>
<result_code><![CDATA[SUCCESS]]></result_code>
<return_code><![CDATA[SUCCESS]]></return_code>
<sign><![CDATA[191FD6369CC6AE737FB558110CAC1E50]]></sign>
<time_end><![CDATA[20151107174142]]></time_end>
<total_fee>20</total_fee>
<trade_type><![CDATA[JSAPI]]></trade_type>
<transaction_id><![CDATA[1006850914201511071495617743]]></transaction_id>
</xml>
update twotree_order_info set pay_status=1,pay_money=0.2,pay_time=1446889303,out_trade_no='DG11071741361675', transaction_id='1006850914201511071495617743' where order_sn='DG11071741361675'

æ‰§è¡Œæ—¥æœŸï¼š2015-11-07-17ï¼?Mï¼?S
update twotree_shop_goods set store_num=store_num-1 where shop_id=29 and goods_id=15¡¾Recieve NOtice¡¿:
<xml><appid><![CDATA[wx8c5b2610f8e96334]]></appid>
<bank_type><![CDATA[ABC_DEBIT]]></bank_type>
<cash_fee><![CDATA[20]]></cash_fee>
<fee_type><![CDATA[CNY]]></fee_type>
<is_subscribe><![CDATA[Y]]></is_subscribe>
<mch_id><![CDATA[1265531901]]></mch_id>
<nonce_str><![CDATA[tay9rh7egn0h851e7m2za2izehycqxno]]></nonce_str>
<openid><![CDATA[oKhP4wid3EcrdN344lu43U3i0ks8]]></openid>
<out_trade_no><![CDATA[DG11071758292314]]></out_trade_no>
<result_code><![CDATA[SUCCESS]]></result_code>
<return_code><![CDATA[SUCCESS]]></return_code>
<sign><![CDATA[5156480084615EEF9859BF9C30E4DA71]]></sign>
<time_end><![CDATA[20151107175844]]></time_end>
<total_fee>20</total_fee>
<trade_type><![CDATA[JSAPI]]></trade_type>
<transaction_id><![CDATA[1009550914201511071495931550]]></transaction_id>
</xml>


æ‰§è¡Œæ—¥æœŸï¼š2015-11-07-17ï¼?Mï¼?S
¡¾Pay Success¡¿:
<xml><appid><![CDATA[wx8c5b2610f8e96334]]></appid>
<bank_type><![CDATA[ABC_DEBIT]]></bank_type>
<cash_fee><![CDATA[20]]></cash_fee>
<fee_type><![CDATA[CNY]]></fee_type>
<is_subscribe><![CDATA[Y]]></is_subscribe>
<mch_id><![CDATA[1265531901]]></mch_id>
<nonce_str><![CDATA[tay9rh7egn0h851e7m2za2izehycqxno]]></nonce_str>
<openid><![CDATA[oKhP4wid3EcrdN344lu43U3i0ks8]]></openid>
<out_trade_no><![CDATA[DG11071758292314]]></out_trade_no>
<result_code><![CDATA[SUCCESS]]></result_code>
<return_code><![CDATA[SUCCESS]]></return_code>
<sign><![CDATA[5156480084615EEF9859BF9C30E4DA71]]></sign>
<time_end><![CDATA[20151107175844]]></time_end>
<total_fee>20</total_fee>
<trade_type><![CDATA[JSAPI]]></trade_type>
<transaction_id><![CDATA[1009550914201511071495931550]]></transaction_id>
</xml>
update twotree_shop_goods set store_num=store_num-1 where shop_id=29 and goods_id=15

æ‰§è¡Œæ—¥æœŸï¼š2015-11-07-18ï¼?Mï¼?S
update twotree_shop_goods set store_num=store_num-1 where shop_id=29 and goods_id=15¡¾Recieve NOtice¡¿:
<xml><appid><![CDATA[wx8c5b2610f8e96334]]></appid>
<bank_type><![CDATA[ABC_DEBIT]]></bank_type>
<cash_fee><![CDATA[20]]></cash_fee>
<fee_type><![CDATA[CNY]]></fee_type>
<is_subscribe><![CDATA[Y]]></is_subscribe>
<mch_id><![CDATA[1265531901]]></mch_id>
<nonce_str><![CDATA[0wjay6zccqs8zae9arxgvbygtcmrp8lt]]></nonce_str>
<openid><![CDATA[oKhP4wid3EcrdN344lu43U3i0ks8]]></openid>
<out_trade_no><![CDATA[DG11071823547400]]></out_trade_no>
<result_code><![CDATA[SUCCESS]]></result_code>
<return_code><![CDATA[SUCCESS]]></return_code>
<sign><![CDATA[AC86E9F0B33B5865D88C2A8D7CED472F]]></sign>
<time_end><![CDATA[20151107182408]]></time_end>
<total_fee>20</total_fee>
<trade_type><![CDATA[JSAPI]]></trade_type>
<transaction_id><![CDATA[1009550914201511071496385490]]></transaction_id>
</xml>


æ‰§è¡Œæ—¥æœŸï¼š2015-11-07-18ï¼?Mï¼?S
¡¾Pay Success¡¿:
<xml><appid><![CDATA[wx8c5b2610f8e96334]]></appid>
<bank_type><![CDATA[ABC_DEBIT]]></bank_type>
<cash_fee><![CDATA[20]]></cash_fee>
<fee_type><![CDATA[CNY]]></fee_type>
<is_subscribe><![CDATA[Y]]></is_subscribe>
<mch_id><![CDATA[1265531901]]></mch_id>
<nonce_str><![CDATA[0wjay6zccqs8zae9arxgvbygtcmrp8lt]]></nonce_str>
<openid><![CDATA[oKhP4wid3EcrdN344lu43U3i0ks8]]></openid>
<out_trade_no><![CDATA[DG11071823547400]]></out_trade_no>
<result_code><![CDATA[SUCCESS]]></result_code>
<return_code><![CDATA[SUCCESS]]></return_code>
<sign><![CDATA[AC86E9F0B33B5865D88C2A8D7CED472F]]></sign>
<time_end><![CDATA[20151107182408]]></time_end>
<total_fee>20</total_fee>
<trade_type><![CDATA[JSAPI]]></trade_type>
<transaction_id><![CDATA[1009550914201511071496385490]]></transaction_id>
</xml>
update twotree_shop_goods set store_num=store_num-1 where shop_id=29 and goods_id=15

æ‰§è¡Œæ—¥æœŸï¼š2015-11-07-18ï¼?Mï¼?S
update twotree_order_info set pay_status=1,pay_money=0.2,pay_time=1446892817,out_trade_no='DG11071838272458', transaction_id='1006850914201511071496702415' where order_sn='DG11071838272458'¡¾Recieve NOtice¡¿:
<xml><appid><![CDATA[wx8c5b2610f8e96334]]></appid>
<bank_type><![CDATA[CFT]]></bank_type>
<cash_fee><![CDATA[20]]></cash_fee>
<fee_type><![CDATA[CNY]]></fee_type>
<is_subscribe><![CDATA[Y]]></is_subscribe>
<mch_id><![CDATA[1265531901]]></mch_id>
<nonce_str><![CDATA[hwr9l6wnoge4pxa3idmex7fo5h2yx899]]></nonce_str>
<openid><![CDATA[oKhP4wuAccI1RLLhWGSEEUr4YE88]]></openid>
<out_trade_no><![CDATA[DG11071838272458_60]]></out_trade_no>
<result_code><![CDATA[SUCCESS]]></result_code>
<return_code><![CDATA[SUCCESS]]></return_code>
<sign><![CDATA[D74949BAD918269BBAB83AD9E0DB27F4]]></sign>
<time_end><![CDATA[20151107184016]]></time_end>
<total_fee>20</total_fee>
<trade_type><![CDATA[JSAPI]]></trade_type>
<transaction_id><![CDATA[1006850914201511071496702415]]></transaction_id>
</xml>


æ‰§è¡Œæ—¥æœŸï¼š2015-11-07-18ï¼?Mï¼?S
¡¾Pay Success¡¿:
<xml><appid><![CDATA[wx8c5b2610f8e96334]]></appid>
<bank_type><![CDATA[CFT]]></bank_type>
<cash_fee><![CDATA[20]]></cash_fee>
<fee_type><![CDATA[CNY]]></fee_type>
<is_subscribe><![CDATA[Y]]></is_subscribe>
<mch_id><![CDATA[1265531901]]></mch_id>
<nonce_str><![CDATA[hwr9l6wnoge4pxa3idmex7fo5h2yx899]]></nonce_str>
<openid><![CDATA[oKhP4wuAccI1RLLhWGSEEUr4YE88]]></openid>
<out_trade_no><![CDATA[DG11071838272458_60]]></out_trade_no>
<result_code><![CDATA[SUCCESS]]></result_code>
<return_code><![CDATA[SUCCESS]]></return_code>
<sign><![CDATA[D74949BAD918269BBAB83AD9E0DB27F4]]></sign>
<time_end><![CDATA[20151107184016]]></time_end>
<total_fee>20</total_fee>
<trade_type><![CDATA[JSAPI]]></trade_type>
<transaction_id><![CDATA[1006850914201511071496702415]]></transaction_id>
</xml>
update twotree_order_info set pay_status=1,pay_money=0.2,pay_time=1446892817,out_trade_no='DG11071838272458', transaction_id='1006850914201511071496702415' where order_sn='DG11071838272458'

æ‰§è¡Œæ—¥æœŸï¼š2015-11-07-18ï¼?Mï¼?S
update twotree_order_info set pay_status=1,pay_money=0.1,pay_time=1446893202,out_trade_no='DG11071845433663', transaction_id='1006850914201511071496797079' where order_sn='DG11071845433663'¡¾Recieve NOtice¡¿:
<xml><appid><![CDATA[wx8c5b2610f8e96334]]></appid>
<bank_type><![CDATA[CFT]]></bank_type>
<cash_fee><![CDATA[10]]></cash_fee>
<fee_type><![CDATA[CNY]]></fee_type>
<is_subscribe><![CDATA[Y]]></is_subscribe>
<mch_id><![CDATA[1265531901]]></mch_id>
<nonce_str><![CDATA[88l3wnmnp2o4kkbs94scdpn2a8byqzb4]]></nonce_str>
<openid><![CDATA[oKhP4wuAccI1RLLhWGSEEUr4YE88]]></openid>
<out_trade_no><![CDATA[DG11071845433663_61]]></out_trade_no>
<result_code><![CDATA[SUCCESS]]></result_code>
<return_code><![CDATA[SUCCESS]]></return_code>
<sign><![CDATA[89C7CDE7D06125E448F015FC4074BB54]]></sign>
<time_end><![CDATA[20151107184641]]></time_end>
<total_fee>10</total_fee>
<trade_type><![CDATA[JSAPI]]></trade_type>
<transaction_id><![CDATA[1006850914201511071496797079]]></transaction_id>
</xml>


æ‰§è¡Œæ—¥æœŸï¼š2015-11-07-18ï¼?Mï¼?S
¡¾Pay Success¡¿:
<xml><appid><![CDATA[wx8c5b2610f8e96334]]></appid>
<bank_type><![CDATA[CFT]]></bank_type>
<cash_fee><![CDATA[10]]></cash_fee>
<fee_type><![CDATA[CNY]]></fee_type>
<is_subscribe><![CDATA[Y]]></is_subscribe>
<mch_id><![CDATA[1265531901]]></mch_id>
<nonce_str><![CDATA[88l3wnmnp2o4kkbs94scdpn2a8byqzb4]]></nonce_str>
<openid><![CDATA[oKhP4wuAccI1RLLhWGSEEUr4YE88]]></openid>
<out_trade_no><![CDATA[DG11071845433663_61]]></out_trade_no>
<result_code><![CDATA[SUCCESS]]></result_code>
<return_code><![CDATA[SUCCESS]]></return_code>
<sign><![CDATA[89C7CDE7D06125E448F015FC4074BB54]]></sign>
<time_end><![CDATA[20151107184641]]></time_end>
<total_fee>10</total_fee>
<trade_type><![CDATA[JSAPI]]></trade_type>
<transaction_id><![CDATA[1006850914201511071496797079]]></transaction_id>
</xml>
update twotree_order_info set pay_status=1,pay_money=0.1,pay_time=1446893202,out_trade_no='DG11071845433663', transaction_id='1006850914201511071496797079' where order_sn='DG11071845433663'

æ‰§è¡Œæ—¥æœŸï¼š2015-11-07-20ï¼?Mï¼?S
update twotree_order_info set pay_status=1,pay_money=0.2,pay_time=1446898913,out_trade_no='DG11072021455796', transaction_id='1006850914201511071498357758' where order_sn='DG11072021455796'¡¾Recieve NOtice¡¿:
<xml><appid><![CDATA[wx8c5b2610f8e96334]]></appid>
<bank_type><![CDATA[CFT]]></bank_type>
<cash_fee><![CDATA[20]]></cash_fee>
<fee_type><![CDATA[CNY]]></fee_type>
<is_subscribe><![CDATA[Y]]></is_subscribe>
<mch_id><![CDATA[1265531901]]></mch_id>
<nonce_str><![CDATA[jqugny0v33fjhfn8dh9qt1jglheuqdvj]]></nonce_str>
<openid><![CDATA[oKhP4wuAccI1RLLhWGSEEUr4YE88]]></openid>
<out_trade_no><![CDATA[DG11072021455796]]></out_trade_no>
<result_code><![CDATA[SUCCESS]]></result_code>
<return_code><![CDATA[SUCCESS]]></return_code>
<sign><![CDATA[C64FC2336B35BF2A791D6F18712F6182]]></sign>
<time_end><![CDATA[20151107202151]]></time_end>
<total_fee>20</total_fee>
<trade_type><![CDATA[JSAPI]]></trade_type>
<transaction_id><![CDATA[1006850914201511071498357758]]></transaction_id>
</xml>


æ‰§è¡Œæ—¥æœŸï¼š2015-11-07-20ï¼?Mï¼?S
¡¾Pay Success¡¿:
<xml><appid><![CDATA[wx8c5b2610f8e96334]]></appid>
<bank_type><![CDATA[CFT]]></bank_type>
<cash_fee><![CDATA[20]]></cash_fee>
<fee_type><![CDATA[CNY]]></fee_type>
<is_subscribe><![CDATA[Y]]></is_subscribe>
<mch_id><![CDATA[1265531901]]></mch_id>
<nonce_str><![CDATA[jqugny0v33fjhfn8dh9qt1jglheuqdvj]]></nonce_str>
<openid><![CDATA[oKhP4wuAccI1RLLhWGSEEUr4YE88]]></openid>
<out_trade_no><![CDATA[DG11072021455796]]></out_trade_no>
<result_code><![CDATA[SUCCESS]]></result_code>
<return_code><![CDATA[SUCCESS]]></return_code>
<sign><![CDATA[C64FC2336B35BF2A791D6F18712F6182]]></sign>
<time_end><![CDATA[20151107202151]]></time_end>
<total_fee>20</total_fee>
<trade_type><![CDATA[JSAPI]]></trade_type>
<transaction_id><![CDATA[1006850914201511071498357758]]></transaction_id>
</xml>
update twotree_order_info set pay_status=1,pay_money=0.2,pay_time=1446898913,out_trade_no='DG11072021455796', transaction_id='1006850914201511071498357758' where order_sn='DG11072021455796'

