æ‰§è¡Œæ—¥æœŸï¼š2015-11-09-10ï¼?Mï¼?S
¡¾Recieve NOtice¡¿:



æ‰§è¡Œæ—¥æœŸï¼š2015-11-09-20ï¼?Mï¼?S
update twotree_order_info set pay_status=1,pay_money=941.13,pay_time=1447072257,out_trade_no='DG11092030282443', transaction_id='1006920914201511091526290470' where order_sn='DG11092030282443'¡¾Recieve NOtice¡¿:
<xml><appid><![CDATA[wx8c5b2610f8e96334]]></appid>
<bank_type><![CDATA[CCB_DEBIT]]></bank_type>
<cash_fee><![CDATA[94113]]></cash_fee>
<fee_type><![CDATA[CNY]]></fee_type>
<is_subscribe><![CDATA[Y]]></is_subscribe>
<mch_id><![CDATA[1265531901]]></mch_id>
<nonce_str><![CDATA[t9yv7amif6h0fubd14j3hqbhvlabk8nd]]></nonce_str>
<openid><![CDATA[oKhP4wp7jzFlcxXi5agc7UGdB23s]]></openid>
<out_trade_no><![CDATA[DG11092030282443]]></out_trade_no>
<result_code><![CDATA[SUCCESS]]></result_code>
<return_code><![CDATA[SUCCESS]]></return_code>
<sign><![CDATA[22DDF66809E905476554A34874774FDA]]></sign>
<time_end><![CDATA[20151109203055]]></time_end>
<total_fee>94113</total_fee>
<trade_type><![CDATA[JSAPI]]></trade_type>
<transaction_id><![CDATA[1006920914201511091526290470]]></transaction_id>
</xml>


æ‰§è¡Œæ—¥æœŸï¼š2015-11-09-20ï¼?Mï¼?S
¡¾Pay Success¡¿:
<xml><appid><![CDATA[wx8c5b2610f8e96334]]></appid>
<bank_type><![CDATA[CCB_DEBIT]]></bank_type>
<cash_fee><![CDATA[94113]]></cash_fee>
<fee_type><![CDATA[CNY]]></fee_type>
<is_subscribe><![CDATA[Y]]></is_subscribe>
<mch_id><![CDATA[1265531901]]></mch_id>
<nonce_str><![CDATA[t9yv7amif6h0fubd14j3hqbhvlabk8nd]]></nonce_str>
<openid><![CDATA[oKhP4wp7jzFlcxXi5agc7UGdB23s]]></openid>
<out_trade_no><![CDATA[DG11092030282443]]></out_trade_no>
<result_code><![CDATA[SUCCESS]]></result_code>
<return_code><![CDATA[SUCCESS]]></return_code>
<sign><![CDATA[22DDF66809E905476554A34874774FDA]]></sign>
<time_end><![CDATA[20151109203055]]></time_end>
<total_fee>94113</total_fee>
<trade_type><![CDATA[JSAPI]]></trade_type>
<transaction_id><![CDATA[1006920914201511091526290470]]></transaction_id>
</xml>
update twotree_order_info set pay_status=1,pay_money=941.13,pay_time=1447072257,out_trade_no='DG11092030282443', transaction_id='1006920914201511091526290470' where order_sn='DG11092030282443'

æ‰§è¡Œæ—¥æœŸï¼š2015-11-09-22ï¼?Mï¼?S
update twotree_order_info set pay_status=1,pay_money=309.62,pay_time=1447077735,out_trade_no='DG11092201552258', transaction_id='1009090914201511091527482297' where order_sn='DG11092201552258'¡¾Recieve NOtice¡¿:
<xml><appid><![CDATA[wx8c5b2610f8e96334]]></appid>
<bank_type><![CDATA[ABC_DEBIT]]></bank_type>
<cash_fee><![CDATA[30962]]></cash_fee>
<fee_type><![CDATA[CNY]]></fee_type>
<is_subscribe><![CDATA[Y]]></is_subscribe>
<mch_id><![CDATA[1265531901]]></mch_id>
<nonce_str><![CDATA[y0mlvs4jylh7h99sppsjk7cjxz90qa53]]></nonce_str>
<openid><![CDATA[oKhP4wsyR3lyqMUwoly5lXQ8snlQ]]></openid>
<out_trade_no><![CDATA[DG11092201552258]]></out_trade_no>
<result_code><![CDATA[SUCCESS]]></result_code>
<return_code><![CDATA[SUCCESS]]></return_code>
<sign><![CDATA[0492EEB312DFB9B2973FC19820DCEBC3]]></sign>
<time_end><![CDATA[20151109220215]]></time_end>
<total_fee>30962</total_fee>
<trade_type><![CDATA[JSAPI]]></trade_type>
<transaction_id><![CDATA[1009090914201511091527482297]]></transaction_id>
</xml>


æ‰§è¡Œæ—¥æœŸï¼š2015-11-09-22ï¼?Mï¼?S
¡¾Pay Success¡¿:
<xml><appid><![CDATA[wx8c5b2610f8e96334]]></appid>
<bank_type><![CDATA[ABC_DEBIT]]></bank_type>
<cash_fee><![CDATA[30962]]></cash_fee>
<fee_type><![CDATA[CNY]]></fee_type>
<is_subscribe><![CDATA[Y]]></is_subscribe>
<mch_id><![CDATA[1265531901]]></mch_id>
<nonce_str><![CDATA[y0mlvs4jylh7h99sppsjk7cjxz90qa53]]></nonce_str>
<openid><![CDATA[oKhP4wsyR3lyqMUwoly5lXQ8snlQ]]></openid>
<out_trade_no><![CDATA[DG11092201552258]]></out_trade_no>
<result_code><![CDATA[SUCCESS]]></result_code>
<return_code><![CDATA[SUCCESS]]></return_code>
<sign><![CDATA[0492EEB312DFB9B2973FC19820DCEBC3]]></sign>
<time_end><![CDATA[20151109220215]]></time_end>
<total_fee>30962</total_fee>
<trade_type><![CDATA[JSAPI]]></trade_type>
<transaction_id><![CDATA[1009090914201511091527482297]]></transaction_id>
</xml>
update twotree_order_info set pay_status=1,pay_money=309.62,pay_time=1447077735,out_trade_no='DG11092201552258', transaction_id='1009090914201511091527482297' where order_sn='DG11092201552258'

æ‰§è¡Œæ—¥æœŸï¼š2015-11-09-22ï¼?Mï¼?S
update twotree_order_info set pay_status=1,pay_money=221.76,pay_time=1447079120,out_trade_no='DG11092224588339', transaction_id='1002380914201511091527724172' where order_sn='DG11092224588339'¡¾Recieve NOtice¡¿:
<xml><appid><![CDATA[wx8c5b2610f8e96334]]></appid>
<bank_type><![CDATA[ABC_DEBIT]]></bank_type>
<cash_fee><![CDATA[22176]]></cash_fee>
<fee_type><![CDATA[CNY]]></fee_type>
<is_subscribe><![CDATA[Y]]></is_subscribe>
<mch_id><![CDATA[1265531901]]></mch_id>
<nonce_str><![CDATA[ll7u4s2upls32unnshi7v3kp7q4rpk1x]]></nonce_str>
<openid><![CDATA[oKhP4wv18P0uLDUhXRTJs7jZpQZo]]></openid>
<out_trade_no><![CDATA[DG11092224588339]]></out_trade_no>
<result_code><![CDATA[SUCCESS]]></result_code>
<return_code><![CDATA[SUCCESS]]></return_code>
<sign><![CDATA[35C71F97CE28E238DFFDB5EC8359A9E9]]></sign>
<time_end><![CDATA[20151109222518]]></time_end>
<total_fee>22176</total_fee>
<trade_type><![CDATA[JSAPI]]></trade_type>
<transaction_id><![CDATA[1002380914201511091527724172]]></transaction_id>
</xml>


æ‰§è¡Œæ—¥æœŸï¼š2015-11-09-22ï¼?Mï¼?S
¡¾Pay Success¡¿:
<xml><appid><![CDATA[wx8c5b2610f8e96334]]></appid>
<bank_type><![CDATA[ABC_DEBIT]]></bank_type>
<cash_fee><![CDATA[22176]]></cash_fee>
<fee_type><![CDATA[CNY]]></fee_type>
<is_subscribe><![CDATA[Y]]></is_subscribe>
<mch_id><![CDATA[1265531901]]></mch_id>
<nonce_str><![CDATA[ll7u4s2upls32unnshi7v3kp7q4rpk1x]]></nonce_str>
<openid><![CDATA[oKhP4wv18P0uLDUhXRTJs7jZpQZo]]></openid>
<out_trade_no><![CDATA[DG11092224588339]]></out_trade_no>
<result_code><![CDATA[SUCCESS]]></result_code>
<return_code><![CDATA[SUCCESS]]></return_code>
<sign><![CDATA[35C71F97CE28E238DFFDB5EC8359A9E9]]></sign>
<time_end><![CDATA[20151109222518]]></time_end>
<total_fee>22176</total_fee>
<trade_type><![CDATA[JSAPI]]></trade_type>
<transaction_id><![CDATA[1002380914201511091527724172]]></transaction_id>
</xml>
update twotree_order_info set pay_status=1,pay_money=221.76,pay_time=1447079120,out_trade_no='DG11092224588339', transaction_id='1002380914201511091527724172' where order_sn='DG11092224588339'

