æ‰§è¡Œæ—¥æœŸï¼š2015-11-15-11ï¼?Mï¼?S
¡¾Recieve NOtice¡¿:



æ‰§è¡Œæ—¥æœŸï¼š2015-11-15-12ï¼?Mï¼?S
update twotree_shop_goods set store_num=store_num-2 where shop_id=38 and goods_id=46¡¾Recieve NOtice¡¿:
<xml><appid><![CDATA[wx5c072e1680bf00a5]]></appid>
<bank_type><![CDATA[PSBC_DEBIT]]></bank_type>
<cash_fee><![CDATA[400]]></cash_fee>
<fee_type><![CDATA[CNY]]></fee_type>
<is_subscribe><![CDATA[Y]]></is_subscribe>
<mch_id><![CDATA[1286562501]]></mch_id>
<nonce_str><![CDATA[yd6wqxt83al9cfnhjfyqvpq6jt5zdhqn]]></nonce_str>
<openid><![CDATA[oDI0IuPexm7adca9LeYrXwiXr_0w]]></openid>
<out_trade_no><![CDATA[DG11151211429735]]></out_trade_no>
<result_code><![CDATA[SUCCESS]]></result_code>
<return_code><![CDATA[SUCCESS]]></return_code>
<sign><![CDATA[011789FE5BFC1001889D691E95F30D62]]></sign>
<time_end><![CDATA[20151115121225]]></time_end>
<total_fee>400</total_fee>
<trade_type><![CDATA[JSAPI]]></trade_type>
<transaction_id><![CDATA[1005800544201511151610975078]]></transaction_id>
</xml>


æ‰§è¡Œæ—¥æœŸï¼š2015-11-15-12ï¼?Mï¼?S
¡¾Pay Success¡¿:
<xml><appid><![CDATA[wx5c072e1680bf00a5]]></appid>
<bank_type><![CDATA[PSBC_DEBIT]]></bank_type>
<cash_fee><![CDATA[400]]></cash_fee>
<fee_type><![CDATA[CNY]]></fee_type>
<is_subscribe><![CDATA[Y]]></is_subscribe>
<mch_id><![CDATA[1286562501]]></mch_id>
<nonce_str><![CDATA[yd6wqxt83al9cfnhjfyqvpq6jt5zdhqn]]></nonce_str>
<openid><![CDATA[oDI0IuPexm7adca9LeYrXwiXr_0w]]></openid>
<out_trade_no><![CDATA[DG11151211429735]]></out_trade_no>
<result_code><![CDATA[SUCCESS]]></result_code>
<return_code><![CDATA[SUCCESS]]></return_code>
<sign><![CDATA[011789FE5BFC1001889D691E95F30D62]]></sign>
<time_end><![CDATA[20151115121225]]></time_end>
<total_fee>400</total_fee>
<trade_type><![CDATA[JSAPI]]></trade_type>
<transaction_id><![CDATA[1005800544201511151610975078]]></transaction_id>
</xml>
update twotree_shop_goods set store_num=store_num-2 where shop_id=38 and goods_id=46

æ‰§è¡Œæ—¥æœŸï¼š2015-11-15-12ï¼?Mï¼?S
update twotree_order_info set pay_status=1,pay_money=1,pay_time=1447561214,out_trade_no='DG11151219544490', transaction_id='1006920544201511151611129262' where order_sn='DG11151219544490'¡¾Recieve NOtice¡¿:
<xml><appid><![CDATA[wx5c072e1680bf00a5]]></appid>
<bank_type><![CDATA[CCB_DEBIT]]></bank_type>
<cash_fee><![CDATA[100]]></cash_fee>
<fee_type><![CDATA[CNY]]></fee_type>
<is_subscribe><![CDATA[Y]]></is_subscribe>
<mch_id><![CDATA[1286562501]]></mch_id>
<nonce_str><![CDATA[rkvudkjuct3awo3iz5i0i95laerexyq7]]></nonce_str>
<openid><![CDATA[oDI0IuLSo23F-3GYx1S3rd-5wTaM]]></openid>
<out_trade_no><![CDATA[DG11151219544490]]></out_trade_no>
<result_code><![CDATA[SUCCESS]]></result_code>
<return_code><![CDATA[SUCCESS]]></return_code>
<sign><![CDATA[2AF783511D51AE3ADF32471357BB0D0D]]></sign>
<time_end><![CDATA[20151115122014]]></time_end>
<total_fee>100</total_fee>
<trade_type><![CDATA[JSAPI]]></trade_type>
<transaction_id><![CDATA[1006920544201511151611129262]]></transaction_id>
</xml>


æ‰§è¡Œæ—¥æœŸï¼š2015-11-15-12ï¼?Mï¼?S
¡¾Pay Success¡¿:
<xml><appid><![CDATA[wx5c072e1680bf00a5]]></appid>
<bank_type><![CDATA[CCB_DEBIT]]></bank_type>
<cash_fee><![CDATA[100]]></cash_fee>
<fee_type><![CDATA[CNY]]></fee_type>
<is_subscribe><![CDATA[Y]]></is_subscribe>
<mch_id><![CDATA[1286562501]]></mch_id>
<nonce_str><![CDATA[rkvudkjuct3awo3iz5i0i95laerexyq7]]></nonce_str>
<openid><![CDATA[oDI0IuLSo23F-3GYx1S3rd-5wTaM]]></openid>
<out_trade_no><![CDATA[DG11151219544490]]></out_trade_no>
<result_code><![CDATA[SUCCESS]]></result_code>
<return_code><![CDATA[SUCCESS]]></return_code>
<sign><![CDATA[2AF783511D51AE3ADF32471357BB0D0D]]></sign>
<time_end><![CDATA[20151115122014]]></time_end>
<total_fee>100</total_fee>
<trade_type><![CDATA[JSAPI]]></trade_type>
<transaction_id><![CDATA[1006920544201511151611129262]]></transaction_id>
</xml>
update twotree_order_info set pay_status=1,pay_money=1,pay_time=1447561214,out_trade_no='DG11151219544490', transaction_id='1006920544201511151611129262' where order_sn='DG11151219544490'

æ‰§è¡Œæ—¥æœŸï¼š2015-11-15-12ï¼?Mï¼?S
update twotree_order_info set pay_status=1,pay_money=0.1,pay_time=1447561373,out_trade_no='DG11151222248206', transaction_id='1006920544201511151611169247' where order_sn='DG11151222248206'¡¾Recieve NOtice¡¿:
<xml><appid><![CDATA[wx5c072e1680bf00a5]]></appid>
<bank_type><![CDATA[CCB_DEBIT]]></bank_type>
<cash_fee><![CDATA[10]]></cash_fee>
<fee_type><![CDATA[CNY]]></fee_type>
<is_subscribe><![CDATA[Y]]></is_subscribe>
<mch_id><![CDATA[1286562501]]></mch_id>
<nonce_str><![CDATA[k6oyvnd6itzmf96g3dbseowdlbp5dodj]]></nonce_str>
<openid><![CDATA[oDI0IuLSo23F-3GYx1S3rd-5wTaM]]></openid>
<out_trade_no><![CDATA[DG11151222248206]]></out_trade_no>
<result_code><![CDATA[SUCCESS]]></result_code>
<return_code><![CDATA[SUCCESS]]></return_code>
<sign><![CDATA[E88B5132D68B3CF7F4455BF5F88D3BCA]]></sign>
<time_end><![CDATA[20151115122251]]></time_end>
<total_fee>10</total_fee>
<trade_type><![CDATA[JSAPI]]></trade_type>
<transaction_id><![CDATA[1006920544201511151611169247]]></transaction_id>
</xml>


æ‰§è¡Œæ—¥æœŸï¼š2015-11-15-12ï¼?Mï¼?S
¡¾Pay Success¡¿:
<xml><appid><![CDATA[wx5c072e1680bf00a5]]></appid>
<bank_type><![CDATA[CCB_DEBIT]]></bank_type>
<cash_fee><![CDATA[10]]></cash_fee>
<fee_type><![CDATA[CNY]]></fee_type>
<is_subscribe><![CDATA[Y]]></is_subscribe>
<mch_id><![CDATA[1286562501]]></mch_id>
<nonce_str><![CDATA[k6oyvnd6itzmf96g3dbseowdlbp5dodj]]></nonce_str>
<openid><![CDATA[oDI0IuLSo23F-3GYx1S3rd-5wTaM]]></openid>
<out_trade_no><![CDATA[DG11151222248206]]></out_trade_no>
<result_code><![CDATA[SUCCESS]]></result_code>
<return_code><![CDATA[SUCCESS]]></return_code>
<sign><![CDATA[E88B5132D68B3CF7F4455BF5F88D3BCA]]></sign>
<time_end><![CDATA[20151115122251]]></time_end>
<total_fee>10</total_fee>
<trade_type><![CDATA[JSAPI]]></trade_type>
<transaction_id><![CDATA[1006920544201511151611169247]]></transaction_id>
</xml>
update twotree_order_info set pay_status=1,pay_money=0.1,pay_time=1447561373,out_trade_no='DG11151222248206', transaction_id='1006920544201511151611169247' where order_sn='DG11151222248206'

æ‰§è¡Œæ—¥æœŸï¼š2015-11-15-12ï¼?Mï¼?S
update twotree_shop_goods set store_num=store_num-1 where shop_id=28 and goods_id=31¡¾Recieve NOtice¡¿:
<xml><appid><![CDATA[wx5c072e1680bf00a5]]></appid>
<bank_type><![CDATA[ABC_DEBIT]]></bank_type>
<cash_fee><![CDATA[300]]></cash_fee>
<fee_type><![CDATA[CNY]]></fee_type>
<is_subscribe><![CDATA[Y]]></is_subscribe>
<mch_id><![CDATA[1286562501]]></mch_id>
<nonce_str><![CDATA[rirmbmrk6jt4ls09px4zdxjtxip863qf]]></nonce_str>
<openid><![CDATA[oDI0IuOvkeflTR4TmSXjmvpwo4U4]]></openid>
<out_trade_no><![CDATA[DG11151224155997]]></out_trade_no>
<result_code><![CDATA[SUCCESS]]></result_code>
<return_code><![CDATA[SUCCESS]]></return_code>
<sign><![CDATA[93092F4E8FCDB368472D129D2FD18DE9]]></sign>
<time_end><![CDATA[20151115122434]]></time_end>
<total_fee>300</total_fee>
<trade_type><![CDATA[JSAPI]]></trade_type>
<transaction_id><![CDATA[1009550544201511151611199521]]></transaction_id>
</xml>


æ‰§è¡Œæ—¥æœŸï¼š2015-11-15-12ï¼?Mï¼?S
¡¾Pay Success¡¿:
<xml><appid><![CDATA[wx5c072e1680bf00a5]]></appid>
<bank_type><![CDATA[ABC_DEBIT]]></bank_type>
<cash_fee><![CDATA[300]]></cash_fee>
<fee_type><![CDATA[CNY]]></fee_type>
<is_subscribe><![CDATA[Y]]></is_subscribe>
<mch_id><![CDATA[1286562501]]></mch_id>
<nonce_str><![CDATA[rirmbmrk6jt4ls09px4zdxjtxip863qf]]></nonce_str>
<openid><![CDATA[oDI0IuOvkeflTR4TmSXjmvpwo4U4]]></openid>
<out_trade_no><![CDATA[DG11151224155997]]></out_trade_no>
<result_code><![CDATA[SUCCESS]]></result_code>
<return_code><![CDATA[SUCCESS]]></return_code>
<sign><![CDATA[93092F4E8FCDB368472D129D2FD18DE9]]></sign>
<time_end><![CDATA[20151115122434]]></time_end>
<total_fee>300</total_fee>
<trade_type><![CDATA[JSAPI]]></trade_type>
<transaction_id><![CDATA[1009550544201511151611199521]]></transaction_id>
</xml>
update twotree_shop_goods set store_num=store_num-1 where shop_id=28 and goods_id=31

æ‰§è¡Œæ—¥æœŸï¼š2015-11-15-12ï¼?Mï¼?S
update twotree_order_info set pay_status=1,pay_money=0.1,pay_time=1447562010,out_trade_no='DG11151232539921', transaction_id='1006920544201511151611376813' where order_sn='DG11151232539921'¡¾Recieve NOtice¡¿:
<xml><appid><![CDATA[wx5c072e1680bf00a5]]></appid>
<bank_type><![CDATA[CCB_DEBIT]]></bank_type>
<cash_fee><![CDATA[10]]></cash_fee>
<fee_type><![CDATA[CNY]]></fee_type>
<is_subscribe><![CDATA[Y]]></is_subscribe>
<mch_id><![CDATA[1286562501]]></mch_id>
<nonce_str><![CDATA[jdnfkn08vv27hcc5ractyrprpvu6g1f8]]></nonce_str>
<openid><![CDATA[oDI0IuLSo23F-3GYx1S3rd-5wTaM]]></openid>
<out_trade_no><![CDATA[DG11151232539921]]></out_trade_no>
<result_code><![CDATA[SUCCESS]]></result_code>
<return_code><![CDATA[SUCCESS]]></return_code>
<sign><![CDATA[C8E66F6078C37B80A5E8F4EFAF219A99]]></sign>
<time_end><![CDATA[20151115123329]]></time_end>
<total_fee>10</total_fee>
<trade_type><![CDATA[JSAPI]]></trade_type>
<transaction_id><![CDATA[1006920544201511151611376813]]></transaction_id>
</xml>


æ‰§è¡Œæ—¥æœŸï¼š2015-11-15-12ï¼?Mï¼?S
¡¾Pay Success¡¿:
<xml><appid><![CDATA[wx5c072e1680bf00a5]]></appid>
<bank_type><![CDATA[CCB_DEBIT]]></bank_type>
<cash_fee><![CDATA[10]]></cash_fee>
<fee_type><![CDATA[CNY]]></fee_type>
<is_subscribe><![CDATA[Y]]></is_subscribe>
<mch_id><![CDATA[1286562501]]></mch_id>
<nonce_str><![CDATA[jdnfkn08vv27hcc5ractyrprpvu6g1f8]]></nonce_str>
<openid><![CDATA[oDI0IuLSo23F-3GYx1S3rd-5wTaM]]></openid>
<out_trade_no><![CDATA[DG11151232539921]]></out_trade_no>
<result_code><![CDATA[SUCCESS]]></result_code>
<return_code><![CDATA[SUCCESS]]></return_code>
<sign><![CDATA[C8E66F6078C37B80A5E8F4EFAF219A99]]></sign>
<time_end><![CDATA[20151115123329]]></time_end>
<total_fee>10</total_fee>
<trade_type><![CDATA[JSAPI]]></trade_type>
<transaction_id><![CDATA[1006920544201511151611376813]]></transaction_id>
</xml>
update twotree_order_info set pay_status=1,pay_money=0.1,pay_time=1447562010,out_trade_no='DG11151232539921', transaction_id='1006920544201511151611376813' where order_sn='DG11151232539921'

æ‰§è¡Œæ—¥æœŸï¼š2015-11-15-12ï¼?Mï¼?S
update twotree_shop_goods set store_num=store_num-1 where shop_id=28 and goods_id=52¡¾Recieve NOtice¡¿:
<xml><appid><![CDATA[wx5c072e1680bf00a5]]></appid>
<bank_type><![CDATA[CFT]]></bank_type>
<cash_fee><![CDATA[2]]></cash_fee>
<fee_type><![CDATA[CNY]]></fee_type>
<is_subscribe><![CDATA[Y]]></is_subscribe>
<mch_id><![CDATA[1286562501]]></mch_id>
<nonce_str><![CDATA[atattmyi2m6neqiqs0eitqzrv31egvau]]></nonce_str>
<openid><![CDATA[oDI0IuHNzjx24kam88MDDix2wR7w]]></openid>
<out_trade_no><![CDATA[DG11151236162301]]></out_trade_no>
<result_code><![CDATA[SUCCESS]]></result_code>
<return_code><![CDATA[SUCCESS]]></return_code>
<sign><![CDATA[7D2004C20BE51DF851BEB471660C8C40]]></sign>
<time_end><![CDATA[20151115123623]]></time_end>
<total_fee>2</total_fee>
<trade_type><![CDATA[JSAPI]]></trade_type>
<transaction_id><![CDATA[1004350544201511151611414566]]></transaction_id>
</xml>


æ‰§è¡Œæ—¥æœŸï¼š2015-11-15-12ï¼?Mï¼?S
¡¾Pay Success¡¿:
<xml><appid><![CDATA[wx5c072e1680bf00a5]]></appid>
<bank_type><![CDATA[CFT]]></bank_type>
<cash_fee><![CDATA[2]]></cash_fee>
<fee_type><![CDATA[CNY]]></fee_type>
<is_subscribe><![CDATA[Y]]></is_subscribe>
<mch_id><![CDATA[1286562501]]></mch_id>
<nonce_str><![CDATA[atattmyi2m6neqiqs0eitqzrv31egvau]]></nonce_str>
<openid><![CDATA[oDI0IuHNzjx24kam88MDDix2wR7w]]></openid>
<out_trade_no><![CDATA[DG11151236162301]]></out_trade_no>
<result_code><![CDATA[SUCCESS]]></result_code>
<return_code><![CDATA[SUCCESS]]></return_code>
<sign><![CDATA[7D2004C20BE51DF851BEB471660C8C40]]></sign>
<time_end><![CDATA[20151115123623]]></time_end>
<total_fee>2</total_fee>
<trade_type><![CDATA[JSAPI]]></trade_type>
<transaction_id><![CDATA[1004350544201511151611414566]]></transaction_id>
</xml>
update twotree_shop_goods set store_num=store_num-1 where shop_id=28 and goods_id=52

æ‰§è¡Œæ—¥æœŸï¼š2015-11-15-12ï¼?Mï¼?S
update twotree_shop_goods set store_num=store_num-1 where shop_id=118 and goods_id=52¡¾Recieve NOtice¡¿:
<xml><appid><![CDATA[wx5c072e1680bf00a5]]></appid>
<bank_type><![CDATA[CFT]]></bank_type>
<cash_fee><![CDATA[2]]></cash_fee>
<fee_type><![CDATA[CNY]]></fee_type>
<is_subscribe><![CDATA[Y]]></is_subscribe>
<mch_id><![CDATA[1286562501]]></mch_id>
<nonce_str><![CDATA[taa414oun3emavj8fuikw0jrc51d78aq]]></nonce_str>
<openid><![CDATA[oDI0IuHNzjx24kam88MDDix2wR7w]]></openid>
<out_trade_no><![CDATA[DG11151255276331]]></out_trade_no>
<result_code><![CDATA[SUCCESS]]></result_code>
<return_code><![CDATA[SUCCESS]]></return_code>
<sign><![CDATA[48AAF1B8D48EC062F81278B2DB2BAA72]]></sign>
<time_end><![CDATA[20151115125535]]></time_end>
<total_fee>2</total_fee>
<trade_type><![CDATA[JSAPI]]></trade_type>
<transaction_id><![CDATA[1004350544201511151611773231]]></transaction_id>
</xml>


æ‰§è¡Œæ—¥æœŸï¼š2015-11-15-12ï¼?Mï¼?S
¡¾Pay Success¡¿:
<xml><appid><![CDATA[wx5c072e1680bf00a5]]></appid>
<bank_type><![CDATA[CFT]]></bank_type>
<cash_fee><![CDATA[2]]></cash_fee>
<fee_type><![CDATA[CNY]]></fee_type>
<is_subscribe><![CDATA[Y]]></is_subscribe>
<mch_id><![CDATA[1286562501]]></mch_id>
<nonce_str><![CDATA[taa414oun3emavj8fuikw0jrc51d78aq]]></nonce_str>
<openid><![CDATA[oDI0IuHNzjx24kam88MDDix2wR7w]]></openid>
<out_trade_no><![CDATA[DG11151255276331]]></out_trade_no>
<result_code><![CDATA[SUCCESS]]></result_code>
<return_code><![CDATA[SUCCESS]]></return_code>
<sign><![CDATA[48AAF1B8D48EC062F81278B2DB2BAA72]]></sign>
<time_end><![CDATA[20151115125535]]></time_end>
<total_fee>2</total_fee>
<trade_type><![CDATA[JSAPI]]></trade_type>
<transaction_id><![CDATA[1004350544201511151611773231]]></transaction_id>
</xml>
update twotree_shop_goods set store_num=store_num-1 where shop_id=118 and goods_id=52

æ‰§è¡Œæ—¥æœŸï¼š2015-11-15-13ï¼?Mï¼?S
update twotree_shop_goods set store_num=store_num-3 where shop_id=28 and goods_id=21¡¾Recieve NOtice¡¿:
<xml><appid><![CDATA[wx5c072e1680bf00a5]]></appid>
<bank_type><![CDATA[PSBC_DEBIT]]></bank_type>
<cash_fee><![CDATA[300]]></cash_fee>
<fee_type><![CDATA[CNY]]></fee_type>
<is_subscribe><![CDATA[Y]]></is_subscribe>
<mch_id><![CDATA[1286562501]]></mch_id>
<nonce_str><![CDATA[rf2396ubge630lwzu6qratsjedr6itux]]></nonce_str>
<openid><![CDATA[oDI0IuOQpOq3s2LXlteJnRp9V-aA]]></openid>
<out_trade_no><![CDATA[DG11151328535723]]></out_trade_no>
<result_code><![CDATA[SUCCESS]]></result_code>
<return_code><![CDATA[SUCCESS]]></return_code>
<sign><![CDATA[899778DC48B29C1913473FF4E1F5697E]]></sign>
<time_end><![CDATA[20151115132931]]></time_end>
<total_fee>300</total_fee>
<trade_type><![CDATA[JSAPI]]></trade_type>
<transaction_id><![CDATA[1006850544201511151612315898]]></transaction_id>
</xml>


æ‰§è¡Œæ—¥æœŸï¼š2015-11-15-13ï¼?Mï¼?S
¡¾Pay Success¡¿:
<xml><appid><![CDATA[wx5c072e1680bf00a5]]></appid>
<bank_type><![CDATA[PSBC_DEBIT]]></bank_type>
<cash_fee><![CDATA[300]]></cash_fee>
<fee_type><![CDATA[CNY]]></fee_type>
<is_subscribe><![CDATA[Y]]></is_subscribe>
<mch_id><![CDATA[1286562501]]></mch_id>
<nonce_str><![CDATA[rf2396ubge630lwzu6qratsjedr6itux]]></nonce_str>
<openid><![CDATA[oDI0IuOQpOq3s2LXlteJnRp9V-aA]]></openid>
<out_trade_no><![CDATA[DG11151328535723]]></out_trade_no>
<result_code><![CDATA[SUCCESS]]></result_code>
<return_code><![CDATA[SUCCESS]]></return_code>
<sign><![CDATA[899778DC48B29C1913473FF4E1F5697E]]></sign>
<time_end><![CDATA[20151115132931]]></time_end>
<total_fee>300</total_fee>
<trade_type><![CDATA[JSAPI]]></trade_type>
<transaction_id><![CDATA[1006850544201511151612315898]]></transaction_id>
</xml>
update twotree_shop_goods set store_num=store_num-3 where shop_id=28 and goods_id=21

æ‰§è¡Œæ—¥æœŸï¼š2015-11-15-13ï¼?Mï¼?S
update twotree_order_info set pay_status=1,pay_money=224,pay_time=1447566723,out_trade_no='DG11151351148141', transaction_id='1009230544201511151612658579' where order_sn='DG11151351148141'¡¾Recieve NOtice¡¿:
<xml><appid><![CDATA[wx5c072e1680bf00a5]]></appid>
<bank_type><![CDATA[CFT]]></bank_type>
<cash_fee><![CDATA[22400]]></cash_fee>
<fee_type><![CDATA[CNY]]></fee_type>
<is_subscribe><![CDATA[Y]]></is_subscribe>
<mch_id><![CDATA[1286562501]]></mch_id>
<nonce_str><![CDATA[uezpwrk1nbuyb9m2g2olsu7iw9hft656]]></nonce_str>
<openid><![CDATA[oDI0IuMFoKqNNgx_B4CAE2AeP7U4]]></openid>
<out_trade_no><![CDATA[DG11151351148141]]></out_trade_no>
<result_code><![CDATA[SUCCESS]]></result_code>
<return_code><![CDATA[SUCCESS]]></return_code>
<sign><![CDATA[A0CCFB1E12FBA94D3BCC7721C43F5587]]></sign>
<time_end><![CDATA[20151115135203]]></time_end>
<total_fee>22400</total_fee>
<trade_type><![CDATA[JSAPI]]></trade_type>
<transaction_id><![CDATA[1009230544201511151612658579]]></transaction_id>
</xml>


æ‰§è¡Œæ—¥æœŸï¼š2015-11-15-13ï¼?Mï¼?S
¡¾Pay Success¡¿:
<xml><appid><![CDATA[wx5c072e1680bf00a5]]></appid>
<bank_type><![CDATA[CFT]]></bank_type>
<cash_fee><![CDATA[22400]]></cash_fee>
<fee_type><![CDATA[CNY]]></fee_type>
<is_subscribe><![CDATA[Y]]></is_subscribe>
<mch_id><![CDATA[1286562501]]></mch_id>
<nonce_str><![CDATA[uezpwrk1nbuyb9m2g2olsu7iw9hft656]]></nonce_str>
<openid><![CDATA[oDI0IuMFoKqNNgx_B4CAE2AeP7U4]]></openid>
<out_trade_no><![CDATA[DG11151351148141]]></out_trade_no>
<result_code><![CDATA[SUCCESS]]></result_code>
<return_code><![CDATA[SUCCESS]]></return_code>
<sign><![CDATA[A0CCFB1E12FBA94D3BCC7721C43F5587]]></sign>
<time_end><![CDATA[20151115135203]]></time_end>
<total_fee>22400</total_fee>
<trade_type><![CDATA[JSAPI]]></trade_type>
<transaction_id><![CDATA[1009230544201511151612658579]]></transaction_id>
</xml>
update twotree_order_info set pay_status=1,pay_money=224,pay_time=1447566723,out_trade_no='DG11151351148141', transaction_id='1009230544201511151612658579' where order_sn='DG11151351148141'

æ‰§è¡Œæ—¥æœŸï¼š2015-11-15-16ï¼?Mï¼?S
update twotree_order_info set pay_status=1,pay_money=347.93,pay_time=1447576222,out_trade_no='DG11151630129030', transaction_id='1005580544201511151614829116' where order_sn='DG11151630129030'¡¾Recieve NOtice¡¿:
<xml><appid><![CDATA[wx5c072e1680bf00a5]]></appid>
<bank_type><![CDATA[CCB_DEBIT]]></bank_type>
<cash_fee><![CDATA[34793]]></cash_fee>
<fee_type><![CDATA[CNY]]></fee_type>
<is_subscribe><![CDATA[Y]]></is_subscribe>
<mch_id><![CDATA[1286562501]]></mch_id>
<nonce_str><![CDATA[kydiekpjqokl1xbg9xmypaij266jwgbx]]></nonce_str>
<openid><![CDATA[oDI0IuMz97IGWy027bVw7aRtDLXg]]></openid>
<out_trade_no><![CDATA[DG11151630129030]]></out_trade_no>
<result_code><![CDATA[SUCCESS]]></result_code>
<return_code><![CDATA[SUCCESS]]></return_code>
<sign><![CDATA[5B0D35B0929D87F5090A989616EC7444]]></sign>
<time_end><![CDATA[20151115163021]]></time_end>
<total_fee>34793</total_fee>
<trade_type><![CDATA[JSAPI]]></trade_type>
<transaction_id><![CDATA[1005580544201511151614829116]]></transaction_id>
</xml>


æ‰§è¡Œæ—¥æœŸï¼š2015-11-15-16ï¼?Mï¼?S
¡¾Pay Success¡¿:
<xml><appid><![CDATA[wx5c072e1680bf00a5]]></appid>
<bank_type><![CDATA[CCB_DEBIT]]></bank_type>
<cash_fee><![CDATA[34793]]></cash_fee>
<fee_type><![CDATA[CNY]]></fee_type>
<is_subscribe><![CDATA[Y]]></is_subscribe>
<mch_id><![CDATA[1286562501]]></mch_id>
<nonce_str><![CDATA[kydiekpjqokl1xbg9xmypaij266jwgbx]]></nonce_str>
<openid><![CDATA[oDI0IuMz97IGWy027bVw7aRtDLXg]]></openid>
<out_trade_no><![CDATA[DG11151630129030]]></out_trade_no>
<result_code><![CDATA[SUCCESS]]></result_code>
<return_code><![CDATA[SUCCESS]]></return_code>
<sign><![CDATA[5B0D35B0929D87F5090A989616EC7444]]></sign>
<time_end><![CDATA[20151115163021]]></time_end>
<total_fee>34793</total_fee>
<trade_type><![CDATA[JSAPI]]></trade_type>
<transaction_id><![CDATA[1005580544201511151614829116]]></transaction_id>
</xml>
update twotree_order_info set pay_status=1,pay_money=347.93,pay_time=1447576222,out_trade_no='DG11151630129030', transaction_id='1005580544201511151614829116' where order_sn='DG11151630129030'

æ‰§è¡Œæ—¥æœŸï¼š2015-11-15-16ï¼?Mï¼?S
update twotree_shop_goods set store_num=store_num-3 where shop_id=45 and goods_id=2¡¾Recieve NOtice¡¿:
<xml><appid><![CDATA[wx5c072e1680bf00a5]]></appid>
<bank_type><![CDATA[ABC_DEBIT]]></bank_type>
<cash_fee><![CDATA[3072]]></cash_fee>
<fee_type><![CDATA[CNY]]></fee_type>
<is_subscribe><![CDATA[Y]]></is_subscribe>
<mch_id><![CDATA[1286562501]]></mch_id>
<nonce_str><![CDATA[c5vi5ogy8gysm8vwdfnir1z7egg4p54k]]></nonce_str>
<openid><![CDATA[oDI0IuNZH95Pffn9GCjKSY26ZG8A]]></openid>
<out_trade_no><![CDATA[DG11151653041286]]></out_trade_no>
<result_code><![CDATA[SUCCESS]]></result_code>
<return_code><![CDATA[SUCCESS]]></return_code>
<sign><![CDATA[72F824FCEC11DFC7888F6CA43A153B88]]></sign>
<time_end><![CDATA[20151115165325]]></time_end>
<total_fee>3072</total_fee>
<trade_type><![CDATA[JSAPI]]></trade_type>
<transaction_id><![CDATA[1002780544201511151615139996]]></transaction_id>
</xml>


æ‰§è¡Œæ—¥æœŸï¼š2015-11-15-16ï¼?Mï¼?S
¡¾Pay Success¡¿:
<xml><appid><![CDATA[wx5c072e1680bf00a5]]></appid>
<bank_type><![CDATA[ABC_DEBIT]]></bank_type>
<cash_fee><![CDATA[3072]]></cash_fee>
<fee_type><![CDATA[CNY]]></fee_type>
<is_subscribe><![CDATA[Y]]></is_subscribe>
<mch_id><![CDATA[1286562501]]></mch_id>
<nonce_str><![CDATA[c5vi5ogy8gysm8vwdfnir1z7egg4p54k]]></nonce_str>
<openid><![CDATA[oDI0IuNZH95Pffn9GCjKSY26ZG8A]]></openid>
<out_trade_no><![CDATA[DG11151653041286]]></out_trade_no>
<result_code><![CDATA[SUCCESS]]></result_code>
<return_code><![CDATA[SUCCESS]]></return_code>
<sign><![CDATA[72F824FCEC11DFC7888F6CA43A153B88]]></sign>
<time_end><![CDATA[20151115165325]]></time_end>
<total_fee>3072</total_fee>
<trade_type><![CDATA[JSAPI]]></trade_type>
<transaction_id><![CDATA[1002780544201511151615139996]]></transaction_id>
</xml>
update twotree_shop_goods set store_num=store_num-3 where shop_id=45 and goods_id=2

æ‰§è¡Œæ—¥æœŸï¼š2015-11-15-17ï¼?Mï¼?S
update twotree_shop_goods set store_num=store_num-1 where shop_id=38 and goods_id=2¡¾Recieve NOtice¡¿:
<xml><appid><![CDATA[wx5c072e1680bf00a5]]></appid>
<bank_type><![CDATA[ABC_DEBIT]]></bank_type>
<cash_fee><![CDATA[378]]></cash_fee>
<fee_type><![CDATA[CNY]]></fee_type>
<is_subscribe><![CDATA[Y]]></is_subscribe>
<mch_id><![CDATA[1286562501]]></mch_id>
<nonce_str><![CDATA[0ram02wrg0avg6bkqbz5xwgtt3vpnk6q]]></nonce_str>
<openid><![CDATA[oDI0IuAgemWz88JDCWTUSeYX-qhY]]></openid>
<out_trade_no><![CDATA[DG11151726126118]]></out_trade_no>
<result_code><![CDATA[SUCCESS]]></result_code>
<return_code><![CDATA[SUCCESS]]></return_code>
<sign><![CDATA[D05E4EAD4317D081069676CE587E02EE]]></sign>
<time_end><![CDATA[20151115172637]]></time_end>
<total_fee>378</total_fee>
<trade_type><![CDATA[JSAPI]]></trade_type>
<transaction_id><![CDATA[1000990544201511151615673591]]></transaction_id>
</xml>


æ‰§è¡Œæ—¥æœŸï¼š2015-11-15-17ï¼?Mï¼?S
¡¾Pay Success¡¿:
<xml><appid><![CDATA[wx5c072e1680bf00a5]]></appid>
<bank_type><![CDATA[ABC_DEBIT]]></bank_type>
<cash_fee><![CDATA[378]]></cash_fee>
<fee_type><![CDATA[CNY]]></fee_type>
<is_subscribe><![CDATA[Y]]></is_subscribe>
<mch_id><![CDATA[1286562501]]></mch_id>
<nonce_str><![CDATA[0ram02wrg0avg6bkqbz5xwgtt3vpnk6q]]></nonce_str>
<openid><![CDATA[oDI0IuAgemWz88JDCWTUSeYX-qhY]]></openid>
<out_trade_no><![CDATA[DG11151726126118]]></out_trade_no>
<result_code><![CDATA[SUCCESS]]></result_code>
<return_code><![CDATA[SUCCESS]]></return_code>
<sign><![CDATA[D05E4EAD4317D081069676CE587E02EE]]></sign>
<time_end><![CDATA[20151115172637]]></time_end>
<total_fee>378</total_fee>
<trade_type><![CDATA[JSAPI]]></trade_type>
<transaction_id><![CDATA[1000990544201511151615673591]]></transaction_id>
</xml>
update twotree_shop_goods set store_num=store_num-1 where shop_id=38 and goods_id=2

æ‰§è¡Œæ—¥æœŸï¼š2015-11-15-18ï¼?Mï¼?S
update twotree_shop_goods set store_num=store_num-1 where shop_id=36 and goods_id=47¡¾Recieve NOtice¡¿:
<xml><appid><![CDATA[wx5c072e1680bf00a5]]></appid>
<bank_type><![CDATA[CFT]]></bank_type>
<cash_fee><![CDATA[596]]></cash_fee>
<fee_type><![CDATA[CNY]]></fee_type>
<is_subscribe><![CDATA[Y]]></is_subscribe>
<mch_id><![CDATA[1286562501]]></mch_id>
<nonce_str><![CDATA[nobkryef0k5kohraq7olr1cldl6xv0lr]]></nonce_str>
<openid><![CDATA[oDI0IuBlcHVRw0BbSVo7-ZDWmYF8]]></openid>
<out_trade_no><![CDATA[DG11151833335101]]></out_trade_no>
<result_code><![CDATA[SUCCESS]]></result_code>
<return_code><![CDATA[SUCCESS]]></return_code>
<sign><![CDATA[56DAB8347703B843C8E530F3DA3FF22F]]></sign>
<time_end><![CDATA[20151115183351]]></time_end>
<total_fee>596</total_fee>
<trade_type><![CDATA[JSAPI]]></trade_type>
<transaction_id><![CDATA[1007910544201511151616841654]]></transaction_id>
</xml>


æ‰§è¡Œæ—¥æœŸï¼š2015-11-15-18ï¼?Mï¼?S
¡¾Pay Success¡¿:
<xml><appid><![CDATA[wx5c072e1680bf00a5]]></appid>
<bank_type><![CDATA[CFT]]></bank_type>
<cash_fee><![CDATA[596]]></cash_fee>
<fee_type><![CDATA[CNY]]></fee_type>
<is_subscribe><![CDATA[Y]]></is_subscribe>
<mch_id><![CDATA[1286562501]]></mch_id>
<nonce_str><![CDATA[nobkryef0k5kohraq7olr1cldl6xv0lr]]></nonce_str>
<openid><![CDATA[oDI0IuBlcHVRw0BbSVo7-ZDWmYF8]]></openid>
<out_trade_no><![CDATA[DG11151833335101]]></out_trade_no>
<result_code><![CDATA[SUCCESS]]></result_code>
<return_code><![CDATA[SUCCESS]]></return_code>
<sign><![CDATA[56DAB8347703B843C8E530F3DA3FF22F]]></sign>
<time_end><![CDATA[20151115183351]]></time_end>
<total_fee>596</total_fee>
<trade_type><![CDATA[JSAPI]]></trade_type>
<transaction_id><![CDATA[1007910544201511151616841654]]></transaction_id>
</xml>
update twotree_shop_goods set store_num=store_num-1 where shop_id=36 and goods_id=47

æ‰§è¡Œæ—¥æœŸï¼š2015-11-15-20ï¼?Mï¼?S
update twotree_shop_goods set store_num=store_num-1 where shop_id=38 and goods_id=21¡¾Recieve NOtice¡¿:
<xml><appid><![CDATA[wx5c072e1680bf00a5]]></appid>
<bank_type><![CDATA[CFT]]></bank_type>
<cash_fee><![CDATA[300]]></cash_fee>
<fee_type><![CDATA[CNY]]></fee_type>
<is_subscribe><![CDATA[Y]]></is_subscribe>
<mch_id><![CDATA[1286562501]]></mch_id>
<nonce_str><![CDATA[h2crlgvmml3qhgsq6cbl4mf669mt535f]]></nonce_str>
<openid><![CDATA[oDI0IuPvuXgN5E4JhdWjGSQP6oeI]]></openid>
<out_trade_no><![CDATA[DG11152052523349]]></out_trade_no>
<result_code><![CDATA[SUCCESS]]></result_code>
<return_code><![CDATA[SUCCESS]]></return_code>
<sign><![CDATA[0FAD06A577850EC34A9400E65BA95200]]></sign>
<time_end><![CDATA[20151115205307]]></time_end>
<total_fee>300</total_fee>
<trade_type><![CDATA[JSAPI]]></trade_type>
<transaction_id><![CDATA[1001460544201511151618919888]]></transaction_id>
</xml>


æ‰§è¡Œæ—¥æœŸï¼š2015-11-15-20ï¼?Mï¼?S
¡¾Pay Success¡¿:
<xml><appid><![CDATA[wx5c072e1680bf00a5]]></appid>
<bank_type><![CDATA[CFT]]></bank_type>
<cash_fee><![CDATA[300]]></cash_fee>
<fee_type><![CDATA[CNY]]></fee_type>
<is_subscribe><![CDATA[Y]]></is_subscribe>
<mch_id><![CDATA[1286562501]]></mch_id>
<nonce_str><![CDATA[h2crlgvmml3qhgsq6cbl4mf669mt535f]]></nonce_str>
<openid><![CDATA[oDI0IuPvuXgN5E4JhdWjGSQP6oeI]]></openid>
<out_trade_no><![CDATA[DG11152052523349]]></out_trade_no>
<result_code><![CDATA[SUCCESS]]></result_code>
<return_code><![CDATA[SUCCESS]]></return_code>
<sign><![CDATA[0FAD06A577850EC34A9400E65BA95200]]></sign>
<time_end><![CDATA[20151115205307]]></time_end>
<total_fee>300</total_fee>
<trade_type><![CDATA[JSAPI]]></trade_type>
<transaction_id><![CDATA[1001460544201511151618919888]]></transaction_id>
</xml>
update twotree_shop_goods set store_num=store_num-1 where shop_id=38 and goods_id=21

æ‰§è¡Œæ—¥æœŸï¼š2015-11-15-20ï¼?Mï¼?S
update twotree_shop_goods set store_num=store_num-1 where shop_id=38 and goods_id=47¡¾Recieve NOtice¡¿:
<xml><appid><![CDATA[wx5c072e1680bf00a5]]></appid>
<bank_type><![CDATA[ABC_DEBIT]]></bank_type>
<cash_fee><![CDATA[576]]></cash_fee>
<fee_type><![CDATA[CNY]]></fee_type>
<is_subscribe><![CDATA[Y]]></is_subscribe>
<mch_id><![CDATA[1286562501]]></mch_id>
<nonce_str><![CDATA[dtrjnptgcx6pdzyzu4chava30i0fxu56]]></nonce_str>
<openid><![CDATA[oDI0IuBHauND151WAuqZ_odhGtZM]]></openid>
<out_trade_no><![CDATA[DG11152054524567]]></out_trade_no>
<result_code><![CDATA[SUCCESS]]></result_code>
<return_code><![CDATA[SUCCESS]]></return_code>
<sign><![CDATA[3CD061ED5A52A0BF79E10891BF702824]]></sign>
<time_end><![CDATA[20151115205521]]></time_end>
<total_fee>576</total_fee>
<trade_type><![CDATA[JSAPI]]></trade_type>
<transaction_id><![CDATA[1006370544201511151618942069]]></transaction_id>
</xml>


æ‰§è¡Œæ—¥æœŸï¼š2015-11-15-20ï¼?Mï¼?S
¡¾Pay Success¡¿:
<xml><appid><![CDATA[wx5c072e1680bf00a5]]></appid>
<bank_type><![CDATA[ABC_DEBIT]]></bank_type>
<cash_fee><![CDATA[576]]></cash_fee>
<fee_type><![CDATA[CNY]]></fee_type>
<is_subscribe><![CDATA[Y]]></is_subscribe>
<mch_id><![CDATA[1286562501]]></mch_id>
<nonce_str><![CDATA[dtrjnptgcx6pdzyzu4chava30i0fxu56]]></nonce_str>
<openid><![CDATA[oDI0IuBHauND151WAuqZ_odhGtZM]]></openid>
<out_trade_no><![CDATA[DG11152054524567]]></out_trade_no>
<result_code><![CDATA[SUCCESS]]></result_code>
<return_code><![CDATA[SUCCESS]]></return_code>
<sign><![CDATA[3CD061ED5A52A0BF79E10891BF702824]]></sign>
<time_end><![CDATA[20151115205521]]></time_end>
<total_fee>576</total_fee>
<trade_type><![CDATA[JSAPI]]></trade_type>
<transaction_id><![CDATA[1006370544201511151618942069]]></transaction_id>
</xml>
update twotree_shop_goods set store_num=store_num-1 where shop_id=38 and goods_id=47

æ‰§è¡Œæ—¥æœŸï¼š2015-11-15-21ï¼?Mï¼?S
update twotree_shop_goods set store_num=store_num-4 where shop_id=45 and goods_id=2¡¾Recieve NOtice¡¿:
<xml><appid><![CDATA[wx5c072e1680bf00a5]]></appid>
<bank_type><![CDATA[ABC_DEBIT]]></bank_type>
<cash_fee><![CDATA[712]]></cash_fee>
<fee_type><![CDATA[CNY]]></fee_type>
<is_subscribe><![CDATA[Y]]></is_subscribe>
<mch_id><![CDATA[1286562501]]></mch_id>
<nonce_str><![CDATA[2ylsvagp6kmgnru6soxmxo57as23zqhh]]></nonce_str>
<openid><![CDATA[oDI0IuBgtWShYYHX2qPXv8WpPjQA]]></openid>
<out_trade_no><![CDATA[DG11152112453173]]></out_trade_no>
<result_code><![CDATA[SUCCESS]]></result_code>
<return_code><![CDATA[SUCCESS]]></return_code>
<sign><![CDATA[D893CE0CDDADE75C801D8C42C6BE57AC]]></sign>
<time_end><![CDATA[20151115211256]]></time_end>
<total_fee>712</total_fee>
<trade_type><![CDATA[JSAPI]]></trade_type>
<transaction_id><![CDATA[1010020544201511151619164542]]></transaction_id>
</xml>


æ‰§è¡Œæ—¥æœŸï¼š2015-11-15-21ï¼?Mï¼?S
¡¾Pay Success¡¿:
<xml><appid><![CDATA[wx5c072e1680bf00a5]]></appid>
<bank_type><![CDATA[ABC_DEBIT]]></bank_type>
<cash_fee><![CDATA[712]]></cash_fee>
<fee_type><![CDATA[CNY]]></fee_type>
<is_subscribe><![CDATA[Y]]></is_subscribe>
<mch_id><![CDATA[1286562501]]></mch_id>
<nonce_str><![CDATA[2ylsvagp6kmgnru6soxmxo57as23zqhh]]></nonce_str>
<openid><![CDATA[oDI0IuBgtWShYYHX2qPXv8WpPjQA]]></openid>
<out_trade_no><![CDATA[DG11152112453173]]></out_trade_no>
<result_code><![CDATA[SUCCESS]]></result_code>
<return_code><![CDATA[SUCCESS]]></return_code>
<sign><![CDATA[D893CE0CDDADE75C801D8C42C6BE57AC]]></sign>
<time_end><![CDATA[20151115211256]]></time_end>
<total_fee>712</total_fee>
<trade_type><![CDATA[JSAPI]]></trade_type>
<transaction_id><![CDATA[1010020544201511151619164542]]></transaction_id>
</xml>
update twotree_shop_goods set store_num=store_num-4 where shop_id=45 and goods_id=2

æ‰§è¡Œæ—¥æœŸï¼š2015-11-15-21ï¼?Mï¼?S
update twotree_shop_goods set store_num=store_num-2 where shop_id=34 and goods_id=2¡¾Recieve NOtice¡¿:
<xml><appid><![CDATA[wx5c072e1680bf00a5]]></appid>
<bank_type><![CDATA[CFT]]></bank_type>
<cash_fee><![CDATA[406]]></cash_fee>
<fee_type><![CDATA[CNY]]></fee_type>
<is_subscribe><![CDATA[Y]]></is_subscribe>
<mch_id><![CDATA[1286562501]]></mch_id>
<nonce_str><![CDATA[rdlkfjqj66rd84uf15wehxaezsuy0ioa]]></nonce_str>
<openid><![CDATA[oDI0IuN4S9YELTnEl9FEqDs8dWjE]]></openid>
<out_trade_no><![CDATA[DG11152112517738]]></out_trade_no>
<result_code><![CDATA[SUCCESS]]></result_code>
<return_code><![CDATA[SUCCESS]]></return_code>
<sign><![CDATA[BF2AD86AFA475379AA746325D1F0FF1D]]></sign>
<time_end><![CDATA[20151115211303]]></time_end>
<total_fee>406</total_fee>
<trade_type><![CDATA[JSAPI]]></trade_type>
<transaction_id><![CDATA[1004260544201511151619176817]]></transaction_id>
</xml>


æ‰§è¡Œæ—¥æœŸï¼š2015-11-15-21ï¼?Mï¼?S
¡¾Pay Success¡¿:
<xml><appid><![CDATA[wx5c072e1680bf00a5]]></appid>
<bank_type><![CDATA[CFT]]></bank_type>
<cash_fee><![CDATA[406]]></cash_fee>
<fee_type><![CDATA[CNY]]></fee_type>
<is_subscribe><![CDATA[Y]]></is_subscribe>
<mch_id><![CDATA[1286562501]]></mch_id>
<nonce_str><![CDATA[rdlkfjqj66rd84uf15wehxaezsuy0ioa]]></nonce_str>
<openid><![CDATA[oDI0IuN4S9YELTnEl9FEqDs8dWjE]]></openid>
<out_trade_no><![CDATA[DG11152112517738]]></out_trade_no>
<result_code><![CDATA[SUCCESS]]></result_code>
<return_code><![CDATA[SUCCESS]]></return_code>
<sign><![CDATA[BF2AD86AFA475379AA746325D1F0FF1D]]></sign>
<time_end><![CDATA[20151115211303]]></time_end>
<total_fee>406</total_fee>
<trade_type><![CDATA[JSAPI]]></trade_type>
<transaction_id><![CDATA[1004260544201511151619176817]]></transaction_id>
</xml>
update twotree_shop_goods set store_num=store_num-2 where shop_id=34 and goods_id=2

æ‰§è¡Œæ—¥æœŸï¼š2015-11-15-21ï¼?Mï¼?S
update twotree_shop_goods set store_num=store_num-1 where shop_id=35 and goods_id=12¡¾Recieve NOtice¡¿:
<xml><appid><![CDATA[wx5c072e1680bf00a5]]></appid>
<bank_type><![CDATA[CFT]]></bank_type>
<cash_fee><![CDATA[446]]></cash_fee>
<fee_type><![CDATA[CNY]]></fee_type>
<is_subscribe><![CDATA[Y]]></is_subscribe>
<mch_id><![CDATA[1286562501]]></mch_id>
<nonce_str><![CDATA[xqrjjohxgd92zurxgd3f5bmq6taxzs2r]]></nonce_str>
<openid><![CDATA[oDI0IuOG1FG590BmfEEfMmZUh4N8]]></openid>
<out_trade_no><![CDATA[DG11152130173603]]></out_trade_no>
<result_code><![CDATA[SUCCESS]]></result_code>
<return_code><![CDATA[SUCCESS]]></return_code>
<sign><![CDATA[90A5D61BCA6CA3138392E2C855BC33DA]]></sign>
<time_end><![CDATA[20151115213025]]></time_end>
<total_fee>446</total_fee>
<trade_type><![CDATA[JSAPI]]></trade_type>
<transaction_id><![CDATA[1005720544201511151619381270]]></transaction_id>
</xml>


æ‰§è¡Œæ—¥æœŸï¼š2015-11-15-21ï¼?Mï¼?S
¡¾Pay Success¡¿:
<xml><appid><![CDATA[wx5c072e1680bf00a5]]></appid>
<bank_type><![CDATA[CFT]]></bank_type>
<cash_fee><![CDATA[446]]></cash_fee>
<fee_type><![CDATA[CNY]]></fee_type>
<is_subscribe><![CDATA[Y]]></is_subscribe>
<mch_id><![CDATA[1286562501]]></mch_id>
<nonce_str><![CDATA[xqrjjohxgd92zurxgd3f5bmq6taxzs2r]]></nonce_str>
<openid><![CDATA[oDI0IuOG1FG590BmfEEfMmZUh4N8]]></openid>
<out_trade_no><![CDATA[DG11152130173603]]></out_trade_no>
<result_code><![CDATA[SUCCESS]]></result_code>
<return_code><![CDATA[SUCCESS]]></return_code>
<sign><![CDATA[90A5D61BCA6CA3138392E2C855BC33DA]]></sign>
<time_end><![CDATA[20151115213025]]></time_end>
<total_fee>446</total_fee>
<trade_type><![CDATA[JSAPI]]></trade_type>
<transaction_id><![CDATA[1005720544201511151619381270]]></transaction_id>
</xml>
update twotree_shop_goods set store_num=store_num-1 where shop_id=35 and goods_id=12

æ‰§è¡Œæ—¥æœŸï¼š2015-11-15-21ï¼?Mï¼?S
update twotree_shop_goods set store_num=store_num-8 where shop_id=34 and goods_id=28¡¾Recieve NOtice¡¿:
<xml><appid><![CDATA[wx5c072e1680bf00a5]]></appid>
<bank_type><![CDATA[ABC_DEBIT]]></bank_type>
<cash_fee><![CDATA[400]]></cash_fee>
<fee_type><![CDATA[CNY]]></fee_type>
<is_subscribe><![CDATA[Y]]></is_subscribe>
<mch_id><![CDATA[1286562501]]></mch_id>
<nonce_str><![CDATA[75vs82306ya079iuoui8gfhdliqiuwtb]]></nonce_str>
<openid><![CDATA[oDI0IuNyho05sKamFA26LoEl3Bb0]]></openid>
<out_trade_no><![CDATA[DG11152141001144]]></out_trade_no>
<result_code><![CDATA[SUCCESS]]></result_code>
<return_code><![CDATA[SUCCESS]]></return_code>
<sign><![CDATA[D1104D61623A72C4944F9EB4D2DE58E1]]></sign>
<time_end><![CDATA[20151115214125]]></time_end>
<total_fee>400</total_fee>
<trade_type><![CDATA[JSAPI]]></trade_type>
<transaction_id><![CDATA[1004430544201511151619494890]]></transaction_id>
</xml>


æ‰§è¡Œæ—¥æœŸï¼š2015-11-15-21ï¼?Mï¼?S
¡¾Pay Success¡¿:
<xml><appid><![CDATA[wx5c072e1680bf00a5]]></appid>
<bank_type><![CDATA[ABC_DEBIT]]></bank_type>
<cash_fee><![CDATA[400]]></cash_fee>
<fee_type><![CDATA[CNY]]></fee_type>
<is_subscribe><![CDATA[Y]]></is_subscribe>
<mch_id><![CDATA[1286562501]]></mch_id>
<nonce_str><![CDATA[75vs82306ya079iuoui8gfhdliqiuwtb]]></nonce_str>
<openid><![CDATA[oDI0IuNyho05sKamFA26LoEl3Bb0]]></openid>
<out_trade_no><![CDATA[DG11152141001144]]></out_trade_no>
<result_code><![CDATA[SUCCESS]]></result_code>
<return_code><![CDATA[SUCCESS]]></return_code>
<sign><![CDATA[D1104D61623A72C4944F9EB4D2DE58E1]]></sign>
<time_end><![CDATA[20151115214125]]></time_end>
<total_fee>400</total_fee>
<trade_type><![CDATA[JSAPI]]></trade_type>
<transaction_id><![CDATA[1004430544201511151619494890]]></transaction_id>
</xml>
update twotree_shop_goods set store_num=store_num-8 where shop_id=34 and goods_id=28

æ‰§è¡Œæ—¥æœŸï¼š2015-11-15-21ï¼?Mï¼?S
update twotree_shop_goods set store_num=store_num-1 where shop_id=45 and goods_id=50¡¾Recieve NOtice¡¿:
<xml><appid><![CDATA[wx5c072e1680bf00a5]]></appid>
<bank_type><![CDATA[ABC_DEBIT]]></bank_type>
<cash_fee><![CDATA[398]]></cash_fee>
<fee_type><![CDATA[CNY]]></fee_type>
<is_subscribe><![CDATA[Y]]></is_subscribe>
<mch_id><![CDATA[1286562501]]></mch_id>
<nonce_str><![CDATA[ce80zmypsvoyy8b4r1yqo70jsewohafq]]></nonce_str>
<openid><![CDATA[oDI0IuHg1wtfo7mB_JBEXOpV47Is]]></openid>
<out_trade_no><![CDATA[DG11152146363893]]></out_trade_no>
<result_code><![CDATA[SUCCESS]]></result_code>
<return_code><![CDATA[SUCCESS]]></return_code>
<sign><![CDATA[E179341691B65F69C3A4C2F70B74FFCC]]></sign>
<time_end><![CDATA[20151115214733]]></time_end>
<total_fee>398</total_fee>
<trade_type><![CDATA[JSAPI]]></trade_type>
<transaction_id><![CDATA[1000510544201511151619559342]]></transaction_id>
</xml>


æ‰§è¡Œæ—¥æœŸï¼š2015-11-15-21ï¼?Mï¼?S
¡¾Pay Success¡¿:
<xml><appid><![CDATA[wx5c072e1680bf00a5]]></appid>
<bank_type><![CDATA[ABC_DEBIT]]></bank_type>
<cash_fee><![CDATA[398]]></cash_fee>
<fee_type><![CDATA[CNY]]></fee_type>
<is_subscribe><![CDATA[Y]]></is_subscribe>
<mch_id><![CDATA[1286562501]]></mch_id>
<nonce_str><![CDATA[ce80zmypsvoyy8b4r1yqo70jsewohafq]]></nonce_str>
<openid><![CDATA[oDI0IuHg1wtfo7mB_JBEXOpV47Is]]></openid>
<out_trade_no><![CDATA[DG11152146363893]]></out_trade_no>
<result_code><![CDATA[SUCCESS]]></result_code>
<return_code><![CDATA[SUCCESS]]></return_code>
<sign><![CDATA[E179341691B65F69C3A4C2F70B74FFCC]]></sign>
<time_end><![CDATA[20151115214733]]></time_end>
<total_fee>398</total_fee>
<trade_type><![CDATA[JSAPI]]></trade_type>
<transaction_id><![CDATA[1000510544201511151619559342]]></transaction_id>
</xml>
update twotree_shop_goods set store_num=store_num-1 where shop_id=45 and goods_id=50

æ‰§è¡Œæ—¥æœŸï¼š2015-11-15-21ï¼?Mï¼?S
update twotree_shop_goods set store_num=store_num-1 where shop_id=36 and goods_id=22¡¾Recieve NOtice¡¿:
<xml><appid><![CDATA[wx5c072e1680bf00a5]]></appid>
<bank_type><![CDATA[CFT]]></bank_type>
<cash_fee><![CDATA[398]]></cash_fee>
<fee_type><![CDATA[CNY]]></fee_type>
<is_subscribe><![CDATA[Y]]></is_subscribe>
<mch_id><![CDATA[1286562501]]></mch_id>
<nonce_str><![CDATA[0ybzgmh5pw6ok43fl9im78qqitxswxhz]]></nonce_str>
<openid><![CDATA[oDI0IuGOrLA0UjZ5iphQOHlAjLaA]]></openid>
<out_trade_no><![CDATA[DG11152148262757]]></out_trade_no>
<result_code><![CDATA[SUCCESS]]></result_code>
<return_code><![CDATA[SUCCESS]]></return_code>
<sign><![CDATA[5176908CCC6CFFD4668746DE23C35ABD]]></sign>
<time_end><![CDATA[20151115214841]]></time_end>
<total_fee>398</total_fee>
<trade_type><![CDATA[JSAPI]]></trade_type>
<transaction_id><![CDATA[1000210544201511151619589232]]></transaction_id>
</xml>


æ‰§è¡Œæ—¥æœŸï¼š2015-11-15-21ï¼?Mï¼?S
¡¾Pay Success¡¿:
<xml><appid><![CDATA[wx5c072e1680bf00a5]]></appid>
<bank_type><![CDATA[CFT]]></bank_type>
<cash_fee><![CDATA[398]]></cash_fee>
<fee_type><![CDATA[CNY]]></fee_type>
<is_subscribe><![CDATA[Y]]></is_subscribe>
<mch_id><![CDATA[1286562501]]></mch_id>
<nonce_str><![CDATA[0ybzgmh5pw6ok43fl9im78qqitxswxhz]]></nonce_str>
<openid><![CDATA[oDI0IuGOrLA0UjZ5iphQOHlAjLaA]]></openid>
<out_trade_no><![CDATA[DG11152148262757]]></out_trade_no>
<result_code><![CDATA[SUCCESS]]></result_code>
<return_code><![CDATA[SUCCESS]]></return_code>
<sign><![CDATA[5176908CCC6CFFD4668746DE23C35ABD]]></sign>
<time_end><![CDATA[20151115214841]]></time_end>
<total_fee>398</total_fee>
<trade_type><![CDATA[JSAPI]]></trade_type>
<transaction_id><![CDATA[1000210544201511151619589232]]></transaction_id>
</xml>
update twotree_shop_goods set store_num=store_num-1 where shop_id=36 and goods_id=22

æ‰§è¡Œæ—¥æœŸï¼š2015-11-15-21ï¼?Mï¼?S
update twotree_shop_goods set store_num=store_num-3 where shop_id=38 and goods_id=50¡¾Recieve NOtice¡¿:
<xml><appid><![CDATA[wx5c072e1680bf00a5]]></appid>
<bank_type><![CDATA[ABC_DEBIT]]></bank_type>
<cash_fee><![CDATA[300]]></cash_fee>
<fee_type><![CDATA[CNY]]></fee_type>
<is_subscribe><![CDATA[Y]]></is_subscribe>
<mch_id><![CDATA[1286562501]]></mch_id>
<nonce_str><![CDATA[12xst9rbacsujwueuspz7raq54iae929]]></nonce_str>
<openid><![CDATA[oDI0IuA6uvf_RLJ1gbjmqwB_vWl4]]></openid>
<out_trade_no><![CDATA[DG11152153172730]]></out_trade_no>
<result_code><![CDATA[SUCCESS]]></result_code>
<return_code><![CDATA[SUCCESS]]></return_code>
<sign><![CDATA[E0E25A06A61411D90061CD2B557FA46C]]></sign>
<time_end><![CDATA[20151115215336]]></time_end>
<total_fee>300</total_fee>
<trade_type><![CDATA[JSAPI]]></trade_type>
<transaction_id><![CDATA[1003160544201511151619635512]]></transaction_id>
</xml>


æ‰§è¡Œæ—¥æœŸï¼š2015-11-15-21ï¼?Mï¼?S
¡¾Pay Success¡¿:
<xml><appid><![CDATA[wx5c072e1680bf00a5]]></appid>
<bank_type><![CDATA[ABC_DEBIT]]></bank_type>
<cash_fee><![CDATA[300]]></cash_fee>
<fee_type><![CDATA[CNY]]></fee_type>
<is_subscribe><![CDATA[Y]]></is_subscribe>
<mch_id><![CDATA[1286562501]]></mch_id>
<nonce_str><![CDATA[12xst9rbacsujwueuspz7raq54iae929]]></nonce_str>
<openid><![CDATA[oDI0IuA6uvf_RLJ1gbjmqwB_vWl4]]></openid>
<out_trade_no><![CDATA[DG11152153172730]]></out_trade_no>
<result_code><![CDATA[SUCCESS]]></result_code>
<return_code><![CDATA[SUCCESS]]></return_code>
<sign><![CDATA[E0E25A06A61411D90061CD2B557FA46C]]></sign>
<time_end><![CDATA[20151115215336]]></time_end>
<total_fee>300</total_fee>
<trade_type><![CDATA[JSAPI]]></trade_type>
<transaction_id><![CDATA[1003160544201511151619635512]]></transaction_id>
</xml>
update twotree_shop_goods set store_num=store_num-3 where shop_id=38 and goods_id=50

æ‰§è¡Œæ—¥æœŸï¼š2015-11-15-21ï¼?Mï¼?S
update twotree_shop_goods set store_num=store_num-3 where shop_id=34 and goods_id=50¡¾Recieve NOtice¡¿:
<xml><appid><![CDATA[wx5c072e1680bf00a5]]></appid>
<bank_type><![CDATA[CFT]]></bank_type>
<cash_fee><![CDATA[300]]></cash_fee>
<fee_type><![CDATA[CNY]]></fee_type>
<is_subscribe><![CDATA[Y]]></is_subscribe>
<mch_id><![CDATA[1286562501]]></mch_id>
<nonce_str><![CDATA[8417sqzksvzo8cyzhzrditx5rvm1jkm5]]></nonce_str>
<openid><![CDATA[oDI0IuNdJxd0zkaQELjKQ-7JaZYA]]></openid>
<out_trade_no><![CDATA[DG11152155557835]]></out_trade_no>
<result_code><![CDATA[SUCCESS]]></result_code>
<return_code><![CDATA[SUCCESS]]></return_code>
<sign><![CDATA[56B18F6DCF62A94C96E683354495CA30]]></sign>
<time_end><![CDATA[20151115215608]]></time_end>
<total_fee>300</total_fee>
<trade_type><![CDATA[JSAPI]]></trade_type>
<transaction_id><![CDATA[1002790544201511151619674009]]></transaction_id>
</xml>


æ‰§è¡Œæ—¥æœŸï¼š2015-11-15-21ï¼?Mï¼?S
¡¾Pay Success¡¿:
<xml><appid><![CDATA[wx5c072e1680bf00a5]]></appid>
<bank_type><![CDATA[CFT]]></bank_type>
<cash_fee><![CDATA[300]]></cash_fee>
<fee_type><![CDATA[CNY]]></fee_type>
<is_subscribe><![CDATA[Y]]></is_subscribe>
<mch_id><![CDATA[1286562501]]></mch_id>
<nonce_str><![CDATA[8417sqzksvzo8cyzhzrditx5rvm1jkm5]]></nonce_str>
<openid><![CDATA[oDI0IuNdJxd0zkaQELjKQ-7JaZYA]]></openid>
<out_trade_no><![CDATA[DG11152155557835]]></out_trade_no>
<result_code><![CDATA[SUCCESS]]></result_code>
<return_code><![CDATA[SUCCESS]]></return_code>
<sign><![CDATA[56B18F6DCF62A94C96E683354495CA30]]></sign>
<time_end><![CDATA[20151115215608]]></time_end>
<total_fee>300</total_fee>
<trade_type><![CDATA[JSAPI]]></trade_type>
<transaction_id><![CDATA[1002790544201511151619674009]]></transaction_id>
</xml>
update twotree_shop_goods set store_num=store_num-3 where shop_id=34 and goods_id=50

æ‰§è¡Œæ—¥æœŸï¼š2015-11-15-22ï¼?Mï¼?S
update twotree_shop_goods set store_num=store_num-1 where shop_id=45 and goods_id=50¡¾Recieve NOtice¡¿:
<xml><appid><![CDATA[wx5c072e1680bf00a5]]></appid>
<bank_type><![CDATA[CFT]]></bank_type>
<cash_fee><![CDATA[328]]></cash_fee>
<fee_type><![CDATA[CNY]]></fee_type>
<is_subscribe><![CDATA[Y]]></is_subscribe>
<mch_id><![CDATA[1286562501]]></mch_id>
<nonce_str><![CDATA[ruzgfgt1t2svw4tazw44bpk4c2blj1rk]]></nonce_str>
<openid><![CDATA[oDI0IuJCDqNFiXNXaOQp0nI-eiHs]]></openid>
<out_trade_no><![CDATA[DG11152204144659]]></out_trade_no>
<result_code><![CDATA[SUCCESS]]></result_code>
<return_code><![CDATA[SUCCESS]]></return_code>
<sign><![CDATA[830973B260DC178DACD4C23D918BE1EE]]></sign>
<time_end><![CDATA[20151115220426]]></time_end>
<total_fee>328</total_fee>
<trade_type><![CDATA[JSAPI]]></trade_type>
<transaction_id><![CDATA[1004830544201511151619756500]]></transaction_id>
</xml>


æ‰§è¡Œæ—¥æœŸï¼š2015-11-15-22ï¼?Mï¼?S
¡¾Pay Success¡¿:
<xml><appid><![CDATA[wx5c072e1680bf00a5]]></appid>
<bank_type><![CDATA[CFT]]></bank_type>
<cash_fee><![CDATA[328]]></cash_fee>
<fee_type><![CDATA[CNY]]></fee_type>
<is_subscribe><![CDATA[Y]]></is_subscribe>
<mch_id><![CDATA[1286562501]]></mch_id>
<nonce_str><![CDATA[ruzgfgt1t2svw4tazw44bpk4c2blj1rk]]></nonce_str>
<openid><![CDATA[oDI0IuJCDqNFiXNXaOQp0nI-eiHs]]></openid>
<out_trade_no><![CDATA[DG11152204144659]]></out_trade_no>
<result_code><![CDATA[SUCCESS]]></result_code>
<return_code><![CDATA[SUCCESS]]></return_code>
<sign><![CDATA[830973B260DC178DACD4C23D918BE1EE]]></sign>
<time_end><![CDATA[20151115220426]]></time_end>
<total_fee>328</total_fee>
<trade_type><![CDATA[JSAPI]]></trade_type>
<transaction_id><![CDATA[1004830544201511151619756500]]></transaction_id>
</xml>
update twotree_shop_goods set store_num=store_num-1 where shop_id=45 and goods_id=50

æ‰§è¡Œæ—¥æœŸï¼š2015-11-15-22ï¼?Mï¼?S
update twotree_shop_goods set store_num=store_num-1 where shop_id=38 and goods_id=2¡¾Recieve NOtice¡¿:
<xml><appid><![CDATA[wx5c072e1680bf00a5]]></appid>
<bank_type><![CDATA[ABC_DEBIT]]></bank_type>
<cash_fee><![CDATA[478]]></cash_fee>
<fee_type><![CDATA[CNY]]></fee_type>
<is_subscribe><![CDATA[Y]]></is_subscribe>
<mch_id><![CDATA[1286562501]]></mch_id>
<nonce_str><![CDATA[n3vo3q5skn240zz042zl3kf8c1enaqfb]]></nonce_str>
<openid><![CDATA[oDI0IuAgemWz88JDCWTUSeYX-qhY]]></openid>
<out_trade_no><![CDATA[DG11152205345858]]></out_trade_no>
<result_code><![CDATA[SUCCESS]]></result_code>
<return_code><![CDATA[SUCCESS]]></return_code>
<sign><![CDATA[5114A57F04338AB052D7F797B39EE792]]></sign>
<time_end><![CDATA[20151115220636]]></time_end>
<total_fee>478</total_fee>
<trade_type><![CDATA[JSAPI]]></trade_type>
<transaction_id><![CDATA[1000990544201511151619770518]]></transaction_id>
</xml>


æ‰§è¡Œæ—¥æœŸï¼š2015-11-15-22ï¼?Mï¼?S
¡¾Pay Success¡¿:
<xml><appid><![CDATA[wx5c072e1680bf00a5]]></appid>
<bank_type><![CDATA[ABC_DEBIT]]></bank_type>
<cash_fee><![CDATA[478]]></cash_fee>
<fee_type><![CDATA[CNY]]></fee_type>
<is_subscribe><![CDATA[Y]]></is_subscribe>
<mch_id><![CDATA[1286562501]]></mch_id>
<nonce_str><![CDATA[n3vo3q5skn240zz042zl3kf8c1enaqfb]]></nonce_str>
<openid><![CDATA[oDI0IuAgemWz88JDCWTUSeYX-qhY]]></openid>
<out_trade_no><![CDATA[DG11152205345858]]></out_trade_no>
<result_code><![CDATA[SUCCESS]]></result_code>
<return_code><![CDATA[SUCCESS]]></return_code>
<sign><![CDATA[5114A57F04338AB052D7F797B39EE792]]></sign>
<time_end><![CDATA[20151115220636]]></time_end>
<total_fee>478</total_fee>
<trade_type><![CDATA[JSAPI]]></trade_type>
<transaction_id><![CDATA[1000990544201511151619770518]]></transaction_id>
</xml>
update twotree_shop_goods set store_num=store_num-1 where shop_id=38 and goods_id=2

æ‰§è¡Œæ—¥æœŸï¼š2015-11-15-22ï¼?Mï¼?S
update twotree_shop_goods set store_num=store_num-1 where shop_id=38 and goods_id=8¡¾Recieve NOtice¡¿:
<xml><appid><![CDATA[wx5c072e1680bf00a5]]></appid>
<bank_type><![CDATA[ABC_DEBIT]]></bank_type>
<cash_fee><![CDATA[847]]></cash_fee>
<fee_type><![CDATA[CNY]]></fee_type>
<is_subscribe><![CDATA[Y]]></is_subscribe>
<mch_id><![CDATA[1286562501]]></mch_id>
<nonce_str><![CDATA[yd33o4nbr0plce9y5kggzhnn6qwf601r]]></nonce_str>
<openid><![CDATA[oDI0IuMM6DKPePC_-S3Zm9DkPYdE]]></openid>
<out_trade_no><![CDATA[DG11152216111723]]></out_trade_no>
<result_code><![CDATA[SUCCESS]]></result_code>
<return_code><![CDATA[SUCCESS]]></return_code>
<sign><![CDATA[7664FD726275E05E3D7E26CC39DB9450]]></sign>
<time_end><![CDATA[20151115221700]]></time_end>
<total_fee>847</total_fee>
<trade_type><![CDATA[JSAPI]]></trade_type>
<transaction_id><![CDATA[1005790544201511151619891452]]></transaction_id>
</xml>


æ‰§è¡Œæ—¥æœŸï¼š2015-11-15-22ï¼?Mï¼?S
¡¾Pay Success¡¿:
<xml><appid><![CDATA[wx5c072e1680bf00a5]]></appid>
<bank_type><![CDATA[ABC_DEBIT]]></bank_type>
<cash_fee><![CDATA[847]]></cash_fee>
<fee_type><![CDATA[CNY]]></fee_type>
<is_subscribe><![CDATA[Y]]></is_subscribe>
<mch_id><![CDATA[1286562501]]></mch_id>
<nonce_str><![CDATA[yd33o4nbr0plce9y5kggzhnn6qwf601r]]></nonce_str>
<openid><![CDATA[oDI0IuMM6DKPePC_-S3Zm9DkPYdE]]></openid>
<out_trade_no><![CDATA[DG11152216111723]]></out_trade_no>
<result_code><![CDATA[SUCCESS]]></result_code>
<return_code><![CDATA[SUCCESS]]></return_code>
<sign><![CDATA[7664FD726275E05E3D7E26CC39DB9450]]></sign>
<time_end><![CDATA[20151115221700]]></time_end>
<total_fee>847</total_fee>
<trade_type><![CDATA[JSAPI]]></trade_type>
<transaction_id><![CDATA[1005790544201511151619891452]]></transaction_id>
</xml>
update twotree_shop_goods set store_num=store_num-1 where shop_id=38 and goods_id=8

æ‰§è¡Œæ—¥æœŸï¼š2015-11-15-22ï¼?Mï¼?S
update twotree_shop_goods set store_num=store_num-1 where shop_id=45 and goods_id=43¡¾Recieve NOtice¡¿:
<xml><appid><![CDATA[wx5c072e1680bf00a5]]></appid>
<bank_type><![CDATA[ABC_DEBIT]]></bank_type>
<cash_fee><![CDATA[1276]]></cash_fee>
<fee_type><![CDATA[CNY]]></fee_type>
<is_subscribe><![CDATA[Y]]></is_subscribe>
<mch_id><![CDATA[1286562501]]></mch_id>
<nonce_str><![CDATA[zjp5lazoi39qndh8ykem6c4iobz0egr9]]></nonce_str>
<openid><![CDATA[oDI0IuNZH95Pffn9GCjKSY26ZG8A]]></openid>
<out_trade_no><![CDATA[DG11152225114901]]></out_trade_no>
<result_code><![CDATA[SUCCESS]]></result_code>
<return_code><![CDATA[SUCCESS]]></return_code>
<sign><![CDATA[134451CD324128A7F6768ABB7518C67E]]></sign>
<time_end><![CDATA[20151115222527]]></time_end>
<total_fee>1276</total_fee>
<trade_type><![CDATA[JSAPI]]></trade_type>
<transaction_id><![CDATA[1002780544201511151619978643]]></transaction_id>
</xml>


æ‰§è¡Œæ—¥æœŸï¼š2015-11-15-22ï¼?Mï¼?S
¡¾Pay Success¡¿:
<xml><appid><![CDATA[wx5c072e1680bf00a5]]></appid>
<bank_type><![CDATA[ABC_DEBIT]]></bank_type>
<cash_fee><![CDATA[1276]]></cash_fee>
<fee_type><![CDATA[CNY]]></fee_type>
<is_subscribe><![CDATA[Y]]></is_subscribe>
<mch_id><![CDATA[1286562501]]></mch_id>
<nonce_str><![CDATA[zjp5lazoi39qndh8ykem6c4iobz0egr9]]></nonce_str>
<openid><![CDATA[oDI0IuNZH95Pffn9GCjKSY26ZG8A]]></openid>
<out_trade_no><![CDATA[DG11152225114901]]></out_trade_no>
<result_code><![CDATA[SUCCESS]]></result_code>
<return_code><![CDATA[SUCCESS]]></return_code>
<sign><![CDATA[134451CD324128A7F6768ABB7518C67E]]></sign>
<time_end><![CDATA[20151115222527]]></time_end>
<total_fee>1276</total_fee>
<trade_type><![CDATA[JSAPI]]></trade_type>
<transaction_id><![CDATA[1002780544201511151619978643]]></transaction_id>
</xml>
update twotree_shop_goods set store_num=store_num-1 where shop_id=45 and goods_id=43

æ‰§è¡Œæ—¥æœŸï¼š2015-11-15-22ï¼?Mï¼?S
update twotree_shop_goods set store_num=store_num-2 where shop_id=38 and goods_id=28¡¾Recieve NOtice¡¿:
<xml><appid><![CDATA[wx5c072e1680bf00a5]]></appid>
<bank_type><![CDATA[ABC_DEBIT]]></bank_type>
<cash_fee><![CDATA[300]]></cash_fee>
<fee_type><![CDATA[CNY]]></fee_type>
<is_subscribe><![CDATA[Y]]></is_subscribe>
<mch_id><![CDATA[1286562501]]></mch_id>
<nonce_str><![CDATA[ju7u0xf90iohvslubzvy5r8wkbh7jx10]]></nonce_str>
<openid><![CDATA[oDI0IuAgemWz88JDCWTUSeYX-qhY]]></openid>
<out_trade_no><![CDATA[DG11152227201615]]></out_trade_no>
<result_code><![CDATA[SUCCESS]]></result_code>
<return_code><![CDATA[SUCCESS]]></return_code>
<sign><![CDATA[AF90D4EEF9EB7C402DA0A59BD73EC054]]></sign>
<time_end><![CDATA[20151115222735]]></time_end>
<total_fee>300</total_fee>
<trade_type><![CDATA[JSAPI]]></trade_type>
<transaction_id><![CDATA[1000990544201511151619998088]]></transaction_id>
</xml>


æ‰§è¡Œæ—¥æœŸï¼š2015-11-15-22ï¼?Mï¼?S
¡¾Pay Success¡¿:
<xml><appid><![CDATA[wx5c072e1680bf00a5]]></appid>
<bank_type><![CDATA[ABC_DEBIT]]></bank_type>
<cash_fee><![CDATA[300]]></cash_fee>
<fee_type><![CDATA[CNY]]></fee_type>
<is_subscribe><![CDATA[Y]]></is_subscribe>
<mch_id><![CDATA[1286562501]]></mch_id>
<nonce_str><![CDATA[ju7u0xf90iohvslubzvy5r8wkbh7jx10]]></nonce_str>
<openid><![CDATA[oDI0IuAgemWz88JDCWTUSeYX-qhY]]></openid>
<out_trade_no><![CDATA[DG11152227201615]]></out_trade_no>
<result_code><![CDATA[SUCCESS]]></result_code>
<return_code><![CDATA[SUCCESS]]></return_code>
<sign><![CDATA[AF90D4EEF9EB7C402DA0A59BD73EC054]]></sign>
<time_end><![CDATA[20151115222735]]></time_end>
<total_fee>300</total_fee>
<trade_type><![CDATA[JSAPI]]></trade_type>
<transaction_id><![CDATA[1000990544201511151619998088]]></transaction_id>
</xml>
update twotree_shop_goods set store_num=store_num-2 where shop_id=38 and goods_id=28

æ‰§è¡Œæ—¥æœŸï¼š2015-11-15-22ï¼?Mï¼?S
update twotree_order_info set pay_status=1,pay_money=202.18,pay_time=1447598095,out_trade_no='DG11152234339138', transaction_id='1003860544201511151620053596' where order_sn='DG11152234339138'¡¾Recieve NOtice¡¿:
<xml><appid><![CDATA[wx5c072e1680bf00a5]]></appid>
<bank_type><![CDATA[COMM_DEBIT]]></bank_type>
<cash_fee><![CDATA[20218]]></cash_fee>
<fee_type><![CDATA[CNY]]></fee_type>
<is_subscribe><![CDATA[Y]]></is_subscribe>
<mch_id><![CDATA[1286562501]]></mch_id>
<nonce_str><![CDATA[i6wgp5eyulrs4lc8kbk93t8o8m7unefb]]></nonce_str>
<openid><![CDATA[oDI0IuEWbVBXgMmjoH7PtG_uX_pk]]></openid>
<out_trade_no><![CDATA[DG11152234339138]]></out_trade_no>
<result_code><![CDATA[SUCCESS]]></result_code>
<return_code><![CDATA[SUCCESS]]></return_code>
<sign><![CDATA[2D07733AE757545B5B6728CEA7CEFC43]]></sign>
<time_end><![CDATA[20151115223453]]></time_end>
<total_fee>20218</total_fee>
<trade_type><![CDATA[JSAPI]]></trade_type>
<transaction_id><![CDATA[1003860544201511151620053596]]></transaction_id>
</xml>


æ‰§è¡Œæ—¥æœŸï¼š2015-11-15-22ï¼?Mï¼?S
¡¾Pay Success¡¿:
<xml><appid><![CDATA[wx5c072e1680bf00a5]]></appid>
<bank_type><![CDATA[COMM_DEBIT]]></bank_type>
<cash_fee><![CDATA[20218]]></cash_fee>
<fee_type><![CDATA[CNY]]></fee_type>
<is_subscribe><![CDATA[Y]]></is_subscribe>
<mch_id><![CDATA[1286562501]]></mch_id>
<nonce_str><![CDATA[i6wgp5eyulrs4lc8kbk93t8o8m7unefb]]></nonce_str>
<openid><![CDATA[oDI0IuEWbVBXgMmjoH7PtG_uX_pk]]></openid>
<out_trade_no><![CDATA[DG11152234339138]]></out_trade_no>
<result_code><![CDATA[SUCCESS]]></result_code>
<return_code><![CDATA[SUCCESS]]></return_code>
<sign><![CDATA[2D07733AE757545B5B6728CEA7CEFC43]]></sign>
<time_end><![CDATA[20151115223453]]></time_end>
<total_fee>20218</total_fee>
<trade_type><![CDATA[JSAPI]]></trade_type>
<transaction_id><![CDATA[1003860544201511151620053596]]></transaction_id>
</xml>
update twotree_order_info set pay_status=1,pay_money=202.18,pay_time=1447598095,out_trade_no='DG11152234339138', transaction_id='1003860544201511151620053596' where order_sn='DG11152234339138'

