执行日期：2015-11-04-21?M?S
【接收到的notify通知】:
<xml><appid><![CDATA[wx8c5b2610f8e96334]]></appid>
<bank_type><![CDATA[ICBC_DEBIT]]></bank_type>
<cash_fee><![CDATA[1]]></cash_fee>
<fee_type><![CDATA[CNY]]></fee_type>
<is_subscribe><![CDATA[Y]]></is_subscribe>
<mch_id><![CDATA[1265531901]]></mch_id>
<nonce_str><![CDATA[7zaxok84og7styeutqt8leuj96lgoz9a]]></nonce_str>
<openid><![CDATA[oKhP4wq4GJuwSg8moj3mMxRdR2SM]]></openid>
<out_trade_no><![CDATA[DG11042155353257]]></out_trade_no>
<result_code><![CDATA[SUCCESS]]></result_code>
<return_code><![CDATA[SUCCESS]]></return_code>
<sign><![CDATA[B76022993CD277742B2D2E64B35DA40C]]></sign>
<time_end><![CDATA[20151104215542]]></time_end>
<total_fee>1</total_fee>
<trade_type><![CDATA[JSAPI]]></trade_type>
<transaction_id><![CDATA[1004350914201511041457381850]]></transaction_id>
</xml>


执行日期：2015-11-04-21?M?S
【支付成功】:
<xml><appid><![CDATA[wx8c5b2610f8e96334]]></appid>
<bank_type><![CDATA[ICBC_DEBIT]]></bank_type>
<cash_fee><![CDATA[1]]></cash_fee>
<fee_type><![CDATA[CNY]]></fee_type>
<is_subscribe><![CDATA[Y]]></is_subscribe>
<mch_id><![CDATA[1265531901]]></mch_id>
<nonce_str><![CDATA[7zaxok84og7styeutqt8leuj96lgoz9a]]></nonce_str>
<openid><![CDATA[oKhP4wq4GJuwSg8moj3mMxRdR2SM]]></openid>
<out_trade_no><![CDATA[DG11042155353257]]></out_trade_no>
<result_code><![CDATA[SUCCESS]]></result_code>
<return_code><![CDATA[SUCCESS]]></return_code>
<sign><![CDATA[B76022993CD277742B2D2E64B35DA40C]]></sign>
<time_end><![CDATA[20151104215542]]></time_end>
<total_fee>1</total_fee>
<trade_type><![CDATA[JSAPI]]></trade_type>
<transaction_id><![CDATA[1004350914201511041457381850]]></transaction_id>
</xml>


执行日期：2015-11-04-22?M?S
【接收到的notify通知】:
<xml><appid><![CDATA[wx8c5b2610f8e96334]]></appid>
<bank_type><![CDATA[ICBC_DEBIT]]></bank_type>
<cash_fee><![CDATA[2]]></cash_fee>
<fee_type><![CDATA[CNY]]></fee_type>
<is_subscribe><![CDATA[Y]]></is_subscribe>
<mch_id><![CDATA[1265531901]]></mch_id>
<nonce_str><![CDATA[h8x52j49x07ls51zfweerhvuih5nqo6u]]></nonce_str>
<openid><![CDATA[oKhP4wq4GJuwSg8moj3mMxRdR2SM]]></openid>
<out_trade_no><![CDATA[DG11042202331736]]></out_trade_no>
<result_code><![CDATA[SUCCESS]]></result_code>
<return_code><![CDATA[SUCCESS]]></return_code>
<sign><![CDATA[29D64A7C14E5366403578AA01C2D8D39]]></sign>
<time_end><![CDATA[20151104220242]]></time_end>
<total_fee>2</total_fee>
<trade_type><![CDATA[JSAPI]]></trade_type>
<transaction_id><![CDATA[1004350914201511041457451662]]></transaction_id>
</xml>


执行日期：2015-11-04-22?M?S
【支付成功】:
<xml><appid><![CDATA[wx8c5b2610f8e96334]]></appid>
<bank_type><![CDATA[ICBC_DEBIT]]></bank_type>
<cash_fee><![CDATA[2]]></cash_fee>
<fee_type><![CDATA[CNY]]></fee_type>
<is_subscribe><![CDATA[Y]]></is_subscribe>
<mch_id><![CDATA[1265531901]]></mch_id>
<nonce_str><![CDATA[h8x52j49x07ls51zfweerhvuih5nqo6u]]></nonce_str>
<openid><![CDATA[oKhP4wq4GJuwSg8moj3mMxRdR2SM]]></openid>
<out_trade_no><![CDATA[DG11042202331736]]></out_trade_no>
<result_code><![CDATA[SUCCESS]]></result_code>
<return_code><![CDATA[SUCCESS]]></return_code>
<sign><![CDATA[29D64A7C14E5366403578AA01C2D8D39]]></sign>
<time_end><![CDATA[20151104220242]]></time_end>
<total_fee>2</total_fee>
<trade_type><![CDATA[JSAPI]]></trade_type>
<transaction_id><![CDATA[1004350914201511041457451662]]></transaction_id>
</xml>


执行日期：2015-11-04-22?M?S
【接收到的notify通知】:
<xml><appid><![CDATA[wx8c5b2610f8e96334]]></appid>
<bank_type><![CDATA[ICBC_DEBIT]]></bank_type>
<cash_fee><![CDATA[2]]></cash_fee>
<fee_type><![CDATA[CNY]]></fee_type>
<is_subscribe><![CDATA[Y]]></is_subscribe>
<mch_id><![CDATA[1265531901]]></mch_id>
<nonce_str><![CDATA[0c249tadtr9c9jrr1z55vj8qaxiu8yb0]]></nonce_str>
<openid><![CDATA[oKhP4wq4GJuwSg8moj3mMxRdR2SM]]></openid>
<out_trade_no><![CDATA[DG11042204046919]]></out_trade_no>
<result_code><![CDATA[SUCCESS]]></result_code>
<return_code><![CDATA[SUCCESS]]></return_code>
<sign><![CDATA[8D40900821C861984C27EC195F3D771B]]></sign>
<time_end><![CDATA[20151104220410]]></time_end>
<total_fee>2</total_fee>
<trade_type><![CDATA[JSAPI]]></trade_type>
<transaction_id><![CDATA[1004350914201511041457458780]]></transaction_id>
</xml>


执行日期：2015-11-04-22?M?S
【Recieve NOtice】:
<xml><appid><![CDATA[wx8c5b2610f8e96334]]></appid>
<bank_type><![CDATA[ICBC_DEBIT]]></bank_type>
<cash_fee><![CDATA[2]]></cash_fee>
<fee_type><![CDATA[CNY]]></fee_type>
<is_subscribe><![CDATA[Y]]></is_subscribe>
<mch_id><![CDATA[1265531901]]></mch_id>
<nonce_str><![CDATA[qviqwxcrzefmmxac31b9cclrayaoyv3x]]></nonce_str>
<openid><![CDATA[oKhP4wq4GJuwSg8moj3mMxRdR2SM]]></openid>
<out_trade_no><![CDATA[DG11042207113398]]></out_trade_no>
<result_code><![CDATA[SUCCESS]]></result_code>
<return_code><![CDATA[SUCCESS]]></return_code>
<sign><![CDATA[310DC91F6D4A69C2EBF4F3C542CEB876]]></sign>
<time_end><![CDATA[20151104220720]]></time_end>
<total_fee>2</total_fee>
<trade_type><![CDATA[JSAPI]]></trade_type>
<transaction_id><![CDATA[1004350914201511041457499134]]></transaction_id>
</xml>


